----------------------------------------
Processing isotope: U238
Files matching pattern: /disk/data1/lze/ljuign/G4v11_sim/Sim_Hybrid-v4.5.1/sim_data/base/internals/PCu_U238_*.root
----------------------------------------
Filtering /disk/data1/lze/ljuign/G4v11_sim/Sim_Hybrid-v4.5.1/sim_data/base/internals/PCu_U238_0.root ...

Processing /disk/data1/lze/ljuign/TESSERACT_Simulation_Analysis/tesssa/cpp/VD_single_filtering.cc("/disk/data1/lze/ljuign/G4v11_sim/Sim_Hybrid-v4.5.1/sim_data/base/internals/PCu_U238_0.root","/disk/data1/lze/ljuign/G4v11_sim/Sim_Hybrid-v4.5.1/sim_data/filtered/internals")...
Processing file: /disk/data1/lze/ljuign/G4v11_sim/Sim_Hybrid-v4.5.1/sim_data/base/internals/PCu_U238_0.root
Writing 538582 entries to /disk/data1/lze/ljuign/G4v11_sim/Sim_Hybrid-v4.5.1/sim_data/filtered/internals/PCu_U238_0_filtered.root
Done processing /disk/data1/lze/ljuign/G4v11_sim/Sim_Hybrid-v4.5.1/sim_data/base/internals/PCu_U238_0.root
Filtering /disk/data1/lze/ljuign/G4v11_sim/Sim_Hybrid-v4.5.1/sim_data/base/internals/PCu_U238_10.root ...

Processing /disk/data1/lze/ljuign/TESSERACT_Simulation_Analysis/tesssa/cpp/VD_single_filtering.cc("/disk/data1/lze/ljuign/G4v11_sim/Sim_Hybrid-v4.5.1/sim_data/base/internals/PCu_U238_10.root","/disk/data1/lze/ljuign/G4v11_sim/Sim_Hybrid-v4.5.1/sim_data/filtered/internals")...
Processing file: /disk/data1/lze/ljuign/G4v11_sim/Sim_Hybrid-v4.5.1/sim_data/base/internals/PCu_U238_10.root
Writing 541161 entries to /disk/data1/lze/ljuign/G4v11_sim/Sim_Hybrid-v4.5.1/sim_data/filtered/internals/PCu_U238_10_filtered.root
Done processing /disk/data1/lze/ljuign/G4v11_sim/Sim_Hybrid-v4.5.1/sim_data/base/internals/PCu_U238_10.root
Filtering /disk/data1/lze/ljuign/G4v11_sim/Sim_Hybrid-v4.5.1/sim_data/base/internals/PCu_U238_11.root ...

Processing /disk/data1/lze/ljuign/TESSERACT_Simulation_Analysis/tesssa/cpp/VD_single_filtering.cc("/disk/data1/lze/ljuign/G4v11_sim/Sim_Hybrid-v4.5.1/sim_data/base/internals/PCu_U238_11.root","/disk/data1/lze/ljuign/G4v11_sim/Sim_Hybrid-v4.5.1/sim_data/filtered/internals")...
Processing file: /disk/data1/lze/ljuign/G4v11_sim/Sim_Hybrid-v4.5.1/sim_data/base/internals/PCu_U238_11.root
Writing 536698 entries to /disk/data1/lze/ljuign/G4v11_sim/Sim_Hybrid-v4.5.1/sim_data/filtered/internals/PCu_U238_11_filtered.root
Done processing /disk/data1/lze/ljuign/G4v11_sim/Sim_Hybrid-v4.5.1/sim_data/base/internals/PCu_U238_11.root
Filtering /disk/data1/lze/ljuign/G4v11_sim/Sim_Hybrid-v4.5.1/sim_data/base/internals/PCu_U238_12.root ...

Processing /disk/data1/lze/ljuign/TESSERACT_Simulation_Analysis/tesssa/cpp/VD_single_filtering.cc("/disk/data1/lze/ljuign/G4v11_sim/Sim_Hybrid-v4.5.1/sim_data/base/internals/PCu_U238_12.root","/disk/data1/lze/ljuign/G4v11_sim/Sim_Hybrid-v4.5.1/sim_data/filtered/internals")...
Processing file: /disk/data1/lze/ljuign/G4v11_sim/Sim_Hybrid-v4.5.1/sim_data/base/internals/PCu_U238_12.root
Writing 536920 entries to /disk/data1/lze/ljuign/G4v11_sim/Sim_Hybrid-v4.5.1/sim_data/filtered/internals/PCu_U238_12_filtered.root
Done processing /disk/data1/lze/ljuign/G4v11_sim/Sim_Hybrid-v4.5.1/sim_data/base/internals/PCu_U238_12.root
Filtering /disk/data1/lze/ljuign/G4v11_sim/Sim_Hybrid-v4.5.1/sim_data/base/internals/PCu_U238_13.root ...

Processing /disk/data1/lze/ljuign/TESSERACT_Simulation_Analysis/tesssa/cpp/VD_single_filtering.cc("/disk/data1/lze/ljuign/G4v11_sim/Sim_Hybrid-v4.5.1/sim_data/base/internals/PCu_U238_13.root","/disk/data1/lze/ljuign/G4v11_sim/Sim_Hybrid-v4.5.1/sim_data/filtered/internals")...
Processing file: /disk/data1/lze/ljuign/G4v11_sim/Sim_Hybrid-v4.5.1/sim_data/base/internals/PCu_U238_13.root
Writing 542011 entries to /disk/data1/lze/ljuign/G4v11_sim/Sim_Hybrid-v4.5.1/sim_data/filtered/internals/PCu_U238_13_filtered.root
Done processing /disk/data1/lze/ljuign/G4v11_sim/Sim_Hybrid-v4.5.1/sim_data/base/internals/PCu_U238_13.root
Filtering /disk/data1/lze/ljuign/G4v11_sim/Sim_Hybrid-v4.5.1/sim_data/base/internals/PCu_U238_14.root ...

Processing /disk/data1/lze/ljuign/TESSERACT_Simulation_Analysis/tesssa/cpp/VD_single_filtering.cc("/disk/data1/lze/ljuign/G4v11_sim/Sim_Hybrid-v4.5.1/sim_data/base/internals/PCu_U238_14.root","/disk/data1/lze/ljuign/G4v11_sim/Sim_Hybrid-v4.5.1/sim_data/filtered/internals")...
Processing file: /disk/data1/lze/ljuign/G4v11_sim/Sim_Hybrid-v4.5.1/sim_data/base/internals/PCu_U238_14.root
Writing 537214 entries to /disk/data1/lze/ljuign/G4v11_sim/Sim_Hybrid-v4.5.1/sim_data/filtered/internals/PCu_U238_14_filtered.root
Done processing /disk/data1/lze/ljuign/G4v11_sim/Sim_Hybrid-v4.5.1/sim_data/base/internals/PCu_U238_14.root
Filtering /disk/data1/lze/ljuign/G4v11_sim/Sim_Hybrid-v4.5.1/sim_data/base/internals/PCu_U238_15.root ...

Processing /disk/data1/lze/ljuign/TESSERACT_Simulation_Analysis/tesssa/cpp/VD_single_filtering.cc("/disk/data1/lze/ljuign/G4v11_sim/Sim_Hybrid-v4.5.1/sim_data/base/internals/PCu_U238_15.root","/disk/data1/lze/ljuign/G4v11_sim/Sim_Hybrid-v4.5.1/sim_data/filtered/internals")...
Processing file: /disk/data1/lze/ljuign/G4v11_sim/Sim_Hybrid-v4.5.1/sim_data/base/internals/PCu_U238_15.root
Writing 540858 entries to /disk/data1/lze/ljuign/G4v11_sim/Sim_Hybrid-v4.5.1/sim_data/filtered/internals/PCu_U238_15_filtered.root
Done processing /disk/data1/lze/ljuign/G4v11_sim/Sim_Hybrid-v4.5.1/sim_data/base/internals/PCu_U238_15.root
Filtering /disk/data1/lze/ljuign/G4v11_sim/Sim_Hybrid-v4.5.1/sim_data/base/internals/PCu_U238_16.root ...

Processing /disk/data1/lze/ljuign/TESSERACT_Simulation_Analysis/tesssa/cpp/VD_single_filtering.cc("/disk/data1/lze/ljuign/G4v11_sim/Sim_Hybrid-v4.5.1/sim_data/base/internals/PCu_U238_16.root","/disk/data1/lze/ljuign/G4v11_sim/Sim_Hybrid-v4.5.1/sim_data/filtered/internals")...
Processing file: /disk/data1/lze/ljuign/G4v11_sim/Sim_Hybrid-v4.5.1/sim_data/base/internals/PCu_U238_16.root
Writing 540214 entries to /disk/data1/lze/ljuign/G4v11_sim/Sim_Hybrid-v4.5.1/sim_data/filtered/internals/PCu_U238_16_filtered.root
Done processing /disk/data1/lze/ljuign/G4v11_sim/Sim_Hybrid-v4.5.1/sim_data/base/internals/PCu_U238_16.root
Filtering /disk/data1/lze/ljuign/G4v11_sim/Sim_Hybrid-v4.5.1/sim_data/base/internals/PCu_U238_17.root ...

Processing /disk/data1/lze/ljuign/TESSERACT_Simulation_Analysis/tesssa/cpp/VD_single_filtering.cc("/disk/data1/lze/ljuign/G4v11_sim/Sim_Hybrid-v4.5.1/sim_data/base/internals/PCu_U238_17.root","/disk/data1/lze/ljuign/G4v11_sim/Sim_Hybrid-v4.5.1/sim_data/filtered/internals")...
Processing file: /disk/data1/lze/ljuign/G4v11_sim/Sim_Hybrid-v4.5.1/sim_data/base/internals/PCu_U238_17.root
Writing 538090 entries to /disk/data1/lze/ljuign/G4v11_sim/Sim_Hybrid-v4.5.1/sim_data/filtered/internals/PCu_U238_17_filtered.root
Done processing /disk/data1/lze/ljuign/G4v11_sim/Sim_Hybrid-v4.5.1/sim_data/base/internals/PCu_U238_17.root
Filtering /disk/data1/lze/ljuign/G4v11_sim/Sim_Hybrid-v4.5.1/sim_data/base/internals/PCu_U238_18.root ...

Processing /disk/data1/lze/ljuign/TESSERACT_Simulation_Analysis/tesssa/cpp/VD_single_filtering.cc("/disk/data1/lze/ljuign/G4v11_sim/Sim_Hybrid-v4.5.1/sim_data/base/internals/PCu_U238_18.root","/disk/data1/lze/ljuign/G4v11_sim/Sim_Hybrid-v4.5.1/sim_data/filtered/internals")...
Processing file: /disk/data1/lze/ljuign/G4v11_sim/Sim_Hybrid-v4.5.1/sim_data/base/internals/PCu_U238_18.root
Writing 541584 entries to /disk/data1/lze/ljuign/G4v11_sim/Sim_Hybrid-v4.5.1/sim_data/filtered/internals/PCu_U238_18_filtered.root
Done processing /disk/data1/lze/ljuign/G4v11_sim/Sim_Hybrid-v4.5.1/sim_data/base/internals/PCu_U238_18.root
Filtering /disk/data1/lze/ljuign/G4v11_sim/Sim_Hybrid-v4.5.1/sim_data/base/internals/PCu_U238_19.root ...

Processing /disk/data1/lze/ljuign/TESSERACT_Simulation_Analysis/tesssa/cpp/VD_single_filtering.cc("/disk/data1/lze/ljuign/G4v11_sim/Sim_Hybrid-v4.5.1/sim_data/base/internals/PCu_U238_19.root","/disk/data1/lze/ljuign/G4v11_sim/Sim_Hybrid-v4.5.1/sim_data/filtered/internals")...
Processing file: /disk/data1/lze/ljuign/G4v11_sim/Sim_Hybrid-v4.5.1/sim_data/base/internals/PCu_U238_19.root
Writing 537296 entries to /disk/data1/lze/ljuign/G4v11_sim/Sim_Hybrid-v4.5.1/sim_data/filtered/internals/PCu_U238_19_filtered.root
Done processing /disk/data1/lze/ljuign/G4v11_sim/Sim_Hybrid-v4.5.1/sim_data/base/internals/PCu_U238_19.root
Filtering /disk/data1/lze/ljuign/G4v11_sim/Sim_Hybrid-v4.5.1/sim_data/base/internals/PCu_U238_1.root ...

Processing /disk/data1/lze/ljuign/TESSERACT_Simulation_Analysis/tesssa/cpp/VD_single_filtering.cc("/disk/data1/lze/ljuign/G4v11_sim/Sim_Hybrid-v4.5.1/sim_data/base/internals/PCu_U238_1.root","/disk/data1/lze/ljuign/G4v11_sim/Sim_Hybrid-v4.5.1/sim_data/filtered/internals")...
Processing file: /disk/data1/lze/ljuign/G4v11_sim/Sim_Hybrid-v4.5.1/sim_data/base/internals/PCu_U238_1.root
Writing 536524 entries to /disk/data1/lze/ljuign/G4v11_sim/Sim_Hybrid-v4.5.1/sim_data/filtered/internals/PCu_U238_1_filtered.root
Done processing /disk/data1/lze/ljuign/G4v11_sim/Sim_Hybrid-v4.5.1/sim_data/base/internals/PCu_U238_1.root
Filtering /disk/data1/lze/ljuign/G4v11_sim/Sim_Hybrid-v4.5.1/sim_data/base/internals/PCu_U238_20.root ...

Processing /disk/data1/lze/ljuign/TESSERACT_Simulation_Analysis/tesssa/cpp/VD_single_filtering.cc("/disk/data1/lze/ljuign/G4v11_sim/Sim_Hybrid-v4.5.1/sim_data/base/internals/PCu_U238_20.root","/disk/data1/lze/ljuign/G4v11_sim/Sim_Hybrid-v4.5.1/sim_data/filtered/internals")...
Processing file: /disk/data1/lze/ljuign/G4v11_sim/Sim_Hybrid-v4.5.1/sim_data/base/internals/PCu_U238_20.root
Writing 537878 entries to /disk/data1/lze/ljuign/G4v11_sim/Sim_Hybrid-v4.5.1/sim_data/filtered/internals/PCu_U238_20_filtered.root
Done processing /disk/data1/lze/ljuign/G4v11_sim/Sim_Hybrid-v4.5.1/sim_data/base/internals/PCu_U238_20.root
Filtering /disk/data1/lze/ljuign/G4v11_sim/Sim_Hybrid-v4.5.1/sim_data/base/internals/PCu_U238_21.root ...

Processing /disk/data1/lze/ljuign/TESSERACT_Simulation_Analysis/tesssa/cpp/VD_single_filtering.cc("/disk/data1/lze/ljuign/G4v11_sim/Sim_Hybrid-v4.5.1/sim_data/base/internals/PCu_U238_21.root","/disk/data1/lze/ljuign/G4v11_sim/Sim_Hybrid-v4.5.1/sim_data/filtered/internals")...
Processing file: /disk/data1/lze/ljuign/G4v11_sim/Sim_Hybrid-v4.5.1/sim_data/base/internals/PCu_U238_21.root
Writing 538490 entries to /disk/data1/lze/ljuign/G4v11_sim/Sim_Hybrid-v4.5.1/sim_data/filtered/internals/PCu_U238_21_filtered.root
Done processing /disk/data1/lze/ljuign/G4v11_sim/Sim_Hybrid-v4.5.1/sim_data/base/internals/PCu_U238_21.root
Filtering /disk/data1/lze/ljuign/G4v11_sim/Sim_Hybrid-v4.5.1/sim_data/base/internals/PCu_U238_22.root ...

Processing /disk/data1/lze/ljuign/TESSERACT_Simulation_Analysis/tesssa/cpp/VD_single_filtering.cc("/disk/data1/lze/ljuign/G4v11_sim/Sim_Hybrid-v4.5.1/sim_data/base/internals/PCu_U238_22.root","/disk/data1/lze/ljuign/G4v11_sim/Sim_Hybrid-v4.5.1/sim_data/filtered/internals")...
Processing file: /disk/data1/lze/ljuign/G4v11_sim/Sim_Hybrid-v4.5.1/sim_data/base/internals/PCu_U238_22.root
Writing 539845 entries to /disk/data1/lze/ljuign/G4v11_sim/Sim_Hybrid-v4.5.1/sim_data/filtered/internals/PCu_U238_22_filtered.root
Done processing /disk/data1/lze/ljuign/G4v11_sim/Sim_Hybrid-v4.5.1/sim_data/base/internals/PCu_U238_22.root
Filtering /disk/data1/lze/ljuign/G4v11_sim/Sim_Hybrid-v4.5.1/sim_data/base/internals/PCu_U238_23.root ...

Processing /disk/data1/lze/ljuign/TESSERACT_Simulation_Analysis/tesssa/cpp/VD_single_filtering.cc("/disk/data1/lze/ljuign/G4v11_sim/Sim_Hybrid-v4.5.1/sim_data/base/internals/PCu_U238_23.root","/disk/data1/lze/ljuign/G4v11_sim/Sim_Hybrid-v4.5.1/sim_data/filtered/internals")...
Processing file: /disk/data1/lze/ljuign/G4v11_sim/Sim_Hybrid-v4.5.1/sim_data/base/internals/PCu_U238_23.root
Writing 541651 entries to /disk/data1/lze/ljuign/G4v11_sim/Sim_Hybrid-v4.5.1/sim_data/filtered/internals/PCu_U238_23_filtered.root
Done processing /disk/data1/lze/ljuign/G4v11_sim/Sim_Hybrid-v4.5.1/sim_data/base/internals/PCu_U238_23.root
Filtering /disk/data1/lze/ljuign/G4v11_sim/Sim_Hybrid-v4.5.1/sim_data/base/internals/PCu_U238_24.root ...

Processing /disk/data1/lze/ljuign/TESSERACT_Simulation_Analysis/tesssa/cpp/VD_single_filtering.cc("/disk/data1/lze/ljuign/G4v11_sim/Sim_Hybrid-v4.5.1/sim_data/base/internals/PCu_U238_24.root","/disk/data1/lze/ljuign/G4v11_sim/Sim_Hybrid-v4.5.1/sim_data/filtered/internals")...
Processing file: /disk/data1/lze/ljuign/G4v11_sim/Sim_Hybrid-v4.5.1/sim_data/base/internals/PCu_U238_24.root
Writing 538664 entries to /disk/data1/lze/ljuign/G4v11_sim/Sim_Hybrid-v4.5.1/sim_data/filtered/internals/PCu_U238_24_filtered.root
Done processing /disk/data1/lze/ljuign/G4v11_sim/Sim_Hybrid-v4.5.1/sim_data/base/internals/PCu_U238_24.root
Filtering /disk/data1/lze/ljuign/G4v11_sim/Sim_Hybrid-v4.5.1/sim_data/base/internals/PCu_U238_25.root ...

Processing /disk/data1/lze/ljuign/TESSERACT_Simulation_Analysis/tesssa/cpp/VD_single_filtering.cc("/disk/data1/lze/ljuign/G4v11_sim/Sim_Hybrid-v4.5.1/sim_data/base/internals/PCu_U238_25.root","/disk/data1/lze/ljuign/G4v11_sim/Sim_Hybrid-v4.5.1/sim_data/filtered/internals")...
Processing file: /disk/data1/lze/ljuign/G4v11_sim/Sim_Hybrid-v4.5.1/sim_data/base/internals/PCu_U238_25.root
Writing 539672 entries to /disk/data1/lze/ljuign/G4v11_sim/Sim_Hybrid-v4.5.1/sim_data/filtered/internals/PCu_U238_25_filtered.root
Done processing /disk/data1/lze/ljuign/G4v11_sim/Sim_Hybrid-v4.5.1/sim_data/base/internals/PCu_U238_25.root
Filtering /disk/data1/lze/ljuign/G4v11_sim/Sim_Hybrid-v4.5.1/sim_data/base/internals/PCu_U238_26.root ...

Processing /disk/data1/lze/ljuign/TESSERACT_Simulation_Analysis/tesssa/cpp/VD_single_filtering.cc("/disk/data1/lze/ljuign/G4v11_sim/Sim_Hybrid-v4.5.1/sim_data/base/internals/PCu_U238_26.root","/disk/data1/lze/ljuign/G4v11_sim/Sim_Hybrid-v4.5.1/sim_data/filtered/internals")...
Processing file: /disk/data1/lze/ljuign/G4v11_sim/Sim_Hybrid-v4.5.1/sim_data/base/internals/PCu_U238_26.root
Writing 538648 entries to /disk/data1/lze/ljuign/G4v11_sim/Sim_Hybrid-v4.5.1/sim_data/filtered/internals/PCu_U238_26_filtered.root
Done processing /disk/data1/lze/ljuign/G4v11_sim/Sim_Hybrid-v4.5.1/sim_data/base/internals/PCu_U238_26.root
Filtering /disk/data1/lze/ljuign/G4v11_sim/Sim_Hybrid-v4.5.1/sim_data/base/internals/PCu_U238_27.root ...

Processing /disk/data1/lze/ljuign/TESSERACT_Simulation_Analysis/tesssa/cpp/VD_single_filtering.cc("/disk/data1/lze/ljuign/G4v11_sim/Sim_Hybrid-v4.5.1/sim_data/base/internals/PCu_U238_27.root","/disk/data1/lze/ljuign/G4v11_sim/Sim_Hybrid-v4.5.1/sim_data/filtered/internals")...
Processing file: /disk/data1/lze/ljuign/G4v11_sim/Sim_Hybrid-v4.5.1/sim_data/base/internals/PCu_U238_27.root
Writing 535440 entries to /disk/data1/lze/ljuign/G4v11_sim/Sim_Hybrid-v4.5.1/sim_data/filtered/internals/PCu_U238_27_filtered.root
Done processing /disk/data1/lze/ljuign/G4v11_sim/Sim_Hybrid-v4.5.1/sim_data/base/internals/PCu_U238_27.root
Filtering /disk/data1/lze/ljuign/G4v11_sim/Sim_Hybrid-v4.5.1/sim_data/base/internals/PCu_U238_28.root ...

Processing /disk/data1/lze/ljuign/TESSERACT_Simulation_Analysis/tesssa/cpp/VD_single_filtering.cc("/disk/data1/lze/ljuign/G4v11_sim/Sim_Hybrid-v4.5.1/sim_data/base/internals/PCu_U238_28.root","/disk/data1/lze/ljuign/G4v11_sim/Sim_Hybrid-v4.5.1/sim_data/filtered/internals")...
Processing file: /disk/data1/lze/ljuign/G4v11_sim/Sim_Hybrid-v4.5.1/sim_data/base/internals/PCu_U238_28.root
Writing 543633 entries to /disk/data1/lze/ljuign/G4v11_sim/Sim_Hybrid-v4.5.1/sim_data/filtered/internals/PCu_U238_28_filtered.root
Done processing /disk/data1/lze/ljuign/G4v11_sim/Sim_Hybrid-v4.5.1/sim_data/base/internals/PCu_U238_28.root
Filtering /disk/data1/lze/ljuign/G4v11_sim/Sim_Hybrid-v4.5.1/sim_data/base/internals/PCu_U238_29.root ...

Processing /disk/data1/lze/ljuign/TESSERACT_Simulation_Analysis/tesssa/cpp/VD_single_filtering.cc("/disk/data1/lze/ljuign/G4v11_sim/Sim_Hybrid-v4.5.1/sim_data/base/internals/PCu_U238_29.root","/disk/data1/lze/ljuign/G4v11_sim/Sim_Hybrid-v4.5.1/sim_data/filtered/internals")...
Processing file: /disk/data1/lze/ljuign/G4v11_sim/Sim_Hybrid-v4.5.1/sim_data/base/internals/PCu_U238_29.root
Writing 538933 entries to /disk/data1/lze/ljuign/G4v11_sim/Sim_Hybrid-v4.5.1/sim_data/filtered/internals/PCu_U238_29_filtered.root
Done processing /disk/data1/lze/ljuign/G4v11_sim/Sim_Hybrid-v4.5.1/sim_data/base/internals/PCu_U238_29.root
Filtering /disk/data1/lze/ljuign/G4v11_sim/Sim_Hybrid-v4.5.1/sim_data/base/internals/PCu_U238_2.root ...

Processing /disk/data1/lze/ljuign/TESSERACT_Simulation_Analysis/tesssa/cpp/VD_single_filtering.cc("/disk/data1/lze/ljuign/G4v11_sim/Sim_Hybrid-v4.5.1/sim_data/base/internals/PCu_U238_2.root","/disk/data1/lze/ljuign/G4v11_sim/Sim_Hybrid-v4.5.1/sim_data/filtered/internals")...
Processing file: /disk/data1/lze/ljuign/G4v11_sim/Sim_Hybrid-v4.5.1/sim_data/base/internals/PCu_U238_2.root
Writing 537810 entries to /disk/data1/lze/ljuign/G4v11_sim/Sim_Hybrid-v4.5.1/sim_data/filtered/internals/PCu_U238_2_filtered.root
Done processing /disk/data1/lze/ljuign/G4v11_sim/Sim_Hybrid-v4.5.1/sim_data/base/internals/PCu_U238_2.root
Filtering /disk/data1/lze/ljuign/G4v11_sim/Sim_Hybrid-v4.5.1/sim_data/base/internals/PCu_U238_30.root ...

Processing /disk/data1/lze/ljuign/TESSERACT_Simulation_Analysis/tesssa/cpp/VD_single_filtering.cc("/disk/data1/lze/ljuign/G4v11_sim/Sim_Hybrid-v4.5.1/sim_data/base/internals/PCu_U238_30.root","/disk/data1/lze/ljuign/G4v11_sim/Sim_Hybrid-v4.5.1/sim_data/filtered/internals")...
Processing file: /disk/data1/lze/ljuign/G4v11_sim/Sim_Hybrid-v4.5.1/sim_data/base/internals/PCu_U238_30.root
Writing 539518 entries to /disk/data1/lze/ljuign/G4v11_sim/Sim_Hybrid-v4.5.1/sim_data/filtered/internals/PCu_U238_30_filtered.root
Done processing /disk/data1/lze/ljuign/G4v11_sim/Sim_Hybrid-v4.5.1/sim_data/base/internals/PCu_U238_30.root
Filtering /disk/data1/lze/ljuign/G4v11_sim/Sim_Hybrid-v4.5.1/sim_data/base/internals/PCu_U238_31.root ...

Processing /disk/data1/lze/ljuign/TESSERACT_Simulation_Analysis/tesssa/cpp/VD_single_filtering.cc("/disk/data1/lze/ljuign/G4v11_sim/Sim_Hybrid-v4.5.1/sim_data/base/internals/PCu_U238_31.root","/disk/data1/lze/ljuign/G4v11_sim/Sim_Hybrid-v4.5.1/sim_data/filtered/internals")...
Processing file: /disk/data1/lze/ljuign/G4v11_sim/Sim_Hybrid-v4.5.1/sim_data/base/internals/PCu_U238_31.root
Writing 540004 entries to /disk/data1/lze/ljuign/G4v11_sim/Sim_Hybrid-v4.5.1/sim_data/filtered/internals/PCu_U238_31_filtered.root
Done processing /disk/data1/lze/ljuign/G4v11_sim/Sim_Hybrid-v4.5.1/sim_data/base/internals/PCu_U238_31.root
Filtering /disk/data1/lze/ljuign/G4v11_sim/Sim_Hybrid-v4.5.1/sim_data/base/internals/PCu_U238_32.root ...

Processing /disk/data1/lze/ljuign/TESSERACT_Simulation_Analysis/tesssa/cpp/VD_single_filtering.cc("/disk/data1/lze/ljuign/G4v11_sim/Sim_Hybrid-v4.5.1/sim_data/base/internals/PCu_U238_32.root","/disk/data1/lze/ljuign/G4v11_sim/Sim_Hybrid-v4.5.1/sim_data/filtered/internals")...
Processing file: /disk/data1/lze/ljuign/G4v11_sim/Sim_Hybrid-v4.5.1/sim_data/base/internals/PCu_U238_32.root
Writing 538896 entries to /disk/data1/lze/ljuign/G4v11_sim/Sim_Hybrid-v4.5.1/sim_data/filtered/internals/PCu_U238_32_filtered.root
Done processing /disk/data1/lze/ljuign/G4v11_sim/Sim_Hybrid-v4.5.1/sim_data/base/internals/PCu_U238_32.root
Filtering /disk/data1/lze/ljuign/G4v11_sim/Sim_Hybrid-v4.5.1/sim_data/base/internals/PCu_U238_33.root ...

Processing /disk/data1/lze/ljuign/TESSERACT_Simulation_Analysis/tesssa/cpp/VD_single_filtering.cc("/disk/data1/lze/ljuign/G4v11_sim/Sim_Hybrid-v4.5.1/sim_data/base/internals/PCu_U238_33.root","/disk/data1/lze/ljuign/G4v11_sim/Sim_Hybrid-v4.5.1/sim_data/filtered/internals")...
Processing file: /disk/data1/lze/ljuign/G4v11_sim/Sim_Hybrid-v4.5.1/sim_data/base/internals/PCu_U238_33.root
Writing 540143 entries to /disk/data1/lze/ljuign/G4v11_sim/Sim_Hybrid-v4.5.1/sim_data/filtered/internals/PCu_U238_33_filtered.root
Done processing /disk/data1/lze/ljuign/G4v11_sim/Sim_Hybrid-v4.5.1/sim_data/base/internals/PCu_U238_33.root
Filtering /disk/data1/lze/ljuign/G4v11_sim/Sim_Hybrid-v4.5.1/sim_data/base/internals/PCu_U238_34.root ...

Processing /disk/data1/lze/ljuign/TESSERACT_Simulation_Analysis/tesssa/cpp/VD_single_filtering.cc("/disk/data1/lze/ljuign/G4v11_sim/Sim_Hybrid-v4.5.1/sim_data/base/internals/PCu_U238_34.root","/disk/data1/lze/ljuign/G4v11_sim/Sim_Hybrid-v4.5.1/sim_data/filtered/internals")...
Processing file: /disk/data1/lze/ljuign/G4v11_sim/Sim_Hybrid-v4.5.1/sim_data/base/internals/PCu_U238_34.root
Writing 536736 entries to /disk/data1/lze/ljuign/G4v11_sim/Sim_Hybrid-v4.5.1/sim_data/filtered/internals/PCu_U238_34_filtered.root
Done processing /disk/data1/lze/ljuign/G4v11_sim/Sim_Hybrid-v4.5.1/sim_data/base/internals/PCu_U238_34.root
Filtering /disk/data1/lze/ljuign/G4v11_sim/Sim_Hybrid-v4.5.1/sim_data/base/internals/PCu_U238_35.root ...

Processing /disk/data1/lze/ljuign/TESSERACT_Simulation_Analysis/tesssa/cpp/VD_single_filtering.cc("/disk/data1/lze/ljuign/G4v11_sim/Sim_Hybrid-v4.5.1/sim_data/base/internals/PCu_U238_35.root","/disk/data1/lze/ljuign/G4v11_sim/Sim_Hybrid-v4.5.1/sim_data/filtered/internals")...
Processing file: /disk/data1/lze/ljuign/G4v11_sim/Sim_Hybrid-v4.5.1/sim_data/base/internals/PCu_U238_35.root
Writing 539530 entries to /disk/data1/lze/ljuign/G4v11_sim/Sim_Hybrid-v4.5.1/sim_data/filtered/internals/PCu_U238_35_filtered.root
Done processing /disk/data1/lze/ljuign/G4v11_sim/Sim_Hybrid-v4.5.1/sim_data/base/internals/PCu_U238_35.root
Filtering /disk/data1/lze/ljuign/G4v11_sim/Sim_Hybrid-v4.5.1/sim_data/base/internals/PCu_U238_36.root ...

Processing /disk/data1/lze/ljuign/TESSERACT_Simulation_Analysis/tesssa/cpp/VD_single_filtering.cc("/disk/data1/lze/ljuign/G4v11_sim/Sim_Hybrid-v4.5.1/sim_data/base/internals/PCu_U238_36.root","/disk/data1/lze/ljuign/G4v11_sim/Sim_Hybrid-v4.5.1/sim_data/filtered/internals")...
Processing file: /disk/data1/lze/ljuign/G4v11_sim/Sim_Hybrid-v4.5.1/sim_data/base/internals/PCu_U238_36.root
Writing 538280 entries to /disk/data1/lze/ljuign/G4v11_sim/Sim_Hybrid-v4.5.1/sim_data/filtered/internals/PCu_U238_36_filtered.root
Done processing /disk/data1/lze/ljuign/G4v11_sim/Sim_Hybrid-v4.5.1/sim_data/base/internals/PCu_U238_36.root
Filtering /disk/data1/lze/ljuign/G4v11_sim/Sim_Hybrid-v4.5.1/sim_data/base/internals/PCu_U238_37.root ...

Processing /disk/data1/lze/ljuign/TESSERACT_Simulation_Analysis/tesssa/cpp/VD_single_filtering.cc("/disk/data1/lze/ljuign/G4v11_sim/Sim_Hybrid-v4.5.1/sim_data/base/internals/PCu_U238_37.root","/disk/data1/lze/ljuign/G4v11_sim/Sim_Hybrid-v4.5.1/sim_data/filtered/internals")...
Processing file: /disk/data1/lze/ljuign/G4v11_sim/Sim_Hybrid-v4.5.1/sim_data/base/internals/PCu_U238_37.root
Writing 541684 entries to /disk/data1/lze/ljuign/G4v11_sim/Sim_Hybrid-v4.5.1/sim_data/filtered/internals/PCu_U238_37_filtered.root
Done processing /disk/data1/lze/ljuign/G4v11_sim/Sim_Hybrid-v4.5.1/sim_data/base/internals/PCu_U238_37.root
Filtering /disk/data1/lze/ljuign/G4v11_sim/Sim_Hybrid-v4.5.1/sim_data/base/internals/PCu_U238_38.root ...

Processing /disk/data1/lze/ljuign/TESSERACT_Simulation_Analysis/tesssa/cpp/VD_single_filtering.cc("/disk/data1/lze/ljuign/G4v11_sim/Sim_Hybrid-v4.5.1/sim_data/base/internals/PCu_U238_38.root","/disk/data1/lze/ljuign/G4v11_sim/Sim_Hybrid-v4.5.1/sim_data/filtered/internals")...
Processing file: /disk/data1/lze/ljuign/G4v11_sim/Sim_Hybrid-v4.5.1/sim_data/base/internals/PCu_U238_38.root
Writing 536771 entries to /disk/data1/lze/ljuign/G4v11_sim/Sim_Hybrid-v4.5.1/sim_data/filtered/internals/PCu_U238_38_filtered.root
Done processing /disk/data1/lze/ljuign/G4v11_sim/Sim_Hybrid-v4.5.1/sim_data/base/internals/PCu_U238_38.root
Filtering /disk/data1/lze/ljuign/G4v11_sim/Sim_Hybrid-v4.5.1/sim_data/base/internals/PCu_U238_39.root ...

Processing /disk/data1/lze/ljuign/TESSERACT_Simulation_Analysis/tesssa/cpp/VD_single_filtering.cc("/disk/data1/lze/ljuign/G4v11_sim/Sim_Hybrid-v4.5.1/sim_data/base/internals/PCu_U238_39.root","/disk/data1/lze/ljuign/G4v11_sim/Sim_Hybrid-v4.5.1/sim_data/filtered/internals")...
Processing file: /disk/data1/lze/ljuign/G4v11_sim/Sim_Hybrid-v4.5.1/sim_data/base/internals/PCu_U238_39.root
Writing 540014 entries to /disk/data1/lze/ljuign/G4v11_sim/Sim_Hybrid-v4.5.1/sim_data/filtered/internals/PCu_U238_39_filtered.root
Done processing /disk/data1/lze/ljuign/G4v11_sim/Sim_Hybrid-v4.5.1/sim_data/base/internals/PCu_U238_39.root
Filtering /disk/data1/lze/ljuign/G4v11_sim/Sim_Hybrid-v4.5.1/sim_data/base/internals/PCu_U238_3.root ...

Processing /disk/data1/lze/ljuign/TESSERACT_Simulation_Analysis/tesssa/cpp/VD_single_filtering.cc("/disk/data1/lze/ljuign/G4v11_sim/Sim_Hybrid-v4.5.1/sim_data/base/internals/PCu_U238_3.root","/disk/data1/lze/ljuign/G4v11_sim/Sim_Hybrid-v4.5.1/sim_data/filtered/internals")...
Processing file: /disk/data1/lze/ljuign/G4v11_sim/Sim_Hybrid-v4.5.1/sim_data/base/internals/PCu_U238_3.root
Writing 538901 entries to /disk/data1/lze/ljuign/G4v11_sim/Sim_Hybrid-v4.5.1/sim_data/filtered/internals/PCu_U238_3_filtered.root
Done processing /disk/data1/lze/ljuign/G4v11_sim/Sim_Hybrid-v4.5.1/sim_data/base/internals/PCu_U238_3.root
Filtering /disk/data1/lze/ljuign/G4v11_sim/Sim_Hybrid-v4.5.1/sim_data/base/internals/PCu_U238_40.root ...

Processing /disk/data1/lze/ljuign/TESSERACT_Simulation_Analysis/tesssa/cpp/VD_single_filtering.cc("/disk/data1/lze/ljuign/G4v11_sim/Sim_Hybrid-v4.5.1/sim_data/base/internals/PCu_U238_40.root","/disk/data1/lze/ljuign/G4v11_sim/Sim_Hybrid-v4.5.1/sim_data/filtered/internals")...
Processing file: /disk/data1/lze/ljuign/G4v11_sim/Sim_Hybrid-v4.5.1/sim_data/base/internals/PCu_U238_40.root
Writing 538280 entries to /disk/data1/lze/ljuign/G4v11_sim/Sim_Hybrid-v4.5.1/sim_data/filtered/internals/PCu_U238_40_filtered.root
Done processing /disk/data1/lze/ljuign/G4v11_sim/Sim_Hybrid-v4.5.1/sim_data/base/internals/PCu_U238_40.root
Filtering /disk/data1/lze/ljuign/G4v11_sim/Sim_Hybrid-v4.5.1/sim_data/base/internals/PCu_U238_41.root ...

Processing /disk/data1/lze/ljuign/TESSERACT_Simulation_Analysis/tesssa/cpp/VD_single_filtering.cc("/disk/data1/lze/ljuign/G4v11_sim/Sim_Hybrid-v4.5.1/sim_data/base/internals/PCu_U238_41.root","/disk/data1/lze/ljuign/G4v11_sim/Sim_Hybrid-v4.5.1/sim_data/filtered/internals")...
Processing file: /disk/data1/lze/ljuign/G4v11_sim/Sim_Hybrid-v4.5.1/sim_data/base/internals/PCu_U238_41.root
Writing 540845 entries to /disk/data1/lze/ljuign/G4v11_sim/Sim_Hybrid-v4.5.1/sim_data/filtered/internals/PCu_U238_41_filtered.root
Done processing /disk/data1/lze/ljuign/G4v11_sim/Sim_Hybrid-v4.5.1/sim_data/base/internals/PCu_U238_41.root
Filtering /disk/data1/lze/ljuign/G4v11_sim/Sim_Hybrid-v4.5.1/sim_data/base/internals/PCu_U238_42.root ...

Processing /disk/data1/lze/ljuign/TESSERACT_Simulation_Analysis/tesssa/cpp/VD_single_filtering.cc("/disk/data1/lze/ljuign/G4v11_sim/Sim_Hybrid-v4.5.1/sim_data/base/internals/PCu_U238_42.root","/disk/data1/lze/ljuign/G4v11_sim/Sim_Hybrid-v4.5.1/sim_data/filtered/internals")...
Processing file: /disk/data1/lze/ljuign/G4v11_sim/Sim_Hybrid-v4.5.1/sim_data/base/internals/PCu_U238_42.root
Writing 540377 entries to /disk/data1/lze/ljuign/G4v11_sim/Sim_Hybrid-v4.5.1/sim_data/filtered/internals/PCu_U238_42_filtered.root
Done processing /disk/data1/lze/ljuign/G4v11_sim/Sim_Hybrid-v4.5.1/sim_data/base/internals/PCu_U238_42.root
Filtering /disk/data1/lze/ljuign/G4v11_sim/Sim_Hybrid-v4.5.1/sim_data/base/internals/PCu_U238_43.root ...

Processing /disk/data1/lze/ljuign/TESSERACT_Simulation_Analysis/tesssa/cpp/VD_single_filtering.cc("/disk/data1/lze/ljuign/G4v11_sim/Sim_Hybrid-v4.5.1/sim_data/base/internals/PCu_U238_43.root","/disk/data1/lze/ljuign/G4v11_sim/Sim_Hybrid-v4.5.1/sim_data/filtered/internals")...
Processing file: /disk/data1/lze/ljuign/G4v11_sim/Sim_Hybrid-v4.5.1/sim_data/base/internals/PCu_U238_43.root
Writing 539919 entries to /disk/data1/lze/ljuign/G4v11_sim/Sim_Hybrid-v4.5.1/sim_data/filtered/internals/PCu_U238_43_filtered.root
Done processing /disk/data1/lze/ljuign/G4v11_sim/Sim_Hybrid-v4.5.1/sim_data/base/internals/PCu_U238_43.root
Filtering /disk/data1/lze/ljuign/G4v11_sim/Sim_Hybrid-v4.5.1/sim_data/base/internals/PCu_U238_44.root ...

Processing /disk/data1/lze/ljuign/TESSERACT_Simulation_Analysis/tesssa/cpp/VD_single_filtering.cc("/disk/data1/lze/ljuign/G4v11_sim/Sim_Hybrid-v4.5.1/sim_data/base/internals/PCu_U238_44.root","/disk/data1/lze/ljuign/G4v11_sim/Sim_Hybrid-v4.5.1/sim_data/filtered/internals")...
Processing file: /disk/data1/lze/ljuign/G4v11_sim/Sim_Hybrid-v4.5.1/sim_data/base/internals/PCu_U238_44.root
Writing 538815 entries to /disk/data1/lze/ljuign/G4v11_sim/Sim_Hybrid-v4.5.1/sim_data/filtered/internals/PCu_U238_44_filtered.root
Done processing /disk/data1/lze/ljuign/G4v11_sim/Sim_Hybrid-v4.5.1/sim_data/base/internals/PCu_U238_44.root
Filtering /disk/data1/lze/ljuign/G4v11_sim/Sim_Hybrid-v4.5.1/sim_data/base/internals/PCu_U238_45.root ...

Processing /disk/data1/lze/ljuign/TESSERACT_Simulation_Analysis/tesssa/cpp/VD_single_filtering.cc("/disk/data1/lze/ljuign/G4v11_sim/Sim_Hybrid-v4.5.1/sim_data/base/internals/PCu_U238_45.root","/disk/data1/lze/ljuign/G4v11_sim/Sim_Hybrid-v4.5.1/sim_data/filtered/internals")...
Processing file: /disk/data1/lze/ljuign/G4v11_sim/Sim_Hybrid-v4.5.1/sim_data/base/internals/PCu_U238_45.root
Writing 539541 entries to /disk/data1/lze/ljuign/G4v11_sim/Sim_Hybrid-v4.5.1/sim_data/filtered/internals/PCu_U238_45_filtered.root
Done processing /disk/data1/lze/ljuign/G4v11_sim/Sim_Hybrid-v4.5.1/sim_data/base/internals/PCu_U238_45.root
Filtering /disk/data1/lze/ljuign/G4v11_sim/Sim_Hybrid-v4.5.1/sim_data/base/internals/PCu_U238_46.root ...

Processing /disk/data1/lze/ljuign/TESSERACT_Simulation_Analysis/tesssa/cpp/VD_single_filtering.cc("/disk/data1/lze/ljuign/G4v11_sim/Sim_Hybrid-v4.5.1/sim_data/base/internals/PCu_U238_46.root","/disk/data1/lze/ljuign/G4v11_sim/Sim_Hybrid-v4.5.1/sim_data/filtered/internals")...
Processing file: /disk/data1/lze/ljuign/G4v11_sim/Sim_Hybrid-v4.5.1/sim_data/base/internals/PCu_U238_46.root
Writing 537523 entries to /disk/data1/lze/ljuign/G4v11_sim/Sim_Hybrid-v4.5.1/sim_data/filtered/internals/PCu_U238_46_filtered.root
Done processing /disk/data1/lze/ljuign/G4v11_sim/Sim_Hybrid-v4.5.1/sim_data/base/internals/PCu_U238_46.root
Filtering /disk/data1/lze/ljuign/G4v11_sim/Sim_Hybrid-v4.5.1/sim_data/base/internals/PCu_U238_47.root ...

Processing /disk/data1/lze/ljuign/TESSERACT_Simulation_Analysis/tesssa/cpp/VD_single_filtering.cc("/disk/data1/lze/ljuign/G4v11_sim/Sim_Hybrid-v4.5.1/sim_data/base/internals/PCu_U238_47.root","/disk/data1/lze/ljuign/G4v11_sim/Sim_Hybrid-v4.5.1/sim_data/filtered/internals")...
Processing file: /disk/data1/lze/ljuign/G4v11_sim/Sim_Hybrid-v4.5.1/sim_data/base/internals/PCu_U238_47.root
Writing 538634 entries to /disk/data1/lze/ljuign/G4v11_sim/Sim_Hybrid-v4.5.1/sim_data/filtered/internals/PCu_U238_47_filtered.root
Done processing /disk/data1/lze/ljuign/G4v11_sim/Sim_Hybrid-v4.5.1/sim_data/base/internals/PCu_U238_47.root
Filtering /disk/data1/lze/ljuign/G4v11_sim/Sim_Hybrid-v4.5.1/sim_data/base/internals/PCu_U238_48.root ...

Processing /disk/data1/lze/ljuign/TESSERACT_Simulation_Analysis/tesssa/cpp/VD_single_filtering.cc("/disk/data1/lze/ljuign/G4v11_sim/Sim_Hybrid-v4.5.1/sim_data/base/internals/PCu_U238_48.root","/disk/data1/lze/ljuign/G4v11_sim/Sim_Hybrid-v4.5.1/sim_data/filtered/internals")...
Processing file: /disk/data1/lze/ljuign/G4v11_sim/Sim_Hybrid-v4.5.1/sim_data/base/internals/PCu_U238_48.root
Writing 539523 entries to /disk/data1/lze/ljuign/G4v11_sim/Sim_Hybrid-v4.5.1/sim_data/filtered/internals/PCu_U238_48_filtered.root
Done processing /disk/data1/lze/ljuign/G4v11_sim/Sim_Hybrid-v4.5.1/sim_data/base/internals/PCu_U238_48.root
Filtering /disk/data1/lze/ljuign/G4v11_sim/Sim_Hybrid-v4.5.1/sim_data/base/internals/PCu_U238_49.root ...

Processing /disk/data1/lze/ljuign/TESSERACT_Simulation_Analysis/tesssa/cpp/VD_single_filtering.cc("/disk/data1/lze/ljuign/G4v11_sim/Sim_Hybrid-v4.5.1/sim_data/base/internals/PCu_U238_49.root","/disk/data1/lze/ljuign/G4v11_sim/Sim_Hybrid-v4.5.1/sim_data/filtered/internals")...
Processing file: /disk/data1/lze/ljuign/G4v11_sim/Sim_Hybrid-v4.5.1/sim_data/base/internals/PCu_U238_49.root
Writing 536583 entries to /disk/data1/lze/ljuign/G4v11_sim/Sim_Hybrid-v4.5.1/sim_data/filtered/internals/PCu_U238_49_filtered.root
Done processing /disk/data1/lze/ljuign/G4v11_sim/Sim_Hybrid-v4.5.1/sim_data/base/internals/PCu_U238_49.root
Filtering /disk/data1/lze/ljuign/G4v11_sim/Sim_Hybrid-v4.5.1/sim_data/base/internals/PCu_U238_4.root ...

Processing /disk/data1/lze/ljuign/TESSERACT_Simulation_Analysis/tesssa/cpp/VD_single_filtering.cc("/disk/data1/lze/ljuign/G4v11_sim/Sim_Hybrid-v4.5.1/sim_data/base/internals/PCu_U238_4.root","/disk/data1/lze/ljuign/G4v11_sim/Sim_Hybrid-v4.5.1/sim_data/filtered/internals")...
Processing file: /disk/data1/lze/ljuign/G4v11_sim/Sim_Hybrid-v4.5.1/sim_data/base/internals/PCu_U238_4.root
Writing 536745 entries to /disk/data1/lze/ljuign/G4v11_sim/Sim_Hybrid-v4.5.1/sim_data/filtered/internals/PCu_U238_4_filtered.root
Done processing /disk/data1/lze/ljuign/G4v11_sim/Sim_Hybrid-v4.5.1/sim_data/base/internals/PCu_U238_4.root
Filtering /disk/data1/lze/ljuign/G4v11_sim/Sim_Hybrid-v4.5.1/sim_data/base/internals/PCu_U238_50.root ...

Processing /disk/data1/lze/ljuign/TESSERACT_Simulation_Analysis/tesssa/cpp/VD_single_filtering.cc("/disk/data1/lze/ljuign/G4v11_sim/Sim_Hybrid-v4.5.1/sim_data/base/internals/PCu_U238_50.root","/disk/data1/lze/ljuign/G4v11_sim/Sim_Hybrid-v4.5.1/sim_data/filtered/internals")...
Processing file: /disk/data1/lze/ljuign/G4v11_sim/Sim_Hybrid-v4.5.1/sim_data/base/internals/PCu_U238_50.root
Writing 541995 entries to /disk/data1/lze/ljuign/G4v11_sim/Sim_Hybrid-v4.5.1/sim_data/filtered/internals/PCu_U238_50_filtered.root
Done processing /disk/data1/lze/ljuign/G4v11_sim/Sim_Hybrid-v4.5.1/sim_data/base/internals/PCu_U238_50.root
Filtering /disk/data1/lze/ljuign/G4v11_sim/Sim_Hybrid-v4.5.1/sim_data/base/internals/PCu_U238_51.root ...

Processing /disk/data1/lze/ljuign/TESSERACT_Simulation_Analysis/tesssa/cpp/VD_single_filtering.cc("/disk/data1/lze/ljuign/G4v11_sim/Sim_Hybrid-v4.5.1/sim_data/base/internals/PCu_U238_51.root","/disk/data1/lze/ljuign/G4v11_sim/Sim_Hybrid-v4.5.1/sim_data/filtered/internals")...
Processing file: /disk/data1/lze/ljuign/G4v11_sim/Sim_Hybrid-v4.5.1/sim_data/base/internals/PCu_U238_51.root
Writing 537189 entries to /disk/data1/lze/ljuign/G4v11_sim/Sim_Hybrid-v4.5.1/sim_data/filtered/internals/PCu_U238_51_filtered.root
Done processing /disk/data1/lze/ljuign/G4v11_sim/Sim_Hybrid-v4.5.1/sim_data/base/internals/PCu_U238_51.root
Filtering /disk/data1/lze/ljuign/G4v11_sim/Sim_Hybrid-v4.5.1/sim_data/base/internals/PCu_U238_52.root ...

Processing /disk/data1/lze/ljuign/TESSERACT_Simulation_Analysis/tesssa/cpp/VD_single_filtering.cc("/disk/data1/lze/ljuign/G4v11_sim/Sim_Hybrid-v4.5.1/sim_data/base/internals/PCu_U238_52.root","/disk/data1/lze/ljuign/G4v11_sim/Sim_Hybrid-v4.5.1/sim_data/filtered/internals")...
Processing file: /disk/data1/lze/ljuign/G4v11_sim/Sim_Hybrid-v4.5.1/sim_data/base/internals/PCu_U238_52.root
Writing 541977 entries to /disk/data1/lze/ljuign/G4v11_sim/Sim_Hybrid-v4.5.1/sim_data/filtered/internals/PCu_U238_52_filtered.root
Done processing /disk/data1/lze/ljuign/G4v11_sim/Sim_Hybrid-v4.5.1/sim_data/base/internals/PCu_U238_52.root
Filtering /disk/data1/lze/ljuign/G4v11_sim/Sim_Hybrid-v4.5.1/sim_data/base/internals/PCu_U238_53.root ...

Processing /disk/data1/lze/ljuign/TESSERACT_Simulation_Analysis/tesssa/cpp/VD_single_filtering.cc("/disk/data1/lze/ljuign/G4v11_sim/Sim_Hybrid-v4.5.1/sim_data/base/internals/PCu_U238_53.root","/disk/data1/lze/ljuign/G4v11_sim/Sim_Hybrid-v4.5.1/sim_data/filtered/internals")...
Processing file: /disk/data1/lze/ljuign/G4v11_sim/Sim_Hybrid-v4.5.1/sim_data/base/internals/PCu_U238_53.root
Writing 540417 entries to /disk/data1/lze/ljuign/G4v11_sim/Sim_Hybrid-v4.5.1/sim_data/filtered/internals/PCu_U238_53_filtered.root
Done processing /disk/data1/lze/ljuign/G4v11_sim/Sim_Hybrid-v4.5.1/sim_data/base/internals/PCu_U238_53.root
Filtering /disk/data1/lze/ljuign/G4v11_sim/Sim_Hybrid-v4.5.1/sim_data/base/internals/PCu_U238_54.root ...

Processing /disk/data1/lze/ljuign/TESSERACT_Simulation_Analysis/tesssa/cpp/VD_single_filtering.cc("/disk/data1/lze/ljuign/G4v11_sim/Sim_Hybrid-v4.5.1/sim_data/base/internals/PCu_U238_54.root","/disk/data1/lze/ljuign/G4v11_sim/Sim_Hybrid-v4.5.1/sim_data/filtered/internals")...
Processing file: /disk/data1/lze/ljuign/G4v11_sim/Sim_Hybrid-v4.5.1/sim_data/base/internals/PCu_U238_54.root
Writing 540261 entries to /disk/data1/lze/ljuign/G4v11_sim/Sim_Hybrid-v4.5.1/sim_data/filtered/internals/PCu_U238_54_filtered.root
Done processing /disk/data1/lze/ljuign/G4v11_sim/Sim_Hybrid-v4.5.1/sim_data/base/internals/PCu_U238_54.root
Filtering /disk/data1/lze/ljuign/G4v11_sim/Sim_Hybrid-v4.5.1/sim_data/base/internals/PCu_U238_55.root ...

Processing /disk/data1/lze/ljuign/TESSERACT_Simulation_Analysis/tesssa/cpp/VD_single_filtering.cc("/disk/data1/lze/ljuign/G4v11_sim/Sim_Hybrid-v4.5.1/sim_data/base/internals/PCu_U238_55.root","/disk/data1/lze/ljuign/G4v11_sim/Sim_Hybrid-v4.5.1/sim_data/filtered/internals")...
Processing file: /disk/data1/lze/ljuign/G4v11_sim/Sim_Hybrid-v4.5.1/sim_data/base/internals/PCu_U238_55.root
Writing 539007 entries to /disk/data1/lze/ljuign/G4v11_sim/Sim_Hybrid-v4.5.1/sim_data/filtered/internals/PCu_U238_55_filtered.root
Done processing /disk/data1/lze/ljuign/G4v11_sim/Sim_Hybrid-v4.5.1/sim_data/base/internals/PCu_U238_55.root
Filtering /disk/data1/lze/ljuign/G4v11_sim/Sim_Hybrid-v4.5.1/sim_data/base/internals/PCu_U238_56.root ...

Processing /disk/data1/lze/ljuign/TESSERACT_Simulation_Analysis/tesssa/cpp/VD_single_filtering.cc("/disk/data1/lze/ljuign/G4v11_sim/Sim_Hybrid-v4.5.1/sim_data/base/internals/PCu_U238_56.root","/disk/data1/lze/ljuign/G4v11_sim/Sim_Hybrid-v4.5.1/sim_data/filtered/internals")...
Processing file: /disk/data1/lze/ljuign/G4v11_sim/Sim_Hybrid-v4.5.1/sim_data/base/internals/PCu_U238_56.root
Writing 540894 entries to /disk/data1/lze/ljuign/G4v11_sim/Sim_Hybrid-v4.5.1/sim_data/filtered/internals/PCu_U238_56_filtered.root
Done processing /disk/data1/lze/ljuign/G4v11_sim/Sim_Hybrid-v4.5.1/sim_data/base/internals/PCu_U238_56.root
Filtering /disk/data1/lze/ljuign/G4v11_sim/Sim_Hybrid-v4.5.1/sim_data/base/internals/PCu_U238_57.root ...

Processing /disk/data1/lze/ljuign/TESSERACT_Simulation_Analysis/tesssa/cpp/VD_single_filtering.cc("/disk/data1/lze/ljuign/G4v11_sim/Sim_Hybrid-v4.5.1/sim_data/base/internals/PCu_U238_57.root","/disk/data1/lze/ljuign/G4v11_sim/Sim_Hybrid-v4.5.1/sim_data/filtered/internals")...
Processing file: /disk/data1/lze/ljuign/G4v11_sim/Sim_Hybrid-v4.5.1/sim_data/base/internals/PCu_U238_57.root
Writing 539096 entries to /disk/data1/lze/ljuign/G4v11_sim/Sim_Hybrid-v4.5.1/sim_data/filtered/internals/PCu_U238_57_filtered.root
Done processing /disk/data1/lze/ljuign/G4v11_sim/Sim_Hybrid-v4.5.1/sim_data/base/internals/PCu_U238_57.root
Filtering /disk/data1/lze/ljuign/G4v11_sim/Sim_Hybrid-v4.5.1/sim_data/base/internals/PCu_U238_58.root ...

Processing /disk/data1/lze/ljuign/TESSERACT_Simulation_Analysis/tesssa/cpp/VD_single_filtering.cc("/disk/data1/lze/ljuign/G4v11_sim/Sim_Hybrid-v4.5.1/sim_data/base/internals/PCu_U238_58.root","/disk/data1/lze/ljuign/G4v11_sim/Sim_Hybrid-v4.5.1/sim_data/filtered/internals")...
Processing file: /disk/data1/lze/ljuign/G4v11_sim/Sim_Hybrid-v4.5.1/sim_data/base/internals/PCu_U238_58.root
Writing 538628 entries to /disk/data1/lze/ljuign/G4v11_sim/Sim_Hybrid-v4.5.1/sim_data/filtered/internals/PCu_U238_58_filtered.root
Done processing /disk/data1/lze/ljuign/G4v11_sim/Sim_Hybrid-v4.5.1/sim_data/base/internals/PCu_U238_58.root
Filtering /disk/data1/lze/ljuign/G4v11_sim/Sim_Hybrid-v4.5.1/sim_data/base/internals/PCu_U238_59.root ...

Processing /disk/data1/lze/ljuign/TESSERACT_Simulation_Analysis/tesssa/cpp/VD_single_filtering.cc("/disk/data1/lze/ljuign/G4v11_sim/Sim_Hybrid-v4.5.1/sim_data/base/internals/PCu_U238_59.root","/disk/data1/lze/ljuign/G4v11_sim/Sim_Hybrid-v4.5.1/sim_data/filtered/internals")...
Processing file: /disk/data1/lze/ljuign/G4v11_sim/Sim_Hybrid-v4.5.1/sim_data/base/internals/PCu_U238_59.root
Writing 540297 entries to /disk/data1/lze/ljuign/G4v11_sim/Sim_Hybrid-v4.5.1/sim_data/filtered/internals/PCu_U238_59_filtered.root
Done processing /disk/data1/lze/ljuign/G4v11_sim/Sim_Hybrid-v4.5.1/sim_data/base/internals/PCu_U238_59.root
Filtering /disk/data1/lze/ljuign/G4v11_sim/Sim_Hybrid-v4.5.1/sim_data/base/internals/PCu_U238_5.root ...

Processing /disk/data1/lze/ljuign/TESSERACT_Simulation_Analysis/tesssa/cpp/VD_single_filtering.cc("/disk/data1/lze/ljuign/G4v11_sim/Sim_Hybrid-v4.5.1/sim_data/base/internals/PCu_U238_5.root","/disk/data1/lze/ljuign/G4v11_sim/Sim_Hybrid-v4.5.1/sim_data/filtered/internals")...
Processing file: /disk/data1/lze/ljuign/G4v11_sim/Sim_Hybrid-v4.5.1/sim_data/base/internals/PCu_U238_5.root
Writing 541615 entries to /disk/data1/lze/ljuign/G4v11_sim/Sim_Hybrid-v4.5.1/sim_data/filtered/internals/PCu_U238_5_filtered.root
Done processing /disk/data1/lze/ljuign/G4v11_sim/Sim_Hybrid-v4.5.1/sim_data/base/internals/PCu_U238_5.root
Filtering /disk/data1/lze/ljuign/G4v11_sim/Sim_Hybrid-v4.5.1/sim_data/base/internals/PCu_U238_60.root ...

Processing /disk/data1/lze/ljuign/TESSERACT_Simulation_Analysis/tesssa/cpp/VD_single_filtering.cc("/disk/data1/lze/ljuign/G4v11_sim/Sim_Hybrid-v4.5.1/sim_data/base/internals/PCu_U238_60.root","/disk/data1/lze/ljuign/G4v11_sim/Sim_Hybrid-v4.5.1/sim_data/filtered/internals")...
Processing file: /disk/data1/lze/ljuign/G4v11_sim/Sim_Hybrid-v4.5.1/sim_data/base/internals/PCu_U238_60.root
Writing 540426 entries to /disk/data1/lze/ljuign/G4v11_sim/Sim_Hybrid-v4.5.1/sim_data/filtered/internals/PCu_U238_60_filtered.root
Done processing /disk/data1/lze/ljuign/G4v11_sim/Sim_Hybrid-v4.5.1/sim_data/base/internals/PCu_U238_60.root
Filtering /disk/data1/lze/ljuign/G4v11_sim/Sim_Hybrid-v4.5.1/sim_data/base/internals/PCu_U238_61.root ...

Processing /disk/data1/lze/ljuign/TESSERACT_Simulation_Analysis/tesssa/cpp/VD_single_filtering.cc("/disk/data1/lze/ljuign/G4v11_sim/Sim_Hybrid-v4.5.1/sim_data/base/internals/PCu_U238_61.root","/disk/data1/lze/ljuign/G4v11_sim/Sim_Hybrid-v4.5.1/sim_data/filtered/internals")...
Processing file: /disk/data1/lze/ljuign/G4v11_sim/Sim_Hybrid-v4.5.1/sim_data/base/internals/PCu_U238_61.root
Writing 541163 entries to /disk/data1/lze/ljuign/G4v11_sim/Sim_Hybrid-v4.5.1/sim_data/filtered/internals/PCu_U238_61_filtered.root
Done processing /disk/data1/lze/ljuign/G4v11_sim/Sim_Hybrid-v4.5.1/sim_data/base/internals/PCu_U238_61.root
Filtering /disk/data1/lze/ljuign/G4v11_sim/Sim_Hybrid-v4.5.1/sim_data/base/internals/PCu_U238_62.root ...

Processing /disk/data1/lze/ljuign/TESSERACT_Simulation_Analysis/tesssa/cpp/VD_single_filtering.cc("/disk/data1/lze/ljuign/G4v11_sim/Sim_Hybrid-v4.5.1/sim_data/base/internals/PCu_U238_62.root","/disk/data1/lze/ljuign/G4v11_sim/Sim_Hybrid-v4.5.1/sim_data/filtered/internals")...
Processing file: /disk/data1/lze/ljuign/G4v11_sim/Sim_Hybrid-v4.5.1/sim_data/base/internals/PCu_U238_62.root
Writing 541626 entries to /disk/data1/lze/ljuign/G4v11_sim/Sim_Hybrid-v4.5.1/sim_data/filtered/internals/PCu_U238_62_filtered.root
Done processing /disk/data1/lze/ljuign/G4v11_sim/Sim_Hybrid-v4.5.1/sim_data/base/internals/PCu_U238_62.root
Filtering /disk/data1/lze/ljuign/G4v11_sim/Sim_Hybrid-v4.5.1/sim_data/base/internals/PCu_U238_63.root ...

Processing /disk/data1/lze/ljuign/TESSERACT_Simulation_Analysis/tesssa/cpp/VD_single_filtering.cc("/disk/data1/lze/ljuign/G4v11_sim/Sim_Hybrid-v4.5.1/sim_data/base/internals/PCu_U238_63.root","/disk/data1/lze/ljuign/G4v11_sim/Sim_Hybrid-v4.5.1/sim_data/filtered/internals")...
Processing file: /disk/data1/lze/ljuign/G4v11_sim/Sim_Hybrid-v4.5.1/sim_data/base/internals/PCu_U238_63.root
Writing 536847 entries to /disk/data1/lze/ljuign/G4v11_sim/Sim_Hybrid-v4.5.1/sim_data/filtered/internals/PCu_U238_63_filtered.root
Done processing /disk/data1/lze/ljuign/G4v11_sim/Sim_Hybrid-v4.5.1/sim_data/base/internals/PCu_U238_63.root
Filtering /disk/data1/lze/ljuign/G4v11_sim/Sim_Hybrid-v4.5.1/sim_data/base/internals/PCu_U238_64.root ...

Processing /disk/data1/lze/ljuign/TESSERACT_Simulation_Analysis/tesssa/cpp/VD_single_filtering.cc("/disk/data1/lze/ljuign/G4v11_sim/Sim_Hybrid-v4.5.1/sim_data/base/internals/PCu_U238_64.root","/disk/data1/lze/ljuign/G4v11_sim/Sim_Hybrid-v4.5.1/sim_data/filtered/internals")...
Processing file: /disk/data1/lze/ljuign/G4v11_sim/Sim_Hybrid-v4.5.1/sim_data/base/internals/PCu_U238_64.root
Writing 542460 entries to /disk/data1/lze/ljuign/G4v11_sim/Sim_Hybrid-v4.5.1/sim_data/filtered/internals/PCu_U238_64_filtered.root
Done processing /disk/data1/lze/ljuign/G4v11_sim/Sim_Hybrid-v4.5.1/sim_data/base/internals/PCu_U238_64.root
Filtering /disk/data1/lze/ljuign/G4v11_sim/Sim_Hybrid-v4.5.1/sim_data/base/internals/PCu_U238_65.root ...

Processing /disk/data1/lze/ljuign/TESSERACT_Simulation_Analysis/tesssa/cpp/VD_single_filtering.cc("/disk/data1/lze/ljuign/G4v11_sim/Sim_Hybrid-v4.5.1/sim_data/base/internals/PCu_U238_65.root","/disk/data1/lze/ljuign/G4v11_sim/Sim_Hybrid-v4.5.1/sim_data/filtered/internals")...
Processing file: /disk/data1/lze/ljuign/G4v11_sim/Sim_Hybrid-v4.5.1/sim_data/base/internals/PCu_U238_65.root
Writing 537119 entries to /disk/data1/lze/ljuign/G4v11_sim/Sim_Hybrid-v4.5.1/sim_data/filtered/internals/PCu_U238_65_filtered.root
Done processing /disk/data1/lze/ljuign/G4v11_sim/Sim_Hybrid-v4.5.1/sim_data/base/internals/PCu_U238_65.root
Filtering /disk/data1/lze/ljuign/G4v11_sim/Sim_Hybrid-v4.5.1/sim_data/base/internals/PCu_U238_66.root ...

Processing /disk/data1/lze/ljuign/TESSERACT_Simulation_Analysis/tesssa/cpp/VD_single_filtering.cc("/disk/data1/lze/ljuign/G4v11_sim/Sim_Hybrid-v4.5.1/sim_data/base/internals/PCu_U238_66.root","/disk/data1/lze/ljuign/G4v11_sim/Sim_Hybrid-v4.5.1/sim_data/filtered/internals")...
Processing file: /disk/data1/lze/ljuign/G4v11_sim/Sim_Hybrid-v4.5.1/sim_data/base/internals/PCu_U238_66.root
Writing 539799 entries to /disk/data1/lze/ljuign/G4v11_sim/Sim_Hybrid-v4.5.1/sim_data/filtered/internals/PCu_U238_66_filtered.root
Done processing /disk/data1/lze/ljuign/G4v11_sim/Sim_Hybrid-v4.5.1/sim_data/base/internals/PCu_U238_66.root
Filtering /disk/data1/lze/ljuign/G4v11_sim/Sim_Hybrid-v4.5.1/sim_data/base/internals/PCu_U238_67.root ...

Processing /disk/data1/lze/ljuign/TESSERACT_Simulation_Analysis/tesssa/cpp/VD_single_filtering.cc("/disk/data1/lze/ljuign/G4v11_sim/Sim_Hybrid-v4.5.1/sim_data/base/internals/PCu_U238_67.root","/disk/data1/lze/ljuign/G4v11_sim/Sim_Hybrid-v4.5.1/sim_data/filtered/internals")...
Processing file: /disk/data1/lze/ljuign/G4v11_sim/Sim_Hybrid-v4.5.1/sim_data/base/internals/PCu_U238_67.root
Writing 539843 entries to /disk/data1/lze/ljuign/G4v11_sim/Sim_Hybrid-v4.5.1/sim_data/filtered/internals/PCu_U238_67_filtered.root
Done processing /disk/data1/lze/ljuign/G4v11_sim/Sim_Hybrid-v4.5.1/sim_data/base/internals/PCu_U238_67.root
Filtering /disk/data1/lze/ljuign/G4v11_sim/Sim_Hybrid-v4.5.1/sim_data/base/internals/PCu_U238_68.root ...

Processing /disk/data1/lze/ljuign/TESSERACT_Simulation_Analysis/tesssa/cpp/VD_single_filtering.cc("/disk/data1/lze/ljuign/G4v11_sim/Sim_Hybrid-v4.5.1/sim_data/base/internals/PCu_U238_68.root","/disk/data1/lze/ljuign/G4v11_sim/Sim_Hybrid-v4.5.1/sim_data/filtered/internals")...
Processing file: /disk/data1/lze/ljuign/G4v11_sim/Sim_Hybrid-v4.5.1/sim_data/base/internals/PCu_U238_68.root
Writing 535021 entries to /disk/data1/lze/ljuign/G4v11_sim/Sim_Hybrid-v4.5.1/sim_data/filtered/internals/PCu_U238_68_filtered.root
Done processing /disk/data1/lze/ljuign/G4v11_sim/Sim_Hybrid-v4.5.1/sim_data/base/internals/PCu_U238_68.root
Filtering /disk/data1/lze/ljuign/G4v11_sim/Sim_Hybrid-v4.5.1/sim_data/base/internals/PCu_U238_69.root ...

Processing /disk/data1/lze/ljuign/TESSERACT_Simulation_Analysis/tesssa/cpp/VD_single_filtering.cc("/disk/data1/lze/ljuign/G4v11_sim/Sim_Hybrid-v4.5.1/sim_data/base/internals/PCu_U238_69.root","/disk/data1/lze/ljuign/G4v11_sim/Sim_Hybrid-v4.5.1/sim_data/filtered/internals")...
Processing file: /disk/data1/lze/ljuign/G4v11_sim/Sim_Hybrid-v4.5.1/sim_data/base/internals/PCu_U238_69.root
Writing 539798 entries to /disk/data1/lze/ljuign/G4v11_sim/Sim_Hybrid-v4.5.1/sim_data/filtered/internals/PCu_U238_69_filtered.root
Done processing /disk/data1/lze/ljuign/G4v11_sim/Sim_Hybrid-v4.5.1/sim_data/base/internals/PCu_U238_69.root
Filtering /disk/data1/lze/ljuign/G4v11_sim/Sim_Hybrid-v4.5.1/sim_data/base/internals/PCu_U238_6.root ...

Processing /disk/data1/lze/ljuign/TESSERACT_Simulation_Analysis/tesssa/cpp/VD_single_filtering.cc("/disk/data1/lze/ljuign/G4v11_sim/Sim_Hybrid-v4.5.1/sim_data/base/internals/PCu_U238_6.root","/disk/data1/lze/ljuign/G4v11_sim/Sim_Hybrid-v4.5.1/sim_data/filtered/internals")...
Processing file: /disk/data1/lze/ljuign/G4v11_sim/Sim_Hybrid-v4.5.1/sim_data/base/internals/PCu_U238_6.root
Writing 542051 entries to /disk/data1/lze/ljuign/G4v11_sim/Sim_Hybrid-v4.5.1/sim_data/filtered/internals/PCu_U238_6_filtered.root
Done processing /disk/data1/lze/ljuign/G4v11_sim/Sim_Hybrid-v4.5.1/sim_data/base/internals/PCu_U238_6.root
Filtering /disk/data1/lze/ljuign/G4v11_sim/Sim_Hybrid-v4.5.1/sim_data/base/internals/PCu_U238_70.root ...

Processing /disk/data1/lze/ljuign/TESSERACT_Simulation_Analysis/tesssa/cpp/VD_single_filtering.cc("/disk/data1/lze/ljuign/G4v11_sim/Sim_Hybrid-v4.5.1/sim_data/base/internals/PCu_U238_70.root","/disk/data1/lze/ljuign/G4v11_sim/Sim_Hybrid-v4.5.1/sim_data/filtered/internals")...
Processing file: /disk/data1/lze/ljuign/G4v11_sim/Sim_Hybrid-v4.5.1/sim_data/base/internals/PCu_U238_70.root
Writing 538728 entries to /disk/data1/lze/ljuign/G4v11_sim/Sim_Hybrid-v4.5.1/sim_data/filtered/internals/PCu_U238_70_filtered.root
Done processing /disk/data1/lze/ljuign/G4v11_sim/Sim_Hybrid-v4.5.1/sim_data/base/internals/PCu_U238_70.root
Filtering /disk/data1/lze/ljuign/G4v11_sim/Sim_Hybrid-v4.5.1/sim_data/base/internals/PCu_U238_71.root ...

Processing /disk/data1/lze/ljuign/TESSERACT_Simulation_Analysis/tesssa/cpp/VD_single_filtering.cc("/disk/data1/lze/ljuign/G4v11_sim/Sim_Hybrid-v4.5.1/sim_data/base/internals/PCu_U238_71.root","/disk/data1/lze/ljuign/G4v11_sim/Sim_Hybrid-v4.5.1/sim_data/filtered/internals")...
Processing file: /disk/data1/lze/ljuign/G4v11_sim/Sim_Hybrid-v4.5.1/sim_data/base/internals/PCu_U238_71.root
Writing 537063 entries to /disk/data1/lze/ljuign/G4v11_sim/Sim_Hybrid-v4.5.1/sim_data/filtered/internals/PCu_U238_71_filtered.root
Done processing /disk/data1/lze/ljuign/G4v11_sim/Sim_Hybrid-v4.5.1/sim_data/base/internals/PCu_U238_71.root
Filtering /disk/data1/lze/ljuign/G4v11_sim/Sim_Hybrid-v4.5.1/sim_data/base/internals/PCu_U238_72.root ...

Processing /disk/data1/lze/ljuign/TESSERACT_Simulation_Analysis/tesssa/cpp/VD_single_filtering.cc("/disk/data1/lze/ljuign/G4v11_sim/Sim_Hybrid-v4.5.1/sim_data/base/internals/PCu_U238_72.root","/disk/data1/lze/ljuign/G4v11_sim/Sim_Hybrid-v4.5.1/sim_data/filtered/internals")...
Processing file: /disk/data1/lze/ljuign/G4v11_sim/Sim_Hybrid-v4.5.1/sim_data/base/internals/PCu_U238_72.root
Writing 541259 entries to /disk/data1/lze/ljuign/G4v11_sim/Sim_Hybrid-v4.5.1/sim_data/filtered/internals/PCu_U238_72_filtered.root
Done processing /disk/data1/lze/ljuign/G4v11_sim/Sim_Hybrid-v4.5.1/sim_data/base/internals/PCu_U238_72.root
Filtering /disk/data1/lze/ljuign/G4v11_sim/Sim_Hybrid-v4.5.1/sim_data/base/internals/PCu_U238_73.root ...

Processing /disk/data1/lze/ljuign/TESSERACT_Simulation_Analysis/tesssa/cpp/VD_single_filtering.cc("/disk/data1/lze/ljuign/G4v11_sim/Sim_Hybrid-v4.5.1/sim_data/base/internals/PCu_U238_73.root","/disk/data1/lze/ljuign/G4v11_sim/Sim_Hybrid-v4.5.1/sim_data/filtered/internals")...
Processing file: /disk/data1/lze/ljuign/G4v11_sim/Sim_Hybrid-v4.5.1/sim_data/base/internals/PCu_U238_73.root
Writing 538802 entries to /disk/data1/lze/ljuign/G4v11_sim/Sim_Hybrid-v4.5.1/sim_data/filtered/internals/PCu_U238_73_filtered.root
Done processing /disk/data1/lze/ljuign/G4v11_sim/Sim_Hybrid-v4.5.1/sim_data/base/internals/PCu_U238_73.root
Filtering /disk/data1/lze/ljuign/G4v11_sim/Sim_Hybrid-v4.5.1/sim_data/base/internals/PCu_U238_74.root ...

Processing /disk/data1/lze/ljuign/TESSERACT_Simulation_Analysis/tesssa/cpp/VD_single_filtering.cc("/disk/data1/lze/ljuign/G4v11_sim/Sim_Hybrid-v4.5.1/sim_data/base/internals/PCu_U238_74.root","/disk/data1/lze/ljuign/G4v11_sim/Sim_Hybrid-v4.5.1/sim_data/filtered/internals")...
Processing file: /disk/data1/lze/ljuign/G4v11_sim/Sim_Hybrid-v4.5.1/sim_data/base/internals/PCu_U238_74.root
Writing 536989 entries to /disk/data1/lze/ljuign/G4v11_sim/Sim_Hybrid-v4.5.1/sim_data/filtered/internals/PCu_U238_74_filtered.root
Done processing /disk/data1/lze/ljuign/G4v11_sim/Sim_Hybrid-v4.5.1/sim_data/base/internals/PCu_U238_74.root
Filtering /disk/data1/lze/ljuign/G4v11_sim/Sim_Hybrid-v4.5.1/sim_data/base/internals/PCu_U238_75.root ...

Processing /disk/data1/lze/ljuign/TESSERACT_Simulation_Analysis/tesssa/cpp/VD_single_filtering.cc("/disk/data1/lze/ljuign/G4v11_sim/Sim_Hybrid-v4.5.1/sim_data/base/internals/PCu_U238_75.root","/disk/data1/lze/ljuign/G4v11_sim/Sim_Hybrid-v4.5.1/sim_data/filtered/internals")...
Processing file: /disk/data1/lze/ljuign/G4v11_sim/Sim_Hybrid-v4.5.1/sim_data/base/internals/PCu_U238_75.root
Writing 539242 entries to /disk/data1/lze/ljuign/G4v11_sim/Sim_Hybrid-v4.5.1/sim_data/filtered/internals/PCu_U238_75_filtered.root
Done processing /disk/data1/lze/ljuign/G4v11_sim/Sim_Hybrid-v4.5.1/sim_data/base/internals/PCu_U238_75.root
Filtering /disk/data1/lze/ljuign/G4v11_sim/Sim_Hybrid-v4.5.1/sim_data/base/internals/PCu_U238_76.root ...

Processing /disk/data1/lze/ljuign/TESSERACT_Simulation_Analysis/tesssa/cpp/VD_single_filtering.cc("/disk/data1/lze/ljuign/G4v11_sim/Sim_Hybrid-v4.5.1/sim_data/base/internals/PCu_U238_76.root","/disk/data1/lze/ljuign/G4v11_sim/Sim_Hybrid-v4.5.1/sim_data/filtered/internals")...
Processing file: /disk/data1/lze/ljuign/G4v11_sim/Sim_Hybrid-v4.5.1/sim_data/base/internals/PCu_U238_76.root
Writing 537936 entries to /disk/data1/lze/ljuign/G4v11_sim/Sim_Hybrid-v4.5.1/sim_data/filtered/internals/PCu_U238_76_filtered.root
Done processing /disk/data1/lze/ljuign/G4v11_sim/Sim_Hybrid-v4.5.1/sim_data/base/internals/PCu_U238_76.root
Filtering /disk/data1/lze/ljuign/G4v11_sim/Sim_Hybrid-v4.5.1/sim_data/base/internals/PCu_U238_77.root ...

Processing /disk/data1/lze/ljuign/TESSERACT_Simulation_Analysis/tesssa/cpp/VD_single_filtering.cc("/disk/data1/lze/ljuign/G4v11_sim/Sim_Hybrid-v4.5.1/sim_data/base/internals/PCu_U238_77.root","/disk/data1/lze/ljuign/G4v11_sim/Sim_Hybrid-v4.5.1/sim_data/filtered/internals")...
Processing file: /disk/data1/lze/ljuign/G4v11_sim/Sim_Hybrid-v4.5.1/sim_data/base/internals/PCu_U238_77.root
Writing 540360 entries to /disk/data1/lze/ljuign/G4v11_sim/Sim_Hybrid-v4.5.1/sim_data/filtered/internals/PCu_U238_77_filtered.root
Done processing /disk/data1/lze/ljuign/G4v11_sim/Sim_Hybrid-v4.5.1/sim_data/base/internals/PCu_U238_77.root
Filtering /disk/data1/lze/ljuign/G4v11_sim/Sim_Hybrid-v4.5.1/sim_data/base/internals/PCu_U238_78.root ...

Processing /disk/data1/lze/ljuign/TESSERACT_Simulation_Analysis/tesssa/cpp/VD_single_filtering.cc("/disk/data1/lze/ljuign/G4v11_sim/Sim_Hybrid-v4.5.1/sim_data/base/internals/PCu_U238_78.root","/disk/data1/lze/ljuign/G4v11_sim/Sim_Hybrid-v4.5.1/sim_data/filtered/internals")...
Processing file: /disk/data1/lze/ljuign/G4v11_sim/Sim_Hybrid-v4.5.1/sim_data/base/internals/PCu_U238_78.root
Writing 538652 entries to /disk/data1/lze/ljuign/G4v11_sim/Sim_Hybrid-v4.5.1/sim_data/filtered/internals/PCu_U238_78_filtered.root
Done processing /disk/data1/lze/ljuign/G4v11_sim/Sim_Hybrid-v4.5.1/sim_data/base/internals/PCu_U238_78.root
Filtering /disk/data1/lze/ljuign/G4v11_sim/Sim_Hybrid-v4.5.1/sim_data/base/internals/PCu_U238_79.root ...

Processing /disk/data1/lze/ljuign/TESSERACT_Simulation_Analysis/tesssa/cpp/VD_single_filtering.cc("/disk/data1/lze/ljuign/G4v11_sim/Sim_Hybrid-v4.5.1/sim_data/base/internals/PCu_U238_79.root","/disk/data1/lze/ljuign/G4v11_sim/Sim_Hybrid-v4.5.1/sim_data/filtered/internals")...
Processing file: /disk/data1/lze/ljuign/G4v11_sim/Sim_Hybrid-v4.5.1/sim_data/base/internals/PCu_U238_79.root
Writing 538536 entries to /disk/data1/lze/ljuign/G4v11_sim/Sim_Hybrid-v4.5.1/sim_data/filtered/internals/PCu_U238_79_filtered.root
Done processing /disk/data1/lze/ljuign/G4v11_sim/Sim_Hybrid-v4.5.1/sim_data/base/internals/PCu_U238_79.root
Filtering /disk/data1/lze/ljuign/G4v11_sim/Sim_Hybrid-v4.5.1/sim_data/base/internals/PCu_U238_7.root ...

Processing /disk/data1/lze/ljuign/TESSERACT_Simulation_Analysis/tesssa/cpp/VD_single_filtering.cc("/disk/data1/lze/ljuign/G4v11_sim/Sim_Hybrid-v4.5.1/sim_data/base/internals/PCu_U238_7.root","/disk/data1/lze/ljuign/G4v11_sim/Sim_Hybrid-v4.5.1/sim_data/filtered/internals")...
Processing file: /disk/data1/lze/ljuign/G4v11_sim/Sim_Hybrid-v4.5.1/sim_data/base/internals/PCu_U238_7.root
Writing 535526 entries to /disk/data1/lze/ljuign/G4v11_sim/Sim_Hybrid-v4.5.1/sim_data/filtered/internals/PCu_U238_7_filtered.root
Done processing /disk/data1/lze/ljuign/G4v11_sim/Sim_Hybrid-v4.5.1/sim_data/base/internals/PCu_U238_7.root
Filtering /disk/data1/lze/ljuign/G4v11_sim/Sim_Hybrid-v4.5.1/sim_data/base/internals/PCu_U238_8.root ...

Processing /disk/data1/lze/ljuign/TESSERACT_Simulation_Analysis/tesssa/cpp/VD_single_filtering.cc("/disk/data1/lze/ljuign/G4v11_sim/Sim_Hybrid-v4.5.1/sim_data/base/internals/PCu_U238_8.root","/disk/data1/lze/ljuign/G4v11_sim/Sim_Hybrid-v4.5.1/sim_data/filtered/internals")...
Processing file: /disk/data1/lze/ljuign/G4v11_sim/Sim_Hybrid-v4.5.1/sim_data/base/internals/PCu_U238_8.root
Writing 540333 entries to /disk/data1/lze/ljuign/G4v11_sim/Sim_Hybrid-v4.5.1/sim_data/filtered/internals/PCu_U238_8_filtered.root
Done processing /disk/data1/lze/ljuign/G4v11_sim/Sim_Hybrid-v4.5.1/sim_data/base/internals/PCu_U238_8.root
Filtering /disk/data1/lze/ljuign/G4v11_sim/Sim_Hybrid-v4.5.1/sim_data/base/internals/PCu_U238_9.root ...

Processing /disk/data1/lze/ljuign/TESSERACT_Simulation_Analysis/tesssa/cpp/VD_single_filtering.cc("/disk/data1/lze/ljuign/G4v11_sim/Sim_Hybrid-v4.5.1/sim_data/base/internals/PCu_U238_9.root","/disk/data1/lze/ljuign/G4v11_sim/Sim_Hybrid-v4.5.1/sim_data/filtered/internals")...
Processing file: /disk/data1/lze/ljuign/G4v11_sim/Sim_Hybrid-v4.5.1/sim_data/base/internals/PCu_U238_9.root
Writing 535223 entries to /disk/data1/lze/ljuign/G4v11_sim/Sim_Hybrid-v4.5.1/sim_data/filtered/internals/PCu_U238_9_filtered.root
Done processing /disk/data1/lze/ljuign/G4v11_sim/Sim_Hybrid-v4.5.1/sim_data/base/internals/PCu_U238_9.root
Job for U238 finished!
