----------------------------------------
Processing isotope: U235
Files matching pattern: /disk/data1/lze/ljuign/G4v11_sim/Sim_Hybrid-v4.5.1/sim_data/base/internals/SSi_U235_*.root
----------------------------------------
Filtering /disk/data1/lze/ljuign/G4v11_sim/Sim_Hybrid-v4.5.1/sim_data/base/internals/SSi_U235_0.root ...

Processing /disk/data1/lze/ljuign/TESSERACT_Simulation_Analysis/tesssa/cpp/VD_single_filtering.cc("/disk/data1/lze/ljuign/G4v11_sim/Sim_Hybrid-v4.5.1/sim_data/base/internals/SSi_U235_0.root","/disk/data1/lze/ljuign/G4v11_sim/Sim_Hybrid-v4.5.1/sim_data/filtered/internals")...
Processing file: /disk/data1/lze/ljuign/G4v11_sim/Sim_Hybrid-v4.5.1/sim_data/base/internals/SSi_U235_0.root
Writing 6608 entries to /disk/data1/lze/ljuign/G4v11_sim/Sim_Hybrid-v4.5.1/sim_data/filtered/internals/SSi_U235_0_filtered.root
Done processing /disk/data1/lze/ljuign/G4v11_sim/Sim_Hybrid-v4.5.1/sim_data/base/internals/SSi_U235_0.root
Filtering /disk/data1/lze/ljuign/G4v11_sim/Sim_Hybrid-v4.5.1/sim_data/base/internals/SSi_U235_10.root ...

Processing /disk/data1/lze/ljuign/TESSERACT_Simulation_Analysis/tesssa/cpp/VD_single_filtering.cc("/disk/data1/lze/ljuign/G4v11_sim/Sim_Hybrid-v4.5.1/sim_data/base/internals/SSi_U235_10.root","/disk/data1/lze/ljuign/G4v11_sim/Sim_Hybrid-v4.5.1/sim_data/filtered/internals")...
Processing file: /disk/data1/lze/ljuign/G4v11_sim/Sim_Hybrid-v4.5.1/sim_data/base/internals/SSi_U235_10.root
Writing 6670 entries to /disk/data1/lze/ljuign/G4v11_sim/Sim_Hybrid-v4.5.1/sim_data/filtered/internals/SSi_U235_10_filtered.root
Done processing /disk/data1/lze/ljuign/G4v11_sim/Sim_Hybrid-v4.5.1/sim_data/base/internals/SSi_U235_10.root
Filtering /disk/data1/lze/ljuign/G4v11_sim/Sim_Hybrid-v4.5.1/sim_data/base/internals/SSi_U235_11.root ...

Processing /disk/data1/lze/ljuign/TESSERACT_Simulation_Analysis/tesssa/cpp/VD_single_filtering.cc("/disk/data1/lze/ljuign/G4v11_sim/Sim_Hybrid-v4.5.1/sim_data/base/internals/SSi_U235_11.root","/disk/data1/lze/ljuign/G4v11_sim/Sim_Hybrid-v4.5.1/sim_data/filtered/internals")...
Processing file: /disk/data1/lze/ljuign/G4v11_sim/Sim_Hybrid-v4.5.1/sim_data/base/internals/SSi_U235_11.root
Writing 6712 entries to /disk/data1/lze/ljuign/G4v11_sim/Sim_Hybrid-v4.5.1/sim_data/filtered/internals/SSi_U235_11_filtered.root
Done processing /disk/data1/lze/ljuign/G4v11_sim/Sim_Hybrid-v4.5.1/sim_data/base/internals/SSi_U235_11.root
Filtering /disk/data1/lze/ljuign/G4v11_sim/Sim_Hybrid-v4.5.1/sim_data/base/internals/SSi_U235_12.root ...

Processing /disk/data1/lze/ljuign/TESSERACT_Simulation_Analysis/tesssa/cpp/VD_single_filtering.cc("/disk/data1/lze/ljuign/G4v11_sim/Sim_Hybrid-v4.5.1/sim_data/base/internals/SSi_U235_12.root","/disk/data1/lze/ljuign/G4v11_sim/Sim_Hybrid-v4.5.1/sim_data/filtered/internals")...
Processing file: /disk/data1/lze/ljuign/G4v11_sim/Sim_Hybrid-v4.5.1/sim_data/base/internals/SSi_U235_12.root
Writing 6498 entries to /disk/data1/lze/ljuign/G4v11_sim/Sim_Hybrid-v4.5.1/sim_data/filtered/internals/SSi_U235_12_filtered.root
Done processing /disk/data1/lze/ljuign/G4v11_sim/Sim_Hybrid-v4.5.1/sim_data/base/internals/SSi_U235_12.root
Filtering /disk/data1/lze/ljuign/G4v11_sim/Sim_Hybrid-v4.5.1/sim_data/base/internals/SSi_U235_13.root ...

Processing /disk/data1/lze/ljuign/TESSERACT_Simulation_Analysis/tesssa/cpp/VD_single_filtering.cc("/disk/data1/lze/ljuign/G4v11_sim/Sim_Hybrid-v4.5.1/sim_data/base/internals/SSi_U235_13.root","/disk/data1/lze/ljuign/G4v11_sim/Sim_Hybrid-v4.5.1/sim_data/filtered/internals")...
Processing file: /disk/data1/lze/ljuign/G4v11_sim/Sim_Hybrid-v4.5.1/sim_data/base/internals/SSi_U235_13.root
Writing 6562 entries to /disk/data1/lze/ljuign/G4v11_sim/Sim_Hybrid-v4.5.1/sim_data/filtered/internals/SSi_U235_13_filtered.root
Done processing /disk/data1/lze/ljuign/G4v11_sim/Sim_Hybrid-v4.5.1/sim_data/base/internals/SSi_U235_13.root
Filtering /disk/data1/lze/ljuign/G4v11_sim/Sim_Hybrid-v4.5.1/sim_data/base/internals/SSi_U235_14.root ...

Processing /disk/data1/lze/ljuign/TESSERACT_Simulation_Analysis/tesssa/cpp/VD_single_filtering.cc("/disk/data1/lze/ljuign/G4v11_sim/Sim_Hybrid-v4.5.1/sim_data/base/internals/SSi_U235_14.root","/disk/data1/lze/ljuign/G4v11_sim/Sim_Hybrid-v4.5.1/sim_data/filtered/internals")...
Processing file: /disk/data1/lze/ljuign/G4v11_sim/Sim_Hybrid-v4.5.1/sim_data/base/internals/SSi_U235_14.root
Writing 6040 entries to /disk/data1/lze/ljuign/G4v11_sim/Sim_Hybrid-v4.5.1/sim_data/filtered/internals/SSi_U235_14_filtered.root
Done processing /disk/data1/lze/ljuign/G4v11_sim/Sim_Hybrid-v4.5.1/sim_data/base/internals/SSi_U235_14.root
Filtering /disk/data1/lze/ljuign/G4v11_sim/Sim_Hybrid-v4.5.1/sim_data/base/internals/SSi_U235_15.root ...

Processing /disk/data1/lze/ljuign/TESSERACT_Simulation_Analysis/tesssa/cpp/VD_single_filtering.cc("/disk/data1/lze/ljuign/G4v11_sim/Sim_Hybrid-v4.5.1/sim_data/base/internals/SSi_U235_15.root","/disk/data1/lze/ljuign/G4v11_sim/Sim_Hybrid-v4.5.1/sim_data/filtered/internals")...
Processing file: /disk/data1/lze/ljuign/G4v11_sim/Sim_Hybrid-v4.5.1/sim_data/base/internals/SSi_U235_15.root
Writing 6578 entries to /disk/data1/lze/ljuign/G4v11_sim/Sim_Hybrid-v4.5.1/sim_data/filtered/internals/SSi_U235_15_filtered.root
Done processing /disk/data1/lze/ljuign/G4v11_sim/Sim_Hybrid-v4.5.1/sim_data/base/internals/SSi_U235_15.root
Filtering /disk/data1/lze/ljuign/G4v11_sim/Sim_Hybrid-v4.5.1/sim_data/base/internals/SSi_U235_16.root ...

Processing /disk/data1/lze/ljuign/TESSERACT_Simulation_Analysis/tesssa/cpp/VD_single_filtering.cc("/disk/data1/lze/ljuign/G4v11_sim/Sim_Hybrid-v4.5.1/sim_data/base/internals/SSi_U235_16.root","/disk/data1/lze/ljuign/G4v11_sim/Sim_Hybrid-v4.5.1/sim_data/filtered/internals")...
Processing file: /disk/data1/lze/ljuign/G4v11_sim/Sim_Hybrid-v4.5.1/sim_data/base/internals/SSi_U235_16.root
Writing 6226 entries to /disk/data1/lze/ljuign/G4v11_sim/Sim_Hybrid-v4.5.1/sim_data/filtered/internals/SSi_U235_16_filtered.root
Done processing /disk/data1/lze/ljuign/G4v11_sim/Sim_Hybrid-v4.5.1/sim_data/base/internals/SSi_U235_16.root
Filtering /disk/data1/lze/ljuign/G4v11_sim/Sim_Hybrid-v4.5.1/sim_data/base/internals/SSi_U235_17.root ...

Processing /disk/data1/lze/ljuign/TESSERACT_Simulation_Analysis/tesssa/cpp/VD_single_filtering.cc("/disk/data1/lze/ljuign/G4v11_sim/Sim_Hybrid-v4.5.1/sim_data/base/internals/SSi_U235_17.root","/disk/data1/lze/ljuign/G4v11_sim/Sim_Hybrid-v4.5.1/sim_data/filtered/internals")...
Processing file: /disk/data1/lze/ljuign/G4v11_sim/Sim_Hybrid-v4.5.1/sim_data/base/internals/SSi_U235_17.root
Writing 6677 entries to /disk/data1/lze/ljuign/G4v11_sim/Sim_Hybrid-v4.5.1/sim_data/filtered/internals/SSi_U235_17_filtered.root
Done processing /disk/data1/lze/ljuign/G4v11_sim/Sim_Hybrid-v4.5.1/sim_data/base/internals/SSi_U235_17.root
Filtering /disk/data1/lze/ljuign/G4v11_sim/Sim_Hybrid-v4.5.1/sim_data/base/internals/SSi_U235_18.root ...

Processing /disk/data1/lze/ljuign/TESSERACT_Simulation_Analysis/tesssa/cpp/VD_single_filtering.cc("/disk/data1/lze/ljuign/G4v11_sim/Sim_Hybrid-v4.5.1/sim_data/base/internals/SSi_U235_18.root","/disk/data1/lze/ljuign/G4v11_sim/Sim_Hybrid-v4.5.1/sim_data/filtered/internals")...
Processing file: /disk/data1/lze/ljuign/G4v11_sim/Sim_Hybrid-v4.5.1/sim_data/base/internals/SSi_U235_18.root
Writing 6637 entries to /disk/data1/lze/ljuign/G4v11_sim/Sim_Hybrid-v4.5.1/sim_data/filtered/internals/SSi_U235_18_filtered.root
Done processing /disk/data1/lze/ljuign/G4v11_sim/Sim_Hybrid-v4.5.1/sim_data/base/internals/SSi_U235_18.root
Filtering /disk/data1/lze/ljuign/G4v11_sim/Sim_Hybrid-v4.5.1/sim_data/base/internals/SSi_U235_19.root ...

Processing /disk/data1/lze/ljuign/TESSERACT_Simulation_Analysis/tesssa/cpp/VD_single_filtering.cc("/disk/data1/lze/ljuign/G4v11_sim/Sim_Hybrid-v4.5.1/sim_data/base/internals/SSi_U235_19.root","/disk/data1/lze/ljuign/G4v11_sim/Sim_Hybrid-v4.5.1/sim_data/filtered/internals")...
Processing file: /disk/data1/lze/ljuign/G4v11_sim/Sim_Hybrid-v4.5.1/sim_data/base/internals/SSi_U235_19.root
Writing 6274 entries to /disk/data1/lze/ljuign/G4v11_sim/Sim_Hybrid-v4.5.1/sim_data/filtered/internals/SSi_U235_19_filtered.root
Done processing /disk/data1/lze/ljuign/G4v11_sim/Sim_Hybrid-v4.5.1/sim_data/base/internals/SSi_U235_19.root
Filtering /disk/data1/lze/ljuign/G4v11_sim/Sim_Hybrid-v4.5.1/sim_data/base/internals/SSi_U235_1.root ...

Processing /disk/data1/lze/ljuign/TESSERACT_Simulation_Analysis/tesssa/cpp/VD_single_filtering.cc("/disk/data1/lze/ljuign/G4v11_sim/Sim_Hybrid-v4.5.1/sim_data/base/internals/SSi_U235_1.root","/disk/data1/lze/ljuign/G4v11_sim/Sim_Hybrid-v4.5.1/sim_data/filtered/internals")...
Processing file: /disk/data1/lze/ljuign/G4v11_sim/Sim_Hybrid-v4.5.1/sim_data/base/internals/SSi_U235_1.root
Writing 6325 entries to /disk/data1/lze/ljuign/G4v11_sim/Sim_Hybrid-v4.5.1/sim_data/filtered/internals/SSi_U235_1_filtered.root
Done processing /disk/data1/lze/ljuign/G4v11_sim/Sim_Hybrid-v4.5.1/sim_data/base/internals/SSi_U235_1.root
Filtering /disk/data1/lze/ljuign/G4v11_sim/Sim_Hybrid-v4.5.1/sim_data/base/internals/SSi_U235_20.root ...

Processing /disk/data1/lze/ljuign/TESSERACT_Simulation_Analysis/tesssa/cpp/VD_single_filtering.cc("/disk/data1/lze/ljuign/G4v11_sim/Sim_Hybrid-v4.5.1/sim_data/base/internals/SSi_U235_20.root","/disk/data1/lze/ljuign/G4v11_sim/Sim_Hybrid-v4.5.1/sim_data/filtered/internals")...
Processing file: /disk/data1/lze/ljuign/G4v11_sim/Sim_Hybrid-v4.5.1/sim_data/base/internals/SSi_U235_20.root
Writing 6160 entries to /disk/data1/lze/ljuign/G4v11_sim/Sim_Hybrid-v4.5.1/sim_data/filtered/internals/SSi_U235_20_filtered.root
Done processing /disk/data1/lze/ljuign/G4v11_sim/Sim_Hybrid-v4.5.1/sim_data/base/internals/SSi_U235_20.root
Filtering /disk/data1/lze/ljuign/G4v11_sim/Sim_Hybrid-v4.5.1/sim_data/base/internals/SSi_U235_21.root ...

Processing /disk/data1/lze/ljuign/TESSERACT_Simulation_Analysis/tesssa/cpp/VD_single_filtering.cc("/disk/data1/lze/ljuign/G4v11_sim/Sim_Hybrid-v4.5.1/sim_data/base/internals/SSi_U235_21.root","/disk/data1/lze/ljuign/G4v11_sim/Sim_Hybrid-v4.5.1/sim_data/filtered/internals")...
Processing file: /disk/data1/lze/ljuign/G4v11_sim/Sim_Hybrid-v4.5.1/sim_data/base/internals/SSi_U235_21.root
Writing 6456 entries to /disk/data1/lze/ljuign/G4v11_sim/Sim_Hybrid-v4.5.1/sim_data/filtered/internals/SSi_U235_21_filtered.root
Done processing /disk/data1/lze/ljuign/G4v11_sim/Sim_Hybrid-v4.5.1/sim_data/base/internals/SSi_U235_21.root
Filtering /disk/data1/lze/ljuign/G4v11_sim/Sim_Hybrid-v4.5.1/sim_data/base/internals/SSi_U235_22.root ...

Processing /disk/data1/lze/ljuign/TESSERACT_Simulation_Analysis/tesssa/cpp/VD_single_filtering.cc("/disk/data1/lze/ljuign/G4v11_sim/Sim_Hybrid-v4.5.1/sim_data/base/internals/SSi_U235_22.root","/disk/data1/lze/ljuign/G4v11_sim/Sim_Hybrid-v4.5.1/sim_data/filtered/internals")...
Processing file: /disk/data1/lze/ljuign/G4v11_sim/Sim_Hybrid-v4.5.1/sim_data/base/internals/SSi_U235_22.root
Writing 6684 entries to /disk/data1/lze/ljuign/G4v11_sim/Sim_Hybrid-v4.5.1/sim_data/filtered/internals/SSi_U235_22_filtered.root
Done processing /disk/data1/lze/ljuign/G4v11_sim/Sim_Hybrid-v4.5.1/sim_data/base/internals/SSi_U235_22.root
Filtering /disk/data1/lze/ljuign/G4v11_sim/Sim_Hybrid-v4.5.1/sim_data/base/internals/SSi_U235_23.root ...

Processing /disk/data1/lze/ljuign/TESSERACT_Simulation_Analysis/tesssa/cpp/VD_single_filtering.cc("/disk/data1/lze/ljuign/G4v11_sim/Sim_Hybrid-v4.5.1/sim_data/base/internals/SSi_U235_23.root","/disk/data1/lze/ljuign/G4v11_sim/Sim_Hybrid-v4.5.1/sim_data/filtered/internals")...
Processing file: /disk/data1/lze/ljuign/G4v11_sim/Sim_Hybrid-v4.5.1/sim_data/base/internals/SSi_U235_23.root
Writing 6517 entries to /disk/data1/lze/ljuign/G4v11_sim/Sim_Hybrid-v4.5.1/sim_data/filtered/internals/SSi_U235_23_filtered.root
Done processing /disk/data1/lze/ljuign/G4v11_sim/Sim_Hybrid-v4.5.1/sim_data/base/internals/SSi_U235_23.root
Filtering /disk/data1/lze/ljuign/G4v11_sim/Sim_Hybrid-v4.5.1/sim_data/base/internals/SSi_U235_24.root ...

Processing /disk/data1/lze/ljuign/TESSERACT_Simulation_Analysis/tesssa/cpp/VD_single_filtering.cc("/disk/data1/lze/ljuign/G4v11_sim/Sim_Hybrid-v4.5.1/sim_data/base/internals/SSi_U235_24.root","/disk/data1/lze/ljuign/G4v11_sim/Sim_Hybrid-v4.5.1/sim_data/filtered/internals")...
Processing file: /disk/data1/lze/ljuign/G4v11_sim/Sim_Hybrid-v4.5.1/sim_data/base/internals/SSi_U235_24.root
Writing 6416 entries to /disk/data1/lze/ljuign/G4v11_sim/Sim_Hybrid-v4.5.1/sim_data/filtered/internals/SSi_U235_24_filtered.root
Done processing /disk/data1/lze/ljuign/G4v11_sim/Sim_Hybrid-v4.5.1/sim_data/base/internals/SSi_U235_24.root
Filtering /disk/data1/lze/ljuign/G4v11_sim/Sim_Hybrid-v4.5.1/sim_data/base/internals/SSi_U235_25.root ...

Processing /disk/data1/lze/ljuign/TESSERACT_Simulation_Analysis/tesssa/cpp/VD_single_filtering.cc("/disk/data1/lze/ljuign/G4v11_sim/Sim_Hybrid-v4.5.1/sim_data/base/internals/SSi_U235_25.root","/disk/data1/lze/ljuign/G4v11_sim/Sim_Hybrid-v4.5.1/sim_data/filtered/internals")...
Processing file: /disk/data1/lze/ljuign/G4v11_sim/Sim_Hybrid-v4.5.1/sim_data/base/internals/SSi_U235_25.root
Writing 6473 entries to /disk/data1/lze/ljuign/G4v11_sim/Sim_Hybrid-v4.5.1/sim_data/filtered/internals/SSi_U235_25_filtered.root
Done processing /disk/data1/lze/ljuign/G4v11_sim/Sim_Hybrid-v4.5.1/sim_data/base/internals/SSi_U235_25.root
Filtering /disk/data1/lze/ljuign/G4v11_sim/Sim_Hybrid-v4.5.1/sim_data/base/internals/SSi_U235_26.root ...

Processing /disk/data1/lze/ljuign/TESSERACT_Simulation_Analysis/tesssa/cpp/VD_single_filtering.cc("/disk/data1/lze/ljuign/G4v11_sim/Sim_Hybrid-v4.5.1/sim_data/base/internals/SSi_U235_26.root","/disk/data1/lze/ljuign/G4v11_sim/Sim_Hybrid-v4.5.1/sim_data/filtered/internals")...
Processing file: /disk/data1/lze/ljuign/G4v11_sim/Sim_Hybrid-v4.5.1/sim_data/base/internals/SSi_U235_26.root
Writing 6861 entries to /disk/data1/lze/ljuign/G4v11_sim/Sim_Hybrid-v4.5.1/sim_data/filtered/internals/SSi_U235_26_filtered.root
Done processing /disk/data1/lze/ljuign/G4v11_sim/Sim_Hybrid-v4.5.1/sim_data/base/internals/SSi_U235_26.root
Filtering /disk/data1/lze/ljuign/G4v11_sim/Sim_Hybrid-v4.5.1/sim_data/base/internals/SSi_U235_27.root ...

Processing /disk/data1/lze/ljuign/TESSERACT_Simulation_Analysis/tesssa/cpp/VD_single_filtering.cc("/disk/data1/lze/ljuign/G4v11_sim/Sim_Hybrid-v4.5.1/sim_data/base/internals/SSi_U235_27.root","/disk/data1/lze/ljuign/G4v11_sim/Sim_Hybrid-v4.5.1/sim_data/filtered/internals")...
Processing file: /disk/data1/lze/ljuign/G4v11_sim/Sim_Hybrid-v4.5.1/sim_data/base/internals/SSi_U235_27.root
Writing 6318 entries to /disk/data1/lze/ljuign/G4v11_sim/Sim_Hybrid-v4.5.1/sim_data/filtered/internals/SSi_U235_27_filtered.root
Done processing /disk/data1/lze/ljuign/G4v11_sim/Sim_Hybrid-v4.5.1/sim_data/base/internals/SSi_U235_27.root
Filtering /disk/data1/lze/ljuign/G4v11_sim/Sim_Hybrid-v4.5.1/sim_data/base/internals/SSi_U235_28.root ...

Processing /disk/data1/lze/ljuign/TESSERACT_Simulation_Analysis/tesssa/cpp/VD_single_filtering.cc("/disk/data1/lze/ljuign/G4v11_sim/Sim_Hybrid-v4.5.1/sim_data/base/internals/SSi_U235_28.root","/disk/data1/lze/ljuign/G4v11_sim/Sim_Hybrid-v4.5.1/sim_data/filtered/internals")...
Processing file: /disk/data1/lze/ljuign/G4v11_sim/Sim_Hybrid-v4.5.1/sim_data/base/internals/SSi_U235_28.root
Writing 6276 entries to /disk/data1/lze/ljuign/G4v11_sim/Sim_Hybrid-v4.5.1/sim_data/filtered/internals/SSi_U235_28_filtered.root
Done processing /disk/data1/lze/ljuign/G4v11_sim/Sim_Hybrid-v4.5.1/sim_data/base/internals/SSi_U235_28.root
Filtering /disk/data1/lze/ljuign/G4v11_sim/Sim_Hybrid-v4.5.1/sim_data/base/internals/SSi_U235_29.root ...

Processing /disk/data1/lze/ljuign/TESSERACT_Simulation_Analysis/tesssa/cpp/VD_single_filtering.cc("/disk/data1/lze/ljuign/G4v11_sim/Sim_Hybrid-v4.5.1/sim_data/base/internals/SSi_U235_29.root","/disk/data1/lze/ljuign/G4v11_sim/Sim_Hybrid-v4.5.1/sim_data/filtered/internals")...
Processing file: /disk/data1/lze/ljuign/G4v11_sim/Sim_Hybrid-v4.5.1/sim_data/base/internals/SSi_U235_29.root
Writing 6586 entries to /disk/data1/lze/ljuign/G4v11_sim/Sim_Hybrid-v4.5.1/sim_data/filtered/internals/SSi_U235_29_filtered.root
Done processing /disk/data1/lze/ljuign/G4v11_sim/Sim_Hybrid-v4.5.1/sim_data/base/internals/SSi_U235_29.root
Filtering /disk/data1/lze/ljuign/G4v11_sim/Sim_Hybrid-v4.5.1/sim_data/base/internals/SSi_U235_2.root ...

Processing /disk/data1/lze/ljuign/TESSERACT_Simulation_Analysis/tesssa/cpp/VD_single_filtering.cc("/disk/data1/lze/ljuign/G4v11_sim/Sim_Hybrid-v4.5.1/sim_data/base/internals/SSi_U235_2.root","/disk/data1/lze/ljuign/G4v11_sim/Sim_Hybrid-v4.5.1/sim_data/filtered/internals")...
Processing file: /disk/data1/lze/ljuign/G4v11_sim/Sim_Hybrid-v4.5.1/sim_data/base/internals/SSi_U235_2.root
Writing 6645 entries to /disk/data1/lze/ljuign/G4v11_sim/Sim_Hybrid-v4.5.1/sim_data/filtered/internals/SSi_U235_2_filtered.root
Done processing /disk/data1/lze/ljuign/G4v11_sim/Sim_Hybrid-v4.5.1/sim_data/base/internals/SSi_U235_2.root
Filtering /disk/data1/lze/ljuign/G4v11_sim/Sim_Hybrid-v4.5.1/sim_data/base/internals/SSi_U235_30.root ...

Processing /disk/data1/lze/ljuign/TESSERACT_Simulation_Analysis/tesssa/cpp/VD_single_filtering.cc("/disk/data1/lze/ljuign/G4v11_sim/Sim_Hybrid-v4.5.1/sim_data/base/internals/SSi_U235_30.root","/disk/data1/lze/ljuign/G4v11_sim/Sim_Hybrid-v4.5.1/sim_data/filtered/internals")...
Processing file: /disk/data1/lze/ljuign/G4v11_sim/Sim_Hybrid-v4.5.1/sim_data/base/internals/SSi_U235_30.root
Writing 6514 entries to /disk/data1/lze/ljuign/G4v11_sim/Sim_Hybrid-v4.5.1/sim_data/filtered/internals/SSi_U235_30_filtered.root
Done processing /disk/data1/lze/ljuign/G4v11_sim/Sim_Hybrid-v4.5.1/sim_data/base/internals/SSi_U235_30.root
Filtering /disk/data1/lze/ljuign/G4v11_sim/Sim_Hybrid-v4.5.1/sim_data/base/internals/SSi_U235_31.root ...

Processing /disk/data1/lze/ljuign/TESSERACT_Simulation_Analysis/tesssa/cpp/VD_single_filtering.cc("/disk/data1/lze/ljuign/G4v11_sim/Sim_Hybrid-v4.5.1/sim_data/base/internals/SSi_U235_31.root","/disk/data1/lze/ljuign/G4v11_sim/Sim_Hybrid-v4.5.1/sim_data/filtered/internals")...
Processing file: /disk/data1/lze/ljuign/G4v11_sim/Sim_Hybrid-v4.5.1/sim_data/base/internals/SSi_U235_31.root
Writing 6154 entries to /disk/data1/lze/ljuign/G4v11_sim/Sim_Hybrid-v4.5.1/sim_data/filtered/internals/SSi_U235_31_filtered.root
Done processing /disk/data1/lze/ljuign/G4v11_sim/Sim_Hybrid-v4.5.1/sim_data/base/internals/SSi_U235_31.root
Filtering /disk/data1/lze/ljuign/G4v11_sim/Sim_Hybrid-v4.5.1/sim_data/base/internals/SSi_U235_32.root ...

Processing /disk/data1/lze/ljuign/TESSERACT_Simulation_Analysis/tesssa/cpp/VD_single_filtering.cc("/disk/data1/lze/ljuign/G4v11_sim/Sim_Hybrid-v4.5.1/sim_data/base/internals/SSi_U235_32.root","/disk/data1/lze/ljuign/G4v11_sim/Sim_Hybrid-v4.5.1/sim_data/filtered/internals")...
Processing file: /disk/data1/lze/ljuign/G4v11_sim/Sim_Hybrid-v4.5.1/sim_data/base/internals/SSi_U235_32.root
Writing 6383 entries to /disk/data1/lze/ljuign/G4v11_sim/Sim_Hybrid-v4.5.1/sim_data/filtered/internals/SSi_U235_32_filtered.root
Done processing /disk/data1/lze/ljuign/G4v11_sim/Sim_Hybrid-v4.5.1/sim_data/base/internals/SSi_U235_32.root
Filtering /disk/data1/lze/ljuign/G4v11_sim/Sim_Hybrid-v4.5.1/sim_data/base/internals/SSi_U235_33.root ...

Processing /disk/data1/lze/ljuign/TESSERACT_Simulation_Analysis/tesssa/cpp/VD_single_filtering.cc("/disk/data1/lze/ljuign/G4v11_sim/Sim_Hybrid-v4.5.1/sim_data/base/internals/SSi_U235_33.root","/disk/data1/lze/ljuign/G4v11_sim/Sim_Hybrid-v4.5.1/sim_data/filtered/internals")...
Processing file: /disk/data1/lze/ljuign/G4v11_sim/Sim_Hybrid-v4.5.1/sim_data/base/internals/SSi_U235_33.root
Writing 6607 entries to /disk/data1/lze/ljuign/G4v11_sim/Sim_Hybrid-v4.5.1/sim_data/filtered/internals/SSi_U235_33_filtered.root
Done processing /disk/data1/lze/ljuign/G4v11_sim/Sim_Hybrid-v4.5.1/sim_data/base/internals/SSi_U235_33.root
Filtering /disk/data1/lze/ljuign/G4v11_sim/Sim_Hybrid-v4.5.1/sim_data/base/internals/SSi_U235_34.root ...

Processing /disk/data1/lze/ljuign/TESSERACT_Simulation_Analysis/tesssa/cpp/VD_single_filtering.cc("/disk/data1/lze/ljuign/G4v11_sim/Sim_Hybrid-v4.5.1/sim_data/base/internals/SSi_U235_34.root","/disk/data1/lze/ljuign/G4v11_sim/Sim_Hybrid-v4.5.1/sim_data/filtered/internals")...
Processing file: /disk/data1/lze/ljuign/G4v11_sim/Sim_Hybrid-v4.5.1/sim_data/base/internals/SSi_U235_34.root
Writing 6326 entries to /disk/data1/lze/ljuign/G4v11_sim/Sim_Hybrid-v4.5.1/sim_data/filtered/internals/SSi_U235_34_filtered.root
Done processing /disk/data1/lze/ljuign/G4v11_sim/Sim_Hybrid-v4.5.1/sim_data/base/internals/SSi_U235_34.root
Filtering /disk/data1/lze/ljuign/G4v11_sim/Sim_Hybrid-v4.5.1/sim_data/base/internals/SSi_U235_35.root ...

Processing /disk/data1/lze/ljuign/TESSERACT_Simulation_Analysis/tesssa/cpp/VD_single_filtering.cc("/disk/data1/lze/ljuign/G4v11_sim/Sim_Hybrid-v4.5.1/sim_data/base/internals/SSi_U235_35.root","/disk/data1/lze/ljuign/G4v11_sim/Sim_Hybrid-v4.5.1/sim_data/filtered/internals")...
Processing file: /disk/data1/lze/ljuign/G4v11_sim/Sim_Hybrid-v4.5.1/sim_data/base/internals/SSi_U235_35.root
Writing 6600 entries to /disk/data1/lze/ljuign/G4v11_sim/Sim_Hybrid-v4.5.1/sim_data/filtered/internals/SSi_U235_35_filtered.root
Done processing /disk/data1/lze/ljuign/G4v11_sim/Sim_Hybrid-v4.5.1/sim_data/base/internals/SSi_U235_35.root
Filtering /disk/data1/lze/ljuign/G4v11_sim/Sim_Hybrid-v4.5.1/sim_data/base/internals/SSi_U235_36.root ...

Processing /disk/data1/lze/ljuign/TESSERACT_Simulation_Analysis/tesssa/cpp/VD_single_filtering.cc("/disk/data1/lze/ljuign/G4v11_sim/Sim_Hybrid-v4.5.1/sim_data/base/internals/SSi_U235_36.root","/disk/data1/lze/ljuign/G4v11_sim/Sim_Hybrid-v4.5.1/sim_data/filtered/internals")...
Processing file: /disk/data1/lze/ljuign/G4v11_sim/Sim_Hybrid-v4.5.1/sim_data/base/internals/SSi_U235_36.root
Writing 6423 entries to /disk/data1/lze/ljuign/G4v11_sim/Sim_Hybrid-v4.5.1/sim_data/filtered/internals/SSi_U235_36_filtered.root
Done processing /disk/data1/lze/ljuign/G4v11_sim/Sim_Hybrid-v4.5.1/sim_data/base/internals/SSi_U235_36.root
Filtering /disk/data1/lze/ljuign/G4v11_sim/Sim_Hybrid-v4.5.1/sim_data/base/internals/SSi_U235_37.root ...

Processing /disk/data1/lze/ljuign/TESSERACT_Simulation_Analysis/tesssa/cpp/VD_single_filtering.cc("/disk/data1/lze/ljuign/G4v11_sim/Sim_Hybrid-v4.5.1/sim_data/base/internals/SSi_U235_37.root","/disk/data1/lze/ljuign/G4v11_sim/Sim_Hybrid-v4.5.1/sim_data/filtered/internals")...
Processing file: /disk/data1/lze/ljuign/G4v11_sim/Sim_Hybrid-v4.5.1/sim_data/base/internals/SSi_U235_37.root
Writing 6418 entries to /disk/data1/lze/ljuign/G4v11_sim/Sim_Hybrid-v4.5.1/sim_data/filtered/internals/SSi_U235_37_filtered.root
Done processing /disk/data1/lze/ljuign/G4v11_sim/Sim_Hybrid-v4.5.1/sim_data/base/internals/SSi_U235_37.root
Filtering /disk/data1/lze/ljuign/G4v11_sim/Sim_Hybrid-v4.5.1/sim_data/base/internals/SSi_U235_38.root ...

Processing /disk/data1/lze/ljuign/TESSERACT_Simulation_Analysis/tesssa/cpp/VD_single_filtering.cc("/disk/data1/lze/ljuign/G4v11_sim/Sim_Hybrid-v4.5.1/sim_data/base/internals/SSi_U235_38.root","/disk/data1/lze/ljuign/G4v11_sim/Sim_Hybrid-v4.5.1/sim_data/filtered/internals")...
Processing file: /disk/data1/lze/ljuign/G4v11_sim/Sim_Hybrid-v4.5.1/sim_data/base/internals/SSi_U235_38.root
Writing 6534 entries to /disk/data1/lze/ljuign/G4v11_sim/Sim_Hybrid-v4.5.1/sim_data/filtered/internals/SSi_U235_38_filtered.root
Done processing /disk/data1/lze/ljuign/G4v11_sim/Sim_Hybrid-v4.5.1/sim_data/base/internals/SSi_U235_38.root
Filtering /disk/data1/lze/ljuign/G4v11_sim/Sim_Hybrid-v4.5.1/sim_data/base/internals/SSi_U235_39.root ...

Processing /disk/data1/lze/ljuign/TESSERACT_Simulation_Analysis/tesssa/cpp/VD_single_filtering.cc("/disk/data1/lze/ljuign/G4v11_sim/Sim_Hybrid-v4.5.1/sim_data/base/internals/SSi_U235_39.root","/disk/data1/lze/ljuign/G4v11_sim/Sim_Hybrid-v4.5.1/sim_data/filtered/internals")...
Processing file: /disk/data1/lze/ljuign/G4v11_sim/Sim_Hybrid-v4.5.1/sim_data/base/internals/SSi_U235_39.root
Writing 6517 entries to /disk/data1/lze/ljuign/G4v11_sim/Sim_Hybrid-v4.5.1/sim_data/filtered/internals/SSi_U235_39_filtered.root
Done processing /disk/data1/lze/ljuign/G4v11_sim/Sim_Hybrid-v4.5.1/sim_data/base/internals/SSi_U235_39.root
Filtering /disk/data1/lze/ljuign/G4v11_sim/Sim_Hybrid-v4.5.1/sim_data/base/internals/SSi_U235_3.root ...

Processing /disk/data1/lze/ljuign/TESSERACT_Simulation_Analysis/tesssa/cpp/VD_single_filtering.cc("/disk/data1/lze/ljuign/G4v11_sim/Sim_Hybrid-v4.5.1/sim_data/base/internals/SSi_U235_3.root","/disk/data1/lze/ljuign/G4v11_sim/Sim_Hybrid-v4.5.1/sim_data/filtered/internals")...
Processing file: /disk/data1/lze/ljuign/G4v11_sim/Sim_Hybrid-v4.5.1/sim_data/base/internals/SSi_U235_3.root
Writing 6809 entries to /disk/data1/lze/ljuign/G4v11_sim/Sim_Hybrid-v4.5.1/sim_data/filtered/internals/SSi_U235_3_filtered.root
Done processing /disk/data1/lze/ljuign/G4v11_sim/Sim_Hybrid-v4.5.1/sim_data/base/internals/SSi_U235_3.root
Filtering /disk/data1/lze/ljuign/G4v11_sim/Sim_Hybrid-v4.5.1/sim_data/base/internals/SSi_U235_40.root ...

Processing /disk/data1/lze/ljuign/TESSERACT_Simulation_Analysis/tesssa/cpp/VD_single_filtering.cc("/disk/data1/lze/ljuign/G4v11_sim/Sim_Hybrid-v4.5.1/sim_data/base/internals/SSi_U235_40.root","/disk/data1/lze/ljuign/G4v11_sim/Sim_Hybrid-v4.5.1/sim_data/filtered/internals")...
Processing file: /disk/data1/lze/ljuign/G4v11_sim/Sim_Hybrid-v4.5.1/sim_data/base/internals/SSi_U235_40.root
Writing 6393 entries to /disk/data1/lze/ljuign/G4v11_sim/Sim_Hybrid-v4.5.1/sim_data/filtered/internals/SSi_U235_40_filtered.root
Done processing /disk/data1/lze/ljuign/G4v11_sim/Sim_Hybrid-v4.5.1/sim_data/base/internals/SSi_U235_40.root
Filtering /disk/data1/lze/ljuign/G4v11_sim/Sim_Hybrid-v4.5.1/sim_data/base/internals/SSi_U235_41.root ...

Processing /disk/data1/lze/ljuign/TESSERACT_Simulation_Analysis/tesssa/cpp/VD_single_filtering.cc("/disk/data1/lze/ljuign/G4v11_sim/Sim_Hybrid-v4.5.1/sim_data/base/internals/SSi_U235_41.root","/disk/data1/lze/ljuign/G4v11_sim/Sim_Hybrid-v4.5.1/sim_data/filtered/internals")...
Processing file: /disk/data1/lze/ljuign/G4v11_sim/Sim_Hybrid-v4.5.1/sim_data/base/internals/SSi_U235_41.root
Writing 6613 entries to /disk/data1/lze/ljuign/G4v11_sim/Sim_Hybrid-v4.5.1/sim_data/filtered/internals/SSi_U235_41_filtered.root
Done processing /disk/data1/lze/ljuign/G4v11_sim/Sim_Hybrid-v4.5.1/sim_data/base/internals/SSi_U235_41.root
Filtering /disk/data1/lze/ljuign/G4v11_sim/Sim_Hybrid-v4.5.1/sim_data/base/internals/SSi_U235_42.root ...

Processing /disk/data1/lze/ljuign/TESSERACT_Simulation_Analysis/tesssa/cpp/VD_single_filtering.cc("/disk/data1/lze/ljuign/G4v11_sim/Sim_Hybrid-v4.5.1/sim_data/base/internals/SSi_U235_42.root","/disk/data1/lze/ljuign/G4v11_sim/Sim_Hybrid-v4.5.1/sim_data/filtered/internals")...
Processing file: /disk/data1/lze/ljuign/G4v11_sim/Sim_Hybrid-v4.5.1/sim_data/base/internals/SSi_U235_42.root
Writing 6585 entries to /disk/data1/lze/ljuign/G4v11_sim/Sim_Hybrid-v4.5.1/sim_data/filtered/internals/SSi_U235_42_filtered.root
Done processing /disk/data1/lze/ljuign/G4v11_sim/Sim_Hybrid-v4.5.1/sim_data/base/internals/SSi_U235_42.root
Filtering /disk/data1/lze/ljuign/G4v11_sim/Sim_Hybrid-v4.5.1/sim_data/base/internals/SSi_U235_43.root ...

Processing /disk/data1/lze/ljuign/TESSERACT_Simulation_Analysis/tesssa/cpp/VD_single_filtering.cc("/disk/data1/lze/ljuign/G4v11_sim/Sim_Hybrid-v4.5.1/sim_data/base/internals/SSi_U235_43.root","/disk/data1/lze/ljuign/G4v11_sim/Sim_Hybrid-v4.5.1/sim_data/filtered/internals")...
Processing file: /disk/data1/lze/ljuign/G4v11_sim/Sim_Hybrid-v4.5.1/sim_data/base/internals/SSi_U235_43.root
Writing 6278 entries to /disk/data1/lze/ljuign/G4v11_sim/Sim_Hybrid-v4.5.1/sim_data/filtered/internals/SSi_U235_43_filtered.root
Done processing /disk/data1/lze/ljuign/G4v11_sim/Sim_Hybrid-v4.5.1/sim_data/base/internals/SSi_U235_43.root
Filtering /disk/data1/lze/ljuign/G4v11_sim/Sim_Hybrid-v4.5.1/sim_data/base/internals/SSi_U235_44.root ...

Processing /disk/data1/lze/ljuign/TESSERACT_Simulation_Analysis/tesssa/cpp/VD_single_filtering.cc("/disk/data1/lze/ljuign/G4v11_sim/Sim_Hybrid-v4.5.1/sim_data/base/internals/SSi_U235_44.root","/disk/data1/lze/ljuign/G4v11_sim/Sim_Hybrid-v4.5.1/sim_data/filtered/internals")...
Processing file: /disk/data1/lze/ljuign/G4v11_sim/Sim_Hybrid-v4.5.1/sim_data/base/internals/SSi_U235_44.root
Writing 6473 entries to /disk/data1/lze/ljuign/G4v11_sim/Sim_Hybrid-v4.5.1/sim_data/filtered/internals/SSi_U235_44_filtered.root
Done processing /disk/data1/lze/ljuign/G4v11_sim/Sim_Hybrid-v4.5.1/sim_data/base/internals/SSi_U235_44.root
Filtering /disk/data1/lze/ljuign/G4v11_sim/Sim_Hybrid-v4.5.1/sim_data/base/internals/SSi_U235_45.root ...

Processing /disk/data1/lze/ljuign/TESSERACT_Simulation_Analysis/tesssa/cpp/VD_single_filtering.cc("/disk/data1/lze/ljuign/G4v11_sim/Sim_Hybrid-v4.5.1/sim_data/base/internals/SSi_U235_45.root","/disk/data1/lze/ljuign/G4v11_sim/Sim_Hybrid-v4.5.1/sim_data/filtered/internals")...
Processing file: /disk/data1/lze/ljuign/G4v11_sim/Sim_Hybrid-v4.5.1/sim_data/base/internals/SSi_U235_45.root
Writing 6801 entries to /disk/data1/lze/ljuign/G4v11_sim/Sim_Hybrid-v4.5.1/sim_data/filtered/internals/SSi_U235_45_filtered.root
Done processing /disk/data1/lze/ljuign/G4v11_sim/Sim_Hybrid-v4.5.1/sim_data/base/internals/SSi_U235_45.root
Filtering /disk/data1/lze/ljuign/G4v11_sim/Sim_Hybrid-v4.5.1/sim_data/base/internals/SSi_U235_46.root ...

Processing /disk/data1/lze/ljuign/TESSERACT_Simulation_Analysis/tesssa/cpp/VD_single_filtering.cc("/disk/data1/lze/ljuign/G4v11_sim/Sim_Hybrid-v4.5.1/sim_data/base/internals/SSi_U235_46.root","/disk/data1/lze/ljuign/G4v11_sim/Sim_Hybrid-v4.5.1/sim_data/filtered/internals")...
Processing file: /disk/data1/lze/ljuign/G4v11_sim/Sim_Hybrid-v4.5.1/sim_data/base/internals/SSi_U235_46.root
Writing 6455 entries to /disk/data1/lze/ljuign/G4v11_sim/Sim_Hybrid-v4.5.1/sim_data/filtered/internals/SSi_U235_46_filtered.root
Done processing /disk/data1/lze/ljuign/G4v11_sim/Sim_Hybrid-v4.5.1/sim_data/base/internals/SSi_U235_46.root
Filtering /disk/data1/lze/ljuign/G4v11_sim/Sim_Hybrid-v4.5.1/sim_data/base/internals/SSi_U235_47.root ...

Processing /disk/data1/lze/ljuign/TESSERACT_Simulation_Analysis/tesssa/cpp/VD_single_filtering.cc("/disk/data1/lze/ljuign/G4v11_sim/Sim_Hybrid-v4.5.1/sim_data/base/internals/SSi_U235_47.root","/disk/data1/lze/ljuign/G4v11_sim/Sim_Hybrid-v4.5.1/sim_data/filtered/internals")...
Processing file: /disk/data1/lze/ljuign/G4v11_sim/Sim_Hybrid-v4.5.1/sim_data/base/internals/SSi_U235_47.root
Writing 6689 entries to /disk/data1/lze/ljuign/G4v11_sim/Sim_Hybrid-v4.5.1/sim_data/filtered/internals/SSi_U235_47_filtered.root
Done processing /disk/data1/lze/ljuign/G4v11_sim/Sim_Hybrid-v4.5.1/sim_data/base/internals/SSi_U235_47.root
Filtering /disk/data1/lze/ljuign/G4v11_sim/Sim_Hybrid-v4.5.1/sim_data/base/internals/SSi_U235_48.root ...

Processing /disk/data1/lze/ljuign/TESSERACT_Simulation_Analysis/tesssa/cpp/VD_single_filtering.cc("/disk/data1/lze/ljuign/G4v11_sim/Sim_Hybrid-v4.5.1/sim_data/base/internals/SSi_U235_48.root","/disk/data1/lze/ljuign/G4v11_sim/Sim_Hybrid-v4.5.1/sim_data/filtered/internals")...
Processing file: /disk/data1/lze/ljuign/G4v11_sim/Sim_Hybrid-v4.5.1/sim_data/base/internals/SSi_U235_48.root
Writing 6616 entries to /disk/data1/lze/ljuign/G4v11_sim/Sim_Hybrid-v4.5.1/sim_data/filtered/internals/SSi_U235_48_filtered.root
Done processing /disk/data1/lze/ljuign/G4v11_sim/Sim_Hybrid-v4.5.1/sim_data/base/internals/SSi_U235_48.root
Filtering /disk/data1/lze/ljuign/G4v11_sim/Sim_Hybrid-v4.5.1/sim_data/base/internals/SSi_U235_49.root ...

Processing /disk/data1/lze/ljuign/TESSERACT_Simulation_Analysis/tesssa/cpp/VD_single_filtering.cc("/disk/data1/lze/ljuign/G4v11_sim/Sim_Hybrid-v4.5.1/sim_data/base/internals/SSi_U235_49.root","/disk/data1/lze/ljuign/G4v11_sim/Sim_Hybrid-v4.5.1/sim_data/filtered/internals")...
Processing file: /disk/data1/lze/ljuign/G4v11_sim/Sim_Hybrid-v4.5.1/sim_data/base/internals/SSi_U235_49.root
Writing 6315 entries to /disk/data1/lze/ljuign/G4v11_sim/Sim_Hybrid-v4.5.1/sim_data/filtered/internals/SSi_U235_49_filtered.root
Done processing /disk/data1/lze/ljuign/G4v11_sim/Sim_Hybrid-v4.5.1/sim_data/base/internals/SSi_U235_49.root
Filtering /disk/data1/lze/ljuign/G4v11_sim/Sim_Hybrid-v4.5.1/sim_data/base/internals/SSi_U235_4.root ...

Processing /disk/data1/lze/ljuign/TESSERACT_Simulation_Analysis/tesssa/cpp/VD_single_filtering.cc("/disk/data1/lze/ljuign/G4v11_sim/Sim_Hybrid-v4.5.1/sim_data/base/internals/SSi_U235_4.root","/disk/data1/lze/ljuign/G4v11_sim/Sim_Hybrid-v4.5.1/sim_data/filtered/internals")...
Processing file: /disk/data1/lze/ljuign/G4v11_sim/Sim_Hybrid-v4.5.1/sim_data/base/internals/SSi_U235_4.root
Writing 6336 entries to /disk/data1/lze/ljuign/G4v11_sim/Sim_Hybrid-v4.5.1/sim_data/filtered/internals/SSi_U235_4_filtered.root
Done processing /disk/data1/lze/ljuign/G4v11_sim/Sim_Hybrid-v4.5.1/sim_data/base/internals/SSi_U235_4.root
Filtering /disk/data1/lze/ljuign/G4v11_sim/Sim_Hybrid-v4.5.1/sim_data/base/internals/SSi_U235_50.root ...

Processing /disk/data1/lze/ljuign/TESSERACT_Simulation_Analysis/tesssa/cpp/VD_single_filtering.cc("/disk/data1/lze/ljuign/G4v11_sim/Sim_Hybrid-v4.5.1/sim_data/base/internals/SSi_U235_50.root","/disk/data1/lze/ljuign/G4v11_sim/Sim_Hybrid-v4.5.1/sim_data/filtered/internals")...
Processing file: /disk/data1/lze/ljuign/G4v11_sim/Sim_Hybrid-v4.5.1/sim_data/base/internals/SSi_U235_50.root
Writing 6566 entries to /disk/data1/lze/ljuign/G4v11_sim/Sim_Hybrid-v4.5.1/sim_data/filtered/internals/SSi_U235_50_filtered.root
Done processing /disk/data1/lze/ljuign/G4v11_sim/Sim_Hybrid-v4.5.1/sim_data/base/internals/SSi_U235_50.root
Filtering /disk/data1/lze/ljuign/G4v11_sim/Sim_Hybrid-v4.5.1/sim_data/base/internals/SSi_U235_51.root ...

Processing /disk/data1/lze/ljuign/TESSERACT_Simulation_Analysis/tesssa/cpp/VD_single_filtering.cc("/disk/data1/lze/ljuign/G4v11_sim/Sim_Hybrid-v4.5.1/sim_data/base/internals/SSi_U235_51.root","/disk/data1/lze/ljuign/G4v11_sim/Sim_Hybrid-v4.5.1/sim_data/filtered/internals")...
Processing file: /disk/data1/lze/ljuign/G4v11_sim/Sim_Hybrid-v4.5.1/sim_data/base/internals/SSi_U235_51.root
Writing 6368 entries to /disk/data1/lze/ljuign/G4v11_sim/Sim_Hybrid-v4.5.1/sim_data/filtered/internals/SSi_U235_51_filtered.root
Done processing /disk/data1/lze/ljuign/G4v11_sim/Sim_Hybrid-v4.5.1/sim_data/base/internals/SSi_U235_51.root
Filtering /disk/data1/lze/ljuign/G4v11_sim/Sim_Hybrid-v4.5.1/sim_data/base/internals/SSi_U235_52.root ...

Processing /disk/data1/lze/ljuign/TESSERACT_Simulation_Analysis/tesssa/cpp/VD_single_filtering.cc("/disk/data1/lze/ljuign/G4v11_sim/Sim_Hybrid-v4.5.1/sim_data/base/internals/SSi_U235_52.root","/disk/data1/lze/ljuign/G4v11_sim/Sim_Hybrid-v4.5.1/sim_data/filtered/internals")...
Processing file: /disk/data1/lze/ljuign/G4v11_sim/Sim_Hybrid-v4.5.1/sim_data/base/internals/SSi_U235_52.root
Writing 6528 entries to /disk/data1/lze/ljuign/G4v11_sim/Sim_Hybrid-v4.5.1/sim_data/filtered/internals/SSi_U235_52_filtered.root
Done processing /disk/data1/lze/ljuign/G4v11_sim/Sim_Hybrid-v4.5.1/sim_data/base/internals/SSi_U235_52.root
Filtering /disk/data1/lze/ljuign/G4v11_sim/Sim_Hybrid-v4.5.1/sim_data/base/internals/SSi_U235_53.root ...

Processing /disk/data1/lze/ljuign/TESSERACT_Simulation_Analysis/tesssa/cpp/VD_single_filtering.cc("/disk/data1/lze/ljuign/G4v11_sim/Sim_Hybrid-v4.5.1/sim_data/base/internals/SSi_U235_53.root","/disk/data1/lze/ljuign/G4v11_sim/Sim_Hybrid-v4.5.1/sim_data/filtered/internals")...
Processing file: /disk/data1/lze/ljuign/G4v11_sim/Sim_Hybrid-v4.5.1/sim_data/base/internals/SSi_U235_53.root
Writing 6413 entries to /disk/data1/lze/ljuign/G4v11_sim/Sim_Hybrid-v4.5.1/sim_data/filtered/internals/SSi_U235_53_filtered.root
Done processing /disk/data1/lze/ljuign/G4v11_sim/Sim_Hybrid-v4.5.1/sim_data/base/internals/SSi_U235_53.root
Filtering /disk/data1/lze/ljuign/G4v11_sim/Sim_Hybrid-v4.5.1/sim_data/base/internals/SSi_U235_54.root ...

Processing /disk/data1/lze/ljuign/TESSERACT_Simulation_Analysis/tesssa/cpp/VD_single_filtering.cc("/disk/data1/lze/ljuign/G4v11_sim/Sim_Hybrid-v4.5.1/sim_data/base/internals/SSi_U235_54.root","/disk/data1/lze/ljuign/G4v11_sim/Sim_Hybrid-v4.5.1/sim_data/filtered/internals")...
Processing file: /disk/data1/lze/ljuign/G4v11_sim/Sim_Hybrid-v4.5.1/sim_data/base/internals/SSi_U235_54.root
Writing 6403 entries to /disk/data1/lze/ljuign/G4v11_sim/Sim_Hybrid-v4.5.1/sim_data/filtered/internals/SSi_U235_54_filtered.root
Done processing /disk/data1/lze/ljuign/G4v11_sim/Sim_Hybrid-v4.5.1/sim_data/base/internals/SSi_U235_54.root
Filtering /disk/data1/lze/ljuign/G4v11_sim/Sim_Hybrid-v4.5.1/sim_data/base/internals/SSi_U235_55.root ...

Processing /disk/data1/lze/ljuign/TESSERACT_Simulation_Analysis/tesssa/cpp/VD_single_filtering.cc("/disk/data1/lze/ljuign/G4v11_sim/Sim_Hybrid-v4.5.1/sim_data/base/internals/SSi_U235_55.root","/disk/data1/lze/ljuign/G4v11_sim/Sim_Hybrid-v4.5.1/sim_data/filtered/internals")...
Processing file: /disk/data1/lze/ljuign/G4v11_sim/Sim_Hybrid-v4.5.1/sim_data/base/internals/SSi_U235_55.root
Writing 6444 entries to /disk/data1/lze/ljuign/G4v11_sim/Sim_Hybrid-v4.5.1/sim_data/filtered/internals/SSi_U235_55_filtered.root
Done processing /disk/data1/lze/ljuign/G4v11_sim/Sim_Hybrid-v4.5.1/sim_data/base/internals/SSi_U235_55.root
Filtering /disk/data1/lze/ljuign/G4v11_sim/Sim_Hybrid-v4.5.1/sim_data/base/internals/SSi_U235_56.root ...

Processing /disk/data1/lze/ljuign/TESSERACT_Simulation_Analysis/tesssa/cpp/VD_single_filtering.cc("/disk/data1/lze/ljuign/G4v11_sim/Sim_Hybrid-v4.5.1/sim_data/base/internals/SSi_U235_56.root","/disk/data1/lze/ljuign/G4v11_sim/Sim_Hybrid-v4.5.1/sim_data/filtered/internals")...
Processing file: /disk/data1/lze/ljuign/G4v11_sim/Sim_Hybrid-v4.5.1/sim_data/base/internals/SSi_U235_56.root
Writing 6536 entries to /disk/data1/lze/ljuign/G4v11_sim/Sim_Hybrid-v4.5.1/sim_data/filtered/internals/SSi_U235_56_filtered.root
Done processing /disk/data1/lze/ljuign/G4v11_sim/Sim_Hybrid-v4.5.1/sim_data/base/internals/SSi_U235_56.root
Filtering /disk/data1/lze/ljuign/G4v11_sim/Sim_Hybrid-v4.5.1/sim_data/base/internals/SSi_U235_57.root ...

Processing /disk/data1/lze/ljuign/TESSERACT_Simulation_Analysis/tesssa/cpp/VD_single_filtering.cc("/disk/data1/lze/ljuign/G4v11_sim/Sim_Hybrid-v4.5.1/sim_data/base/internals/SSi_U235_57.root","/disk/data1/lze/ljuign/G4v11_sim/Sim_Hybrid-v4.5.1/sim_data/filtered/internals")...
Processing file: /disk/data1/lze/ljuign/G4v11_sim/Sim_Hybrid-v4.5.1/sim_data/base/internals/SSi_U235_57.root
Writing 6584 entries to /disk/data1/lze/ljuign/G4v11_sim/Sim_Hybrid-v4.5.1/sim_data/filtered/internals/SSi_U235_57_filtered.root
Done processing /disk/data1/lze/ljuign/G4v11_sim/Sim_Hybrid-v4.5.1/sim_data/base/internals/SSi_U235_57.root
Filtering /disk/data1/lze/ljuign/G4v11_sim/Sim_Hybrid-v4.5.1/sim_data/base/internals/SSi_U235_58.root ...

Processing /disk/data1/lze/ljuign/TESSERACT_Simulation_Analysis/tesssa/cpp/VD_single_filtering.cc("/disk/data1/lze/ljuign/G4v11_sim/Sim_Hybrid-v4.5.1/sim_data/base/internals/SSi_U235_58.root","/disk/data1/lze/ljuign/G4v11_sim/Sim_Hybrid-v4.5.1/sim_data/filtered/internals")...
Processing file: /disk/data1/lze/ljuign/G4v11_sim/Sim_Hybrid-v4.5.1/sim_data/base/internals/SSi_U235_58.root
Writing 6708 entries to /disk/data1/lze/ljuign/G4v11_sim/Sim_Hybrid-v4.5.1/sim_data/filtered/internals/SSi_U235_58_filtered.root
Done processing /disk/data1/lze/ljuign/G4v11_sim/Sim_Hybrid-v4.5.1/sim_data/base/internals/SSi_U235_58.root
Filtering /disk/data1/lze/ljuign/G4v11_sim/Sim_Hybrid-v4.5.1/sim_data/base/internals/SSi_U235_59.root ...

Processing /disk/data1/lze/ljuign/TESSERACT_Simulation_Analysis/tesssa/cpp/VD_single_filtering.cc("/disk/data1/lze/ljuign/G4v11_sim/Sim_Hybrid-v4.5.1/sim_data/base/internals/SSi_U235_59.root","/disk/data1/lze/ljuign/G4v11_sim/Sim_Hybrid-v4.5.1/sim_data/filtered/internals")...
Processing file: /disk/data1/lze/ljuign/G4v11_sim/Sim_Hybrid-v4.5.1/sim_data/base/internals/SSi_U235_59.root
Writing 6900 entries to /disk/data1/lze/ljuign/G4v11_sim/Sim_Hybrid-v4.5.1/sim_data/filtered/internals/SSi_U235_59_filtered.root
Done processing /disk/data1/lze/ljuign/G4v11_sim/Sim_Hybrid-v4.5.1/sim_data/base/internals/SSi_U235_59.root
Filtering /disk/data1/lze/ljuign/G4v11_sim/Sim_Hybrid-v4.5.1/sim_data/base/internals/SSi_U235_5.root ...

Processing /disk/data1/lze/ljuign/TESSERACT_Simulation_Analysis/tesssa/cpp/VD_single_filtering.cc("/disk/data1/lze/ljuign/G4v11_sim/Sim_Hybrid-v4.5.1/sim_data/base/internals/SSi_U235_5.root","/disk/data1/lze/ljuign/G4v11_sim/Sim_Hybrid-v4.5.1/sim_data/filtered/internals")...
Processing file: /disk/data1/lze/ljuign/G4v11_sim/Sim_Hybrid-v4.5.1/sim_data/base/internals/SSi_U235_5.root
Writing 6224 entries to /disk/data1/lze/ljuign/G4v11_sim/Sim_Hybrid-v4.5.1/sim_data/filtered/internals/SSi_U235_5_filtered.root
Done processing /disk/data1/lze/ljuign/G4v11_sim/Sim_Hybrid-v4.5.1/sim_data/base/internals/SSi_U235_5.root
Filtering /disk/data1/lze/ljuign/G4v11_sim/Sim_Hybrid-v4.5.1/sim_data/base/internals/SSi_U235_60.root ...

Processing /disk/data1/lze/ljuign/TESSERACT_Simulation_Analysis/tesssa/cpp/VD_single_filtering.cc("/disk/data1/lze/ljuign/G4v11_sim/Sim_Hybrid-v4.5.1/sim_data/base/internals/SSi_U235_60.root","/disk/data1/lze/ljuign/G4v11_sim/Sim_Hybrid-v4.5.1/sim_data/filtered/internals")...
Processing file: /disk/data1/lze/ljuign/G4v11_sim/Sim_Hybrid-v4.5.1/sim_data/base/internals/SSi_U235_60.root
Writing 6682 entries to /disk/data1/lze/ljuign/G4v11_sim/Sim_Hybrid-v4.5.1/sim_data/filtered/internals/SSi_U235_60_filtered.root
Done processing /disk/data1/lze/ljuign/G4v11_sim/Sim_Hybrid-v4.5.1/sim_data/base/internals/SSi_U235_60.root
Filtering /disk/data1/lze/ljuign/G4v11_sim/Sim_Hybrid-v4.5.1/sim_data/base/internals/SSi_U235_61.root ...

Processing /disk/data1/lze/ljuign/TESSERACT_Simulation_Analysis/tesssa/cpp/VD_single_filtering.cc("/disk/data1/lze/ljuign/G4v11_sim/Sim_Hybrid-v4.5.1/sim_data/base/internals/SSi_U235_61.root","/disk/data1/lze/ljuign/G4v11_sim/Sim_Hybrid-v4.5.1/sim_data/filtered/internals")...
Processing file: /disk/data1/lze/ljuign/G4v11_sim/Sim_Hybrid-v4.5.1/sim_data/base/internals/SSi_U235_61.root
Writing 6803 entries to /disk/data1/lze/ljuign/G4v11_sim/Sim_Hybrid-v4.5.1/sim_data/filtered/internals/SSi_U235_61_filtered.root
Done processing /disk/data1/lze/ljuign/G4v11_sim/Sim_Hybrid-v4.5.1/sim_data/base/internals/SSi_U235_61.root
Filtering /disk/data1/lze/ljuign/G4v11_sim/Sim_Hybrid-v4.5.1/sim_data/base/internals/SSi_U235_62.root ...

Processing /disk/data1/lze/ljuign/TESSERACT_Simulation_Analysis/tesssa/cpp/VD_single_filtering.cc("/disk/data1/lze/ljuign/G4v11_sim/Sim_Hybrid-v4.5.1/sim_data/base/internals/SSi_U235_62.root","/disk/data1/lze/ljuign/G4v11_sim/Sim_Hybrid-v4.5.1/sim_data/filtered/internals")...
Processing file: /disk/data1/lze/ljuign/G4v11_sim/Sim_Hybrid-v4.5.1/sim_data/base/internals/SSi_U235_62.root
Writing 6731 entries to /disk/data1/lze/ljuign/G4v11_sim/Sim_Hybrid-v4.5.1/sim_data/filtered/internals/SSi_U235_62_filtered.root
Done processing /disk/data1/lze/ljuign/G4v11_sim/Sim_Hybrid-v4.5.1/sim_data/base/internals/SSi_U235_62.root
Filtering /disk/data1/lze/ljuign/G4v11_sim/Sim_Hybrid-v4.5.1/sim_data/base/internals/SSi_U235_63.root ...

Processing /disk/data1/lze/ljuign/TESSERACT_Simulation_Analysis/tesssa/cpp/VD_single_filtering.cc("/disk/data1/lze/ljuign/G4v11_sim/Sim_Hybrid-v4.5.1/sim_data/base/internals/SSi_U235_63.root","/disk/data1/lze/ljuign/G4v11_sim/Sim_Hybrid-v4.5.1/sim_data/filtered/internals")...
Processing file: /disk/data1/lze/ljuign/G4v11_sim/Sim_Hybrid-v4.5.1/sim_data/base/internals/SSi_U235_63.root
Writing 6371 entries to /disk/data1/lze/ljuign/G4v11_sim/Sim_Hybrid-v4.5.1/sim_data/filtered/internals/SSi_U235_63_filtered.root
Done processing /disk/data1/lze/ljuign/G4v11_sim/Sim_Hybrid-v4.5.1/sim_data/base/internals/SSi_U235_63.root
Filtering /disk/data1/lze/ljuign/G4v11_sim/Sim_Hybrid-v4.5.1/sim_data/base/internals/SSi_U235_64.root ...

Processing /disk/data1/lze/ljuign/TESSERACT_Simulation_Analysis/tesssa/cpp/VD_single_filtering.cc("/disk/data1/lze/ljuign/G4v11_sim/Sim_Hybrid-v4.5.1/sim_data/base/internals/SSi_U235_64.root","/disk/data1/lze/ljuign/G4v11_sim/Sim_Hybrid-v4.5.1/sim_data/filtered/internals")...
Processing file: /disk/data1/lze/ljuign/G4v11_sim/Sim_Hybrid-v4.5.1/sim_data/base/internals/SSi_U235_64.root
Writing 6582 entries to /disk/data1/lze/ljuign/G4v11_sim/Sim_Hybrid-v4.5.1/sim_data/filtered/internals/SSi_U235_64_filtered.root
Done processing /disk/data1/lze/ljuign/G4v11_sim/Sim_Hybrid-v4.5.1/sim_data/base/internals/SSi_U235_64.root
Filtering /disk/data1/lze/ljuign/G4v11_sim/Sim_Hybrid-v4.5.1/sim_data/base/internals/SSi_U235_65.root ...

Processing /disk/data1/lze/ljuign/TESSERACT_Simulation_Analysis/tesssa/cpp/VD_single_filtering.cc("/disk/data1/lze/ljuign/G4v11_sim/Sim_Hybrid-v4.5.1/sim_data/base/internals/SSi_U235_65.root","/disk/data1/lze/ljuign/G4v11_sim/Sim_Hybrid-v4.5.1/sim_data/filtered/internals")...
Processing file: /disk/data1/lze/ljuign/G4v11_sim/Sim_Hybrid-v4.5.1/sim_data/base/internals/SSi_U235_65.root
Writing 6281 entries to /disk/data1/lze/ljuign/G4v11_sim/Sim_Hybrid-v4.5.1/sim_data/filtered/internals/SSi_U235_65_filtered.root
Done processing /disk/data1/lze/ljuign/G4v11_sim/Sim_Hybrid-v4.5.1/sim_data/base/internals/SSi_U235_65.root
Filtering /disk/data1/lze/ljuign/G4v11_sim/Sim_Hybrid-v4.5.1/sim_data/base/internals/SSi_U235_66.root ...

Processing /disk/data1/lze/ljuign/TESSERACT_Simulation_Analysis/tesssa/cpp/VD_single_filtering.cc("/disk/data1/lze/ljuign/G4v11_sim/Sim_Hybrid-v4.5.1/sim_data/base/internals/SSi_U235_66.root","/disk/data1/lze/ljuign/G4v11_sim/Sim_Hybrid-v4.5.1/sim_data/filtered/internals")...
Processing file: /disk/data1/lze/ljuign/G4v11_sim/Sim_Hybrid-v4.5.1/sim_data/base/internals/SSi_U235_66.root
Writing 6382 entries to /disk/data1/lze/ljuign/G4v11_sim/Sim_Hybrid-v4.5.1/sim_data/filtered/internals/SSi_U235_66_filtered.root
Done processing /disk/data1/lze/ljuign/G4v11_sim/Sim_Hybrid-v4.5.1/sim_data/base/internals/SSi_U235_66.root
Filtering /disk/data1/lze/ljuign/G4v11_sim/Sim_Hybrid-v4.5.1/sim_data/base/internals/SSi_U235_67.root ...

Processing /disk/data1/lze/ljuign/TESSERACT_Simulation_Analysis/tesssa/cpp/VD_single_filtering.cc("/disk/data1/lze/ljuign/G4v11_sim/Sim_Hybrid-v4.5.1/sim_data/base/internals/SSi_U235_67.root","/disk/data1/lze/ljuign/G4v11_sim/Sim_Hybrid-v4.5.1/sim_data/filtered/internals")...
Processing file: /disk/data1/lze/ljuign/G4v11_sim/Sim_Hybrid-v4.5.1/sim_data/base/internals/SSi_U235_67.root
Writing 6614 entries to /disk/data1/lze/ljuign/G4v11_sim/Sim_Hybrid-v4.5.1/sim_data/filtered/internals/SSi_U235_67_filtered.root
Done processing /disk/data1/lze/ljuign/G4v11_sim/Sim_Hybrid-v4.5.1/sim_data/base/internals/SSi_U235_67.root
Filtering /disk/data1/lze/ljuign/G4v11_sim/Sim_Hybrid-v4.5.1/sim_data/base/internals/SSi_U235_68.root ...

Processing /disk/data1/lze/ljuign/TESSERACT_Simulation_Analysis/tesssa/cpp/VD_single_filtering.cc("/disk/data1/lze/ljuign/G4v11_sim/Sim_Hybrid-v4.5.1/sim_data/base/internals/SSi_U235_68.root","/disk/data1/lze/ljuign/G4v11_sim/Sim_Hybrid-v4.5.1/sim_data/filtered/internals")...
Processing file: /disk/data1/lze/ljuign/G4v11_sim/Sim_Hybrid-v4.5.1/sim_data/base/internals/SSi_U235_68.root
Writing 6344 entries to /disk/data1/lze/ljuign/G4v11_sim/Sim_Hybrid-v4.5.1/sim_data/filtered/internals/SSi_U235_68_filtered.root
Done processing /disk/data1/lze/ljuign/G4v11_sim/Sim_Hybrid-v4.5.1/sim_data/base/internals/SSi_U235_68.root
Filtering /disk/data1/lze/ljuign/G4v11_sim/Sim_Hybrid-v4.5.1/sim_data/base/internals/SSi_U235_69.root ...

Processing /disk/data1/lze/ljuign/TESSERACT_Simulation_Analysis/tesssa/cpp/VD_single_filtering.cc("/disk/data1/lze/ljuign/G4v11_sim/Sim_Hybrid-v4.5.1/sim_data/base/internals/SSi_U235_69.root","/disk/data1/lze/ljuign/G4v11_sim/Sim_Hybrid-v4.5.1/sim_data/filtered/internals")...
Processing file: /disk/data1/lze/ljuign/G4v11_sim/Sim_Hybrid-v4.5.1/sim_data/base/internals/SSi_U235_69.root
Writing 6614 entries to /disk/data1/lze/ljuign/G4v11_sim/Sim_Hybrid-v4.5.1/sim_data/filtered/internals/SSi_U235_69_filtered.root
Done processing /disk/data1/lze/ljuign/G4v11_sim/Sim_Hybrid-v4.5.1/sim_data/base/internals/SSi_U235_69.root
Filtering /disk/data1/lze/ljuign/G4v11_sim/Sim_Hybrid-v4.5.1/sim_data/base/internals/SSi_U235_6.root ...

Processing /disk/data1/lze/ljuign/TESSERACT_Simulation_Analysis/tesssa/cpp/VD_single_filtering.cc("/disk/data1/lze/ljuign/G4v11_sim/Sim_Hybrid-v4.5.1/sim_data/base/internals/SSi_U235_6.root","/disk/data1/lze/ljuign/G4v11_sim/Sim_Hybrid-v4.5.1/sim_data/filtered/internals")...
Processing file: /disk/data1/lze/ljuign/G4v11_sim/Sim_Hybrid-v4.5.1/sim_data/base/internals/SSi_U235_6.root
Writing 6626 entries to /disk/data1/lze/ljuign/G4v11_sim/Sim_Hybrid-v4.5.1/sim_data/filtered/internals/SSi_U235_6_filtered.root
Done processing /disk/data1/lze/ljuign/G4v11_sim/Sim_Hybrid-v4.5.1/sim_data/base/internals/SSi_U235_6.root
Filtering /disk/data1/lze/ljuign/G4v11_sim/Sim_Hybrid-v4.5.1/sim_data/base/internals/SSi_U235_70.root ...

Processing /disk/data1/lze/ljuign/TESSERACT_Simulation_Analysis/tesssa/cpp/VD_single_filtering.cc("/disk/data1/lze/ljuign/G4v11_sim/Sim_Hybrid-v4.5.1/sim_data/base/internals/SSi_U235_70.root","/disk/data1/lze/ljuign/G4v11_sim/Sim_Hybrid-v4.5.1/sim_data/filtered/internals")...
Processing file: /disk/data1/lze/ljuign/G4v11_sim/Sim_Hybrid-v4.5.1/sim_data/base/internals/SSi_U235_70.root
Writing 6429 entries to /disk/data1/lze/ljuign/G4v11_sim/Sim_Hybrid-v4.5.1/sim_data/filtered/internals/SSi_U235_70_filtered.root
Done processing /disk/data1/lze/ljuign/G4v11_sim/Sim_Hybrid-v4.5.1/sim_data/base/internals/SSi_U235_70.root
Filtering /disk/data1/lze/ljuign/G4v11_sim/Sim_Hybrid-v4.5.1/sim_data/base/internals/SSi_U235_71.root ...

Processing /disk/data1/lze/ljuign/TESSERACT_Simulation_Analysis/tesssa/cpp/VD_single_filtering.cc("/disk/data1/lze/ljuign/G4v11_sim/Sim_Hybrid-v4.5.1/sim_data/base/internals/SSi_U235_71.root","/disk/data1/lze/ljuign/G4v11_sim/Sim_Hybrid-v4.5.1/sim_data/filtered/internals")...
Processing file: /disk/data1/lze/ljuign/G4v11_sim/Sim_Hybrid-v4.5.1/sim_data/base/internals/SSi_U235_71.root
Writing 6721 entries to /disk/data1/lze/ljuign/G4v11_sim/Sim_Hybrid-v4.5.1/sim_data/filtered/internals/SSi_U235_71_filtered.root
Done processing /disk/data1/lze/ljuign/G4v11_sim/Sim_Hybrid-v4.5.1/sim_data/base/internals/SSi_U235_71.root
Filtering /disk/data1/lze/ljuign/G4v11_sim/Sim_Hybrid-v4.5.1/sim_data/base/internals/SSi_U235_72.root ...

Processing /disk/data1/lze/ljuign/TESSERACT_Simulation_Analysis/tesssa/cpp/VD_single_filtering.cc("/disk/data1/lze/ljuign/G4v11_sim/Sim_Hybrid-v4.5.1/sim_data/base/internals/SSi_U235_72.root","/disk/data1/lze/ljuign/G4v11_sim/Sim_Hybrid-v4.5.1/sim_data/filtered/internals")...
Processing file: /disk/data1/lze/ljuign/G4v11_sim/Sim_Hybrid-v4.5.1/sim_data/base/internals/SSi_U235_72.root
Writing 6604 entries to /disk/data1/lze/ljuign/G4v11_sim/Sim_Hybrid-v4.5.1/sim_data/filtered/internals/SSi_U235_72_filtered.root
Done processing /disk/data1/lze/ljuign/G4v11_sim/Sim_Hybrid-v4.5.1/sim_data/base/internals/SSi_U235_72.root
Filtering /disk/data1/lze/ljuign/G4v11_sim/Sim_Hybrid-v4.5.1/sim_data/base/internals/SSi_U235_73.root ...

Processing /disk/data1/lze/ljuign/TESSERACT_Simulation_Analysis/tesssa/cpp/VD_single_filtering.cc("/disk/data1/lze/ljuign/G4v11_sim/Sim_Hybrid-v4.5.1/sim_data/base/internals/SSi_U235_73.root","/disk/data1/lze/ljuign/G4v11_sim/Sim_Hybrid-v4.5.1/sim_data/filtered/internals")...
Processing file: /disk/data1/lze/ljuign/G4v11_sim/Sim_Hybrid-v4.5.1/sim_data/base/internals/SSi_U235_73.root
Writing 6273 entries to /disk/data1/lze/ljuign/G4v11_sim/Sim_Hybrid-v4.5.1/sim_data/filtered/internals/SSi_U235_73_filtered.root
Done processing /disk/data1/lze/ljuign/G4v11_sim/Sim_Hybrid-v4.5.1/sim_data/base/internals/SSi_U235_73.root
Filtering /disk/data1/lze/ljuign/G4v11_sim/Sim_Hybrid-v4.5.1/sim_data/base/internals/SSi_U235_74.root ...

Processing /disk/data1/lze/ljuign/TESSERACT_Simulation_Analysis/tesssa/cpp/VD_single_filtering.cc("/disk/data1/lze/ljuign/G4v11_sim/Sim_Hybrid-v4.5.1/sim_data/base/internals/SSi_U235_74.root","/disk/data1/lze/ljuign/G4v11_sim/Sim_Hybrid-v4.5.1/sim_data/filtered/internals")...
Processing file: /disk/data1/lze/ljuign/G4v11_sim/Sim_Hybrid-v4.5.1/sim_data/base/internals/SSi_U235_74.root
Writing 6054 entries to /disk/data1/lze/ljuign/G4v11_sim/Sim_Hybrid-v4.5.1/sim_data/filtered/internals/SSi_U235_74_filtered.root
Done processing /disk/data1/lze/ljuign/G4v11_sim/Sim_Hybrid-v4.5.1/sim_data/base/internals/SSi_U235_74.root
Filtering /disk/data1/lze/ljuign/G4v11_sim/Sim_Hybrid-v4.5.1/sim_data/base/internals/SSi_U235_75.root ...

Processing /disk/data1/lze/ljuign/TESSERACT_Simulation_Analysis/tesssa/cpp/VD_single_filtering.cc("/disk/data1/lze/ljuign/G4v11_sim/Sim_Hybrid-v4.5.1/sim_data/base/internals/SSi_U235_75.root","/disk/data1/lze/ljuign/G4v11_sim/Sim_Hybrid-v4.5.1/sim_data/filtered/internals")...
Processing file: /disk/data1/lze/ljuign/G4v11_sim/Sim_Hybrid-v4.5.1/sim_data/base/internals/SSi_U235_75.root
Writing 6517 entries to /disk/data1/lze/ljuign/G4v11_sim/Sim_Hybrid-v4.5.1/sim_data/filtered/internals/SSi_U235_75_filtered.root
Done processing /disk/data1/lze/ljuign/G4v11_sim/Sim_Hybrid-v4.5.1/sim_data/base/internals/SSi_U235_75.root
Filtering /disk/data1/lze/ljuign/G4v11_sim/Sim_Hybrid-v4.5.1/sim_data/base/internals/SSi_U235_76.root ...

Processing /disk/data1/lze/ljuign/TESSERACT_Simulation_Analysis/tesssa/cpp/VD_single_filtering.cc("/disk/data1/lze/ljuign/G4v11_sim/Sim_Hybrid-v4.5.1/sim_data/base/internals/SSi_U235_76.root","/disk/data1/lze/ljuign/G4v11_sim/Sim_Hybrid-v4.5.1/sim_data/filtered/internals")...
Processing file: /disk/data1/lze/ljuign/G4v11_sim/Sim_Hybrid-v4.5.1/sim_data/base/internals/SSi_U235_76.root
Writing 6343 entries to /disk/data1/lze/ljuign/G4v11_sim/Sim_Hybrid-v4.5.1/sim_data/filtered/internals/SSi_U235_76_filtered.root
Done processing /disk/data1/lze/ljuign/G4v11_sim/Sim_Hybrid-v4.5.1/sim_data/base/internals/SSi_U235_76.root
Filtering /disk/data1/lze/ljuign/G4v11_sim/Sim_Hybrid-v4.5.1/sim_data/base/internals/SSi_U235_77.root ...

Processing /disk/data1/lze/ljuign/TESSERACT_Simulation_Analysis/tesssa/cpp/VD_single_filtering.cc("/disk/data1/lze/ljuign/G4v11_sim/Sim_Hybrid-v4.5.1/sim_data/base/internals/SSi_U235_77.root","/disk/data1/lze/ljuign/G4v11_sim/Sim_Hybrid-v4.5.1/sim_data/filtered/internals")...
Processing file: /disk/data1/lze/ljuign/G4v11_sim/Sim_Hybrid-v4.5.1/sim_data/base/internals/SSi_U235_77.root
Writing 6877 entries to /disk/data1/lze/ljuign/G4v11_sim/Sim_Hybrid-v4.5.1/sim_data/filtered/internals/SSi_U235_77_filtered.root
Done processing /disk/data1/lze/ljuign/G4v11_sim/Sim_Hybrid-v4.5.1/sim_data/base/internals/SSi_U235_77.root
Filtering /disk/data1/lze/ljuign/G4v11_sim/Sim_Hybrid-v4.5.1/sim_data/base/internals/SSi_U235_78.root ...

Processing /disk/data1/lze/ljuign/TESSERACT_Simulation_Analysis/tesssa/cpp/VD_single_filtering.cc("/disk/data1/lze/ljuign/G4v11_sim/Sim_Hybrid-v4.5.1/sim_data/base/internals/SSi_U235_78.root","/disk/data1/lze/ljuign/G4v11_sim/Sim_Hybrid-v4.5.1/sim_data/filtered/internals")...
Processing file: /disk/data1/lze/ljuign/G4v11_sim/Sim_Hybrid-v4.5.1/sim_data/base/internals/SSi_U235_78.root
Writing 6537 entries to /disk/data1/lze/ljuign/G4v11_sim/Sim_Hybrid-v4.5.1/sim_data/filtered/internals/SSi_U235_78_filtered.root
Done processing /disk/data1/lze/ljuign/G4v11_sim/Sim_Hybrid-v4.5.1/sim_data/base/internals/SSi_U235_78.root
Filtering /disk/data1/lze/ljuign/G4v11_sim/Sim_Hybrid-v4.5.1/sim_data/base/internals/SSi_U235_79.root ...

Processing /disk/data1/lze/ljuign/TESSERACT_Simulation_Analysis/tesssa/cpp/VD_single_filtering.cc("/disk/data1/lze/ljuign/G4v11_sim/Sim_Hybrid-v4.5.1/sim_data/base/internals/SSi_U235_79.root","/disk/data1/lze/ljuign/G4v11_sim/Sim_Hybrid-v4.5.1/sim_data/filtered/internals")...
Processing file: /disk/data1/lze/ljuign/G4v11_sim/Sim_Hybrid-v4.5.1/sim_data/base/internals/SSi_U235_79.root
Writing 6608 entries to /disk/data1/lze/ljuign/G4v11_sim/Sim_Hybrid-v4.5.1/sim_data/filtered/internals/SSi_U235_79_filtered.root
Done processing /disk/data1/lze/ljuign/G4v11_sim/Sim_Hybrid-v4.5.1/sim_data/base/internals/SSi_U235_79.root
Filtering /disk/data1/lze/ljuign/G4v11_sim/Sim_Hybrid-v4.5.1/sim_data/base/internals/SSi_U235_7.root ...

Processing /disk/data1/lze/ljuign/TESSERACT_Simulation_Analysis/tesssa/cpp/VD_single_filtering.cc("/disk/data1/lze/ljuign/G4v11_sim/Sim_Hybrid-v4.5.1/sim_data/base/internals/SSi_U235_7.root","/disk/data1/lze/ljuign/G4v11_sim/Sim_Hybrid-v4.5.1/sim_data/filtered/internals")...
Processing file: /disk/data1/lze/ljuign/G4v11_sim/Sim_Hybrid-v4.5.1/sim_data/base/internals/SSi_U235_7.root
Writing 6538 entries to /disk/data1/lze/ljuign/G4v11_sim/Sim_Hybrid-v4.5.1/sim_data/filtered/internals/SSi_U235_7_filtered.root
Done processing /disk/data1/lze/ljuign/G4v11_sim/Sim_Hybrid-v4.5.1/sim_data/base/internals/SSi_U235_7.root
Filtering /disk/data1/lze/ljuign/G4v11_sim/Sim_Hybrid-v4.5.1/sim_data/base/internals/SSi_U235_80.root ...

Processing /disk/data1/lze/ljuign/TESSERACT_Simulation_Analysis/tesssa/cpp/VD_single_filtering.cc("/disk/data1/lze/ljuign/G4v11_sim/Sim_Hybrid-v4.5.1/sim_data/base/internals/SSi_U235_80.root","/disk/data1/lze/ljuign/G4v11_sim/Sim_Hybrid-v4.5.1/sim_data/filtered/internals")...
Processing file: /disk/data1/lze/ljuign/G4v11_sim/Sim_Hybrid-v4.5.1/sim_data/base/internals/SSi_U235_80.root
Writing 6587 entries to /disk/data1/lze/ljuign/G4v11_sim/Sim_Hybrid-v4.5.1/sim_data/filtered/internals/SSi_U235_80_filtered.root
Done processing /disk/data1/lze/ljuign/G4v11_sim/Sim_Hybrid-v4.5.1/sim_data/base/internals/SSi_U235_80.root
Filtering /disk/data1/lze/ljuign/G4v11_sim/Sim_Hybrid-v4.5.1/sim_data/base/internals/SSi_U235_81.root ...

Processing /disk/data1/lze/ljuign/TESSERACT_Simulation_Analysis/tesssa/cpp/VD_single_filtering.cc("/disk/data1/lze/ljuign/G4v11_sim/Sim_Hybrid-v4.5.1/sim_data/base/internals/SSi_U235_81.root","/disk/data1/lze/ljuign/G4v11_sim/Sim_Hybrid-v4.5.1/sim_data/filtered/internals")...
Processing file: /disk/data1/lze/ljuign/G4v11_sim/Sim_Hybrid-v4.5.1/sim_data/base/internals/SSi_U235_81.root
Writing 6686 entries to /disk/data1/lze/ljuign/G4v11_sim/Sim_Hybrid-v4.5.1/sim_data/filtered/internals/SSi_U235_81_filtered.root
Done processing /disk/data1/lze/ljuign/G4v11_sim/Sim_Hybrid-v4.5.1/sim_data/base/internals/SSi_U235_81.root
Filtering /disk/data1/lze/ljuign/G4v11_sim/Sim_Hybrid-v4.5.1/sim_data/base/internals/SSi_U235_82.root ...

Processing /disk/data1/lze/ljuign/TESSERACT_Simulation_Analysis/tesssa/cpp/VD_single_filtering.cc("/disk/data1/lze/ljuign/G4v11_sim/Sim_Hybrid-v4.5.1/sim_data/base/internals/SSi_U235_82.root","/disk/data1/lze/ljuign/G4v11_sim/Sim_Hybrid-v4.5.1/sim_data/filtered/internals")...
Processing file: /disk/data1/lze/ljuign/G4v11_sim/Sim_Hybrid-v4.5.1/sim_data/base/internals/SSi_U235_82.root
Writing 6911 entries to /disk/data1/lze/ljuign/G4v11_sim/Sim_Hybrid-v4.5.1/sim_data/filtered/internals/SSi_U235_82_filtered.root
Done processing /disk/data1/lze/ljuign/G4v11_sim/Sim_Hybrid-v4.5.1/sim_data/base/internals/SSi_U235_82.root
Filtering /disk/data1/lze/ljuign/G4v11_sim/Sim_Hybrid-v4.5.1/sim_data/base/internals/SSi_U235_83.root ...

Processing /disk/data1/lze/ljuign/TESSERACT_Simulation_Analysis/tesssa/cpp/VD_single_filtering.cc("/disk/data1/lze/ljuign/G4v11_sim/Sim_Hybrid-v4.5.1/sim_data/base/internals/SSi_U235_83.root","/disk/data1/lze/ljuign/G4v11_sim/Sim_Hybrid-v4.5.1/sim_data/filtered/internals")...
Processing file: /disk/data1/lze/ljuign/G4v11_sim/Sim_Hybrid-v4.5.1/sim_data/base/internals/SSi_U235_83.root
Writing 6667 entries to /disk/data1/lze/ljuign/G4v11_sim/Sim_Hybrid-v4.5.1/sim_data/filtered/internals/SSi_U235_83_filtered.root
Done processing /disk/data1/lze/ljuign/G4v11_sim/Sim_Hybrid-v4.5.1/sim_data/base/internals/SSi_U235_83.root
Filtering /disk/data1/lze/ljuign/G4v11_sim/Sim_Hybrid-v4.5.1/sim_data/base/internals/SSi_U235_84.root ...

Processing /disk/data1/lze/ljuign/TESSERACT_Simulation_Analysis/tesssa/cpp/VD_single_filtering.cc("/disk/data1/lze/ljuign/G4v11_sim/Sim_Hybrid-v4.5.1/sim_data/base/internals/SSi_U235_84.root","/disk/data1/lze/ljuign/G4v11_sim/Sim_Hybrid-v4.5.1/sim_data/filtered/internals")...
Processing file: /disk/data1/lze/ljuign/G4v11_sim/Sim_Hybrid-v4.5.1/sim_data/base/internals/SSi_U235_84.root
Writing 6627 entries to /disk/data1/lze/ljuign/G4v11_sim/Sim_Hybrid-v4.5.1/sim_data/filtered/internals/SSi_U235_84_filtered.root
Done processing /disk/data1/lze/ljuign/G4v11_sim/Sim_Hybrid-v4.5.1/sim_data/base/internals/SSi_U235_84.root
Filtering /disk/data1/lze/ljuign/G4v11_sim/Sim_Hybrid-v4.5.1/sim_data/base/internals/SSi_U235_85.root ...

Processing /disk/data1/lze/ljuign/TESSERACT_Simulation_Analysis/tesssa/cpp/VD_single_filtering.cc("/disk/data1/lze/ljuign/G4v11_sim/Sim_Hybrid-v4.5.1/sim_data/base/internals/SSi_U235_85.root","/disk/data1/lze/ljuign/G4v11_sim/Sim_Hybrid-v4.5.1/sim_data/filtered/internals")...
Processing file: /disk/data1/lze/ljuign/G4v11_sim/Sim_Hybrid-v4.5.1/sim_data/base/internals/SSi_U235_85.root
Writing 6443 entries to /disk/data1/lze/ljuign/G4v11_sim/Sim_Hybrid-v4.5.1/sim_data/filtered/internals/SSi_U235_85_filtered.root
Done processing /disk/data1/lze/ljuign/G4v11_sim/Sim_Hybrid-v4.5.1/sim_data/base/internals/SSi_U235_85.root
Filtering /disk/data1/lze/ljuign/G4v11_sim/Sim_Hybrid-v4.5.1/sim_data/base/internals/SSi_U235_86.root ...

Processing /disk/data1/lze/ljuign/TESSERACT_Simulation_Analysis/tesssa/cpp/VD_single_filtering.cc("/disk/data1/lze/ljuign/G4v11_sim/Sim_Hybrid-v4.5.1/sim_data/base/internals/SSi_U235_86.root","/disk/data1/lze/ljuign/G4v11_sim/Sim_Hybrid-v4.5.1/sim_data/filtered/internals")...
Processing file: /disk/data1/lze/ljuign/G4v11_sim/Sim_Hybrid-v4.5.1/sim_data/base/internals/SSi_U235_86.root
Writing 6483 entries to /disk/data1/lze/ljuign/G4v11_sim/Sim_Hybrid-v4.5.1/sim_data/filtered/internals/SSi_U235_86_filtered.root
Done processing /disk/data1/lze/ljuign/G4v11_sim/Sim_Hybrid-v4.5.1/sim_data/base/internals/SSi_U235_86.root
Filtering /disk/data1/lze/ljuign/G4v11_sim/Sim_Hybrid-v4.5.1/sim_data/base/internals/SSi_U235_87.root ...

Processing /disk/data1/lze/ljuign/TESSERACT_Simulation_Analysis/tesssa/cpp/VD_single_filtering.cc("/disk/data1/lze/ljuign/G4v11_sim/Sim_Hybrid-v4.5.1/sim_data/base/internals/SSi_U235_87.root","/disk/data1/lze/ljuign/G4v11_sim/Sim_Hybrid-v4.5.1/sim_data/filtered/internals")...
Processing file: /disk/data1/lze/ljuign/G4v11_sim/Sim_Hybrid-v4.5.1/sim_data/base/internals/SSi_U235_87.root
Writing 6808 entries to /disk/data1/lze/ljuign/G4v11_sim/Sim_Hybrid-v4.5.1/sim_data/filtered/internals/SSi_U235_87_filtered.root
Done processing /disk/data1/lze/ljuign/G4v11_sim/Sim_Hybrid-v4.5.1/sim_data/base/internals/SSi_U235_87.root
Filtering /disk/data1/lze/ljuign/G4v11_sim/Sim_Hybrid-v4.5.1/sim_data/base/internals/SSi_U235_88.root ...

Processing /disk/data1/lze/ljuign/TESSERACT_Simulation_Analysis/tesssa/cpp/VD_single_filtering.cc("/disk/data1/lze/ljuign/G4v11_sim/Sim_Hybrid-v4.5.1/sim_data/base/internals/SSi_U235_88.root","/disk/data1/lze/ljuign/G4v11_sim/Sim_Hybrid-v4.5.1/sim_data/filtered/internals")...
Processing file: /disk/data1/lze/ljuign/G4v11_sim/Sim_Hybrid-v4.5.1/sim_data/base/internals/SSi_U235_88.root
Writing 6520 entries to /disk/data1/lze/ljuign/G4v11_sim/Sim_Hybrid-v4.5.1/sim_data/filtered/internals/SSi_U235_88_filtered.root
Done processing /disk/data1/lze/ljuign/G4v11_sim/Sim_Hybrid-v4.5.1/sim_data/base/internals/SSi_U235_88.root
Filtering /disk/data1/lze/ljuign/G4v11_sim/Sim_Hybrid-v4.5.1/sim_data/base/internals/SSi_U235_89.root ...

Processing /disk/data1/lze/ljuign/TESSERACT_Simulation_Analysis/tesssa/cpp/VD_single_filtering.cc("/disk/data1/lze/ljuign/G4v11_sim/Sim_Hybrid-v4.5.1/sim_data/base/internals/SSi_U235_89.root","/disk/data1/lze/ljuign/G4v11_sim/Sim_Hybrid-v4.5.1/sim_data/filtered/internals")...
Processing file: /disk/data1/lze/ljuign/G4v11_sim/Sim_Hybrid-v4.5.1/sim_data/base/internals/SSi_U235_89.root
Writing 6321 entries to /disk/data1/lze/ljuign/G4v11_sim/Sim_Hybrid-v4.5.1/sim_data/filtered/internals/SSi_U235_89_filtered.root
Done processing /disk/data1/lze/ljuign/G4v11_sim/Sim_Hybrid-v4.5.1/sim_data/base/internals/SSi_U235_89.root
Filtering /disk/data1/lze/ljuign/G4v11_sim/Sim_Hybrid-v4.5.1/sim_data/base/internals/SSi_U235_8.root ...

Processing /disk/data1/lze/ljuign/TESSERACT_Simulation_Analysis/tesssa/cpp/VD_single_filtering.cc("/disk/data1/lze/ljuign/G4v11_sim/Sim_Hybrid-v4.5.1/sim_data/base/internals/SSi_U235_8.root","/disk/data1/lze/ljuign/G4v11_sim/Sim_Hybrid-v4.5.1/sim_data/filtered/internals")...
Processing file: /disk/data1/lze/ljuign/G4v11_sim/Sim_Hybrid-v4.5.1/sim_data/base/internals/SSi_U235_8.root
Writing 6606 entries to /disk/data1/lze/ljuign/G4v11_sim/Sim_Hybrid-v4.5.1/sim_data/filtered/internals/SSi_U235_8_filtered.root
Done processing /disk/data1/lze/ljuign/G4v11_sim/Sim_Hybrid-v4.5.1/sim_data/base/internals/SSi_U235_8.root
Filtering /disk/data1/lze/ljuign/G4v11_sim/Sim_Hybrid-v4.5.1/sim_data/base/internals/SSi_U235_90.root ...

Processing /disk/data1/lze/ljuign/TESSERACT_Simulation_Analysis/tesssa/cpp/VD_single_filtering.cc("/disk/data1/lze/ljuign/G4v11_sim/Sim_Hybrid-v4.5.1/sim_data/base/internals/SSi_U235_90.root","/disk/data1/lze/ljuign/G4v11_sim/Sim_Hybrid-v4.5.1/sim_data/filtered/internals")...
Processing file: /disk/data1/lze/ljuign/G4v11_sim/Sim_Hybrid-v4.5.1/sim_data/base/internals/SSi_U235_90.root
Writing 7068 entries to /disk/data1/lze/ljuign/G4v11_sim/Sim_Hybrid-v4.5.1/sim_data/filtered/internals/SSi_U235_90_filtered.root
Done processing /disk/data1/lze/ljuign/G4v11_sim/Sim_Hybrid-v4.5.1/sim_data/base/internals/SSi_U235_90.root
Filtering /disk/data1/lze/ljuign/G4v11_sim/Sim_Hybrid-v4.5.1/sim_data/base/internals/SSi_U235_91.root ...

Processing /disk/data1/lze/ljuign/TESSERACT_Simulation_Analysis/tesssa/cpp/VD_single_filtering.cc("/disk/data1/lze/ljuign/G4v11_sim/Sim_Hybrid-v4.5.1/sim_data/base/internals/SSi_U235_91.root","/disk/data1/lze/ljuign/G4v11_sim/Sim_Hybrid-v4.5.1/sim_data/filtered/internals")...
Processing file: /disk/data1/lze/ljuign/G4v11_sim/Sim_Hybrid-v4.5.1/sim_data/base/internals/SSi_U235_91.root
Writing 6541 entries to /disk/data1/lze/ljuign/G4v11_sim/Sim_Hybrid-v4.5.1/sim_data/filtered/internals/SSi_U235_91_filtered.root
Done processing /disk/data1/lze/ljuign/G4v11_sim/Sim_Hybrid-v4.5.1/sim_data/base/internals/SSi_U235_91.root
Filtering /disk/data1/lze/ljuign/G4v11_sim/Sim_Hybrid-v4.5.1/sim_data/base/internals/SSi_U235_92.root ...

Processing /disk/data1/lze/ljuign/TESSERACT_Simulation_Analysis/tesssa/cpp/VD_single_filtering.cc("/disk/data1/lze/ljuign/G4v11_sim/Sim_Hybrid-v4.5.1/sim_data/base/internals/SSi_U235_92.root","/disk/data1/lze/ljuign/G4v11_sim/Sim_Hybrid-v4.5.1/sim_data/filtered/internals")...
Processing file: /disk/data1/lze/ljuign/G4v11_sim/Sim_Hybrid-v4.5.1/sim_data/base/internals/SSi_U235_92.root
Writing 6652 entries to /disk/data1/lze/ljuign/G4v11_sim/Sim_Hybrid-v4.5.1/sim_data/filtered/internals/SSi_U235_92_filtered.root
Done processing /disk/data1/lze/ljuign/G4v11_sim/Sim_Hybrid-v4.5.1/sim_data/base/internals/SSi_U235_92.root
Filtering /disk/data1/lze/ljuign/G4v11_sim/Sim_Hybrid-v4.5.1/sim_data/base/internals/SSi_U235_93.root ...

Processing /disk/data1/lze/ljuign/TESSERACT_Simulation_Analysis/tesssa/cpp/VD_single_filtering.cc("/disk/data1/lze/ljuign/G4v11_sim/Sim_Hybrid-v4.5.1/sim_data/base/internals/SSi_U235_93.root","/disk/data1/lze/ljuign/G4v11_sim/Sim_Hybrid-v4.5.1/sim_data/filtered/internals")...
Processing file: /disk/data1/lze/ljuign/G4v11_sim/Sim_Hybrid-v4.5.1/sim_data/base/internals/SSi_U235_93.root
Writing 6358 entries to /disk/data1/lze/ljuign/G4v11_sim/Sim_Hybrid-v4.5.1/sim_data/filtered/internals/SSi_U235_93_filtered.root
Done processing /disk/data1/lze/ljuign/G4v11_sim/Sim_Hybrid-v4.5.1/sim_data/base/internals/SSi_U235_93.root
Filtering /disk/data1/lze/ljuign/G4v11_sim/Sim_Hybrid-v4.5.1/sim_data/base/internals/SSi_U235_94.root ...

Processing /disk/data1/lze/ljuign/TESSERACT_Simulation_Analysis/tesssa/cpp/VD_single_filtering.cc("/disk/data1/lze/ljuign/G4v11_sim/Sim_Hybrid-v4.5.1/sim_data/base/internals/SSi_U235_94.root","/disk/data1/lze/ljuign/G4v11_sim/Sim_Hybrid-v4.5.1/sim_data/filtered/internals")...
Processing file: /disk/data1/lze/ljuign/G4v11_sim/Sim_Hybrid-v4.5.1/sim_data/base/internals/SSi_U235_94.root
Writing 6563 entries to /disk/data1/lze/ljuign/G4v11_sim/Sim_Hybrid-v4.5.1/sim_data/filtered/internals/SSi_U235_94_filtered.root
Done processing /disk/data1/lze/ljuign/G4v11_sim/Sim_Hybrid-v4.5.1/sim_data/base/internals/SSi_U235_94.root
Filtering /disk/data1/lze/ljuign/G4v11_sim/Sim_Hybrid-v4.5.1/sim_data/base/internals/SSi_U235_95.root ...

Processing /disk/data1/lze/ljuign/TESSERACT_Simulation_Analysis/tesssa/cpp/VD_single_filtering.cc("/disk/data1/lze/ljuign/G4v11_sim/Sim_Hybrid-v4.5.1/sim_data/base/internals/SSi_U235_95.root","/disk/data1/lze/ljuign/G4v11_sim/Sim_Hybrid-v4.5.1/sim_data/filtered/internals")...
Processing file: /disk/data1/lze/ljuign/G4v11_sim/Sim_Hybrid-v4.5.1/sim_data/base/internals/SSi_U235_95.root
Writing 6409 entries to /disk/data1/lze/ljuign/G4v11_sim/Sim_Hybrid-v4.5.1/sim_data/filtered/internals/SSi_U235_95_filtered.root
Done processing /disk/data1/lze/ljuign/G4v11_sim/Sim_Hybrid-v4.5.1/sim_data/base/internals/SSi_U235_95.root
Filtering /disk/data1/lze/ljuign/G4v11_sim/Sim_Hybrid-v4.5.1/sim_data/base/internals/SSi_U235_96.root ...

Processing /disk/data1/lze/ljuign/TESSERACT_Simulation_Analysis/tesssa/cpp/VD_single_filtering.cc("/disk/data1/lze/ljuign/G4v11_sim/Sim_Hybrid-v4.5.1/sim_data/base/internals/SSi_U235_96.root","/disk/data1/lze/ljuign/G4v11_sim/Sim_Hybrid-v4.5.1/sim_data/filtered/internals")...
Processing file: /disk/data1/lze/ljuign/G4v11_sim/Sim_Hybrid-v4.5.1/sim_data/base/internals/SSi_U235_96.root
Writing 6501 entries to /disk/data1/lze/ljuign/G4v11_sim/Sim_Hybrid-v4.5.1/sim_data/filtered/internals/SSi_U235_96_filtered.root
Done processing /disk/data1/lze/ljuign/G4v11_sim/Sim_Hybrid-v4.5.1/sim_data/base/internals/SSi_U235_96.root
Filtering /disk/data1/lze/ljuign/G4v11_sim/Sim_Hybrid-v4.5.1/sim_data/base/internals/SSi_U235_97.root ...

Processing /disk/data1/lze/ljuign/TESSERACT_Simulation_Analysis/tesssa/cpp/VD_single_filtering.cc("/disk/data1/lze/ljuign/G4v11_sim/Sim_Hybrid-v4.5.1/sim_data/base/internals/SSi_U235_97.root","/disk/data1/lze/ljuign/G4v11_sim/Sim_Hybrid-v4.5.1/sim_data/filtered/internals")...
Processing file: /disk/data1/lze/ljuign/G4v11_sim/Sim_Hybrid-v4.5.1/sim_data/base/internals/SSi_U235_97.root
Writing 7041 entries to /disk/data1/lze/ljuign/G4v11_sim/Sim_Hybrid-v4.5.1/sim_data/filtered/internals/SSi_U235_97_filtered.root
Done processing /disk/data1/lze/ljuign/G4v11_sim/Sim_Hybrid-v4.5.1/sim_data/base/internals/SSi_U235_97.root
Filtering /disk/data1/lze/ljuign/G4v11_sim/Sim_Hybrid-v4.5.1/sim_data/base/internals/SSi_U235_98.root ...

Processing /disk/data1/lze/ljuign/TESSERACT_Simulation_Analysis/tesssa/cpp/VD_single_filtering.cc("/disk/data1/lze/ljuign/G4v11_sim/Sim_Hybrid-v4.5.1/sim_data/base/internals/SSi_U235_98.root","/disk/data1/lze/ljuign/G4v11_sim/Sim_Hybrid-v4.5.1/sim_data/filtered/internals")...
Processing file: /disk/data1/lze/ljuign/G4v11_sim/Sim_Hybrid-v4.5.1/sim_data/base/internals/SSi_U235_98.root
Writing 6449 entries to /disk/data1/lze/ljuign/G4v11_sim/Sim_Hybrid-v4.5.1/sim_data/filtered/internals/SSi_U235_98_filtered.root
Done processing /disk/data1/lze/ljuign/G4v11_sim/Sim_Hybrid-v4.5.1/sim_data/base/internals/SSi_U235_98.root
Filtering /disk/data1/lze/ljuign/G4v11_sim/Sim_Hybrid-v4.5.1/sim_data/base/internals/SSi_U235_99.root ...

Processing /disk/data1/lze/ljuign/TESSERACT_Simulation_Analysis/tesssa/cpp/VD_single_filtering.cc("/disk/data1/lze/ljuign/G4v11_sim/Sim_Hybrid-v4.5.1/sim_data/base/internals/SSi_U235_99.root","/disk/data1/lze/ljuign/G4v11_sim/Sim_Hybrid-v4.5.1/sim_data/filtered/internals")...
Processing file: /disk/data1/lze/ljuign/G4v11_sim/Sim_Hybrid-v4.5.1/sim_data/base/internals/SSi_U235_99.root
Writing 6465 entries to /disk/data1/lze/ljuign/G4v11_sim/Sim_Hybrid-v4.5.1/sim_data/filtered/internals/SSi_U235_99_filtered.root
Done processing /disk/data1/lze/ljuign/G4v11_sim/Sim_Hybrid-v4.5.1/sim_data/base/internals/SSi_U235_99.root
Filtering /disk/data1/lze/ljuign/G4v11_sim/Sim_Hybrid-v4.5.1/sim_data/base/internals/SSi_U235_9.root ...

Processing /disk/data1/lze/ljuign/TESSERACT_Simulation_Analysis/tesssa/cpp/VD_single_filtering.cc("/disk/data1/lze/ljuign/G4v11_sim/Sim_Hybrid-v4.5.1/sim_data/base/internals/SSi_U235_9.root","/disk/data1/lze/ljuign/G4v11_sim/Sim_Hybrid-v4.5.1/sim_data/filtered/internals")...
Processing file: /disk/data1/lze/ljuign/G4v11_sim/Sim_Hybrid-v4.5.1/sim_data/base/internals/SSi_U235_9.root
Writing 6648 entries to /disk/data1/lze/ljuign/G4v11_sim/Sim_Hybrid-v4.5.1/sim_data/filtered/internals/SSi_U235_9_filtered.root
Done processing /disk/data1/lze/ljuign/G4v11_sim/Sim_Hybrid-v4.5.1/sim_data/base/internals/SSi_U235_9.root
Job for U235 finished!
