----------------------------------------
Processing isotope: Cs137
Files matching pattern: /disk/data1/lze/ljuign/G4v11_sim/Sim_Hybrid-v4.5.1/sim_data/base/internals/SSi_Cs137_*.root
----------------------------------------
Filtering /disk/data1/lze/ljuign/G4v11_sim/Sim_Hybrid-v4.5.1/sim_data/base/internals/SSi_Cs137_0.root ...

Processing /disk/data1/lze/ljuign/TESSERACT_Simulation_Analysis/tesssa/cpp/VD_single_filtering.cc("/disk/data1/lze/ljuign/G4v11_sim/Sim_Hybrid-v4.5.1/sim_data/base/internals/SSi_Cs137_0.root","/disk/data1/lze/ljuign/G4v11_sim/Sim_Hybrid-v4.5.1/sim_data/filtered/internals")...
Processing file: /disk/data1/lze/ljuign/G4v11_sim/Sim_Hybrid-v4.5.1/sim_data/base/internals/SSi_Cs137_0.root
Writing 23151 entries to /disk/data1/lze/ljuign/G4v11_sim/Sim_Hybrid-v4.5.1/sim_data/filtered/internals/SSi_Cs137_0_filtered.root
Done processing /disk/data1/lze/ljuign/G4v11_sim/Sim_Hybrid-v4.5.1/sim_data/base/internals/SSi_Cs137_0.root
Filtering /disk/data1/lze/ljuign/G4v11_sim/Sim_Hybrid-v4.5.1/sim_data/base/internals/SSi_Cs137_10.root ...

Processing /disk/data1/lze/ljuign/TESSERACT_Simulation_Analysis/tesssa/cpp/VD_single_filtering.cc("/disk/data1/lze/ljuign/G4v11_sim/Sim_Hybrid-v4.5.1/sim_data/base/internals/SSi_Cs137_10.root","/disk/data1/lze/ljuign/G4v11_sim/Sim_Hybrid-v4.5.1/sim_data/filtered/internals")...
Processing file: /disk/data1/lze/ljuign/G4v11_sim/Sim_Hybrid-v4.5.1/sim_data/base/internals/SSi_Cs137_10.root
Writing 23764 entries to /disk/data1/lze/ljuign/G4v11_sim/Sim_Hybrid-v4.5.1/sim_data/filtered/internals/SSi_Cs137_10_filtered.root
Done processing /disk/data1/lze/ljuign/G4v11_sim/Sim_Hybrid-v4.5.1/sim_data/base/internals/SSi_Cs137_10.root
Filtering /disk/data1/lze/ljuign/G4v11_sim/Sim_Hybrid-v4.5.1/sim_data/base/internals/SSi_Cs137_11.root ...

Processing /disk/data1/lze/ljuign/TESSERACT_Simulation_Analysis/tesssa/cpp/VD_single_filtering.cc("/disk/data1/lze/ljuign/G4v11_sim/Sim_Hybrid-v4.5.1/sim_data/base/internals/SSi_Cs137_11.root","/disk/data1/lze/ljuign/G4v11_sim/Sim_Hybrid-v4.5.1/sim_data/filtered/internals")...
Processing file: /disk/data1/lze/ljuign/G4v11_sim/Sim_Hybrid-v4.5.1/sim_data/base/internals/SSi_Cs137_11.root
Writing 23045 entries to /disk/data1/lze/ljuign/G4v11_sim/Sim_Hybrid-v4.5.1/sim_data/filtered/internals/SSi_Cs137_11_filtered.root
Done processing /disk/data1/lze/ljuign/G4v11_sim/Sim_Hybrid-v4.5.1/sim_data/base/internals/SSi_Cs137_11.root
Filtering /disk/data1/lze/ljuign/G4v11_sim/Sim_Hybrid-v4.5.1/sim_data/base/internals/SSi_Cs137_12.root ...

Processing /disk/data1/lze/ljuign/TESSERACT_Simulation_Analysis/tesssa/cpp/VD_single_filtering.cc("/disk/data1/lze/ljuign/G4v11_sim/Sim_Hybrid-v4.5.1/sim_data/base/internals/SSi_Cs137_12.root","/disk/data1/lze/ljuign/G4v11_sim/Sim_Hybrid-v4.5.1/sim_data/filtered/internals")...
Processing file: /disk/data1/lze/ljuign/G4v11_sim/Sim_Hybrid-v4.5.1/sim_data/base/internals/SSi_Cs137_12.root
Writing 22912 entries to /disk/data1/lze/ljuign/G4v11_sim/Sim_Hybrid-v4.5.1/sim_data/filtered/internals/SSi_Cs137_12_filtered.root
Done processing /disk/data1/lze/ljuign/G4v11_sim/Sim_Hybrid-v4.5.1/sim_data/base/internals/SSi_Cs137_12.root
Filtering /disk/data1/lze/ljuign/G4v11_sim/Sim_Hybrid-v4.5.1/sim_data/base/internals/SSi_Cs137_13.root ...

Processing /disk/data1/lze/ljuign/TESSERACT_Simulation_Analysis/tesssa/cpp/VD_single_filtering.cc("/disk/data1/lze/ljuign/G4v11_sim/Sim_Hybrid-v4.5.1/sim_data/base/internals/SSi_Cs137_13.root","/disk/data1/lze/ljuign/G4v11_sim/Sim_Hybrid-v4.5.1/sim_data/filtered/internals")...
Processing file: /disk/data1/lze/ljuign/G4v11_sim/Sim_Hybrid-v4.5.1/sim_data/base/internals/SSi_Cs137_13.root
Writing 22990 entries to /disk/data1/lze/ljuign/G4v11_sim/Sim_Hybrid-v4.5.1/sim_data/filtered/internals/SSi_Cs137_13_filtered.root
Done processing /disk/data1/lze/ljuign/G4v11_sim/Sim_Hybrid-v4.5.1/sim_data/base/internals/SSi_Cs137_13.root
Filtering /disk/data1/lze/ljuign/G4v11_sim/Sim_Hybrid-v4.5.1/sim_data/base/internals/SSi_Cs137_14.root ...

Processing /disk/data1/lze/ljuign/TESSERACT_Simulation_Analysis/tesssa/cpp/VD_single_filtering.cc("/disk/data1/lze/ljuign/G4v11_sim/Sim_Hybrid-v4.5.1/sim_data/base/internals/SSi_Cs137_14.root","/disk/data1/lze/ljuign/G4v11_sim/Sim_Hybrid-v4.5.1/sim_data/filtered/internals")...
Processing file: /disk/data1/lze/ljuign/G4v11_sim/Sim_Hybrid-v4.5.1/sim_data/base/internals/SSi_Cs137_14.root
Writing 23262 entries to /disk/data1/lze/ljuign/G4v11_sim/Sim_Hybrid-v4.5.1/sim_data/filtered/internals/SSi_Cs137_14_filtered.root
Done processing /disk/data1/lze/ljuign/G4v11_sim/Sim_Hybrid-v4.5.1/sim_data/base/internals/SSi_Cs137_14.root
Filtering /disk/data1/lze/ljuign/G4v11_sim/Sim_Hybrid-v4.5.1/sim_data/base/internals/SSi_Cs137_15.root ...

Processing /disk/data1/lze/ljuign/TESSERACT_Simulation_Analysis/tesssa/cpp/VD_single_filtering.cc("/disk/data1/lze/ljuign/G4v11_sim/Sim_Hybrid-v4.5.1/sim_data/base/internals/SSi_Cs137_15.root","/disk/data1/lze/ljuign/G4v11_sim/Sim_Hybrid-v4.5.1/sim_data/filtered/internals")...
Processing file: /disk/data1/lze/ljuign/G4v11_sim/Sim_Hybrid-v4.5.1/sim_data/base/internals/SSi_Cs137_15.root
Writing 23232 entries to /disk/data1/lze/ljuign/G4v11_sim/Sim_Hybrid-v4.5.1/sim_data/filtered/internals/SSi_Cs137_15_filtered.root
Done processing /disk/data1/lze/ljuign/G4v11_sim/Sim_Hybrid-v4.5.1/sim_data/base/internals/SSi_Cs137_15.root
Filtering /disk/data1/lze/ljuign/G4v11_sim/Sim_Hybrid-v4.5.1/sim_data/base/internals/SSi_Cs137_16.root ...

Processing /disk/data1/lze/ljuign/TESSERACT_Simulation_Analysis/tesssa/cpp/VD_single_filtering.cc("/disk/data1/lze/ljuign/G4v11_sim/Sim_Hybrid-v4.5.1/sim_data/base/internals/SSi_Cs137_16.root","/disk/data1/lze/ljuign/G4v11_sim/Sim_Hybrid-v4.5.1/sim_data/filtered/internals")...
Processing file: /disk/data1/lze/ljuign/G4v11_sim/Sim_Hybrid-v4.5.1/sim_data/base/internals/SSi_Cs137_16.root
Writing 23616 entries to /disk/data1/lze/ljuign/G4v11_sim/Sim_Hybrid-v4.5.1/sim_data/filtered/internals/SSi_Cs137_16_filtered.root
Done processing /disk/data1/lze/ljuign/G4v11_sim/Sim_Hybrid-v4.5.1/sim_data/base/internals/SSi_Cs137_16.root
Filtering /disk/data1/lze/ljuign/G4v11_sim/Sim_Hybrid-v4.5.1/sim_data/base/internals/SSi_Cs137_17.root ...

Processing /disk/data1/lze/ljuign/TESSERACT_Simulation_Analysis/tesssa/cpp/VD_single_filtering.cc("/disk/data1/lze/ljuign/G4v11_sim/Sim_Hybrid-v4.5.1/sim_data/base/internals/SSi_Cs137_17.root","/disk/data1/lze/ljuign/G4v11_sim/Sim_Hybrid-v4.5.1/sim_data/filtered/internals")...
Processing file: /disk/data1/lze/ljuign/G4v11_sim/Sim_Hybrid-v4.5.1/sim_data/base/internals/SSi_Cs137_17.root
Writing 23368 entries to /disk/data1/lze/ljuign/G4v11_sim/Sim_Hybrid-v4.5.1/sim_data/filtered/internals/SSi_Cs137_17_filtered.root
Done processing /disk/data1/lze/ljuign/G4v11_sim/Sim_Hybrid-v4.5.1/sim_data/base/internals/SSi_Cs137_17.root
Filtering /disk/data1/lze/ljuign/G4v11_sim/Sim_Hybrid-v4.5.1/sim_data/base/internals/SSi_Cs137_18.root ...

Processing /disk/data1/lze/ljuign/TESSERACT_Simulation_Analysis/tesssa/cpp/VD_single_filtering.cc("/disk/data1/lze/ljuign/G4v11_sim/Sim_Hybrid-v4.5.1/sim_data/base/internals/SSi_Cs137_18.root","/disk/data1/lze/ljuign/G4v11_sim/Sim_Hybrid-v4.5.1/sim_data/filtered/internals")...
Processing file: /disk/data1/lze/ljuign/G4v11_sim/Sim_Hybrid-v4.5.1/sim_data/base/internals/SSi_Cs137_18.root
Writing 23400 entries to /disk/data1/lze/ljuign/G4v11_sim/Sim_Hybrid-v4.5.1/sim_data/filtered/internals/SSi_Cs137_18_filtered.root
Done processing /disk/data1/lze/ljuign/G4v11_sim/Sim_Hybrid-v4.5.1/sim_data/base/internals/SSi_Cs137_18.root
Filtering /disk/data1/lze/ljuign/G4v11_sim/Sim_Hybrid-v4.5.1/sim_data/base/internals/SSi_Cs137_19.root ...

Processing /disk/data1/lze/ljuign/TESSERACT_Simulation_Analysis/tesssa/cpp/VD_single_filtering.cc("/disk/data1/lze/ljuign/G4v11_sim/Sim_Hybrid-v4.5.1/sim_data/base/internals/SSi_Cs137_19.root","/disk/data1/lze/ljuign/G4v11_sim/Sim_Hybrid-v4.5.1/sim_data/filtered/internals")...
Processing file: /disk/data1/lze/ljuign/G4v11_sim/Sim_Hybrid-v4.5.1/sim_data/base/internals/SSi_Cs137_19.root
Writing 23072 entries to /disk/data1/lze/ljuign/G4v11_sim/Sim_Hybrid-v4.5.1/sim_data/filtered/internals/SSi_Cs137_19_filtered.root
Done processing /disk/data1/lze/ljuign/G4v11_sim/Sim_Hybrid-v4.5.1/sim_data/base/internals/SSi_Cs137_19.root
Filtering /disk/data1/lze/ljuign/G4v11_sim/Sim_Hybrid-v4.5.1/sim_data/base/internals/SSi_Cs137_1.root ...

Processing /disk/data1/lze/ljuign/TESSERACT_Simulation_Analysis/tesssa/cpp/VD_single_filtering.cc("/disk/data1/lze/ljuign/G4v11_sim/Sim_Hybrid-v4.5.1/sim_data/base/internals/SSi_Cs137_1.root","/disk/data1/lze/ljuign/G4v11_sim/Sim_Hybrid-v4.5.1/sim_data/filtered/internals")...
Processing file: /disk/data1/lze/ljuign/G4v11_sim/Sim_Hybrid-v4.5.1/sim_data/base/internals/SSi_Cs137_1.root
Writing 23644 entries to /disk/data1/lze/ljuign/G4v11_sim/Sim_Hybrid-v4.5.1/sim_data/filtered/internals/SSi_Cs137_1_filtered.root
Done processing /disk/data1/lze/ljuign/G4v11_sim/Sim_Hybrid-v4.5.1/sim_data/base/internals/SSi_Cs137_1.root
Filtering /disk/data1/lze/ljuign/G4v11_sim/Sim_Hybrid-v4.5.1/sim_data/base/internals/SSi_Cs137_20.root ...

Processing /disk/data1/lze/ljuign/TESSERACT_Simulation_Analysis/tesssa/cpp/VD_single_filtering.cc("/disk/data1/lze/ljuign/G4v11_sim/Sim_Hybrid-v4.5.1/sim_data/base/internals/SSi_Cs137_20.root","/disk/data1/lze/ljuign/G4v11_sim/Sim_Hybrid-v4.5.1/sim_data/filtered/internals")...
Processing file: /disk/data1/lze/ljuign/G4v11_sim/Sim_Hybrid-v4.5.1/sim_data/base/internals/SSi_Cs137_20.root
Writing 23244 entries to /disk/data1/lze/ljuign/G4v11_sim/Sim_Hybrid-v4.5.1/sim_data/filtered/internals/SSi_Cs137_20_filtered.root
Done processing /disk/data1/lze/ljuign/G4v11_sim/Sim_Hybrid-v4.5.1/sim_data/base/internals/SSi_Cs137_20.root
Filtering /disk/data1/lze/ljuign/G4v11_sim/Sim_Hybrid-v4.5.1/sim_data/base/internals/SSi_Cs137_21.root ...

Processing /disk/data1/lze/ljuign/TESSERACT_Simulation_Analysis/tesssa/cpp/VD_single_filtering.cc("/disk/data1/lze/ljuign/G4v11_sim/Sim_Hybrid-v4.5.1/sim_data/base/internals/SSi_Cs137_21.root","/disk/data1/lze/ljuign/G4v11_sim/Sim_Hybrid-v4.5.1/sim_data/filtered/internals")...
Processing file: /disk/data1/lze/ljuign/G4v11_sim/Sim_Hybrid-v4.5.1/sim_data/base/internals/SSi_Cs137_21.root
Writing 23904 entries to /disk/data1/lze/ljuign/G4v11_sim/Sim_Hybrid-v4.5.1/sim_data/filtered/internals/SSi_Cs137_21_filtered.root
Done processing /disk/data1/lze/ljuign/G4v11_sim/Sim_Hybrid-v4.5.1/sim_data/base/internals/SSi_Cs137_21.root
Filtering /disk/data1/lze/ljuign/G4v11_sim/Sim_Hybrid-v4.5.1/sim_data/base/internals/SSi_Cs137_22.root ...

Processing /disk/data1/lze/ljuign/TESSERACT_Simulation_Analysis/tesssa/cpp/VD_single_filtering.cc("/disk/data1/lze/ljuign/G4v11_sim/Sim_Hybrid-v4.5.1/sim_data/base/internals/SSi_Cs137_22.root","/disk/data1/lze/ljuign/G4v11_sim/Sim_Hybrid-v4.5.1/sim_data/filtered/internals")...
Processing file: /disk/data1/lze/ljuign/G4v11_sim/Sim_Hybrid-v4.5.1/sim_data/base/internals/SSi_Cs137_22.root
Writing 22464 entries to /disk/data1/lze/ljuign/G4v11_sim/Sim_Hybrid-v4.5.1/sim_data/filtered/internals/SSi_Cs137_22_filtered.root
Done processing /disk/data1/lze/ljuign/G4v11_sim/Sim_Hybrid-v4.5.1/sim_data/base/internals/SSi_Cs137_22.root
Filtering /disk/data1/lze/ljuign/G4v11_sim/Sim_Hybrid-v4.5.1/sim_data/base/internals/SSi_Cs137_23.root ...

Processing /disk/data1/lze/ljuign/TESSERACT_Simulation_Analysis/tesssa/cpp/VD_single_filtering.cc("/disk/data1/lze/ljuign/G4v11_sim/Sim_Hybrid-v4.5.1/sim_data/base/internals/SSi_Cs137_23.root","/disk/data1/lze/ljuign/G4v11_sim/Sim_Hybrid-v4.5.1/sim_data/filtered/internals")...
Processing file: /disk/data1/lze/ljuign/G4v11_sim/Sim_Hybrid-v4.5.1/sim_data/base/internals/SSi_Cs137_23.root
Writing 22889 entries to /disk/data1/lze/ljuign/G4v11_sim/Sim_Hybrid-v4.5.1/sim_data/filtered/internals/SSi_Cs137_23_filtered.root
Done processing /disk/data1/lze/ljuign/G4v11_sim/Sim_Hybrid-v4.5.1/sim_data/base/internals/SSi_Cs137_23.root
Filtering /disk/data1/lze/ljuign/G4v11_sim/Sim_Hybrid-v4.5.1/sim_data/base/internals/SSi_Cs137_24.root ...

Processing /disk/data1/lze/ljuign/TESSERACT_Simulation_Analysis/tesssa/cpp/VD_single_filtering.cc("/disk/data1/lze/ljuign/G4v11_sim/Sim_Hybrid-v4.5.1/sim_data/base/internals/SSi_Cs137_24.root","/disk/data1/lze/ljuign/G4v11_sim/Sim_Hybrid-v4.5.1/sim_data/filtered/internals")...
Processing file: /disk/data1/lze/ljuign/G4v11_sim/Sim_Hybrid-v4.5.1/sim_data/base/internals/SSi_Cs137_24.root
Writing 23781 entries to /disk/data1/lze/ljuign/G4v11_sim/Sim_Hybrid-v4.5.1/sim_data/filtered/internals/SSi_Cs137_24_filtered.root
Done processing /disk/data1/lze/ljuign/G4v11_sim/Sim_Hybrid-v4.5.1/sim_data/base/internals/SSi_Cs137_24.root
Filtering /disk/data1/lze/ljuign/G4v11_sim/Sim_Hybrid-v4.5.1/sim_data/base/internals/SSi_Cs137_25.root ...

Processing /disk/data1/lze/ljuign/TESSERACT_Simulation_Analysis/tesssa/cpp/VD_single_filtering.cc("/disk/data1/lze/ljuign/G4v11_sim/Sim_Hybrid-v4.5.1/sim_data/base/internals/SSi_Cs137_25.root","/disk/data1/lze/ljuign/G4v11_sim/Sim_Hybrid-v4.5.1/sim_data/filtered/internals")...
Processing file: /disk/data1/lze/ljuign/G4v11_sim/Sim_Hybrid-v4.5.1/sim_data/base/internals/SSi_Cs137_25.root
Writing 23542 entries to /disk/data1/lze/ljuign/G4v11_sim/Sim_Hybrid-v4.5.1/sim_data/filtered/internals/SSi_Cs137_25_filtered.root
Done processing /disk/data1/lze/ljuign/G4v11_sim/Sim_Hybrid-v4.5.1/sim_data/base/internals/SSi_Cs137_25.root
Filtering /disk/data1/lze/ljuign/G4v11_sim/Sim_Hybrid-v4.5.1/sim_data/base/internals/SSi_Cs137_26.root ...

Processing /disk/data1/lze/ljuign/TESSERACT_Simulation_Analysis/tesssa/cpp/VD_single_filtering.cc("/disk/data1/lze/ljuign/G4v11_sim/Sim_Hybrid-v4.5.1/sim_data/base/internals/SSi_Cs137_26.root","/disk/data1/lze/ljuign/G4v11_sim/Sim_Hybrid-v4.5.1/sim_data/filtered/internals")...
Processing file: /disk/data1/lze/ljuign/G4v11_sim/Sim_Hybrid-v4.5.1/sim_data/base/internals/SSi_Cs137_26.root
Writing 23331 entries to /disk/data1/lze/ljuign/G4v11_sim/Sim_Hybrid-v4.5.1/sim_data/filtered/internals/SSi_Cs137_26_filtered.root
Done processing /disk/data1/lze/ljuign/G4v11_sim/Sim_Hybrid-v4.5.1/sim_data/base/internals/SSi_Cs137_26.root
Filtering /disk/data1/lze/ljuign/G4v11_sim/Sim_Hybrid-v4.5.1/sim_data/base/internals/SSi_Cs137_27.root ...

Processing /disk/data1/lze/ljuign/TESSERACT_Simulation_Analysis/tesssa/cpp/VD_single_filtering.cc("/disk/data1/lze/ljuign/G4v11_sim/Sim_Hybrid-v4.5.1/sim_data/base/internals/SSi_Cs137_27.root","/disk/data1/lze/ljuign/G4v11_sim/Sim_Hybrid-v4.5.1/sim_data/filtered/internals")...
Processing file: /disk/data1/lze/ljuign/G4v11_sim/Sim_Hybrid-v4.5.1/sim_data/base/internals/SSi_Cs137_27.root
Writing 22847 entries to /disk/data1/lze/ljuign/G4v11_sim/Sim_Hybrid-v4.5.1/sim_data/filtered/internals/SSi_Cs137_27_filtered.root
Done processing /disk/data1/lze/ljuign/G4v11_sim/Sim_Hybrid-v4.5.1/sim_data/base/internals/SSi_Cs137_27.root
Filtering /disk/data1/lze/ljuign/G4v11_sim/Sim_Hybrid-v4.5.1/sim_data/base/internals/SSi_Cs137_28.root ...

Processing /disk/data1/lze/ljuign/TESSERACT_Simulation_Analysis/tesssa/cpp/VD_single_filtering.cc("/disk/data1/lze/ljuign/G4v11_sim/Sim_Hybrid-v4.5.1/sim_data/base/internals/SSi_Cs137_28.root","/disk/data1/lze/ljuign/G4v11_sim/Sim_Hybrid-v4.5.1/sim_data/filtered/internals")...
Processing file: /disk/data1/lze/ljuign/G4v11_sim/Sim_Hybrid-v4.5.1/sim_data/base/internals/SSi_Cs137_28.root
Writing 23369 entries to /disk/data1/lze/ljuign/G4v11_sim/Sim_Hybrid-v4.5.1/sim_data/filtered/internals/SSi_Cs137_28_filtered.root
Done processing /disk/data1/lze/ljuign/G4v11_sim/Sim_Hybrid-v4.5.1/sim_data/base/internals/SSi_Cs137_28.root
Filtering /disk/data1/lze/ljuign/G4v11_sim/Sim_Hybrid-v4.5.1/sim_data/base/internals/SSi_Cs137_29.root ...

Processing /disk/data1/lze/ljuign/TESSERACT_Simulation_Analysis/tesssa/cpp/VD_single_filtering.cc("/disk/data1/lze/ljuign/G4v11_sim/Sim_Hybrid-v4.5.1/sim_data/base/internals/SSi_Cs137_29.root","/disk/data1/lze/ljuign/G4v11_sim/Sim_Hybrid-v4.5.1/sim_data/filtered/internals")...
Processing file: /disk/data1/lze/ljuign/G4v11_sim/Sim_Hybrid-v4.5.1/sim_data/base/internals/SSi_Cs137_29.root
Writing 23383 entries to /disk/data1/lze/ljuign/G4v11_sim/Sim_Hybrid-v4.5.1/sim_data/filtered/internals/SSi_Cs137_29_filtered.root
Done processing /disk/data1/lze/ljuign/G4v11_sim/Sim_Hybrid-v4.5.1/sim_data/base/internals/SSi_Cs137_29.root
Filtering /disk/data1/lze/ljuign/G4v11_sim/Sim_Hybrid-v4.5.1/sim_data/base/internals/SSi_Cs137_2.root ...

Processing /disk/data1/lze/ljuign/TESSERACT_Simulation_Analysis/tesssa/cpp/VD_single_filtering.cc("/disk/data1/lze/ljuign/G4v11_sim/Sim_Hybrid-v4.5.1/sim_data/base/internals/SSi_Cs137_2.root","/disk/data1/lze/ljuign/G4v11_sim/Sim_Hybrid-v4.5.1/sim_data/filtered/internals")...
Processing file: /disk/data1/lze/ljuign/G4v11_sim/Sim_Hybrid-v4.5.1/sim_data/base/internals/SSi_Cs137_2.root
Writing 23131 entries to /disk/data1/lze/ljuign/G4v11_sim/Sim_Hybrid-v4.5.1/sim_data/filtered/internals/SSi_Cs137_2_filtered.root
Done processing /disk/data1/lze/ljuign/G4v11_sim/Sim_Hybrid-v4.5.1/sim_data/base/internals/SSi_Cs137_2.root
Filtering /disk/data1/lze/ljuign/G4v11_sim/Sim_Hybrid-v4.5.1/sim_data/base/internals/SSi_Cs137_30.root ...

Processing /disk/data1/lze/ljuign/TESSERACT_Simulation_Analysis/tesssa/cpp/VD_single_filtering.cc("/disk/data1/lze/ljuign/G4v11_sim/Sim_Hybrid-v4.5.1/sim_data/base/internals/SSi_Cs137_30.root","/disk/data1/lze/ljuign/G4v11_sim/Sim_Hybrid-v4.5.1/sim_data/filtered/internals")...
Processing file: /disk/data1/lze/ljuign/G4v11_sim/Sim_Hybrid-v4.5.1/sim_data/base/internals/SSi_Cs137_30.root
Writing 23301 entries to /disk/data1/lze/ljuign/G4v11_sim/Sim_Hybrid-v4.5.1/sim_data/filtered/internals/SSi_Cs137_30_filtered.root
Done processing /disk/data1/lze/ljuign/G4v11_sim/Sim_Hybrid-v4.5.1/sim_data/base/internals/SSi_Cs137_30.root
Filtering /disk/data1/lze/ljuign/G4v11_sim/Sim_Hybrid-v4.5.1/sim_data/base/internals/SSi_Cs137_31.root ...

Processing /disk/data1/lze/ljuign/TESSERACT_Simulation_Analysis/tesssa/cpp/VD_single_filtering.cc("/disk/data1/lze/ljuign/G4v11_sim/Sim_Hybrid-v4.5.1/sim_data/base/internals/SSi_Cs137_31.root","/disk/data1/lze/ljuign/G4v11_sim/Sim_Hybrid-v4.5.1/sim_data/filtered/internals")...
Processing file: /disk/data1/lze/ljuign/G4v11_sim/Sim_Hybrid-v4.5.1/sim_data/base/internals/SSi_Cs137_31.root
Writing 24051 entries to /disk/data1/lze/ljuign/G4v11_sim/Sim_Hybrid-v4.5.1/sim_data/filtered/internals/SSi_Cs137_31_filtered.root
Done processing /disk/data1/lze/ljuign/G4v11_sim/Sim_Hybrid-v4.5.1/sim_data/base/internals/SSi_Cs137_31.root
Filtering /disk/data1/lze/ljuign/G4v11_sim/Sim_Hybrid-v4.5.1/sim_data/base/internals/SSi_Cs137_32.root ...

Processing /disk/data1/lze/ljuign/TESSERACT_Simulation_Analysis/tesssa/cpp/VD_single_filtering.cc("/disk/data1/lze/ljuign/G4v11_sim/Sim_Hybrid-v4.5.1/sim_data/base/internals/SSi_Cs137_32.root","/disk/data1/lze/ljuign/G4v11_sim/Sim_Hybrid-v4.5.1/sim_data/filtered/internals")...
Processing file: /disk/data1/lze/ljuign/G4v11_sim/Sim_Hybrid-v4.5.1/sim_data/base/internals/SSi_Cs137_32.root
Writing 23813 entries to /disk/data1/lze/ljuign/G4v11_sim/Sim_Hybrid-v4.5.1/sim_data/filtered/internals/SSi_Cs137_32_filtered.root
Done processing /disk/data1/lze/ljuign/G4v11_sim/Sim_Hybrid-v4.5.1/sim_data/base/internals/SSi_Cs137_32.root
Filtering /disk/data1/lze/ljuign/G4v11_sim/Sim_Hybrid-v4.5.1/sim_data/base/internals/SSi_Cs137_33.root ...

Processing /disk/data1/lze/ljuign/TESSERACT_Simulation_Analysis/tesssa/cpp/VD_single_filtering.cc("/disk/data1/lze/ljuign/G4v11_sim/Sim_Hybrid-v4.5.1/sim_data/base/internals/SSi_Cs137_33.root","/disk/data1/lze/ljuign/G4v11_sim/Sim_Hybrid-v4.5.1/sim_data/filtered/internals")...
Processing file: /disk/data1/lze/ljuign/G4v11_sim/Sim_Hybrid-v4.5.1/sim_data/base/internals/SSi_Cs137_33.root
Writing 23541 entries to /disk/data1/lze/ljuign/G4v11_sim/Sim_Hybrid-v4.5.1/sim_data/filtered/internals/SSi_Cs137_33_filtered.root
Done processing /disk/data1/lze/ljuign/G4v11_sim/Sim_Hybrid-v4.5.1/sim_data/base/internals/SSi_Cs137_33.root
Filtering /disk/data1/lze/ljuign/G4v11_sim/Sim_Hybrid-v4.5.1/sim_data/base/internals/SSi_Cs137_34.root ...

Processing /disk/data1/lze/ljuign/TESSERACT_Simulation_Analysis/tesssa/cpp/VD_single_filtering.cc("/disk/data1/lze/ljuign/G4v11_sim/Sim_Hybrid-v4.5.1/sim_data/base/internals/SSi_Cs137_34.root","/disk/data1/lze/ljuign/G4v11_sim/Sim_Hybrid-v4.5.1/sim_data/filtered/internals")...
Processing file: /disk/data1/lze/ljuign/G4v11_sim/Sim_Hybrid-v4.5.1/sim_data/base/internals/SSi_Cs137_34.root
Writing 23592 entries to /disk/data1/lze/ljuign/G4v11_sim/Sim_Hybrid-v4.5.1/sim_data/filtered/internals/SSi_Cs137_34_filtered.root
Done processing /disk/data1/lze/ljuign/G4v11_sim/Sim_Hybrid-v4.5.1/sim_data/base/internals/SSi_Cs137_34.root
Filtering /disk/data1/lze/ljuign/G4v11_sim/Sim_Hybrid-v4.5.1/sim_data/base/internals/SSi_Cs137_35.root ...

Processing /disk/data1/lze/ljuign/TESSERACT_Simulation_Analysis/tesssa/cpp/VD_single_filtering.cc("/disk/data1/lze/ljuign/G4v11_sim/Sim_Hybrid-v4.5.1/sim_data/base/internals/SSi_Cs137_35.root","/disk/data1/lze/ljuign/G4v11_sim/Sim_Hybrid-v4.5.1/sim_data/filtered/internals")...
Processing file: /disk/data1/lze/ljuign/G4v11_sim/Sim_Hybrid-v4.5.1/sim_data/base/internals/SSi_Cs137_35.root
Writing 23343 entries to /disk/data1/lze/ljuign/G4v11_sim/Sim_Hybrid-v4.5.1/sim_data/filtered/internals/SSi_Cs137_35_filtered.root
Done processing /disk/data1/lze/ljuign/G4v11_sim/Sim_Hybrid-v4.5.1/sim_data/base/internals/SSi_Cs137_35.root
Filtering /disk/data1/lze/ljuign/G4v11_sim/Sim_Hybrid-v4.5.1/sim_data/base/internals/SSi_Cs137_36.root ...

Processing /disk/data1/lze/ljuign/TESSERACT_Simulation_Analysis/tesssa/cpp/VD_single_filtering.cc("/disk/data1/lze/ljuign/G4v11_sim/Sim_Hybrid-v4.5.1/sim_data/base/internals/SSi_Cs137_36.root","/disk/data1/lze/ljuign/G4v11_sim/Sim_Hybrid-v4.5.1/sim_data/filtered/internals")...
Processing file: /disk/data1/lze/ljuign/G4v11_sim/Sim_Hybrid-v4.5.1/sim_data/base/internals/SSi_Cs137_36.root
Writing 23587 entries to /disk/data1/lze/ljuign/G4v11_sim/Sim_Hybrid-v4.5.1/sim_data/filtered/internals/SSi_Cs137_36_filtered.root
Done processing /disk/data1/lze/ljuign/G4v11_sim/Sim_Hybrid-v4.5.1/sim_data/base/internals/SSi_Cs137_36.root
Filtering /disk/data1/lze/ljuign/G4v11_sim/Sim_Hybrid-v4.5.1/sim_data/base/internals/SSi_Cs137_37.root ...

Processing /disk/data1/lze/ljuign/TESSERACT_Simulation_Analysis/tesssa/cpp/VD_single_filtering.cc("/disk/data1/lze/ljuign/G4v11_sim/Sim_Hybrid-v4.5.1/sim_data/base/internals/SSi_Cs137_37.root","/disk/data1/lze/ljuign/G4v11_sim/Sim_Hybrid-v4.5.1/sim_data/filtered/internals")...
Processing file: /disk/data1/lze/ljuign/G4v11_sim/Sim_Hybrid-v4.5.1/sim_data/base/internals/SSi_Cs137_37.root
Writing 23045 entries to /disk/data1/lze/ljuign/G4v11_sim/Sim_Hybrid-v4.5.1/sim_data/filtered/internals/SSi_Cs137_37_filtered.root
Done processing /disk/data1/lze/ljuign/G4v11_sim/Sim_Hybrid-v4.5.1/sim_data/base/internals/SSi_Cs137_37.root
Filtering /disk/data1/lze/ljuign/G4v11_sim/Sim_Hybrid-v4.5.1/sim_data/base/internals/SSi_Cs137_38.root ...

Processing /disk/data1/lze/ljuign/TESSERACT_Simulation_Analysis/tesssa/cpp/VD_single_filtering.cc("/disk/data1/lze/ljuign/G4v11_sim/Sim_Hybrid-v4.5.1/sim_data/base/internals/SSi_Cs137_38.root","/disk/data1/lze/ljuign/G4v11_sim/Sim_Hybrid-v4.5.1/sim_data/filtered/internals")...
Processing file: /disk/data1/lze/ljuign/G4v11_sim/Sim_Hybrid-v4.5.1/sim_data/base/internals/SSi_Cs137_38.root
Writing 22897 entries to /disk/data1/lze/ljuign/G4v11_sim/Sim_Hybrid-v4.5.1/sim_data/filtered/internals/SSi_Cs137_38_filtered.root
Done processing /disk/data1/lze/ljuign/G4v11_sim/Sim_Hybrid-v4.5.1/sim_data/base/internals/SSi_Cs137_38.root
Filtering /disk/data1/lze/ljuign/G4v11_sim/Sim_Hybrid-v4.5.1/sim_data/base/internals/SSi_Cs137_39.root ...

Processing /disk/data1/lze/ljuign/TESSERACT_Simulation_Analysis/tesssa/cpp/VD_single_filtering.cc("/disk/data1/lze/ljuign/G4v11_sim/Sim_Hybrid-v4.5.1/sim_data/base/internals/SSi_Cs137_39.root","/disk/data1/lze/ljuign/G4v11_sim/Sim_Hybrid-v4.5.1/sim_data/filtered/internals")...
Processing file: /disk/data1/lze/ljuign/G4v11_sim/Sim_Hybrid-v4.5.1/sim_data/base/internals/SSi_Cs137_39.root
Writing 23409 entries to /disk/data1/lze/ljuign/G4v11_sim/Sim_Hybrid-v4.5.1/sim_data/filtered/internals/SSi_Cs137_39_filtered.root
Done processing /disk/data1/lze/ljuign/G4v11_sim/Sim_Hybrid-v4.5.1/sim_data/base/internals/SSi_Cs137_39.root
Filtering /disk/data1/lze/ljuign/G4v11_sim/Sim_Hybrid-v4.5.1/sim_data/base/internals/SSi_Cs137_3.root ...

Processing /disk/data1/lze/ljuign/TESSERACT_Simulation_Analysis/tesssa/cpp/VD_single_filtering.cc("/disk/data1/lze/ljuign/G4v11_sim/Sim_Hybrid-v4.5.1/sim_data/base/internals/SSi_Cs137_3.root","/disk/data1/lze/ljuign/G4v11_sim/Sim_Hybrid-v4.5.1/sim_data/filtered/internals")...
Processing file: /disk/data1/lze/ljuign/G4v11_sim/Sim_Hybrid-v4.5.1/sim_data/base/internals/SSi_Cs137_3.root
Writing 23730 entries to /disk/data1/lze/ljuign/G4v11_sim/Sim_Hybrid-v4.5.1/sim_data/filtered/internals/SSi_Cs137_3_filtered.root
Done processing /disk/data1/lze/ljuign/G4v11_sim/Sim_Hybrid-v4.5.1/sim_data/base/internals/SSi_Cs137_3.root
Filtering /disk/data1/lze/ljuign/G4v11_sim/Sim_Hybrid-v4.5.1/sim_data/base/internals/SSi_Cs137_40.root ...

Processing /disk/data1/lze/ljuign/TESSERACT_Simulation_Analysis/tesssa/cpp/VD_single_filtering.cc("/disk/data1/lze/ljuign/G4v11_sim/Sim_Hybrid-v4.5.1/sim_data/base/internals/SSi_Cs137_40.root","/disk/data1/lze/ljuign/G4v11_sim/Sim_Hybrid-v4.5.1/sim_data/filtered/internals")...
Processing file: /disk/data1/lze/ljuign/G4v11_sim/Sim_Hybrid-v4.5.1/sim_data/base/internals/SSi_Cs137_40.root
Writing 23548 entries to /disk/data1/lze/ljuign/G4v11_sim/Sim_Hybrid-v4.5.1/sim_data/filtered/internals/SSi_Cs137_40_filtered.root
Done processing /disk/data1/lze/ljuign/G4v11_sim/Sim_Hybrid-v4.5.1/sim_data/base/internals/SSi_Cs137_40.root
Filtering /disk/data1/lze/ljuign/G4v11_sim/Sim_Hybrid-v4.5.1/sim_data/base/internals/SSi_Cs137_41.root ...

Processing /disk/data1/lze/ljuign/TESSERACT_Simulation_Analysis/tesssa/cpp/VD_single_filtering.cc("/disk/data1/lze/ljuign/G4v11_sim/Sim_Hybrid-v4.5.1/sim_data/base/internals/SSi_Cs137_41.root","/disk/data1/lze/ljuign/G4v11_sim/Sim_Hybrid-v4.5.1/sim_data/filtered/internals")...
Processing file: /disk/data1/lze/ljuign/G4v11_sim/Sim_Hybrid-v4.5.1/sim_data/base/internals/SSi_Cs137_41.root
Writing 23329 entries to /disk/data1/lze/ljuign/G4v11_sim/Sim_Hybrid-v4.5.1/sim_data/filtered/internals/SSi_Cs137_41_filtered.root
Done processing /disk/data1/lze/ljuign/G4v11_sim/Sim_Hybrid-v4.5.1/sim_data/base/internals/SSi_Cs137_41.root
Filtering /disk/data1/lze/ljuign/G4v11_sim/Sim_Hybrid-v4.5.1/sim_data/base/internals/SSi_Cs137_42.root ...

Processing /disk/data1/lze/ljuign/TESSERACT_Simulation_Analysis/tesssa/cpp/VD_single_filtering.cc("/disk/data1/lze/ljuign/G4v11_sim/Sim_Hybrid-v4.5.1/sim_data/base/internals/SSi_Cs137_42.root","/disk/data1/lze/ljuign/G4v11_sim/Sim_Hybrid-v4.5.1/sim_data/filtered/internals")...
Processing file: /disk/data1/lze/ljuign/G4v11_sim/Sim_Hybrid-v4.5.1/sim_data/base/internals/SSi_Cs137_42.root
Writing 23568 entries to /disk/data1/lze/ljuign/G4v11_sim/Sim_Hybrid-v4.5.1/sim_data/filtered/internals/SSi_Cs137_42_filtered.root
Done processing /disk/data1/lze/ljuign/G4v11_sim/Sim_Hybrid-v4.5.1/sim_data/base/internals/SSi_Cs137_42.root
Filtering /disk/data1/lze/ljuign/G4v11_sim/Sim_Hybrid-v4.5.1/sim_data/base/internals/SSi_Cs137_43.root ...

Processing /disk/data1/lze/ljuign/TESSERACT_Simulation_Analysis/tesssa/cpp/VD_single_filtering.cc("/disk/data1/lze/ljuign/G4v11_sim/Sim_Hybrid-v4.5.1/sim_data/base/internals/SSi_Cs137_43.root","/disk/data1/lze/ljuign/G4v11_sim/Sim_Hybrid-v4.5.1/sim_data/filtered/internals")...
Processing file: /disk/data1/lze/ljuign/G4v11_sim/Sim_Hybrid-v4.5.1/sim_data/base/internals/SSi_Cs137_43.root
Writing 23048 entries to /disk/data1/lze/ljuign/G4v11_sim/Sim_Hybrid-v4.5.1/sim_data/filtered/internals/SSi_Cs137_43_filtered.root
Done processing /disk/data1/lze/ljuign/G4v11_sim/Sim_Hybrid-v4.5.1/sim_data/base/internals/SSi_Cs137_43.root
Filtering /disk/data1/lze/ljuign/G4v11_sim/Sim_Hybrid-v4.5.1/sim_data/base/internals/SSi_Cs137_44.root ...

Processing /disk/data1/lze/ljuign/TESSERACT_Simulation_Analysis/tesssa/cpp/VD_single_filtering.cc("/disk/data1/lze/ljuign/G4v11_sim/Sim_Hybrid-v4.5.1/sim_data/base/internals/SSi_Cs137_44.root","/disk/data1/lze/ljuign/G4v11_sim/Sim_Hybrid-v4.5.1/sim_data/filtered/internals")...
Processing file: /disk/data1/lze/ljuign/G4v11_sim/Sim_Hybrid-v4.5.1/sim_data/base/internals/SSi_Cs137_44.root
Writing 23688 entries to /disk/data1/lze/ljuign/G4v11_sim/Sim_Hybrid-v4.5.1/sim_data/filtered/internals/SSi_Cs137_44_filtered.root
Done processing /disk/data1/lze/ljuign/G4v11_sim/Sim_Hybrid-v4.5.1/sim_data/base/internals/SSi_Cs137_44.root
Filtering /disk/data1/lze/ljuign/G4v11_sim/Sim_Hybrid-v4.5.1/sim_data/base/internals/SSi_Cs137_45.root ...

Processing /disk/data1/lze/ljuign/TESSERACT_Simulation_Analysis/tesssa/cpp/VD_single_filtering.cc("/disk/data1/lze/ljuign/G4v11_sim/Sim_Hybrid-v4.5.1/sim_data/base/internals/SSi_Cs137_45.root","/disk/data1/lze/ljuign/G4v11_sim/Sim_Hybrid-v4.5.1/sim_data/filtered/internals")...
Processing file: /disk/data1/lze/ljuign/G4v11_sim/Sim_Hybrid-v4.5.1/sim_data/base/internals/SSi_Cs137_45.root
Writing 23057 entries to /disk/data1/lze/ljuign/G4v11_sim/Sim_Hybrid-v4.5.1/sim_data/filtered/internals/SSi_Cs137_45_filtered.root
Done processing /disk/data1/lze/ljuign/G4v11_sim/Sim_Hybrid-v4.5.1/sim_data/base/internals/SSi_Cs137_45.root
Filtering /disk/data1/lze/ljuign/G4v11_sim/Sim_Hybrid-v4.5.1/sim_data/base/internals/SSi_Cs137_46.root ...

Processing /disk/data1/lze/ljuign/TESSERACT_Simulation_Analysis/tesssa/cpp/VD_single_filtering.cc("/disk/data1/lze/ljuign/G4v11_sim/Sim_Hybrid-v4.5.1/sim_data/base/internals/SSi_Cs137_46.root","/disk/data1/lze/ljuign/G4v11_sim/Sim_Hybrid-v4.5.1/sim_data/filtered/internals")...
Processing file: /disk/data1/lze/ljuign/G4v11_sim/Sim_Hybrid-v4.5.1/sim_data/base/internals/SSi_Cs137_46.root
Writing 23812 entries to /disk/data1/lze/ljuign/G4v11_sim/Sim_Hybrid-v4.5.1/sim_data/filtered/internals/SSi_Cs137_46_filtered.root
Done processing /disk/data1/lze/ljuign/G4v11_sim/Sim_Hybrid-v4.5.1/sim_data/base/internals/SSi_Cs137_46.root
Filtering /disk/data1/lze/ljuign/G4v11_sim/Sim_Hybrid-v4.5.1/sim_data/base/internals/SSi_Cs137_47.root ...

Processing /disk/data1/lze/ljuign/TESSERACT_Simulation_Analysis/tesssa/cpp/VD_single_filtering.cc("/disk/data1/lze/ljuign/G4v11_sim/Sim_Hybrid-v4.5.1/sim_data/base/internals/SSi_Cs137_47.root","/disk/data1/lze/ljuign/G4v11_sim/Sim_Hybrid-v4.5.1/sim_data/filtered/internals")...
Processing file: /disk/data1/lze/ljuign/G4v11_sim/Sim_Hybrid-v4.5.1/sim_data/base/internals/SSi_Cs137_47.root
Writing 22857 entries to /disk/data1/lze/ljuign/G4v11_sim/Sim_Hybrid-v4.5.1/sim_data/filtered/internals/SSi_Cs137_47_filtered.root
Done processing /disk/data1/lze/ljuign/G4v11_sim/Sim_Hybrid-v4.5.1/sim_data/base/internals/SSi_Cs137_47.root
Filtering /disk/data1/lze/ljuign/G4v11_sim/Sim_Hybrid-v4.5.1/sim_data/base/internals/SSi_Cs137_48.root ...

Processing /disk/data1/lze/ljuign/TESSERACT_Simulation_Analysis/tesssa/cpp/VD_single_filtering.cc("/disk/data1/lze/ljuign/G4v11_sim/Sim_Hybrid-v4.5.1/sim_data/base/internals/SSi_Cs137_48.root","/disk/data1/lze/ljuign/G4v11_sim/Sim_Hybrid-v4.5.1/sim_data/filtered/internals")...
Processing file: /disk/data1/lze/ljuign/G4v11_sim/Sim_Hybrid-v4.5.1/sim_data/base/internals/SSi_Cs137_48.root
Writing 23255 entries to /disk/data1/lze/ljuign/G4v11_sim/Sim_Hybrid-v4.5.1/sim_data/filtered/internals/SSi_Cs137_48_filtered.root
Done processing /disk/data1/lze/ljuign/G4v11_sim/Sim_Hybrid-v4.5.1/sim_data/base/internals/SSi_Cs137_48.root
Filtering /disk/data1/lze/ljuign/G4v11_sim/Sim_Hybrid-v4.5.1/sim_data/base/internals/SSi_Cs137_49.root ...

Processing /disk/data1/lze/ljuign/TESSERACT_Simulation_Analysis/tesssa/cpp/VD_single_filtering.cc("/disk/data1/lze/ljuign/G4v11_sim/Sim_Hybrid-v4.5.1/sim_data/base/internals/SSi_Cs137_49.root","/disk/data1/lze/ljuign/G4v11_sim/Sim_Hybrid-v4.5.1/sim_data/filtered/internals")...
Processing file: /disk/data1/lze/ljuign/G4v11_sim/Sim_Hybrid-v4.5.1/sim_data/base/internals/SSi_Cs137_49.root
Writing 23070 entries to /disk/data1/lze/ljuign/G4v11_sim/Sim_Hybrid-v4.5.1/sim_data/filtered/internals/SSi_Cs137_49_filtered.root
Done processing /disk/data1/lze/ljuign/G4v11_sim/Sim_Hybrid-v4.5.1/sim_data/base/internals/SSi_Cs137_49.root
Filtering /disk/data1/lze/ljuign/G4v11_sim/Sim_Hybrid-v4.5.1/sim_data/base/internals/SSi_Cs137_4.root ...

Processing /disk/data1/lze/ljuign/TESSERACT_Simulation_Analysis/tesssa/cpp/VD_single_filtering.cc("/disk/data1/lze/ljuign/G4v11_sim/Sim_Hybrid-v4.5.1/sim_data/base/internals/SSi_Cs137_4.root","/disk/data1/lze/ljuign/G4v11_sim/Sim_Hybrid-v4.5.1/sim_data/filtered/internals")...
Processing file: /disk/data1/lze/ljuign/G4v11_sim/Sim_Hybrid-v4.5.1/sim_data/base/internals/SSi_Cs137_4.root
Writing 23489 entries to /disk/data1/lze/ljuign/G4v11_sim/Sim_Hybrid-v4.5.1/sim_data/filtered/internals/SSi_Cs137_4_filtered.root
Done processing /disk/data1/lze/ljuign/G4v11_sim/Sim_Hybrid-v4.5.1/sim_data/base/internals/SSi_Cs137_4.root
Filtering /disk/data1/lze/ljuign/G4v11_sim/Sim_Hybrid-v4.5.1/sim_data/base/internals/SSi_Cs137_50.root ...

Processing /disk/data1/lze/ljuign/TESSERACT_Simulation_Analysis/tesssa/cpp/VD_single_filtering.cc("/disk/data1/lze/ljuign/G4v11_sim/Sim_Hybrid-v4.5.1/sim_data/base/internals/SSi_Cs137_50.root","/disk/data1/lze/ljuign/G4v11_sim/Sim_Hybrid-v4.5.1/sim_data/filtered/internals")...
Processing file: /disk/data1/lze/ljuign/G4v11_sim/Sim_Hybrid-v4.5.1/sim_data/base/internals/SSi_Cs137_50.root
Writing 23615 entries to /disk/data1/lze/ljuign/G4v11_sim/Sim_Hybrid-v4.5.1/sim_data/filtered/internals/SSi_Cs137_50_filtered.root
Done processing /disk/data1/lze/ljuign/G4v11_sim/Sim_Hybrid-v4.5.1/sim_data/base/internals/SSi_Cs137_50.root
Filtering /disk/data1/lze/ljuign/G4v11_sim/Sim_Hybrid-v4.5.1/sim_data/base/internals/SSi_Cs137_51.root ...

Processing /disk/data1/lze/ljuign/TESSERACT_Simulation_Analysis/tesssa/cpp/VD_single_filtering.cc("/disk/data1/lze/ljuign/G4v11_sim/Sim_Hybrid-v4.5.1/sim_data/base/internals/SSi_Cs137_51.root","/disk/data1/lze/ljuign/G4v11_sim/Sim_Hybrid-v4.5.1/sim_data/filtered/internals")...
Processing file: /disk/data1/lze/ljuign/G4v11_sim/Sim_Hybrid-v4.5.1/sim_data/base/internals/SSi_Cs137_51.root
Writing 23245 entries to /disk/data1/lze/ljuign/G4v11_sim/Sim_Hybrid-v4.5.1/sim_data/filtered/internals/SSi_Cs137_51_filtered.root
Done processing /disk/data1/lze/ljuign/G4v11_sim/Sim_Hybrid-v4.5.1/sim_data/base/internals/SSi_Cs137_51.root
Filtering /disk/data1/lze/ljuign/G4v11_sim/Sim_Hybrid-v4.5.1/sim_data/base/internals/SSi_Cs137_52.root ...

Processing /disk/data1/lze/ljuign/TESSERACT_Simulation_Analysis/tesssa/cpp/VD_single_filtering.cc("/disk/data1/lze/ljuign/G4v11_sim/Sim_Hybrid-v4.5.1/sim_data/base/internals/SSi_Cs137_52.root","/disk/data1/lze/ljuign/G4v11_sim/Sim_Hybrid-v4.5.1/sim_data/filtered/internals")...
Processing file: /disk/data1/lze/ljuign/G4v11_sim/Sim_Hybrid-v4.5.1/sim_data/base/internals/SSi_Cs137_52.root
Writing 23044 entries to /disk/data1/lze/ljuign/G4v11_sim/Sim_Hybrid-v4.5.1/sim_data/filtered/internals/SSi_Cs137_52_filtered.root
Done processing /disk/data1/lze/ljuign/G4v11_sim/Sim_Hybrid-v4.5.1/sim_data/base/internals/SSi_Cs137_52.root
Filtering /disk/data1/lze/ljuign/G4v11_sim/Sim_Hybrid-v4.5.1/sim_data/base/internals/SSi_Cs137_53.root ...

Processing /disk/data1/lze/ljuign/TESSERACT_Simulation_Analysis/tesssa/cpp/VD_single_filtering.cc("/disk/data1/lze/ljuign/G4v11_sim/Sim_Hybrid-v4.5.1/sim_data/base/internals/SSi_Cs137_53.root","/disk/data1/lze/ljuign/G4v11_sim/Sim_Hybrid-v4.5.1/sim_data/filtered/internals")...
Processing file: /disk/data1/lze/ljuign/G4v11_sim/Sim_Hybrid-v4.5.1/sim_data/base/internals/SSi_Cs137_53.root
Writing 22920 entries to /disk/data1/lze/ljuign/G4v11_sim/Sim_Hybrid-v4.5.1/sim_data/filtered/internals/SSi_Cs137_53_filtered.root
Done processing /disk/data1/lze/ljuign/G4v11_sim/Sim_Hybrid-v4.5.1/sim_data/base/internals/SSi_Cs137_53.root
Filtering /disk/data1/lze/ljuign/G4v11_sim/Sim_Hybrid-v4.5.1/sim_data/base/internals/SSi_Cs137_54.root ...

Processing /disk/data1/lze/ljuign/TESSERACT_Simulation_Analysis/tesssa/cpp/VD_single_filtering.cc("/disk/data1/lze/ljuign/G4v11_sim/Sim_Hybrid-v4.5.1/sim_data/base/internals/SSi_Cs137_54.root","/disk/data1/lze/ljuign/G4v11_sim/Sim_Hybrid-v4.5.1/sim_data/filtered/internals")...
Processing file: /disk/data1/lze/ljuign/G4v11_sim/Sim_Hybrid-v4.5.1/sim_data/base/internals/SSi_Cs137_54.root
Writing 23495 entries to /disk/data1/lze/ljuign/G4v11_sim/Sim_Hybrid-v4.5.1/sim_data/filtered/internals/SSi_Cs137_54_filtered.root
Done processing /disk/data1/lze/ljuign/G4v11_sim/Sim_Hybrid-v4.5.1/sim_data/base/internals/SSi_Cs137_54.root
Filtering /disk/data1/lze/ljuign/G4v11_sim/Sim_Hybrid-v4.5.1/sim_data/base/internals/SSi_Cs137_55.root ...

Processing /disk/data1/lze/ljuign/TESSERACT_Simulation_Analysis/tesssa/cpp/VD_single_filtering.cc("/disk/data1/lze/ljuign/G4v11_sim/Sim_Hybrid-v4.5.1/sim_data/base/internals/SSi_Cs137_55.root","/disk/data1/lze/ljuign/G4v11_sim/Sim_Hybrid-v4.5.1/sim_data/filtered/internals")...
Processing file: /disk/data1/lze/ljuign/G4v11_sim/Sim_Hybrid-v4.5.1/sim_data/base/internals/SSi_Cs137_55.root
Writing 23909 entries to /disk/data1/lze/ljuign/G4v11_sim/Sim_Hybrid-v4.5.1/sim_data/filtered/internals/SSi_Cs137_55_filtered.root
Done processing /disk/data1/lze/ljuign/G4v11_sim/Sim_Hybrid-v4.5.1/sim_data/base/internals/SSi_Cs137_55.root
Filtering /disk/data1/lze/ljuign/G4v11_sim/Sim_Hybrid-v4.5.1/sim_data/base/internals/SSi_Cs137_56.root ...

Processing /disk/data1/lze/ljuign/TESSERACT_Simulation_Analysis/tesssa/cpp/VD_single_filtering.cc("/disk/data1/lze/ljuign/G4v11_sim/Sim_Hybrid-v4.5.1/sim_data/base/internals/SSi_Cs137_56.root","/disk/data1/lze/ljuign/G4v11_sim/Sim_Hybrid-v4.5.1/sim_data/filtered/internals")...
Processing file: /disk/data1/lze/ljuign/G4v11_sim/Sim_Hybrid-v4.5.1/sim_data/base/internals/SSi_Cs137_56.root
Writing 23588 entries to /disk/data1/lze/ljuign/G4v11_sim/Sim_Hybrid-v4.5.1/sim_data/filtered/internals/SSi_Cs137_56_filtered.root
Done processing /disk/data1/lze/ljuign/G4v11_sim/Sim_Hybrid-v4.5.1/sim_data/base/internals/SSi_Cs137_56.root
Filtering /disk/data1/lze/ljuign/G4v11_sim/Sim_Hybrid-v4.5.1/sim_data/base/internals/SSi_Cs137_57.root ...

Processing /disk/data1/lze/ljuign/TESSERACT_Simulation_Analysis/tesssa/cpp/VD_single_filtering.cc("/disk/data1/lze/ljuign/G4v11_sim/Sim_Hybrid-v4.5.1/sim_data/base/internals/SSi_Cs137_57.root","/disk/data1/lze/ljuign/G4v11_sim/Sim_Hybrid-v4.5.1/sim_data/filtered/internals")...
Processing file: /disk/data1/lze/ljuign/G4v11_sim/Sim_Hybrid-v4.5.1/sim_data/base/internals/SSi_Cs137_57.root
Writing 23287 entries to /disk/data1/lze/ljuign/G4v11_sim/Sim_Hybrid-v4.5.1/sim_data/filtered/internals/SSi_Cs137_57_filtered.root
Done processing /disk/data1/lze/ljuign/G4v11_sim/Sim_Hybrid-v4.5.1/sim_data/base/internals/SSi_Cs137_57.root
Filtering /disk/data1/lze/ljuign/G4v11_sim/Sim_Hybrid-v4.5.1/sim_data/base/internals/SSi_Cs137_58.root ...

Processing /disk/data1/lze/ljuign/TESSERACT_Simulation_Analysis/tesssa/cpp/VD_single_filtering.cc("/disk/data1/lze/ljuign/G4v11_sim/Sim_Hybrid-v4.5.1/sim_data/base/internals/SSi_Cs137_58.root","/disk/data1/lze/ljuign/G4v11_sim/Sim_Hybrid-v4.5.1/sim_data/filtered/internals")...
Processing file: /disk/data1/lze/ljuign/G4v11_sim/Sim_Hybrid-v4.5.1/sim_data/base/internals/SSi_Cs137_58.root
Writing 23826 entries to /disk/data1/lze/ljuign/G4v11_sim/Sim_Hybrid-v4.5.1/sim_data/filtered/internals/SSi_Cs137_58_filtered.root
Done processing /disk/data1/lze/ljuign/G4v11_sim/Sim_Hybrid-v4.5.1/sim_data/base/internals/SSi_Cs137_58.root
Filtering /disk/data1/lze/ljuign/G4v11_sim/Sim_Hybrid-v4.5.1/sim_data/base/internals/SSi_Cs137_59.root ...

Processing /disk/data1/lze/ljuign/TESSERACT_Simulation_Analysis/tesssa/cpp/VD_single_filtering.cc("/disk/data1/lze/ljuign/G4v11_sim/Sim_Hybrid-v4.5.1/sim_data/base/internals/SSi_Cs137_59.root","/disk/data1/lze/ljuign/G4v11_sim/Sim_Hybrid-v4.5.1/sim_data/filtered/internals")...
Processing file: /disk/data1/lze/ljuign/G4v11_sim/Sim_Hybrid-v4.5.1/sim_data/base/internals/SSi_Cs137_59.root
Writing 23049 entries to /disk/data1/lze/ljuign/G4v11_sim/Sim_Hybrid-v4.5.1/sim_data/filtered/internals/SSi_Cs137_59_filtered.root
Done processing /disk/data1/lze/ljuign/G4v11_sim/Sim_Hybrid-v4.5.1/sim_data/base/internals/SSi_Cs137_59.root
Filtering /disk/data1/lze/ljuign/G4v11_sim/Sim_Hybrid-v4.5.1/sim_data/base/internals/SSi_Cs137_5.root ...

Processing /disk/data1/lze/ljuign/TESSERACT_Simulation_Analysis/tesssa/cpp/VD_single_filtering.cc("/disk/data1/lze/ljuign/G4v11_sim/Sim_Hybrid-v4.5.1/sim_data/base/internals/SSi_Cs137_5.root","/disk/data1/lze/ljuign/G4v11_sim/Sim_Hybrid-v4.5.1/sim_data/filtered/internals")...
Processing file: /disk/data1/lze/ljuign/G4v11_sim/Sim_Hybrid-v4.5.1/sim_data/base/internals/SSi_Cs137_5.root
Writing 23407 entries to /disk/data1/lze/ljuign/G4v11_sim/Sim_Hybrid-v4.5.1/sim_data/filtered/internals/SSi_Cs137_5_filtered.root
Done processing /disk/data1/lze/ljuign/G4v11_sim/Sim_Hybrid-v4.5.1/sim_data/base/internals/SSi_Cs137_5.root
Filtering /disk/data1/lze/ljuign/G4v11_sim/Sim_Hybrid-v4.5.1/sim_data/base/internals/SSi_Cs137_60.root ...

Processing /disk/data1/lze/ljuign/TESSERACT_Simulation_Analysis/tesssa/cpp/VD_single_filtering.cc("/disk/data1/lze/ljuign/G4v11_sim/Sim_Hybrid-v4.5.1/sim_data/base/internals/SSi_Cs137_60.root","/disk/data1/lze/ljuign/G4v11_sim/Sim_Hybrid-v4.5.1/sim_data/filtered/internals")...
Processing file: /disk/data1/lze/ljuign/G4v11_sim/Sim_Hybrid-v4.5.1/sim_data/base/internals/SSi_Cs137_60.root
Writing 23270 entries to /disk/data1/lze/ljuign/G4v11_sim/Sim_Hybrid-v4.5.1/sim_data/filtered/internals/SSi_Cs137_60_filtered.root
Done processing /disk/data1/lze/ljuign/G4v11_sim/Sim_Hybrid-v4.5.1/sim_data/base/internals/SSi_Cs137_60.root
Filtering /disk/data1/lze/ljuign/G4v11_sim/Sim_Hybrid-v4.5.1/sim_data/base/internals/SSi_Cs137_61.root ...

Processing /disk/data1/lze/ljuign/TESSERACT_Simulation_Analysis/tesssa/cpp/VD_single_filtering.cc("/disk/data1/lze/ljuign/G4v11_sim/Sim_Hybrid-v4.5.1/sim_data/base/internals/SSi_Cs137_61.root","/disk/data1/lze/ljuign/G4v11_sim/Sim_Hybrid-v4.5.1/sim_data/filtered/internals")...
Processing file: /disk/data1/lze/ljuign/G4v11_sim/Sim_Hybrid-v4.5.1/sim_data/base/internals/SSi_Cs137_61.root
Writing 23952 entries to /disk/data1/lze/ljuign/G4v11_sim/Sim_Hybrid-v4.5.1/sim_data/filtered/internals/SSi_Cs137_61_filtered.root
Done processing /disk/data1/lze/ljuign/G4v11_sim/Sim_Hybrid-v4.5.1/sim_data/base/internals/SSi_Cs137_61.root
Filtering /disk/data1/lze/ljuign/G4v11_sim/Sim_Hybrid-v4.5.1/sim_data/base/internals/SSi_Cs137_62.root ...

Processing /disk/data1/lze/ljuign/TESSERACT_Simulation_Analysis/tesssa/cpp/VD_single_filtering.cc("/disk/data1/lze/ljuign/G4v11_sim/Sim_Hybrid-v4.5.1/sim_data/base/internals/SSi_Cs137_62.root","/disk/data1/lze/ljuign/G4v11_sim/Sim_Hybrid-v4.5.1/sim_data/filtered/internals")...
Processing file: /disk/data1/lze/ljuign/G4v11_sim/Sim_Hybrid-v4.5.1/sim_data/base/internals/SSi_Cs137_62.root
Writing 23235 entries to /disk/data1/lze/ljuign/G4v11_sim/Sim_Hybrid-v4.5.1/sim_data/filtered/internals/SSi_Cs137_62_filtered.root
Done processing /disk/data1/lze/ljuign/G4v11_sim/Sim_Hybrid-v4.5.1/sim_data/base/internals/SSi_Cs137_62.root
Filtering /disk/data1/lze/ljuign/G4v11_sim/Sim_Hybrid-v4.5.1/sim_data/base/internals/SSi_Cs137_63.root ...

Processing /disk/data1/lze/ljuign/TESSERACT_Simulation_Analysis/tesssa/cpp/VD_single_filtering.cc("/disk/data1/lze/ljuign/G4v11_sim/Sim_Hybrid-v4.5.1/sim_data/base/internals/SSi_Cs137_63.root","/disk/data1/lze/ljuign/G4v11_sim/Sim_Hybrid-v4.5.1/sim_data/filtered/internals")...
Processing file: /disk/data1/lze/ljuign/G4v11_sim/Sim_Hybrid-v4.5.1/sim_data/base/internals/SSi_Cs137_63.root
Writing 23043 entries to /disk/data1/lze/ljuign/G4v11_sim/Sim_Hybrid-v4.5.1/sim_data/filtered/internals/SSi_Cs137_63_filtered.root
Done processing /disk/data1/lze/ljuign/G4v11_sim/Sim_Hybrid-v4.5.1/sim_data/base/internals/SSi_Cs137_63.root
Filtering /disk/data1/lze/ljuign/G4v11_sim/Sim_Hybrid-v4.5.1/sim_data/base/internals/SSi_Cs137_64.root ...

Processing /disk/data1/lze/ljuign/TESSERACT_Simulation_Analysis/tesssa/cpp/VD_single_filtering.cc("/disk/data1/lze/ljuign/G4v11_sim/Sim_Hybrid-v4.5.1/sim_data/base/internals/SSi_Cs137_64.root","/disk/data1/lze/ljuign/G4v11_sim/Sim_Hybrid-v4.5.1/sim_data/filtered/internals")...
Processing file: /disk/data1/lze/ljuign/G4v11_sim/Sim_Hybrid-v4.5.1/sim_data/base/internals/SSi_Cs137_64.root
Writing 23342 entries to /disk/data1/lze/ljuign/G4v11_sim/Sim_Hybrid-v4.5.1/sim_data/filtered/internals/SSi_Cs137_64_filtered.root
Done processing /disk/data1/lze/ljuign/G4v11_sim/Sim_Hybrid-v4.5.1/sim_data/base/internals/SSi_Cs137_64.root
Filtering /disk/data1/lze/ljuign/G4v11_sim/Sim_Hybrid-v4.5.1/sim_data/base/internals/SSi_Cs137_65.root ...

Processing /disk/data1/lze/ljuign/TESSERACT_Simulation_Analysis/tesssa/cpp/VD_single_filtering.cc("/disk/data1/lze/ljuign/G4v11_sim/Sim_Hybrid-v4.5.1/sim_data/base/internals/SSi_Cs137_65.root","/disk/data1/lze/ljuign/G4v11_sim/Sim_Hybrid-v4.5.1/sim_data/filtered/internals")...
Processing file: /disk/data1/lze/ljuign/G4v11_sim/Sim_Hybrid-v4.5.1/sim_data/base/internals/SSi_Cs137_65.root
Writing 23300 entries to /disk/data1/lze/ljuign/G4v11_sim/Sim_Hybrid-v4.5.1/sim_data/filtered/internals/SSi_Cs137_65_filtered.root
Done processing /disk/data1/lze/ljuign/G4v11_sim/Sim_Hybrid-v4.5.1/sim_data/base/internals/SSi_Cs137_65.root
Filtering /disk/data1/lze/ljuign/G4v11_sim/Sim_Hybrid-v4.5.1/sim_data/base/internals/SSi_Cs137_66.root ...

Processing /disk/data1/lze/ljuign/TESSERACT_Simulation_Analysis/tesssa/cpp/VD_single_filtering.cc("/disk/data1/lze/ljuign/G4v11_sim/Sim_Hybrid-v4.5.1/sim_data/base/internals/SSi_Cs137_66.root","/disk/data1/lze/ljuign/G4v11_sim/Sim_Hybrid-v4.5.1/sim_data/filtered/internals")...
Processing file: /disk/data1/lze/ljuign/G4v11_sim/Sim_Hybrid-v4.5.1/sim_data/base/internals/SSi_Cs137_66.root
Writing 23060 entries to /disk/data1/lze/ljuign/G4v11_sim/Sim_Hybrid-v4.5.1/sim_data/filtered/internals/SSi_Cs137_66_filtered.root
Done processing /disk/data1/lze/ljuign/G4v11_sim/Sim_Hybrid-v4.5.1/sim_data/base/internals/SSi_Cs137_66.root
Filtering /disk/data1/lze/ljuign/G4v11_sim/Sim_Hybrid-v4.5.1/sim_data/base/internals/SSi_Cs137_67.root ...

Processing /disk/data1/lze/ljuign/TESSERACT_Simulation_Analysis/tesssa/cpp/VD_single_filtering.cc("/disk/data1/lze/ljuign/G4v11_sim/Sim_Hybrid-v4.5.1/sim_data/base/internals/SSi_Cs137_67.root","/disk/data1/lze/ljuign/G4v11_sim/Sim_Hybrid-v4.5.1/sim_data/filtered/internals")...
Processing file: /disk/data1/lze/ljuign/G4v11_sim/Sim_Hybrid-v4.5.1/sim_data/base/internals/SSi_Cs137_67.root
Writing 23497 entries to /disk/data1/lze/ljuign/G4v11_sim/Sim_Hybrid-v4.5.1/sim_data/filtered/internals/SSi_Cs137_67_filtered.root
Done processing /disk/data1/lze/ljuign/G4v11_sim/Sim_Hybrid-v4.5.1/sim_data/base/internals/SSi_Cs137_67.root
Filtering /disk/data1/lze/ljuign/G4v11_sim/Sim_Hybrid-v4.5.1/sim_data/base/internals/SSi_Cs137_68.root ...

Processing /disk/data1/lze/ljuign/TESSERACT_Simulation_Analysis/tesssa/cpp/VD_single_filtering.cc("/disk/data1/lze/ljuign/G4v11_sim/Sim_Hybrid-v4.5.1/sim_data/base/internals/SSi_Cs137_68.root","/disk/data1/lze/ljuign/G4v11_sim/Sim_Hybrid-v4.5.1/sim_data/filtered/internals")...
Processing file: /disk/data1/lze/ljuign/G4v11_sim/Sim_Hybrid-v4.5.1/sim_data/base/internals/SSi_Cs137_68.root
Writing 23434 entries to /disk/data1/lze/ljuign/G4v11_sim/Sim_Hybrid-v4.5.1/sim_data/filtered/internals/SSi_Cs137_68_filtered.root
Done processing /disk/data1/lze/ljuign/G4v11_sim/Sim_Hybrid-v4.5.1/sim_data/base/internals/SSi_Cs137_68.root
Filtering /disk/data1/lze/ljuign/G4v11_sim/Sim_Hybrid-v4.5.1/sim_data/base/internals/SSi_Cs137_69.root ...

Processing /disk/data1/lze/ljuign/TESSERACT_Simulation_Analysis/tesssa/cpp/VD_single_filtering.cc("/disk/data1/lze/ljuign/G4v11_sim/Sim_Hybrid-v4.5.1/sim_data/base/internals/SSi_Cs137_69.root","/disk/data1/lze/ljuign/G4v11_sim/Sim_Hybrid-v4.5.1/sim_data/filtered/internals")...
Processing file: /disk/data1/lze/ljuign/G4v11_sim/Sim_Hybrid-v4.5.1/sim_data/base/internals/SSi_Cs137_69.root
Writing 23760 entries to /disk/data1/lze/ljuign/G4v11_sim/Sim_Hybrid-v4.5.1/sim_data/filtered/internals/SSi_Cs137_69_filtered.root
Done processing /disk/data1/lze/ljuign/G4v11_sim/Sim_Hybrid-v4.5.1/sim_data/base/internals/SSi_Cs137_69.root
Filtering /disk/data1/lze/ljuign/G4v11_sim/Sim_Hybrid-v4.5.1/sim_data/base/internals/SSi_Cs137_6.root ...

Processing /disk/data1/lze/ljuign/TESSERACT_Simulation_Analysis/tesssa/cpp/VD_single_filtering.cc("/disk/data1/lze/ljuign/G4v11_sim/Sim_Hybrid-v4.5.1/sim_data/base/internals/SSi_Cs137_6.root","/disk/data1/lze/ljuign/G4v11_sim/Sim_Hybrid-v4.5.1/sim_data/filtered/internals")...
Processing file: /disk/data1/lze/ljuign/G4v11_sim/Sim_Hybrid-v4.5.1/sim_data/base/internals/SSi_Cs137_6.root
Writing 23175 entries to /disk/data1/lze/ljuign/G4v11_sim/Sim_Hybrid-v4.5.1/sim_data/filtered/internals/SSi_Cs137_6_filtered.root
Done processing /disk/data1/lze/ljuign/G4v11_sim/Sim_Hybrid-v4.5.1/sim_data/base/internals/SSi_Cs137_6.root
Filtering /disk/data1/lze/ljuign/G4v11_sim/Sim_Hybrid-v4.5.1/sim_data/base/internals/SSi_Cs137_70.root ...

Processing /disk/data1/lze/ljuign/TESSERACT_Simulation_Analysis/tesssa/cpp/VD_single_filtering.cc("/disk/data1/lze/ljuign/G4v11_sim/Sim_Hybrid-v4.5.1/sim_data/base/internals/SSi_Cs137_70.root","/disk/data1/lze/ljuign/G4v11_sim/Sim_Hybrid-v4.5.1/sim_data/filtered/internals")...
Processing file: /disk/data1/lze/ljuign/G4v11_sim/Sim_Hybrid-v4.5.1/sim_data/base/internals/SSi_Cs137_70.root
Writing 23235 entries to /disk/data1/lze/ljuign/G4v11_sim/Sim_Hybrid-v4.5.1/sim_data/filtered/internals/SSi_Cs137_70_filtered.root
Done processing /disk/data1/lze/ljuign/G4v11_sim/Sim_Hybrid-v4.5.1/sim_data/base/internals/SSi_Cs137_70.root
Filtering /disk/data1/lze/ljuign/G4v11_sim/Sim_Hybrid-v4.5.1/sim_data/base/internals/SSi_Cs137_71.root ...

Processing /disk/data1/lze/ljuign/TESSERACT_Simulation_Analysis/tesssa/cpp/VD_single_filtering.cc("/disk/data1/lze/ljuign/G4v11_sim/Sim_Hybrid-v4.5.1/sim_data/base/internals/SSi_Cs137_71.root","/disk/data1/lze/ljuign/G4v11_sim/Sim_Hybrid-v4.5.1/sim_data/filtered/internals")...
Processing file: /disk/data1/lze/ljuign/G4v11_sim/Sim_Hybrid-v4.5.1/sim_data/base/internals/SSi_Cs137_71.root
Writing 22525 entries to /disk/data1/lze/ljuign/G4v11_sim/Sim_Hybrid-v4.5.1/sim_data/filtered/internals/SSi_Cs137_71_filtered.root
Done processing /disk/data1/lze/ljuign/G4v11_sim/Sim_Hybrid-v4.5.1/sim_data/base/internals/SSi_Cs137_71.root
Filtering /disk/data1/lze/ljuign/G4v11_sim/Sim_Hybrid-v4.5.1/sim_data/base/internals/SSi_Cs137_72.root ...

Processing /disk/data1/lze/ljuign/TESSERACT_Simulation_Analysis/tesssa/cpp/VD_single_filtering.cc("/disk/data1/lze/ljuign/G4v11_sim/Sim_Hybrid-v4.5.1/sim_data/base/internals/SSi_Cs137_72.root","/disk/data1/lze/ljuign/G4v11_sim/Sim_Hybrid-v4.5.1/sim_data/filtered/internals")...
Processing file: /disk/data1/lze/ljuign/G4v11_sim/Sim_Hybrid-v4.5.1/sim_data/base/internals/SSi_Cs137_72.root
Writing 23433 entries to /disk/data1/lze/ljuign/G4v11_sim/Sim_Hybrid-v4.5.1/sim_data/filtered/internals/SSi_Cs137_72_filtered.root
Done processing /disk/data1/lze/ljuign/G4v11_sim/Sim_Hybrid-v4.5.1/sim_data/base/internals/SSi_Cs137_72.root
Filtering /disk/data1/lze/ljuign/G4v11_sim/Sim_Hybrid-v4.5.1/sim_data/base/internals/SSi_Cs137_73.root ...

Processing /disk/data1/lze/ljuign/TESSERACT_Simulation_Analysis/tesssa/cpp/VD_single_filtering.cc("/disk/data1/lze/ljuign/G4v11_sim/Sim_Hybrid-v4.5.1/sim_data/base/internals/SSi_Cs137_73.root","/disk/data1/lze/ljuign/G4v11_sim/Sim_Hybrid-v4.5.1/sim_data/filtered/internals")...
Processing file: /disk/data1/lze/ljuign/G4v11_sim/Sim_Hybrid-v4.5.1/sim_data/base/internals/SSi_Cs137_73.root
Writing 23355 entries to /disk/data1/lze/ljuign/G4v11_sim/Sim_Hybrid-v4.5.1/sim_data/filtered/internals/SSi_Cs137_73_filtered.root
Done processing /disk/data1/lze/ljuign/G4v11_sim/Sim_Hybrid-v4.5.1/sim_data/base/internals/SSi_Cs137_73.root
Filtering /disk/data1/lze/ljuign/G4v11_sim/Sim_Hybrid-v4.5.1/sim_data/base/internals/SSi_Cs137_74.root ...

Processing /disk/data1/lze/ljuign/TESSERACT_Simulation_Analysis/tesssa/cpp/VD_single_filtering.cc("/disk/data1/lze/ljuign/G4v11_sim/Sim_Hybrid-v4.5.1/sim_data/base/internals/SSi_Cs137_74.root","/disk/data1/lze/ljuign/G4v11_sim/Sim_Hybrid-v4.5.1/sim_data/filtered/internals")...
Processing file: /disk/data1/lze/ljuign/G4v11_sim/Sim_Hybrid-v4.5.1/sim_data/base/internals/SSi_Cs137_74.root
Writing 23415 entries to /disk/data1/lze/ljuign/G4v11_sim/Sim_Hybrid-v4.5.1/sim_data/filtered/internals/SSi_Cs137_74_filtered.root
Done processing /disk/data1/lze/ljuign/G4v11_sim/Sim_Hybrid-v4.5.1/sim_data/base/internals/SSi_Cs137_74.root
Filtering /disk/data1/lze/ljuign/G4v11_sim/Sim_Hybrid-v4.5.1/sim_data/base/internals/SSi_Cs137_75.root ...

Processing /disk/data1/lze/ljuign/TESSERACT_Simulation_Analysis/tesssa/cpp/VD_single_filtering.cc("/disk/data1/lze/ljuign/G4v11_sim/Sim_Hybrid-v4.5.1/sim_data/base/internals/SSi_Cs137_75.root","/disk/data1/lze/ljuign/G4v11_sim/Sim_Hybrid-v4.5.1/sim_data/filtered/internals")...
Processing file: /disk/data1/lze/ljuign/G4v11_sim/Sim_Hybrid-v4.5.1/sim_data/base/internals/SSi_Cs137_75.root
Writing 23927 entries to /disk/data1/lze/ljuign/G4v11_sim/Sim_Hybrid-v4.5.1/sim_data/filtered/internals/SSi_Cs137_75_filtered.root
Done processing /disk/data1/lze/ljuign/G4v11_sim/Sim_Hybrid-v4.5.1/sim_data/base/internals/SSi_Cs137_75.root
Filtering /disk/data1/lze/ljuign/G4v11_sim/Sim_Hybrid-v4.5.1/sim_data/base/internals/SSi_Cs137_76.root ...

Processing /disk/data1/lze/ljuign/TESSERACT_Simulation_Analysis/tesssa/cpp/VD_single_filtering.cc("/disk/data1/lze/ljuign/G4v11_sim/Sim_Hybrid-v4.5.1/sim_data/base/internals/SSi_Cs137_76.root","/disk/data1/lze/ljuign/G4v11_sim/Sim_Hybrid-v4.5.1/sim_data/filtered/internals")...
Processing file: /disk/data1/lze/ljuign/G4v11_sim/Sim_Hybrid-v4.5.1/sim_data/base/internals/SSi_Cs137_76.root
Writing 23728 entries to /disk/data1/lze/ljuign/G4v11_sim/Sim_Hybrid-v4.5.1/sim_data/filtered/internals/SSi_Cs137_76_filtered.root
Done processing /disk/data1/lze/ljuign/G4v11_sim/Sim_Hybrid-v4.5.1/sim_data/base/internals/SSi_Cs137_76.root
Filtering /disk/data1/lze/ljuign/G4v11_sim/Sim_Hybrid-v4.5.1/sim_data/base/internals/SSi_Cs137_77.root ...

Processing /disk/data1/lze/ljuign/TESSERACT_Simulation_Analysis/tesssa/cpp/VD_single_filtering.cc("/disk/data1/lze/ljuign/G4v11_sim/Sim_Hybrid-v4.5.1/sim_data/base/internals/SSi_Cs137_77.root","/disk/data1/lze/ljuign/G4v11_sim/Sim_Hybrid-v4.5.1/sim_data/filtered/internals")...
Processing file: /disk/data1/lze/ljuign/G4v11_sim/Sim_Hybrid-v4.5.1/sim_data/base/internals/SSi_Cs137_77.root
Writing 23426 entries to /disk/data1/lze/ljuign/G4v11_sim/Sim_Hybrid-v4.5.1/sim_data/filtered/internals/SSi_Cs137_77_filtered.root
Done processing /disk/data1/lze/ljuign/G4v11_sim/Sim_Hybrid-v4.5.1/sim_data/base/internals/SSi_Cs137_77.root
Filtering /disk/data1/lze/ljuign/G4v11_sim/Sim_Hybrid-v4.5.1/sim_data/base/internals/SSi_Cs137_78.root ...

Processing /disk/data1/lze/ljuign/TESSERACT_Simulation_Analysis/tesssa/cpp/VD_single_filtering.cc("/disk/data1/lze/ljuign/G4v11_sim/Sim_Hybrid-v4.5.1/sim_data/base/internals/SSi_Cs137_78.root","/disk/data1/lze/ljuign/G4v11_sim/Sim_Hybrid-v4.5.1/sim_data/filtered/internals")...
Processing file: /disk/data1/lze/ljuign/G4v11_sim/Sim_Hybrid-v4.5.1/sim_data/base/internals/SSi_Cs137_78.root
Writing 23313 entries to /disk/data1/lze/ljuign/G4v11_sim/Sim_Hybrid-v4.5.1/sim_data/filtered/internals/SSi_Cs137_78_filtered.root
Done processing /disk/data1/lze/ljuign/G4v11_sim/Sim_Hybrid-v4.5.1/sim_data/base/internals/SSi_Cs137_78.root
Filtering /disk/data1/lze/ljuign/G4v11_sim/Sim_Hybrid-v4.5.1/sim_data/base/internals/SSi_Cs137_79.root ...

Processing /disk/data1/lze/ljuign/TESSERACT_Simulation_Analysis/tesssa/cpp/VD_single_filtering.cc("/disk/data1/lze/ljuign/G4v11_sim/Sim_Hybrid-v4.5.1/sim_data/base/internals/SSi_Cs137_79.root","/disk/data1/lze/ljuign/G4v11_sim/Sim_Hybrid-v4.5.1/sim_data/filtered/internals")...
Processing file: /disk/data1/lze/ljuign/G4v11_sim/Sim_Hybrid-v4.5.1/sim_data/base/internals/SSi_Cs137_79.root
Writing 23643 entries to /disk/data1/lze/ljuign/G4v11_sim/Sim_Hybrid-v4.5.1/sim_data/filtered/internals/SSi_Cs137_79_filtered.root
Done processing /disk/data1/lze/ljuign/G4v11_sim/Sim_Hybrid-v4.5.1/sim_data/base/internals/SSi_Cs137_79.root
Filtering /disk/data1/lze/ljuign/G4v11_sim/Sim_Hybrid-v4.5.1/sim_data/base/internals/SSi_Cs137_7.root ...

Processing /disk/data1/lze/ljuign/TESSERACT_Simulation_Analysis/tesssa/cpp/VD_single_filtering.cc("/disk/data1/lze/ljuign/G4v11_sim/Sim_Hybrid-v4.5.1/sim_data/base/internals/SSi_Cs137_7.root","/disk/data1/lze/ljuign/G4v11_sim/Sim_Hybrid-v4.5.1/sim_data/filtered/internals")...
Processing file: /disk/data1/lze/ljuign/G4v11_sim/Sim_Hybrid-v4.5.1/sim_data/base/internals/SSi_Cs137_7.root
Writing 23127 entries to /disk/data1/lze/ljuign/G4v11_sim/Sim_Hybrid-v4.5.1/sim_data/filtered/internals/SSi_Cs137_7_filtered.root
Done processing /disk/data1/lze/ljuign/G4v11_sim/Sim_Hybrid-v4.5.1/sim_data/base/internals/SSi_Cs137_7.root
Filtering /disk/data1/lze/ljuign/G4v11_sim/Sim_Hybrid-v4.5.1/sim_data/base/internals/SSi_Cs137_80.root ...

Processing /disk/data1/lze/ljuign/TESSERACT_Simulation_Analysis/tesssa/cpp/VD_single_filtering.cc("/disk/data1/lze/ljuign/G4v11_sim/Sim_Hybrid-v4.5.1/sim_data/base/internals/SSi_Cs137_80.root","/disk/data1/lze/ljuign/G4v11_sim/Sim_Hybrid-v4.5.1/sim_data/filtered/internals")...
Processing file: /disk/data1/lze/ljuign/G4v11_sim/Sim_Hybrid-v4.5.1/sim_data/base/internals/SSi_Cs137_80.root
Writing 23362 entries to /disk/data1/lze/ljuign/G4v11_sim/Sim_Hybrid-v4.5.1/sim_data/filtered/internals/SSi_Cs137_80_filtered.root
Done processing /disk/data1/lze/ljuign/G4v11_sim/Sim_Hybrid-v4.5.1/sim_data/base/internals/SSi_Cs137_80.root
Filtering /disk/data1/lze/ljuign/G4v11_sim/Sim_Hybrid-v4.5.1/sim_data/base/internals/SSi_Cs137_81.root ...

Processing /disk/data1/lze/ljuign/TESSERACT_Simulation_Analysis/tesssa/cpp/VD_single_filtering.cc("/disk/data1/lze/ljuign/G4v11_sim/Sim_Hybrid-v4.5.1/sim_data/base/internals/SSi_Cs137_81.root","/disk/data1/lze/ljuign/G4v11_sim/Sim_Hybrid-v4.5.1/sim_data/filtered/internals")...
Processing file: /disk/data1/lze/ljuign/G4v11_sim/Sim_Hybrid-v4.5.1/sim_data/base/internals/SSi_Cs137_81.root
Writing 23278 entries to /disk/data1/lze/ljuign/G4v11_sim/Sim_Hybrid-v4.5.1/sim_data/filtered/internals/SSi_Cs137_81_filtered.root
Done processing /disk/data1/lze/ljuign/G4v11_sim/Sim_Hybrid-v4.5.1/sim_data/base/internals/SSi_Cs137_81.root
Filtering /disk/data1/lze/ljuign/G4v11_sim/Sim_Hybrid-v4.5.1/sim_data/base/internals/SSi_Cs137_82.root ...

Processing /disk/data1/lze/ljuign/TESSERACT_Simulation_Analysis/tesssa/cpp/VD_single_filtering.cc("/disk/data1/lze/ljuign/G4v11_sim/Sim_Hybrid-v4.5.1/sim_data/base/internals/SSi_Cs137_82.root","/disk/data1/lze/ljuign/G4v11_sim/Sim_Hybrid-v4.5.1/sim_data/filtered/internals")...
Processing file: /disk/data1/lze/ljuign/G4v11_sim/Sim_Hybrid-v4.5.1/sim_data/base/internals/SSi_Cs137_82.root
Writing 23213 entries to /disk/data1/lze/ljuign/G4v11_sim/Sim_Hybrid-v4.5.1/sim_data/filtered/internals/SSi_Cs137_82_filtered.root
Done processing /disk/data1/lze/ljuign/G4v11_sim/Sim_Hybrid-v4.5.1/sim_data/base/internals/SSi_Cs137_82.root
Filtering /disk/data1/lze/ljuign/G4v11_sim/Sim_Hybrid-v4.5.1/sim_data/base/internals/SSi_Cs137_83.root ...

Processing /disk/data1/lze/ljuign/TESSERACT_Simulation_Analysis/tesssa/cpp/VD_single_filtering.cc("/disk/data1/lze/ljuign/G4v11_sim/Sim_Hybrid-v4.5.1/sim_data/base/internals/SSi_Cs137_83.root","/disk/data1/lze/ljuign/G4v11_sim/Sim_Hybrid-v4.5.1/sim_data/filtered/internals")...
Processing file: /disk/data1/lze/ljuign/G4v11_sim/Sim_Hybrid-v4.5.1/sim_data/base/internals/SSi_Cs137_83.root
Writing 23459 entries to /disk/data1/lze/ljuign/G4v11_sim/Sim_Hybrid-v4.5.1/sim_data/filtered/internals/SSi_Cs137_83_filtered.root
Done processing /disk/data1/lze/ljuign/G4v11_sim/Sim_Hybrid-v4.5.1/sim_data/base/internals/SSi_Cs137_83.root
Filtering /disk/data1/lze/ljuign/G4v11_sim/Sim_Hybrid-v4.5.1/sim_data/base/internals/SSi_Cs137_84.root ...

Processing /disk/data1/lze/ljuign/TESSERACT_Simulation_Analysis/tesssa/cpp/VD_single_filtering.cc("/disk/data1/lze/ljuign/G4v11_sim/Sim_Hybrid-v4.5.1/sim_data/base/internals/SSi_Cs137_84.root","/disk/data1/lze/ljuign/G4v11_sim/Sim_Hybrid-v4.5.1/sim_data/filtered/internals")...
Processing file: /disk/data1/lze/ljuign/G4v11_sim/Sim_Hybrid-v4.5.1/sim_data/base/internals/SSi_Cs137_84.root
Writing 23010 entries to /disk/data1/lze/ljuign/G4v11_sim/Sim_Hybrid-v4.5.1/sim_data/filtered/internals/SSi_Cs137_84_filtered.root
Done processing /disk/data1/lze/ljuign/G4v11_sim/Sim_Hybrid-v4.5.1/sim_data/base/internals/SSi_Cs137_84.root
Filtering /disk/data1/lze/ljuign/G4v11_sim/Sim_Hybrid-v4.5.1/sim_data/base/internals/SSi_Cs137_85.root ...

Processing /disk/data1/lze/ljuign/TESSERACT_Simulation_Analysis/tesssa/cpp/VD_single_filtering.cc("/disk/data1/lze/ljuign/G4v11_sim/Sim_Hybrid-v4.5.1/sim_data/base/internals/SSi_Cs137_85.root","/disk/data1/lze/ljuign/G4v11_sim/Sim_Hybrid-v4.5.1/sim_data/filtered/internals")...
Processing file: /disk/data1/lze/ljuign/G4v11_sim/Sim_Hybrid-v4.5.1/sim_data/base/internals/SSi_Cs137_85.root
Writing 23232 entries to /disk/data1/lze/ljuign/G4v11_sim/Sim_Hybrid-v4.5.1/sim_data/filtered/internals/SSi_Cs137_85_filtered.root
Done processing /disk/data1/lze/ljuign/G4v11_sim/Sim_Hybrid-v4.5.1/sim_data/base/internals/SSi_Cs137_85.root
Filtering /disk/data1/lze/ljuign/G4v11_sim/Sim_Hybrid-v4.5.1/sim_data/base/internals/SSi_Cs137_86.root ...

Processing /disk/data1/lze/ljuign/TESSERACT_Simulation_Analysis/tesssa/cpp/VD_single_filtering.cc("/disk/data1/lze/ljuign/G4v11_sim/Sim_Hybrid-v4.5.1/sim_data/base/internals/SSi_Cs137_86.root","/disk/data1/lze/ljuign/G4v11_sim/Sim_Hybrid-v4.5.1/sim_data/filtered/internals")...
Processing file: /disk/data1/lze/ljuign/G4v11_sim/Sim_Hybrid-v4.5.1/sim_data/base/internals/SSi_Cs137_86.root
Writing 23213 entries to /disk/data1/lze/ljuign/G4v11_sim/Sim_Hybrid-v4.5.1/sim_data/filtered/internals/SSi_Cs137_86_filtered.root
Done processing /disk/data1/lze/ljuign/G4v11_sim/Sim_Hybrid-v4.5.1/sim_data/base/internals/SSi_Cs137_86.root
Filtering /disk/data1/lze/ljuign/G4v11_sim/Sim_Hybrid-v4.5.1/sim_data/base/internals/SSi_Cs137_87.root ...

Processing /disk/data1/lze/ljuign/TESSERACT_Simulation_Analysis/tesssa/cpp/VD_single_filtering.cc("/disk/data1/lze/ljuign/G4v11_sim/Sim_Hybrid-v4.5.1/sim_data/base/internals/SSi_Cs137_87.root","/disk/data1/lze/ljuign/G4v11_sim/Sim_Hybrid-v4.5.1/sim_data/filtered/internals")...
Processing file: /disk/data1/lze/ljuign/G4v11_sim/Sim_Hybrid-v4.5.1/sim_data/base/internals/SSi_Cs137_87.root
Writing 23107 entries to /disk/data1/lze/ljuign/G4v11_sim/Sim_Hybrid-v4.5.1/sim_data/filtered/internals/SSi_Cs137_87_filtered.root
Done processing /disk/data1/lze/ljuign/G4v11_sim/Sim_Hybrid-v4.5.1/sim_data/base/internals/SSi_Cs137_87.root
Filtering /disk/data1/lze/ljuign/G4v11_sim/Sim_Hybrid-v4.5.1/sim_data/base/internals/SSi_Cs137_88.root ...

Processing /disk/data1/lze/ljuign/TESSERACT_Simulation_Analysis/tesssa/cpp/VD_single_filtering.cc("/disk/data1/lze/ljuign/G4v11_sim/Sim_Hybrid-v4.5.1/sim_data/base/internals/SSi_Cs137_88.root","/disk/data1/lze/ljuign/G4v11_sim/Sim_Hybrid-v4.5.1/sim_data/filtered/internals")...
Processing file: /disk/data1/lze/ljuign/G4v11_sim/Sim_Hybrid-v4.5.1/sim_data/base/internals/SSi_Cs137_88.root
Writing 23597 entries to /disk/data1/lze/ljuign/G4v11_sim/Sim_Hybrid-v4.5.1/sim_data/filtered/internals/SSi_Cs137_88_filtered.root
Done processing /disk/data1/lze/ljuign/G4v11_sim/Sim_Hybrid-v4.5.1/sim_data/base/internals/SSi_Cs137_88.root
Filtering /disk/data1/lze/ljuign/G4v11_sim/Sim_Hybrid-v4.5.1/sim_data/base/internals/SSi_Cs137_89.root ...

Processing /disk/data1/lze/ljuign/TESSERACT_Simulation_Analysis/tesssa/cpp/VD_single_filtering.cc("/disk/data1/lze/ljuign/G4v11_sim/Sim_Hybrid-v4.5.1/sim_data/base/internals/SSi_Cs137_89.root","/disk/data1/lze/ljuign/G4v11_sim/Sim_Hybrid-v4.5.1/sim_data/filtered/internals")...
Processing file: /disk/data1/lze/ljuign/G4v11_sim/Sim_Hybrid-v4.5.1/sim_data/base/internals/SSi_Cs137_89.root
Writing 23856 entries to /disk/data1/lze/ljuign/G4v11_sim/Sim_Hybrid-v4.5.1/sim_data/filtered/internals/SSi_Cs137_89_filtered.root
Done processing /disk/data1/lze/ljuign/G4v11_sim/Sim_Hybrid-v4.5.1/sim_data/base/internals/SSi_Cs137_89.root
Filtering /disk/data1/lze/ljuign/G4v11_sim/Sim_Hybrid-v4.5.1/sim_data/base/internals/SSi_Cs137_8.root ...

Processing /disk/data1/lze/ljuign/TESSERACT_Simulation_Analysis/tesssa/cpp/VD_single_filtering.cc("/disk/data1/lze/ljuign/G4v11_sim/Sim_Hybrid-v4.5.1/sim_data/base/internals/SSi_Cs137_8.root","/disk/data1/lze/ljuign/G4v11_sim/Sim_Hybrid-v4.5.1/sim_data/filtered/internals")...
Processing file: /disk/data1/lze/ljuign/G4v11_sim/Sim_Hybrid-v4.5.1/sim_data/base/internals/SSi_Cs137_8.root
Writing 23293 entries to /disk/data1/lze/ljuign/G4v11_sim/Sim_Hybrid-v4.5.1/sim_data/filtered/internals/SSi_Cs137_8_filtered.root
Done processing /disk/data1/lze/ljuign/G4v11_sim/Sim_Hybrid-v4.5.1/sim_data/base/internals/SSi_Cs137_8.root
Filtering /disk/data1/lze/ljuign/G4v11_sim/Sim_Hybrid-v4.5.1/sim_data/base/internals/SSi_Cs137_90.root ...

Processing /disk/data1/lze/ljuign/TESSERACT_Simulation_Analysis/tesssa/cpp/VD_single_filtering.cc("/disk/data1/lze/ljuign/G4v11_sim/Sim_Hybrid-v4.5.1/sim_data/base/internals/SSi_Cs137_90.root","/disk/data1/lze/ljuign/G4v11_sim/Sim_Hybrid-v4.5.1/sim_data/filtered/internals")...
Processing file: /disk/data1/lze/ljuign/G4v11_sim/Sim_Hybrid-v4.5.1/sim_data/base/internals/SSi_Cs137_90.root
Writing 23618 entries to /disk/data1/lze/ljuign/G4v11_sim/Sim_Hybrid-v4.5.1/sim_data/filtered/internals/SSi_Cs137_90_filtered.root
Done processing /disk/data1/lze/ljuign/G4v11_sim/Sim_Hybrid-v4.5.1/sim_data/base/internals/SSi_Cs137_90.root
Filtering /disk/data1/lze/ljuign/G4v11_sim/Sim_Hybrid-v4.5.1/sim_data/base/internals/SSi_Cs137_91.root ...

Processing /disk/data1/lze/ljuign/TESSERACT_Simulation_Analysis/tesssa/cpp/VD_single_filtering.cc("/disk/data1/lze/ljuign/G4v11_sim/Sim_Hybrid-v4.5.1/sim_data/base/internals/SSi_Cs137_91.root","/disk/data1/lze/ljuign/G4v11_sim/Sim_Hybrid-v4.5.1/sim_data/filtered/internals")...
Processing file: /disk/data1/lze/ljuign/G4v11_sim/Sim_Hybrid-v4.5.1/sim_data/base/internals/SSi_Cs137_91.root
Writing 23037 entries to /disk/data1/lze/ljuign/G4v11_sim/Sim_Hybrid-v4.5.1/sim_data/filtered/internals/SSi_Cs137_91_filtered.root
Done processing /disk/data1/lze/ljuign/G4v11_sim/Sim_Hybrid-v4.5.1/sim_data/base/internals/SSi_Cs137_91.root
Filtering /disk/data1/lze/ljuign/G4v11_sim/Sim_Hybrid-v4.5.1/sim_data/base/internals/SSi_Cs137_92.root ...

Processing /disk/data1/lze/ljuign/TESSERACT_Simulation_Analysis/tesssa/cpp/VD_single_filtering.cc("/disk/data1/lze/ljuign/G4v11_sim/Sim_Hybrid-v4.5.1/sim_data/base/internals/SSi_Cs137_92.root","/disk/data1/lze/ljuign/G4v11_sim/Sim_Hybrid-v4.5.1/sim_data/filtered/internals")...
Processing file: /disk/data1/lze/ljuign/G4v11_sim/Sim_Hybrid-v4.5.1/sim_data/base/internals/SSi_Cs137_92.root
Writing 23564 entries to /disk/data1/lze/ljuign/G4v11_sim/Sim_Hybrid-v4.5.1/sim_data/filtered/internals/SSi_Cs137_92_filtered.root
Done processing /disk/data1/lze/ljuign/G4v11_sim/Sim_Hybrid-v4.5.1/sim_data/base/internals/SSi_Cs137_92.root
Filtering /disk/data1/lze/ljuign/G4v11_sim/Sim_Hybrid-v4.5.1/sim_data/base/internals/SSi_Cs137_93.root ...

Processing /disk/data1/lze/ljuign/TESSERACT_Simulation_Analysis/tesssa/cpp/VD_single_filtering.cc("/disk/data1/lze/ljuign/G4v11_sim/Sim_Hybrid-v4.5.1/sim_data/base/internals/SSi_Cs137_93.root","/disk/data1/lze/ljuign/G4v11_sim/Sim_Hybrid-v4.5.1/sim_data/filtered/internals")...
Processing file: /disk/data1/lze/ljuign/G4v11_sim/Sim_Hybrid-v4.5.1/sim_data/base/internals/SSi_Cs137_93.root
Writing 23345 entries to /disk/data1/lze/ljuign/G4v11_sim/Sim_Hybrid-v4.5.1/sim_data/filtered/internals/SSi_Cs137_93_filtered.root
Done processing /disk/data1/lze/ljuign/G4v11_sim/Sim_Hybrid-v4.5.1/sim_data/base/internals/SSi_Cs137_93.root
Filtering /disk/data1/lze/ljuign/G4v11_sim/Sim_Hybrid-v4.5.1/sim_data/base/internals/SSi_Cs137_94.root ...

Processing /disk/data1/lze/ljuign/TESSERACT_Simulation_Analysis/tesssa/cpp/VD_single_filtering.cc("/disk/data1/lze/ljuign/G4v11_sim/Sim_Hybrid-v4.5.1/sim_data/base/internals/SSi_Cs137_94.root","/disk/data1/lze/ljuign/G4v11_sim/Sim_Hybrid-v4.5.1/sim_data/filtered/internals")...
Processing file: /disk/data1/lze/ljuign/G4v11_sim/Sim_Hybrid-v4.5.1/sim_data/base/internals/SSi_Cs137_94.root
Writing 23437 entries to /disk/data1/lze/ljuign/G4v11_sim/Sim_Hybrid-v4.5.1/sim_data/filtered/internals/SSi_Cs137_94_filtered.root
Done processing /disk/data1/lze/ljuign/G4v11_sim/Sim_Hybrid-v4.5.1/sim_data/base/internals/SSi_Cs137_94.root
Filtering /disk/data1/lze/ljuign/G4v11_sim/Sim_Hybrid-v4.5.1/sim_data/base/internals/SSi_Cs137_95.root ...

Processing /disk/data1/lze/ljuign/TESSERACT_Simulation_Analysis/tesssa/cpp/VD_single_filtering.cc("/disk/data1/lze/ljuign/G4v11_sim/Sim_Hybrid-v4.5.1/sim_data/base/internals/SSi_Cs137_95.root","/disk/data1/lze/ljuign/G4v11_sim/Sim_Hybrid-v4.5.1/sim_data/filtered/internals")...
Processing file: /disk/data1/lze/ljuign/G4v11_sim/Sim_Hybrid-v4.5.1/sim_data/base/internals/SSi_Cs137_95.root
Writing 23639 entries to /disk/data1/lze/ljuign/G4v11_sim/Sim_Hybrid-v4.5.1/sim_data/filtered/internals/SSi_Cs137_95_filtered.root
Done processing /disk/data1/lze/ljuign/G4v11_sim/Sim_Hybrid-v4.5.1/sim_data/base/internals/SSi_Cs137_95.root
Filtering /disk/data1/lze/ljuign/G4v11_sim/Sim_Hybrid-v4.5.1/sim_data/base/internals/SSi_Cs137_96.root ...

Processing /disk/data1/lze/ljuign/TESSERACT_Simulation_Analysis/tesssa/cpp/VD_single_filtering.cc("/disk/data1/lze/ljuign/G4v11_sim/Sim_Hybrid-v4.5.1/sim_data/base/internals/SSi_Cs137_96.root","/disk/data1/lze/ljuign/G4v11_sim/Sim_Hybrid-v4.5.1/sim_data/filtered/internals")...
Processing file: /disk/data1/lze/ljuign/G4v11_sim/Sim_Hybrid-v4.5.1/sim_data/base/internals/SSi_Cs137_96.root
Writing 23413 entries to /disk/data1/lze/ljuign/G4v11_sim/Sim_Hybrid-v4.5.1/sim_data/filtered/internals/SSi_Cs137_96_filtered.root
Done processing /disk/data1/lze/ljuign/G4v11_sim/Sim_Hybrid-v4.5.1/sim_data/base/internals/SSi_Cs137_96.root
Filtering /disk/data1/lze/ljuign/G4v11_sim/Sim_Hybrid-v4.5.1/sim_data/base/internals/SSi_Cs137_97.root ...

Processing /disk/data1/lze/ljuign/TESSERACT_Simulation_Analysis/tesssa/cpp/VD_single_filtering.cc("/disk/data1/lze/ljuign/G4v11_sim/Sim_Hybrid-v4.5.1/sim_data/base/internals/SSi_Cs137_97.root","/disk/data1/lze/ljuign/G4v11_sim/Sim_Hybrid-v4.5.1/sim_data/filtered/internals")...
Processing file: /disk/data1/lze/ljuign/G4v11_sim/Sim_Hybrid-v4.5.1/sim_data/base/internals/SSi_Cs137_97.root
Writing 23328 entries to /disk/data1/lze/ljuign/G4v11_sim/Sim_Hybrid-v4.5.1/sim_data/filtered/internals/SSi_Cs137_97_filtered.root
Done processing /disk/data1/lze/ljuign/G4v11_sim/Sim_Hybrid-v4.5.1/sim_data/base/internals/SSi_Cs137_97.root
Filtering /disk/data1/lze/ljuign/G4v11_sim/Sim_Hybrid-v4.5.1/sim_data/base/internals/SSi_Cs137_98.root ...

Processing /disk/data1/lze/ljuign/TESSERACT_Simulation_Analysis/tesssa/cpp/VD_single_filtering.cc("/disk/data1/lze/ljuign/G4v11_sim/Sim_Hybrid-v4.5.1/sim_data/base/internals/SSi_Cs137_98.root","/disk/data1/lze/ljuign/G4v11_sim/Sim_Hybrid-v4.5.1/sim_data/filtered/internals")...
Processing file: /disk/data1/lze/ljuign/G4v11_sim/Sim_Hybrid-v4.5.1/sim_data/base/internals/SSi_Cs137_98.root
Writing 23210 entries to /disk/data1/lze/ljuign/G4v11_sim/Sim_Hybrid-v4.5.1/sim_data/filtered/internals/SSi_Cs137_98_filtered.root
Done processing /disk/data1/lze/ljuign/G4v11_sim/Sim_Hybrid-v4.5.1/sim_data/base/internals/SSi_Cs137_98.root
Filtering /disk/data1/lze/ljuign/G4v11_sim/Sim_Hybrid-v4.5.1/sim_data/base/internals/SSi_Cs137_99.root ...

Processing /disk/data1/lze/ljuign/TESSERACT_Simulation_Analysis/tesssa/cpp/VD_single_filtering.cc("/disk/data1/lze/ljuign/G4v11_sim/Sim_Hybrid-v4.5.1/sim_data/base/internals/SSi_Cs137_99.root","/disk/data1/lze/ljuign/G4v11_sim/Sim_Hybrid-v4.5.1/sim_data/filtered/internals")...
Processing file: /disk/data1/lze/ljuign/G4v11_sim/Sim_Hybrid-v4.5.1/sim_data/base/internals/SSi_Cs137_99.root
Writing 23629 entries to /disk/data1/lze/ljuign/G4v11_sim/Sim_Hybrid-v4.5.1/sim_data/filtered/internals/SSi_Cs137_99_filtered.root
Done processing /disk/data1/lze/ljuign/G4v11_sim/Sim_Hybrid-v4.5.1/sim_data/base/internals/SSi_Cs137_99.root
Filtering /disk/data1/lze/ljuign/G4v11_sim/Sim_Hybrid-v4.5.1/sim_data/base/internals/SSi_Cs137_9.root ...

Processing /disk/data1/lze/ljuign/TESSERACT_Simulation_Analysis/tesssa/cpp/VD_single_filtering.cc("/disk/data1/lze/ljuign/G4v11_sim/Sim_Hybrid-v4.5.1/sim_data/base/internals/SSi_Cs137_9.root","/disk/data1/lze/ljuign/G4v11_sim/Sim_Hybrid-v4.5.1/sim_data/filtered/internals")...
Processing file: /disk/data1/lze/ljuign/G4v11_sim/Sim_Hybrid-v4.5.1/sim_data/base/internals/SSi_Cs137_9.root
Writing 23774 entries to /disk/data1/lze/ljuign/G4v11_sim/Sim_Hybrid-v4.5.1/sim_data/filtered/internals/SSi_Cs137_9_filtered.root
Done processing /disk/data1/lze/ljuign/G4v11_sim/Sim_Hybrid-v4.5.1/sim_data/base/internals/SSi_Cs137_9.root
Job for Cs137 finished!
