----------------------------------------
Processing isotope: Bi214
Files matching pattern: /disk/data1/lze/ljuign/G4v11_sim/Sim_Hybrid-v4.5.1/sim_data/base/internals/cSSi_Bi214_*.root
----------------------------------------
Filtering /disk/data1/lze/ljuign/G4v11_sim/Sim_Hybrid-v4.5.1/sim_data/base/internals/cSSi_Bi214_0.root ...

Processing /disk/data1/lze/ljuign/TESSERACT_Simulation_Analysis/tesssa/cpp/VD_single_filtering.cc("/disk/data1/lze/ljuign/G4v11_sim/Sim_Hybrid-v4.5.1/sim_data/base/internals/cSSi_Bi214_0.root","/disk/data1/lze/ljuign/G4v11_sim/Sim_Hybrid-v4.5.1/sim_data/filtered/internals")...
Processing file: /disk/data1/lze/ljuign/G4v11_sim/Sim_Hybrid-v4.5.1/sim_data/base/internals/cSSi_Bi214_0.root
Writing 63645 entries to /disk/data1/lze/ljuign/G4v11_sim/Sim_Hybrid-v4.5.1/sim_data/filtered/internals/cSSi_Bi214_0_filtered.root
Done processing /disk/data1/lze/ljuign/G4v11_sim/Sim_Hybrid-v4.5.1/sim_data/base/internals/cSSi_Bi214_0.root
Filtering /disk/data1/lze/ljuign/G4v11_sim/Sim_Hybrid-v4.5.1/sim_data/base/internals/cSSi_Bi214_10.root ...

Processing /disk/data1/lze/ljuign/TESSERACT_Simulation_Analysis/tesssa/cpp/VD_single_filtering.cc("/disk/data1/lze/ljuign/G4v11_sim/Sim_Hybrid-v4.5.1/sim_data/base/internals/cSSi_Bi214_10.root","/disk/data1/lze/ljuign/G4v11_sim/Sim_Hybrid-v4.5.1/sim_data/filtered/internals")...
Processing file: /disk/data1/lze/ljuign/G4v11_sim/Sim_Hybrid-v4.5.1/sim_data/base/internals/cSSi_Bi214_10.root
Writing 64601 entries to /disk/data1/lze/ljuign/G4v11_sim/Sim_Hybrid-v4.5.1/sim_data/filtered/internals/cSSi_Bi214_10_filtered.root
Done processing /disk/data1/lze/ljuign/G4v11_sim/Sim_Hybrid-v4.5.1/sim_data/base/internals/cSSi_Bi214_10.root
Filtering /disk/data1/lze/ljuign/G4v11_sim/Sim_Hybrid-v4.5.1/sim_data/base/internals/cSSi_Bi214_11.root ...

Processing /disk/data1/lze/ljuign/TESSERACT_Simulation_Analysis/tesssa/cpp/VD_single_filtering.cc("/disk/data1/lze/ljuign/G4v11_sim/Sim_Hybrid-v4.5.1/sim_data/base/internals/cSSi_Bi214_11.root","/disk/data1/lze/ljuign/G4v11_sim/Sim_Hybrid-v4.5.1/sim_data/filtered/internals")...
Processing file: /disk/data1/lze/ljuign/G4v11_sim/Sim_Hybrid-v4.5.1/sim_data/base/internals/cSSi_Bi214_11.root
Writing 64870 entries to /disk/data1/lze/ljuign/G4v11_sim/Sim_Hybrid-v4.5.1/sim_data/filtered/internals/cSSi_Bi214_11_filtered.root
Done processing /disk/data1/lze/ljuign/G4v11_sim/Sim_Hybrid-v4.5.1/sim_data/base/internals/cSSi_Bi214_11.root
Filtering /disk/data1/lze/ljuign/G4v11_sim/Sim_Hybrid-v4.5.1/sim_data/base/internals/cSSi_Bi214_12.root ...

Processing /disk/data1/lze/ljuign/TESSERACT_Simulation_Analysis/tesssa/cpp/VD_single_filtering.cc("/disk/data1/lze/ljuign/G4v11_sim/Sim_Hybrid-v4.5.1/sim_data/base/internals/cSSi_Bi214_12.root","/disk/data1/lze/ljuign/G4v11_sim/Sim_Hybrid-v4.5.1/sim_data/filtered/internals")...
Processing file: /disk/data1/lze/ljuign/G4v11_sim/Sim_Hybrid-v4.5.1/sim_data/base/internals/cSSi_Bi214_12.root
Writing 64883 entries to /disk/data1/lze/ljuign/G4v11_sim/Sim_Hybrid-v4.5.1/sim_data/filtered/internals/cSSi_Bi214_12_filtered.root
Done processing /disk/data1/lze/ljuign/G4v11_sim/Sim_Hybrid-v4.5.1/sim_data/base/internals/cSSi_Bi214_12.root
Filtering /disk/data1/lze/ljuign/G4v11_sim/Sim_Hybrid-v4.5.1/sim_data/base/internals/cSSi_Bi214_13.root ...

Processing /disk/data1/lze/ljuign/TESSERACT_Simulation_Analysis/tesssa/cpp/VD_single_filtering.cc("/disk/data1/lze/ljuign/G4v11_sim/Sim_Hybrid-v4.5.1/sim_data/base/internals/cSSi_Bi214_13.root","/disk/data1/lze/ljuign/G4v11_sim/Sim_Hybrid-v4.5.1/sim_data/filtered/internals")...
Processing file: /disk/data1/lze/ljuign/G4v11_sim/Sim_Hybrid-v4.5.1/sim_data/base/internals/cSSi_Bi214_13.root
Writing 64238 entries to /disk/data1/lze/ljuign/G4v11_sim/Sim_Hybrid-v4.5.1/sim_data/filtered/internals/cSSi_Bi214_13_filtered.root
Done processing /disk/data1/lze/ljuign/G4v11_sim/Sim_Hybrid-v4.5.1/sim_data/base/internals/cSSi_Bi214_13.root
Filtering /disk/data1/lze/ljuign/G4v11_sim/Sim_Hybrid-v4.5.1/sim_data/base/internals/cSSi_Bi214_14.root ...

Processing /disk/data1/lze/ljuign/TESSERACT_Simulation_Analysis/tesssa/cpp/VD_single_filtering.cc("/disk/data1/lze/ljuign/G4v11_sim/Sim_Hybrid-v4.5.1/sim_data/base/internals/cSSi_Bi214_14.root","/disk/data1/lze/ljuign/G4v11_sim/Sim_Hybrid-v4.5.1/sim_data/filtered/internals")...
Processing file: /disk/data1/lze/ljuign/G4v11_sim/Sim_Hybrid-v4.5.1/sim_data/base/internals/cSSi_Bi214_14.root
Writing 64929 entries to /disk/data1/lze/ljuign/G4v11_sim/Sim_Hybrid-v4.5.1/sim_data/filtered/internals/cSSi_Bi214_14_filtered.root
Done processing /disk/data1/lze/ljuign/G4v11_sim/Sim_Hybrid-v4.5.1/sim_data/base/internals/cSSi_Bi214_14.root
Filtering /disk/data1/lze/ljuign/G4v11_sim/Sim_Hybrid-v4.5.1/sim_data/base/internals/cSSi_Bi214_15.root ...

Processing /disk/data1/lze/ljuign/TESSERACT_Simulation_Analysis/tesssa/cpp/VD_single_filtering.cc("/disk/data1/lze/ljuign/G4v11_sim/Sim_Hybrid-v4.5.1/sim_data/base/internals/cSSi_Bi214_15.root","/disk/data1/lze/ljuign/G4v11_sim/Sim_Hybrid-v4.5.1/sim_data/filtered/internals")...
Processing file: /disk/data1/lze/ljuign/G4v11_sim/Sim_Hybrid-v4.5.1/sim_data/base/internals/cSSi_Bi214_15.root
Writing 64739 entries to /disk/data1/lze/ljuign/G4v11_sim/Sim_Hybrid-v4.5.1/sim_data/filtered/internals/cSSi_Bi214_15_filtered.root
Done processing /disk/data1/lze/ljuign/G4v11_sim/Sim_Hybrid-v4.5.1/sim_data/base/internals/cSSi_Bi214_15.root
Filtering /disk/data1/lze/ljuign/G4v11_sim/Sim_Hybrid-v4.5.1/sim_data/base/internals/cSSi_Bi214_16.root ...

Processing /disk/data1/lze/ljuign/TESSERACT_Simulation_Analysis/tesssa/cpp/VD_single_filtering.cc("/disk/data1/lze/ljuign/G4v11_sim/Sim_Hybrid-v4.5.1/sim_data/base/internals/cSSi_Bi214_16.root","/disk/data1/lze/ljuign/G4v11_sim/Sim_Hybrid-v4.5.1/sim_data/filtered/internals")...
Processing file: /disk/data1/lze/ljuign/G4v11_sim/Sim_Hybrid-v4.5.1/sim_data/base/internals/cSSi_Bi214_16.root
Writing 65266 entries to /disk/data1/lze/ljuign/G4v11_sim/Sim_Hybrid-v4.5.1/sim_data/filtered/internals/cSSi_Bi214_16_filtered.root
Done processing /disk/data1/lze/ljuign/G4v11_sim/Sim_Hybrid-v4.5.1/sim_data/base/internals/cSSi_Bi214_16.root
Filtering /disk/data1/lze/ljuign/G4v11_sim/Sim_Hybrid-v4.5.1/sim_data/base/internals/cSSi_Bi214_17.root ...

Processing /disk/data1/lze/ljuign/TESSERACT_Simulation_Analysis/tesssa/cpp/VD_single_filtering.cc("/disk/data1/lze/ljuign/G4v11_sim/Sim_Hybrid-v4.5.1/sim_data/base/internals/cSSi_Bi214_17.root","/disk/data1/lze/ljuign/G4v11_sim/Sim_Hybrid-v4.5.1/sim_data/filtered/internals")...
Processing file: /disk/data1/lze/ljuign/G4v11_sim/Sim_Hybrid-v4.5.1/sim_data/base/internals/cSSi_Bi214_17.root
Writing 64875 entries to /disk/data1/lze/ljuign/G4v11_sim/Sim_Hybrid-v4.5.1/sim_data/filtered/internals/cSSi_Bi214_17_filtered.root
Done processing /disk/data1/lze/ljuign/G4v11_sim/Sim_Hybrid-v4.5.1/sim_data/base/internals/cSSi_Bi214_17.root
Filtering /disk/data1/lze/ljuign/G4v11_sim/Sim_Hybrid-v4.5.1/sim_data/base/internals/cSSi_Bi214_18.root ...

Processing /disk/data1/lze/ljuign/TESSERACT_Simulation_Analysis/tesssa/cpp/VD_single_filtering.cc("/disk/data1/lze/ljuign/G4v11_sim/Sim_Hybrid-v4.5.1/sim_data/base/internals/cSSi_Bi214_18.root","/disk/data1/lze/ljuign/G4v11_sim/Sim_Hybrid-v4.5.1/sim_data/filtered/internals")...
Processing file: /disk/data1/lze/ljuign/G4v11_sim/Sim_Hybrid-v4.5.1/sim_data/base/internals/cSSi_Bi214_18.root
Writing 64935 entries to /disk/data1/lze/ljuign/G4v11_sim/Sim_Hybrid-v4.5.1/sim_data/filtered/internals/cSSi_Bi214_18_filtered.root
Done processing /disk/data1/lze/ljuign/G4v11_sim/Sim_Hybrid-v4.5.1/sim_data/base/internals/cSSi_Bi214_18.root
Filtering /disk/data1/lze/ljuign/G4v11_sim/Sim_Hybrid-v4.5.1/sim_data/base/internals/cSSi_Bi214_19.root ...

Processing /disk/data1/lze/ljuign/TESSERACT_Simulation_Analysis/tesssa/cpp/VD_single_filtering.cc("/disk/data1/lze/ljuign/G4v11_sim/Sim_Hybrid-v4.5.1/sim_data/base/internals/cSSi_Bi214_19.root","/disk/data1/lze/ljuign/G4v11_sim/Sim_Hybrid-v4.5.1/sim_data/filtered/internals")...
Processing file: /disk/data1/lze/ljuign/G4v11_sim/Sim_Hybrid-v4.5.1/sim_data/base/internals/cSSi_Bi214_19.root
Writing 63370 entries to /disk/data1/lze/ljuign/G4v11_sim/Sim_Hybrid-v4.5.1/sim_data/filtered/internals/cSSi_Bi214_19_filtered.root
Done processing /disk/data1/lze/ljuign/G4v11_sim/Sim_Hybrid-v4.5.1/sim_data/base/internals/cSSi_Bi214_19.root
Filtering /disk/data1/lze/ljuign/G4v11_sim/Sim_Hybrid-v4.5.1/sim_data/base/internals/cSSi_Bi214_1.root ...

Processing /disk/data1/lze/ljuign/TESSERACT_Simulation_Analysis/tesssa/cpp/VD_single_filtering.cc("/disk/data1/lze/ljuign/G4v11_sim/Sim_Hybrid-v4.5.1/sim_data/base/internals/cSSi_Bi214_1.root","/disk/data1/lze/ljuign/G4v11_sim/Sim_Hybrid-v4.5.1/sim_data/filtered/internals")...
Processing file: /disk/data1/lze/ljuign/G4v11_sim/Sim_Hybrid-v4.5.1/sim_data/base/internals/cSSi_Bi214_1.root
Writing 64543 entries to /disk/data1/lze/ljuign/G4v11_sim/Sim_Hybrid-v4.5.1/sim_data/filtered/internals/cSSi_Bi214_1_filtered.root
Done processing /disk/data1/lze/ljuign/G4v11_sim/Sim_Hybrid-v4.5.1/sim_data/base/internals/cSSi_Bi214_1.root
Filtering /disk/data1/lze/ljuign/G4v11_sim/Sim_Hybrid-v4.5.1/sim_data/base/internals/cSSi_Bi214_20.root ...

Processing /disk/data1/lze/ljuign/TESSERACT_Simulation_Analysis/tesssa/cpp/VD_single_filtering.cc("/disk/data1/lze/ljuign/G4v11_sim/Sim_Hybrid-v4.5.1/sim_data/base/internals/cSSi_Bi214_20.root","/disk/data1/lze/ljuign/G4v11_sim/Sim_Hybrid-v4.5.1/sim_data/filtered/internals")...
Processing file: /disk/data1/lze/ljuign/G4v11_sim/Sim_Hybrid-v4.5.1/sim_data/base/internals/cSSi_Bi214_20.root
Writing 64419 entries to /disk/data1/lze/ljuign/G4v11_sim/Sim_Hybrid-v4.5.1/sim_data/filtered/internals/cSSi_Bi214_20_filtered.root
Done processing /disk/data1/lze/ljuign/G4v11_sim/Sim_Hybrid-v4.5.1/sim_data/base/internals/cSSi_Bi214_20.root
Filtering /disk/data1/lze/ljuign/G4v11_sim/Sim_Hybrid-v4.5.1/sim_data/base/internals/cSSi_Bi214_21.root ...

Processing /disk/data1/lze/ljuign/TESSERACT_Simulation_Analysis/tesssa/cpp/VD_single_filtering.cc("/disk/data1/lze/ljuign/G4v11_sim/Sim_Hybrid-v4.5.1/sim_data/base/internals/cSSi_Bi214_21.root","/disk/data1/lze/ljuign/G4v11_sim/Sim_Hybrid-v4.5.1/sim_data/filtered/internals")...
Processing file: /disk/data1/lze/ljuign/G4v11_sim/Sim_Hybrid-v4.5.1/sim_data/base/internals/cSSi_Bi214_21.root
Writing 64232 entries to /disk/data1/lze/ljuign/G4v11_sim/Sim_Hybrid-v4.5.1/sim_data/filtered/internals/cSSi_Bi214_21_filtered.root
Done processing /disk/data1/lze/ljuign/G4v11_sim/Sim_Hybrid-v4.5.1/sim_data/base/internals/cSSi_Bi214_21.root
Filtering /disk/data1/lze/ljuign/G4v11_sim/Sim_Hybrid-v4.5.1/sim_data/base/internals/cSSi_Bi214_22.root ...

Processing /disk/data1/lze/ljuign/TESSERACT_Simulation_Analysis/tesssa/cpp/VD_single_filtering.cc("/disk/data1/lze/ljuign/G4v11_sim/Sim_Hybrid-v4.5.1/sim_data/base/internals/cSSi_Bi214_22.root","/disk/data1/lze/ljuign/G4v11_sim/Sim_Hybrid-v4.5.1/sim_data/filtered/internals")...
Processing file: /disk/data1/lze/ljuign/G4v11_sim/Sim_Hybrid-v4.5.1/sim_data/base/internals/cSSi_Bi214_22.root
Writing 64126 entries to /disk/data1/lze/ljuign/G4v11_sim/Sim_Hybrid-v4.5.1/sim_data/filtered/internals/cSSi_Bi214_22_filtered.root
Done processing /disk/data1/lze/ljuign/G4v11_sim/Sim_Hybrid-v4.5.1/sim_data/base/internals/cSSi_Bi214_22.root
Filtering /disk/data1/lze/ljuign/G4v11_sim/Sim_Hybrid-v4.5.1/sim_data/base/internals/cSSi_Bi214_23.root ...

Processing /disk/data1/lze/ljuign/TESSERACT_Simulation_Analysis/tesssa/cpp/VD_single_filtering.cc("/disk/data1/lze/ljuign/G4v11_sim/Sim_Hybrid-v4.5.1/sim_data/base/internals/cSSi_Bi214_23.root","/disk/data1/lze/ljuign/G4v11_sim/Sim_Hybrid-v4.5.1/sim_data/filtered/internals")...
Processing file: /disk/data1/lze/ljuign/G4v11_sim/Sim_Hybrid-v4.5.1/sim_data/base/internals/cSSi_Bi214_23.root
Writing 62989 entries to /disk/data1/lze/ljuign/G4v11_sim/Sim_Hybrid-v4.5.1/sim_data/filtered/internals/cSSi_Bi214_23_filtered.root
Done processing /disk/data1/lze/ljuign/G4v11_sim/Sim_Hybrid-v4.5.1/sim_data/base/internals/cSSi_Bi214_23.root
Filtering /disk/data1/lze/ljuign/G4v11_sim/Sim_Hybrid-v4.5.1/sim_data/base/internals/cSSi_Bi214_24.root ...

Processing /disk/data1/lze/ljuign/TESSERACT_Simulation_Analysis/tesssa/cpp/VD_single_filtering.cc("/disk/data1/lze/ljuign/G4v11_sim/Sim_Hybrid-v4.5.1/sim_data/base/internals/cSSi_Bi214_24.root","/disk/data1/lze/ljuign/G4v11_sim/Sim_Hybrid-v4.5.1/sim_data/filtered/internals")...
Processing file: /disk/data1/lze/ljuign/G4v11_sim/Sim_Hybrid-v4.5.1/sim_data/base/internals/cSSi_Bi214_24.root
Writing 63779 entries to /disk/data1/lze/ljuign/G4v11_sim/Sim_Hybrid-v4.5.1/sim_data/filtered/internals/cSSi_Bi214_24_filtered.root
Done processing /disk/data1/lze/ljuign/G4v11_sim/Sim_Hybrid-v4.5.1/sim_data/base/internals/cSSi_Bi214_24.root
Filtering /disk/data1/lze/ljuign/G4v11_sim/Sim_Hybrid-v4.5.1/sim_data/base/internals/cSSi_Bi214_25.root ...

Processing /disk/data1/lze/ljuign/TESSERACT_Simulation_Analysis/tesssa/cpp/VD_single_filtering.cc("/disk/data1/lze/ljuign/G4v11_sim/Sim_Hybrid-v4.5.1/sim_data/base/internals/cSSi_Bi214_25.root","/disk/data1/lze/ljuign/G4v11_sim/Sim_Hybrid-v4.5.1/sim_data/filtered/internals")...
Processing file: /disk/data1/lze/ljuign/G4v11_sim/Sim_Hybrid-v4.5.1/sim_data/base/internals/cSSi_Bi214_25.root
Writing 64340 entries to /disk/data1/lze/ljuign/G4v11_sim/Sim_Hybrid-v4.5.1/sim_data/filtered/internals/cSSi_Bi214_25_filtered.root
Done processing /disk/data1/lze/ljuign/G4v11_sim/Sim_Hybrid-v4.5.1/sim_data/base/internals/cSSi_Bi214_25.root
Filtering /disk/data1/lze/ljuign/G4v11_sim/Sim_Hybrid-v4.5.1/sim_data/base/internals/cSSi_Bi214_26.root ...

Processing /disk/data1/lze/ljuign/TESSERACT_Simulation_Analysis/tesssa/cpp/VD_single_filtering.cc("/disk/data1/lze/ljuign/G4v11_sim/Sim_Hybrid-v4.5.1/sim_data/base/internals/cSSi_Bi214_26.root","/disk/data1/lze/ljuign/G4v11_sim/Sim_Hybrid-v4.5.1/sim_data/filtered/internals")...
Processing file: /disk/data1/lze/ljuign/G4v11_sim/Sim_Hybrid-v4.5.1/sim_data/base/internals/cSSi_Bi214_26.root
Writing 64056 entries to /disk/data1/lze/ljuign/G4v11_sim/Sim_Hybrid-v4.5.1/sim_data/filtered/internals/cSSi_Bi214_26_filtered.root
Done processing /disk/data1/lze/ljuign/G4v11_sim/Sim_Hybrid-v4.5.1/sim_data/base/internals/cSSi_Bi214_26.root
Filtering /disk/data1/lze/ljuign/G4v11_sim/Sim_Hybrid-v4.5.1/sim_data/base/internals/cSSi_Bi214_27.root ...

Processing /disk/data1/lze/ljuign/TESSERACT_Simulation_Analysis/tesssa/cpp/VD_single_filtering.cc("/disk/data1/lze/ljuign/G4v11_sim/Sim_Hybrid-v4.5.1/sim_data/base/internals/cSSi_Bi214_27.root","/disk/data1/lze/ljuign/G4v11_sim/Sim_Hybrid-v4.5.1/sim_data/filtered/internals")...
Processing file: /disk/data1/lze/ljuign/G4v11_sim/Sim_Hybrid-v4.5.1/sim_data/base/internals/cSSi_Bi214_27.root
Writing 64154 entries to /disk/data1/lze/ljuign/G4v11_sim/Sim_Hybrid-v4.5.1/sim_data/filtered/internals/cSSi_Bi214_27_filtered.root
Done processing /disk/data1/lze/ljuign/G4v11_sim/Sim_Hybrid-v4.5.1/sim_data/base/internals/cSSi_Bi214_27.root
Filtering /disk/data1/lze/ljuign/G4v11_sim/Sim_Hybrid-v4.5.1/sim_data/base/internals/cSSi_Bi214_28.root ...

Processing /disk/data1/lze/ljuign/TESSERACT_Simulation_Analysis/tesssa/cpp/VD_single_filtering.cc("/disk/data1/lze/ljuign/G4v11_sim/Sim_Hybrid-v4.5.1/sim_data/base/internals/cSSi_Bi214_28.root","/disk/data1/lze/ljuign/G4v11_sim/Sim_Hybrid-v4.5.1/sim_data/filtered/internals")...
Processing file: /disk/data1/lze/ljuign/G4v11_sim/Sim_Hybrid-v4.5.1/sim_data/base/internals/cSSi_Bi214_28.root
Writing 64812 entries to /disk/data1/lze/ljuign/G4v11_sim/Sim_Hybrid-v4.5.1/sim_data/filtered/internals/cSSi_Bi214_28_filtered.root
Done processing /disk/data1/lze/ljuign/G4v11_sim/Sim_Hybrid-v4.5.1/sim_data/base/internals/cSSi_Bi214_28.root
Filtering /disk/data1/lze/ljuign/G4v11_sim/Sim_Hybrid-v4.5.1/sim_data/base/internals/cSSi_Bi214_29.root ...

Processing /disk/data1/lze/ljuign/TESSERACT_Simulation_Analysis/tesssa/cpp/VD_single_filtering.cc("/disk/data1/lze/ljuign/G4v11_sim/Sim_Hybrid-v4.5.1/sim_data/base/internals/cSSi_Bi214_29.root","/disk/data1/lze/ljuign/G4v11_sim/Sim_Hybrid-v4.5.1/sim_data/filtered/internals")...
Processing file: /disk/data1/lze/ljuign/G4v11_sim/Sim_Hybrid-v4.5.1/sim_data/base/internals/cSSi_Bi214_29.root
Writing 64146 entries to /disk/data1/lze/ljuign/G4v11_sim/Sim_Hybrid-v4.5.1/sim_data/filtered/internals/cSSi_Bi214_29_filtered.root
Done processing /disk/data1/lze/ljuign/G4v11_sim/Sim_Hybrid-v4.5.1/sim_data/base/internals/cSSi_Bi214_29.root
Filtering /disk/data1/lze/ljuign/G4v11_sim/Sim_Hybrid-v4.5.1/sim_data/base/internals/cSSi_Bi214_2.root ...

Processing /disk/data1/lze/ljuign/TESSERACT_Simulation_Analysis/tesssa/cpp/VD_single_filtering.cc("/disk/data1/lze/ljuign/G4v11_sim/Sim_Hybrid-v4.5.1/sim_data/base/internals/cSSi_Bi214_2.root","/disk/data1/lze/ljuign/G4v11_sim/Sim_Hybrid-v4.5.1/sim_data/filtered/internals")...
Processing file: /disk/data1/lze/ljuign/G4v11_sim/Sim_Hybrid-v4.5.1/sim_data/base/internals/cSSi_Bi214_2.root
Writing 63316 entries to /disk/data1/lze/ljuign/G4v11_sim/Sim_Hybrid-v4.5.1/sim_data/filtered/internals/cSSi_Bi214_2_filtered.root
Done processing /disk/data1/lze/ljuign/G4v11_sim/Sim_Hybrid-v4.5.1/sim_data/base/internals/cSSi_Bi214_2.root
Filtering /disk/data1/lze/ljuign/G4v11_sim/Sim_Hybrid-v4.5.1/sim_data/base/internals/cSSi_Bi214_30.root ...

Processing /disk/data1/lze/ljuign/TESSERACT_Simulation_Analysis/tesssa/cpp/VD_single_filtering.cc("/disk/data1/lze/ljuign/G4v11_sim/Sim_Hybrid-v4.5.1/sim_data/base/internals/cSSi_Bi214_30.root","/disk/data1/lze/ljuign/G4v11_sim/Sim_Hybrid-v4.5.1/sim_data/filtered/internals")...
Processing file: /disk/data1/lze/ljuign/G4v11_sim/Sim_Hybrid-v4.5.1/sim_data/base/internals/cSSi_Bi214_30.root
Writing 65163 entries to /disk/data1/lze/ljuign/G4v11_sim/Sim_Hybrid-v4.5.1/sim_data/filtered/internals/cSSi_Bi214_30_filtered.root
Done processing /disk/data1/lze/ljuign/G4v11_sim/Sim_Hybrid-v4.5.1/sim_data/base/internals/cSSi_Bi214_30.root
Filtering /disk/data1/lze/ljuign/G4v11_sim/Sim_Hybrid-v4.5.1/sim_data/base/internals/cSSi_Bi214_31.root ...

Processing /disk/data1/lze/ljuign/TESSERACT_Simulation_Analysis/tesssa/cpp/VD_single_filtering.cc("/disk/data1/lze/ljuign/G4v11_sim/Sim_Hybrid-v4.5.1/sim_data/base/internals/cSSi_Bi214_31.root","/disk/data1/lze/ljuign/G4v11_sim/Sim_Hybrid-v4.5.1/sim_data/filtered/internals")...
Processing file: /disk/data1/lze/ljuign/G4v11_sim/Sim_Hybrid-v4.5.1/sim_data/base/internals/cSSi_Bi214_31.root
Writing 64241 entries to /disk/data1/lze/ljuign/G4v11_sim/Sim_Hybrid-v4.5.1/sim_data/filtered/internals/cSSi_Bi214_31_filtered.root
Done processing /disk/data1/lze/ljuign/G4v11_sim/Sim_Hybrid-v4.5.1/sim_data/base/internals/cSSi_Bi214_31.root
Filtering /disk/data1/lze/ljuign/G4v11_sim/Sim_Hybrid-v4.5.1/sim_data/base/internals/cSSi_Bi214_32.root ...

Processing /disk/data1/lze/ljuign/TESSERACT_Simulation_Analysis/tesssa/cpp/VD_single_filtering.cc("/disk/data1/lze/ljuign/G4v11_sim/Sim_Hybrid-v4.5.1/sim_data/base/internals/cSSi_Bi214_32.root","/disk/data1/lze/ljuign/G4v11_sim/Sim_Hybrid-v4.5.1/sim_data/filtered/internals")...
Processing file: /disk/data1/lze/ljuign/G4v11_sim/Sim_Hybrid-v4.5.1/sim_data/base/internals/cSSi_Bi214_32.root
Writing 65545 entries to /disk/data1/lze/ljuign/G4v11_sim/Sim_Hybrid-v4.5.1/sim_data/filtered/internals/cSSi_Bi214_32_filtered.root
Done processing /disk/data1/lze/ljuign/G4v11_sim/Sim_Hybrid-v4.5.1/sim_data/base/internals/cSSi_Bi214_32.root
Filtering /disk/data1/lze/ljuign/G4v11_sim/Sim_Hybrid-v4.5.1/sim_data/base/internals/cSSi_Bi214_33.root ...

Processing /disk/data1/lze/ljuign/TESSERACT_Simulation_Analysis/tesssa/cpp/VD_single_filtering.cc("/disk/data1/lze/ljuign/G4v11_sim/Sim_Hybrid-v4.5.1/sim_data/base/internals/cSSi_Bi214_33.root","/disk/data1/lze/ljuign/G4v11_sim/Sim_Hybrid-v4.5.1/sim_data/filtered/internals")...
Processing file: /disk/data1/lze/ljuign/G4v11_sim/Sim_Hybrid-v4.5.1/sim_data/base/internals/cSSi_Bi214_33.root
Writing 63774 entries to /disk/data1/lze/ljuign/G4v11_sim/Sim_Hybrid-v4.5.1/sim_data/filtered/internals/cSSi_Bi214_33_filtered.root
Done processing /disk/data1/lze/ljuign/G4v11_sim/Sim_Hybrid-v4.5.1/sim_data/base/internals/cSSi_Bi214_33.root
Filtering /disk/data1/lze/ljuign/G4v11_sim/Sim_Hybrid-v4.5.1/sim_data/base/internals/cSSi_Bi214_34.root ...

Processing /disk/data1/lze/ljuign/TESSERACT_Simulation_Analysis/tesssa/cpp/VD_single_filtering.cc("/disk/data1/lze/ljuign/G4v11_sim/Sim_Hybrid-v4.5.1/sim_data/base/internals/cSSi_Bi214_34.root","/disk/data1/lze/ljuign/G4v11_sim/Sim_Hybrid-v4.5.1/sim_data/filtered/internals")...
Processing file: /disk/data1/lze/ljuign/G4v11_sim/Sim_Hybrid-v4.5.1/sim_data/base/internals/cSSi_Bi214_34.root
Writing 63939 entries to /disk/data1/lze/ljuign/G4v11_sim/Sim_Hybrid-v4.5.1/sim_data/filtered/internals/cSSi_Bi214_34_filtered.root
Done processing /disk/data1/lze/ljuign/G4v11_sim/Sim_Hybrid-v4.5.1/sim_data/base/internals/cSSi_Bi214_34.root
Filtering /disk/data1/lze/ljuign/G4v11_sim/Sim_Hybrid-v4.5.1/sim_data/base/internals/cSSi_Bi214_35.root ...

Processing /disk/data1/lze/ljuign/TESSERACT_Simulation_Analysis/tesssa/cpp/VD_single_filtering.cc("/disk/data1/lze/ljuign/G4v11_sim/Sim_Hybrid-v4.5.1/sim_data/base/internals/cSSi_Bi214_35.root","/disk/data1/lze/ljuign/G4v11_sim/Sim_Hybrid-v4.5.1/sim_data/filtered/internals")...
Processing file: /disk/data1/lze/ljuign/G4v11_sim/Sim_Hybrid-v4.5.1/sim_data/base/internals/cSSi_Bi214_35.root
Writing 64719 entries to /disk/data1/lze/ljuign/G4v11_sim/Sim_Hybrid-v4.5.1/sim_data/filtered/internals/cSSi_Bi214_35_filtered.root
Done processing /disk/data1/lze/ljuign/G4v11_sim/Sim_Hybrid-v4.5.1/sim_data/base/internals/cSSi_Bi214_35.root
Filtering /disk/data1/lze/ljuign/G4v11_sim/Sim_Hybrid-v4.5.1/sim_data/base/internals/cSSi_Bi214_36.root ...

Processing /disk/data1/lze/ljuign/TESSERACT_Simulation_Analysis/tesssa/cpp/VD_single_filtering.cc("/disk/data1/lze/ljuign/G4v11_sim/Sim_Hybrid-v4.5.1/sim_data/base/internals/cSSi_Bi214_36.root","/disk/data1/lze/ljuign/G4v11_sim/Sim_Hybrid-v4.5.1/sim_data/filtered/internals")...
Processing file: /disk/data1/lze/ljuign/G4v11_sim/Sim_Hybrid-v4.5.1/sim_data/base/internals/cSSi_Bi214_36.root
Writing 64507 entries to /disk/data1/lze/ljuign/G4v11_sim/Sim_Hybrid-v4.5.1/sim_data/filtered/internals/cSSi_Bi214_36_filtered.root
Done processing /disk/data1/lze/ljuign/G4v11_sim/Sim_Hybrid-v4.5.1/sim_data/base/internals/cSSi_Bi214_36.root
Filtering /disk/data1/lze/ljuign/G4v11_sim/Sim_Hybrid-v4.5.1/sim_data/base/internals/cSSi_Bi214_37.root ...

Processing /disk/data1/lze/ljuign/TESSERACT_Simulation_Analysis/tesssa/cpp/VD_single_filtering.cc("/disk/data1/lze/ljuign/G4v11_sim/Sim_Hybrid-v4.5.1/sim_data/base/internals/cSSi_Bi214_37.root","/disk/data1/lze/ljuign/G4v11_sim/Sim_Hybrid-v4.5.1/sim_data/filtered/internals")...
Processing file: /disk/data1/lze/ljuign/G4v11_sim/Sim_Hybrid-v4.5.1/sim_data/base/internals/cSSi_Bi214_37.root
Writing 65773 entries to /disk/data1/lze/ljuign/G4v11_sim/Sim_Hybrid-v4.5.1/sim_data/filtered/internals/cSSi_Bi214_37_filtered.root
Done processing /disk/data1/lze/ljuign/G4v11_sim/Sim_Hybrid-v4.5.1/sim_data/base/internals/cSSi_Bi214_37.root
Filtering /disk/data1/lze/ljuign/G4v11_sim/Sim_Hybrid-v4.5.1/sim_data/base/internals/cSSi_Bi214_38.root ...

Processing /disk/data1/lze/ljuign/TESSERACT_Simulation_Analysis/tesssa/cpp/VD_single_filtering.cc("/disk/data1/lze/ljuign/G4v11_sim/Sim_Hybrid-v4.5.1/sim_data/base/internals/cSSi_Bi214_38.root","/disk/data1/lze/ljuign/G4v11_sim/Sim_Hybrid-v4.5.1/sim_data/filtered/internals")...
Processing file: /disk/data1/lze/ljuign/G4v11_sim/Sim_Hybrid-v4.5.1/sim_data/base/internals/cSSi_Bi214_38.root
Writing 64363 entries to /disk/data1/lze/ljuign/G4v11_sim/Sim_Hybrid-v4.5.1/sim_data/filtered/internals/cSSi_Bi214_38_filtered.root
Done processing /disk/data1/lze/ljuign/G4v11_sim/Sim_Hybrid-v4.5.1/sim_data/base/internals/cSSi_Bi214_38.root
Filtering /disk/data1/lze/ljuign/G4v11_sim/Sim_Hybrid-v4.5.1/sim_data/base/internals/cSSi_Bi214_39.root ...

Processing /disk/data1/lze/ljuign/TESSERACT_Simulation_Analysis/tesssa/cpp/VD_single_filtering.cc("/disk/data1/lze/ljuign/G4v11_sim/Sim_Hybrid-v4.5.1/sim_data/base/internals/cSSi_Bi214_39.root","/disk/data1/lze/ljuign/G4v11_sim/Sim_Hybrid-v4.5.1/sim_data/filtered/internals")...
Processing file: /disk/data1/lze/ljuign/G4v11_sim/Sim_Hybrid-v4.5.1/sim_data/base/internals/cSSi_Bi214_39.root
Writing 65786 entries to /disk/data1/lze/ljuign/G4v11_sim/Sim_Hybrid-v4.5.1/sim_data/filtered/internals/cSSi_Bi214_39_filtered.root
Done processing /disk/data1/lze/ljuign/G4v11_sim/Sim_Hybrid-v4.5.1/sim_data/base/internals/cSSi_Bi214_39.root
Filtering /disk/data1/lze/ljuign/G4v11_sim/Sim_Hybrid-v4.5.1/sim_data/base/internals/cSSi_Bi214_3.root ...

Processing /disk/data1/lze/ljuign/TESSERACT_Simulation_Analysis/tesssa/cpp/VD_single_filtering.cc("/disk/data1/lze/ljuign/G4v11_sim/Sim_Hybrid-v4.5.1/sim_data/base/internals/cSSi_Bi214_3.root","/disk/data1/lze/ljuign/G4v11_sim/Sim_Hybrid-v4.5.1/sim_data/filtered/internals")...
Processing file: /disk/data1/lze/ljuign/G4v11_sim/Sim_Hybrid-v4.5.1/sim_data/base/internals/cSSi_Bi214_3.root
Writing 65833 entries to /disk/data1/lze/ljuign/G4v11_sim/Sim_Hybrid-v4.5.1/sim_data/filtered/internals/cSSi_Bi214_3_filtered.root
Done processing /disk/data1/lze/ljuign/G4v11_sim/Sim_Hybrid-v4.5.1/sim_data/base/internals/cSSi_Bi214_3.root
Filtering /disk/data1/lze/ljuign/G4v11_sim/Sim_Hybrid-v4.5.1/sim_data/base/internals/cSSi_Bi214_40.root ...

Processing /disk/data1/lze/ljuign/TESSERACT_Simulation_Analysis/tesssa/cpp/VD_single_filtering.cc("/disk/data1/lze/ljuign/G4v11_sim/Sim_Hybrid-v4.5.1/sim_data/base/internals/cSSi_Bi214_40.root","/disk/data1/lze/ljuign/G4v11_sim/Sim_Hybrid-v4.5.1/sim_data/filtered/internals")...
Processing file: /disk/data1/lze/ljuign/G4v11_sim/Sim_Hybrid-v4.5.1/sim_data/base/internals/cSSi_Bi214_40.root
Writing 64419 entries to /disk/data1/lze/ljuign/G4v11_sim/Sim_Hybrid-v4.5.1/sim_data/filtered/internals/cSSi_Bi214_40_filtered.root
Done processing /disk/data1/lze/ljuign/G4v11_sim/Sim_Hybrid-v4.5.1/sim_data/base/internals/cSSi_Bi214_40.root
Filtering /disk/data1/lze/ljuign/G4v11_sim/Sim_Hybrid-v4.5.1/sim_data/base/internals/cSSi_Bi214_41.root ...

Processing /disk/data1/lze/ljuign/TESSERACT_Simulation_Analysis/tesssa/cpp/VD_single_filtering.cc("/disk/data1/lze/ljuign/G4v11_sim/Sim_Hybrid-v4.5.1/sim_data/base/internals/cSSi_Bi214_41.root","/disk/data1/lze/ljuign/G4v11_sim/Sim_Hybrid-v4.5.1/sim_data/filtered/internals")...
Processing file: /disk/data1/lze/ljuign/G4v11_sim/Sim_Hybrid-v4.5.1/sim_data/base/internals/cSSi_Bi214_41.root
Writing 65369 entries to /disk/data1/lze/ljuign/G4v11_sim/Sim_Hybrid-v4.5.1/sim_data/filtered/internals/cSSi_Bi214_41_filtered.root
Done processing /disk/data1/lze/ljuign/G4v11_sim/Sim_Hybrid-v4.5.1/sim_data/base/internals/cSSi_Bi214_41.root
Filtering /disk/data1/lze/ljuign/G4v11_sim/Sim_Hybrid-v4.5.1/sim_data/base/internals/cSSi_Bi214_42.root ...

Processing /disk/data1/lze/ljuign/TESSERACT_Simulation_Analysis/tesssa/cpp/VD_single_filtering.cc("/disk/data1/lze/ljuign/G4v11_sim/Sim_Hybrid-v4.5.1/sim_data/base/internals/cSSi_Bi214_42.root","/disk/data1/lze/ljuign/G4v11_sim/Sim_Hybrid-v4.5.1/sim_data/filtered/internals")...
Processing file: /disk/data1/lze/ljuign/G4v11_sim/Sim_Hybrid-v4.5.1/sim_data/base/internals/cSSi_Bi214_42.root
Writing 64679 entries to /disk/data1/lze/ljuign/G4v11_sim/Sim_Hybrid-v4.5.1/sim_data/filtered/internals/cSSi_Bi214_42_filtered.root
Done processing /disk/data1/lze/ljuign/G4v11_sim/Sim_Hybrid-v4.5.1/sim_data/base/internals/cSSi_Bi214_42.root
Filtering /disk/data1/lze/ljuign/G4v11_sim/Sim_Hybrid-v4.5.1/sim_data/base/internals/cSSi_Bi214_43.root ...

Processing /disk/data1/lze/ljuign/TESSERACT_Simulation_Analysis/tesssa/cpp/VD_single_filtering.cc("/disk/data1/lze/ljuign/G4v11_sim/Sim_Hybrid-v4.5.1/sim_data/base/internals/cSSi_Bi214_43.root","/disk/data1/lze/ljuign/G4v11_sim/Sim_Hybrid-v4.5.1/sim_data/filtered/internals")...
Processing file: /disk/data1/lze/ljuign/G4v11_sim/Sim_Hybrid-v4.5.1/sim_data/base/internals/cSSi_Bi214_43.root
Writing 65148 entries to /disk/data1/lze/ljuign/G4v11_sim/Sim_Hybrid-v4.5.1/sim_data/filtered/internals/cSSi_Bi214_43_filtered.root
Done processing /disk/data1/lze/ljuign/G4v11_sim/Sim_Hybrid-v4.5.1/sim_data/base/internals/cSSi_Bi214_43.root
Filtering /disk/data1/lze/ljuign/G4v11_sim/Sim_Hybrid-v4.5.1/sim_data/base/internals/cSSi_Bi214_44.root ...

Processing /disk/data1/lze/ljuign/TESSERACT_Simulation_Analysis/tesssa/cpp/VD_single_filtering.cc("/disk/data1/lze/ljuign/G4v11_sim/Sim_Hybrid-v4.5.1/sim_data/base/internals/cSSi_Bi214_44.root","/disk/data1/lze/ljuign/G4v11_sim/Sim_Hybrid-v4.5.1/sim_data/filtered/internals")...
Processing file: /disk/data1/lze/ljuign/G4v11_sim/Sim_Hybrid-v4.5.1/sim_data/base/internals/cSSi_Bi214_44.root
Writing 65318 entries to /disk/data1/lze/ljuign/G4v11_sim/Sim_Hybrid-v4.5.1/sim_data/filtered/internals/cSSi_Bi214_44_filtered.root
Done processing /disk/data1/lze/ljuign/G4v11_sim/Sim_Hybrid-v4.5.1/sim_data/base/internals/cSSi_Bi214_44.root
Filtering /disk/data1/lze/ljuign/G4v11_sim/Sim_Hybrid-v4.5.1/sim_data/base/internals/cSSi_Bi214_45.root ...

Processing /disk/data1/lze/ljuign/TESSERACT_Simulation_Analysis/tesssa/cpp/VD_single_filtering.cc("/disk/data1/lze/ljuign/G4v11_sim/Sim_Hybrid-v4.5.1/sim_data/base/internals/cSSi_Bi214_45.root","/disk/data1/lze/ljuign/G4v11_sim/Sim_Hybrid-v4.5.1/sim_data/filtered/internals")...
Processing file: /disk/data1/lze/ljuign/G4v11_sim/Sim_Hybrid-v4.5.1/sim_data/base/internals/cSSi_Bi214_45.root
Writing 65431 entries to /disk/data1/lze/ljuign/G4v11_sim/Sim_Hybrid-v4.5.1/sim_data/filtered/internals/cSSi_Bi214_45_filtered.root
Done processing /disk/data1/lze/ljuign/G4v11_sim/Sim_Hybrid-v4.5.1/sim_data/base/internals/cSSi_Bi214_45.root
Filtering /disk/data1/lze/ljuign/G4v11_sim/Sim_Hybrid-v4.5.1/sim_data/base/internals/cSSi_Bi214_46.root ...

Processing /disk/data1/lze/ljuign/TESSERACT_Simulation_Analysis/tesssa/cpp/VD_single_filtering.cc("/disk/data1/lze/ljuign/G4v11_sim/Sim_Hybrid-v4.5.1/sim_data/base/internals/cSSi_Bi214_46.root","/disk/data1/lze/ljuign/G4v11_sim/Sim_Hybrid-v4.5.1/sim_data/filtered/internals")...
Processing file: /disk/data1/lze/ljuign/G4v11_sim/Sim_Hybrid-v4.5.1/sim_data/base/internals/cSSi_Bi214_46.root
Writing 64619 entries to /disk/data1/lze/ljuign/G4v11_sim/Sim_Hybrid-v4.5.1/sim_data/filtered/internals/cSSi_Bi214_46_filtered.root
Done processing /disk/data1/lze/ljuign/G4v11_sim/Sim_Hybrid-v4.5.1/sim_data/base/internals/cSSi_Bi214_46.root
Filtering /disk/data1/lze/ljuign/G4v11_sim/Sim_Hybrid-v4.5.1/sim_data/base/internals/cSSi_Bi214_47.root ...

Processing /disk/data1/lze/ljuign/TESSERACT_Simulation_Analysis/tesssa/cpp/VD_single_filtering.cc("/disk/data1/lze/ljuign/G4v11_sim/Sim_Hybrid-v4.5.1/sim_data/base/internals/cSSi_Bi214_47.root","/disk/data1/lze/ljuign/G4v11_sim/Sim_Hybrid-v4.5.1/sim_data/filtered/internals")...
Processing file: /disk/data1/lze/ljuign/G4v11_sim/Sim_Hybrid-v4.5.1/sim_data/base/internals/cSSi_Bi214_47.root
Writing 63972 entries to /disk/data1/lze/ljuign/G4v11_sim/Sim_Hybrid-v4.5.1/sim_data/filtered/internals/cSSi_Bi214_47_filtered.root
Done processing /disk/data1/lze/ljuign/G4v11_sim/Sim_Hybrid-v4.5.1/sim_data/base/internals/cSSi_Bi214_47.root
Filtering /disk/data1/lze/ljuign/G4v11_sim/Sim_Hybrid-v4.5.1/sim_data/base/internals/cSSi_Bi214_48.root ...

Processing /disk/data1/lze/ljuign/TESSERACT_Simulation_Analysis/tesssa/cpp/VD_single_filtering.cc("/disk/data1/lze/ljuign/G4v11_sim/Sim_Hybrid-v4.5.1/sim_data/base/internals/cSSi_Bi214_48.root","/disk/data1/lze/ljuign/G4v11_sim/Sim_Hybrid-v4.5.1/sim_data/filtered/internals")...
Processing file: /disk/data1/lze/ljuign/G4v11_sim/Sim_Hybrid-v4.5.1/sim_data/base/internals/cSSi_Bi214_48.root
Writing 64091 entries to /disk/data1/lze/ljuign/G4v11_sim/Sim_Hybrid-v4.5.1/sim_data/filtered/internals/cSSi_Bi214_48_filtered.root
Done processing /disk/data1/lze/ljuign/G4v11_sim/Sim_Hybrid-v4.5.1/sim_data/base/internals/cSSi_Bi214_48.root
Filtering /disk/data1/lze/ljuign/G4v11_sim/Sim_Hybrid-v4.5.1/sim_data/base/internals/cSSi_Bi214_49.root ...

Processing /disk/data1/lze/ljuign/TESSERACT_Simulation_Analysis/tesssa/cpp/VD_single_filtering.cc("/disk/data1/lze/ljuign/G4v11_sim/Sim_Hybrid-v4.5.1/sim_data/base/internals/cSSi_Bi214_49.root","/disk/data1/lze/ljuign/G4v11_sim/Sim_Hybrid-v4.5.1/sim_data/filtered/internals")...
Processing file: /disk/data1/lze/ljuign/G4v11_sim/Sim_Hybrid-v4.5.1/sim_data/base/internals/cSSi_Bi214_49.root
Writing 64953 entries to /disk/data1/lze/ljuign/G4v11_sim/Sim_Hybrid-v4.5.1/sim_data/filtered/internals/cSSi_Bi214_49_filtered.root
Done processing /disk/data1/lze/ljuign/G4v11_sim/Sim_Hybrid-v4.5.1/sim_data/base/internals/cSSi_Bi214_49.root
Filtering /disk/data1/lze/ljuign/G4v11_sim/Sim_Hybrid-v4.5.1/sim_data/base/internals/cSSi_Bi214_4.root ...

Processing /disk/data1/lze/ljuign/TESSERACT_Simulation_Analysis/tesssa/cpp/VD_single_filtering.cc("/disk/data1/lze/ljuign/G4v11_sim/Sim_Hybrid-v4.5.1/sim_data/base/internals/cSSi_Bi214_4.root","/disk/data1/lze/ljuign/G4v11_sim/Sim_Hybrid-v4.5.1/sim_data/filtered/internals")...
Processing file: /disk/data1/lze/ljuign/G4v11_sim/Sim_Hybrid-v4.5.1/sim_data/base/internals/cSSi_Bi214_4.root
Writing 65075 entries to /disk/data1/lze/ljuign/G4v11_sim/Sim_Hybrid-v4.5.1/sim_data/filtered/internals/cSSi_Bi214_4_filtered.root
Done processing /disk/data1/lze/ljuign/G4v11_sim/Sim_Hybrid-v4.5.1/sim_data/base/internals/cSSi_Bi214_4.root
Filtering /disk/data1/lze/ljuign/G4v11_sim/Sim_Hybrid-v4.5.1/sim_data/base/internals/cSSi_Bi214_50.root ...

Processing /disk/data1/lze/ljuign/TESSERACT_Simulation_Analysis/tesssa/cpp/VD_single_filtering.cc("/disk/data1/lze/ljuign/G4v11_sim/Sim_Hybrid-v4.5.1/sim_data/base/internals/cSSi_Bi214_50.root","/disk/data1/lze/ljuign/G4v11_sim/Sim_Hybrid-v4.5.1/sim_data/filtered/internals")...
Processing file: /disk/data1/lze/ljuign/G4v11_sim/Sim_Hybrid-v4.5.1/sim_data/base/internals/cSSi_Bi214_50.root
Writing 65417 entries to /disk/data1/lze/ljuign/G4v11_sim/Sim_Hybrid-v4.5.1/sim_data/filtered/internals/cSSi_Bi214_50_filtered.root
Done processing /disk/data1/lze/ljuign/G4v11_sim/Sim_Hybrid-v4.5.1/sim_data/base/internals/cSSi_Bi214_50.root
Filtering /disk/data1/lze/ljuign/G4v11_sim/Sim_Hybrid-v4.5.1/sim_data/base/internals/cSSi_Bi214_51.root ...

Processing /disk/data1/lze/ljuign/TESSERACT_Simulation_Analysis/tesssa/cpp/VD_single_filtering.cc("/disk/data1/lze/ljuign/G4v11_sim/Sim_Hybrid-v4.5.1/sim_data/base/internals/cSSi_Bi214_51.root","/disk/data1/lze/ljuign/G4v11_sim/Sim_Hybrid-v4.5.1/sim_data/filtered/internals")...
Processing file: /disk/data1/lze/ljuign/G4v11_sim/Sim_Hybrid-v4.5.1/sim_data/base/internals/cSSi_Bi214_51.root
Writing 65367 entries to /disk/data1/lze/ljuign/G4v11_sim/Sim_Hybrid-v4.5.1/sim_data/filtered/internals/cSSi_Bi214_51_filtered.root
Done processing /disk/data1/lze/ljuign/G4v11_sim/Sim_Hybrid-v4.5.1/sim_data/base/internals/cSSi_Bi214_51.root
Filtering /disk/data1/lze/ljuign/G4v11_sim/Sim_Hybrid-v4.5.1/sim_data/base/internals/cSSi_Bi214_52.root ...

Processing /disk/data1/lze/ljuign/TESSERACT_Simulation_Analysis/tesssa/cpp/VD_single_filtering.cc("/disk/data1/lze/ljuign/G4v11_sim/Sim_Hybrid-v4.5.1/sim_data/base/internals/cSSi_Bi214_52.root","/disk/data1/lze/ljuign/G4v11_sim/Sim_Hybrid-v4.5.1/sim_data/filtered/internals")...
Processing file: /disk/data1/lze/ljuign/G4v11_sim/Sim_Hybrid-v4.5.1/sim_data/base/internals/cSSi_Bi214_52.root
Writing 65844 entries to /disk/data1/lze/ljuign/G4v11_sim/Sim_Hybrid-v4.5.1/sim_data/filtered/internals/cSSi_Bi214_52_filtered.root
Done processing /disk/data1/lze/ljuign/G4v11_sim/Sim_Hybrid-v4.5.1/sim_data/base/internals/cSSi_Bi214_52.root
Filtering /disk/data1/lze/ljuign/G4v11_sim/Sim_Hybrid-v4.5.1/sim_data/base/internals/cSSi_Bi214_53.root ...

Processing /disk/data1/lze/ljuign/TESSERACT_Simulation_Analysis/tesssa/cpp/VD_single_filtering.cc("/disk/data1/lze/ljuign/G4v11_sim/Sim_Hybrid-v4.5.1/sim_data/base/internals/cSSi_Bi214_53.root","/disk/data1/lze/ljuign/G4v11_sim/Sim_Hybrid-v4.5.1/sim_data/filtered/internals")...
Processing file: /disk/data1/lze/ljuign/G4v11_sim/Sim_Hybrid-v4.5.1/sim_data/base/internals/cSSi_Bi214_53.root
Writing 65042 entries to /disk/data1/lze/ljuign/G4v11_sim/Sim_Hybrid-v4.5.1/sim_data/filtered/internals/cSSi_Bi214_53_filtered.root
Done processing /disk/data1/lze/ljuign/G4v11_sim/Sim_Hybrid-v4.5.1/sim_data/base/internals/cSSi_Bi214_53.root
Filtering /disk/data1/lze/ljuign/G4v11_sim/Sim_Hybrid-v4.5.1/sim_data/base/internals/cSSi_Bi214_54.root ...

Processing /disk/data1/lze/ljuign/TESSERACT_Simulation_Analysis/tesssa/cpp/VD_single_filtering.cc("/disk/data1/lze/ljuign/G4v11_sim/Sim_Hybrid-v4.5.1/sim_data/base/internals/cSSi_Bi214_54.root","/disk/data1/lze/ljuign/G4v11_sim/Sim_Hybrid-v4.5.1/sim_data/filtered/internals")...
Processing file: /disk/data1/lze/ljuign/G4v11_sim/Sim_Hybrid-v4.5.1/sim_data/base/internals/cSSi_Bi214_54.root
Writing 64803 entries to /disk/data1/lze/ljuign/G4v11_sim/Sim_Hybrid-v4.5.1/sim_data/filtered/internals/cSSi_Bi214_54_filtered.root
Done processing /disk/data1/lze/ljuign/G4v11_sim/Sim_Hybrid-v4.5.1/sim_data/base/internals/cSSi_Bi214_54.root
Filtering /disk/data1/lze/ljuign/G4v11_sim/Sim_Hybrid-v4.5.1/sim_data/base/internals/cSSi_Bi214_55.root ...

Processing /disk/data1/lze/ljuign/TESSERACT_Simulation_Analysis/tesssa/cpp/VD_single_filtering.cc("/disk/data1/lze/ljuign/G4v11_sim/Sim_Hybrid-v4.5.1/sim_data/base/internals/cSSi_Bi214_55.root","/disk/data1/lze/ljuign/G4v11_sim/Sim_Hybrid-v4.5.1/sim_data/filtered/internals")...
Processing file: /disk/data1/lze/ljuign/G4v11_sim/Sim_Hybrid-v4.5.1/sim_data/base/internals/cSSi_Bi214_55.root
Writing 64057 entries to /disk/data1/lze/ljuign/G4v11_sim/Sim_Hybrid-v4.5.1/sim_data/filtered/internals/cSSi_Bi214_55_filtered.root
Done processing /disk/data1/lze/ljuign/G4v11_sim/Sim_Hybrid-v4.5.1/sim_data/base/internals/cSSi_Bi214_55.root
Filtering /disk/data1/lze/ljuign/G4v11_sim/Sim_Hybrid-v4.5.1/sim_data/base/internals/cSSi_Bi214_56.root ...

Processing /disk/data1/lze/ljuign/TESSERACT_Simulation_Analysis/tesssa/cpp/VD_single_filtering.cc("/disk/data1/lze/ljuign/G4v11_sim/Sim_Hybrid-v4.5.1/sim_data/base/internals/cSSi_Bi214_56.root","/disk/data1/lze/ljuign/G4v11_sim/Sim_Hybrid-v4.5.1/sim_data/filtered/internals")...
Processing file: /disk/data1/lze/ljuign/G4v11_sim/Sim_Hybrid-v4.5.1/sim_data/base/internals/cSSi_Bi214_56.root
Writing 64945 entries to /disk/data1/lze/ljuign/G4v11_sim/Sim_Hybrid-v4.5.1/sim_data/filtered/internals/cSSi_Bi214_56_filtered.root
Done processing /disk/data1/lze/ljuign/G4v11_sim/Sim_Hybrid-v4.5.1/sim_data/base/internals/cSSi_Bi214_56.root
Filtering /disk/data1/lze/ljuign/G4v11_sim/Sim_Hybrid-v4.5.1/sim_data/base/internals/cSSi_Bi214_57.root ...

Processing /disk/data1/lze/ljuign/TESSERACT_Simulation_Analysis/tesssa/cpp/VD_single_filtering.cc("/disk/data1/lze/ljuign/G4v11_sim/Sim_Hybrid-v4.5.1/sim_data/base/internals/cSSi_Bi214_57.root","/disk/data1/lze/ljuign/G4v11_sim/Sim_Hybrid-v4.5.1/sim_data/filtered/internals")...
Processing file: /disk/data1/lze/ljuign/G4v11_sim/Sim_Hybrid-v4.5.1/sim_data/base/internals/cSSi_Bi214_57.root
Writing 65240 entries to /disk/data1/lze/ljuign/G4v11_sim/Sim_Hybrid-v4.5.1/sim_data/filtered/internals/cSSi_Bi214_57_filtered.root
Done processing /disk/data1/lze/ljuign/G4v11_sim/Sim_Hybrid-v4.5.1/sim_data/base/internals/cSSi_Bi214_57.root
Filtering /disk/data1/lze/ljuign/G4v11_sim/Sim_Hybrid-v4.5.1/sim_data/base/internals/cSSi_Bi214_58.root ...

Processing /disk/data1/lze/ljuign/TESSERACT_Simulation_Analysis/tesssa/cpp/VD_single_filtering.cc("/disk/data1/lze/ljuign/G4v11_sim/Sim_Hybrid-v4.5.1/sim_data/base/internals/cSSi_Bi214_58.root","/disk/data1/lze/ljuign/G4v11_sim/Sim_Hybrid-v4.5.1/sim_data/filtered/internals")...
Processing file: /disk/data1/lze/ljuign/G4v11_sim/Sim_Hybrid-v4.5.1/sim_data/base/internals/cSSi_Bi214_58.root
Writing 64244 entries to /disk/data1/lze/ljuign/G4v11_sim/Sim_Hybrid-v4.5.1/sim_data/filtered/internals/cSSi_Bi214_58_filtered.root
Done processing /disk/data1/lze/ljuign/G4v11_sim/Sim_Hybrid-v4.5.1/sim_data/base/internals/cSSi_Bi214_58.root
Filtering /disk/data1/lze/ljuign/G4v11_sim/Sim_Hybrid-v4.5.1/sim_data/base/internals/cSSi_Bi214_59.root ...

Processing /disk/data1/lze/ljuign/TESSERACT_Simulation_Analysis/tesssa/cpp/VD_single_filtering.cc("/disk/data1/lze/ljuign/G4v11_sim/Sim_Hybrid-v4.5.1/sim_data/base/internals/cSSi_Bi214_59.root","/disk/data1/lze/ljuign/G4v11_sim/Sim_Hybrid-v4.5.1/sim_data/filtered/internals")...
Processing file: /disk/data1/lze/ljuign/G4v11_sim/Sim_Hybrid-v4.5.1/sim_data/base/internals/cSSi_Bi214_59.root
Writing 63506 entries to /disk/data1/lze/ljuign/G4v11_sim/Sim_Hybrid-v4.5.1/sim_data/filtered/internals/cSSi_Bi214_59_filtered.root
Done processing /disk/data1/lze/ljuign/G4v11_sim/Sim_Hybrid-v4.5.1/sim_data/base/internals/cSSi_Bi214_59.root
Filtering /disk/data1/lze/ljuign/G4v11_sim/Sim_Hybrid-v4.5.1/sim_data/base/internals/cSSi_Bi214_5.root ...

Processing /disk/data1/lze/ljuign/TESSERACT_Simulation_Analysis/tesssa/cpp/VD_single_filtering.cc("/disk/data1/lze/ljuign/G4v11_sim/Sim_Hybrid-v4.5.1/sim_data/base/internals/cSSi_Bi214_5.root","/disk/data1/lze/ljuign/G4v11_sim/Sim_Hybrid-v4.5.1/sim_data/filtered/internals")...
Processing file: /disk/data1/lze/ljuign/G4v11_sim/Sim_Hybrid-v4.5.1/sim_data/base/internals/cSSi_Bi214_5.root
Writing 64177 entries to /disk/data1/lze/ljuign/G4v11_sim/Sim_Hybrid-v4.5.1/sim_data/filtered/internals/cSSi_Bi214_5_filtered.root
Done processing /disk/data1/lze/ljuign/G4v11_sim/Sim_Hybrid-v4.5.1/sim_data/base/internals/cSSi_Bi214_5.root
Filtering /disk/data1/lze/ljuign/G4v11_sim/Sim_Hybrid-v4.5.1/sim_data/base/internals/cSSi_Bi214_60.root ...

Processing /disk/data1/lze/ljuign/TESSERACT_Simulation_Analysis/tesssa/cpp/VD_single_filtering.cc("/disk/data1/lze/ljuign/G4v11_sim/Sim_Hybrid-v4.5.1/sim_data/base/internals/cSSi_Bi214_60.root","/disk/data1/lze/ljuign/G4v11_sim/Sim_Hybrid-v4.5.1/sim_data/filtered/internals")...
Processing file: /disk/data1/lze/ljuign/G4v11_sim/Sim_Hybrid-v4.5.1/sim_data/base/internals/cSSi_Bi214_60.root
Writing 64625 entries to /disk/data1/lze/ljuign/G4v11_sim/Sim_Hybrid-v4.5.1/sim_data/filtered/internals/cSSi_Bi214_60_filtered.root
Done processing /disk/data1/lze/ljuign/G4v11_sim/Sim_Hybrid-v4.5.1/sim_data/base/internals/cSSi_Bi214_60.root
Filtering /disk/data1/lze/ljuign/G4v11_sim/Sim_Hybrid-v4.5.1/sim_data/base/internals/cSSi_Bi214_61.root ...

Processing /disk/data1/lze/ljuign/TESSERACT_Simulation_Analysis/tesssa/cpp/VD_single_filtering.cc("/disk/data1/lze/ljuign/G4v11_sim/Sim_Hybrid-v4.5.1/sim_data/base/internals/cSSi_Bi214_61.root","/disk/data1/lze/ljuign/G4v11_sim/Sim_Hybrid-v4.5.1/sim_data/filtered/internals")...
Processing file: /disk/data1/lze/ljuign/G4v11_sim/Sim_Hybrid-v4.5.1/sim_data/base/internals/cSSi_Bi214_61.root
Writing 65025 entries to /disk/data1/lze/ljuign/G4v11_sim/Sim_Hybrid-v4.5.1/sim_data/filtered/internals/cSSi_Bi214_61_filtered.root
Done processing /disk/data1/lze/ljuign/G4v11_sim/Sim_Hybrid-v4.5.1/sim_data/base/internals/cSSi_Bi214_61.root
Filtering /disk/data1/lze/ljuign/G4v11_sim/Sim_Hybrid-v4.5.1/sim_data/base/internals/cSSi_Bi214_62.root ...

Processing /disk/data1/lze/ljuign/TESSERACT_Simulation_Analysis/tesssa/cpp/VD_single_filtering.cc("/disk/data1/lze/ljuign/G4v11_sim/Sim_Hybrid-v4.5.1/sim_data/base/internals/cSSi_Bi214_62.root","/disk/data1/lze/ljuign/G4v11_sim/Sim_Hybrid-v4.5.1/sim_data/filtered/internals")...
Processing file: /disk/data1/lze/ljuign/G4v11_sim/Sim_Hybrid-v4.5.1/sim_data/base/internals/cSSi_Bi214_62.root
Writing 65077 entries to /disk/data1/lze/ljuign/G4v11_sim/Sim_Hybrid-v4.5.1/sim_data/filtered/internals/cSSi_Bi214_62_filtered.root
Done processing /disk/data1/lze/ljuign/G4v11_sim/Sim_Hybrid-v4.5.1/sim_data/base/internals/cSSi_Bi214_62.root
Filtering /disk/data1/lze/ljuign/G4v11_sim/Sim_Hybrid-v4.5.1/sim_data/base/internals/cSSi_Bi214_63.root ...

Processing /disk/data1/lze/ljuign/TESSERACT_Simulation_Analysis/tesssa/cpp/VD_single_filtering.cc("/disk/data1/lze/ljuign/G4v11_sim/Sim_Hybrid-v4.5.1/sim_data/base/internals/cSSi_Bi214_63.root","/disk/data1/lze/ljuign/G4v11_sim/Sim_Hybrid-v4.5.1/sim_data/filtered/internals")...
Processing file: /disk/data1/lze/ljuign/G4v11_sim/Sim_Hybrid-v4.5.1/sim_data/base/internals/cSSi_Bi214_63.root
Writing 64969 entries to /disk/data1/lze/ljuign/G4v11_sim/Sim_Hybrid-v4.5.1/sim_data/filtered/internals/cSSi_Bi214_63_filtered.root
Done processing /disk/data1/lze/ljuign/G4v11_sim/Sim_Hybrid-v4.5.1/sim_data/base/internals/cSSi_Bi214_63.root
Filtering /disk/data1/lze/ljuign/G4v11_sim/Sim_Hybrid-v4.5.1/sim_data/base/internals/cSSi_Bi214_64.root ...

Processing /disk/data1/lze/ljuign/TESSERACT_Simulation_Analysis/tesssa/cpp/VD_single_filtering.cc("/disk/data1/lze/ljuign/G4v11_sim/Sim_Hybrid-v4.5.1/sim_data/base/internals/cSSi_Bi214_64.root","/disk/data1/lze/ljuign/G4v11_sim/Sim_Hybrid-v4.5.1/sim_data/filtered/internals")...
Processing file: /disk/data1/lze/ljuign/G4v11_sim/Sim_Hybrid-v4.5.1/sim_data/base/internals/cSSi_Bi214_64.root
Writing 65154 entries to /disk/data1/lze/ljuign/G4v11_sim/Sim_Hybrid-v4.5.1/sim_data/filtered/internals/cSSi_Bi214_64_filtered.root
Done processing /disk/data1/lze/ljuign/G4v11_sim/Sim_Hybrid-v4.5.1/sim_data/base/internals/cSSi_Bi214_64.root
Filtering /disk/data1/lze/ljuign/G4v11_sim/Sim_Hybrid-v4.5.1/sim_data/base/internals/cSSi_Bi214_65.root ...

Processing /disk/data1/lze/ljuign/TESSERACT_Simulation_Analysis/tesssa/cpp/VD_single_filtering.cc("/disk/data1/lze/ljuign/G4v11_sim/Sim_Hybrid-v4.5.1/sim_data/base/internals/cSSi_Bi214_65.root","/disk/data1/lze/ljuign/G4v11_sim/Sim_Hybrid-v4.5.1/sim_data/filtered/internals")...
Processing file: /disk/data1/lze/ljuign/G4v11_sim/Sim_Hybrid-v4.5.1/sim_data/base/internals/cSSi_Bi214_65.root
Writing 65368 entries to /disk/data1/lze/ljuign/G4v11_sim/Sim_Hybrid-v4.5.1/sim_data/filtered/internals/cSSi_Bi214_65_filtered.root
Done processing /disk/data1/lze/ljuign/G4v11_sim/Sim_Hybrid-v4.5.1/sim_data/base/internals/cSSi_Bi214_65.root
Filtering /disk/data1/lze/ljuign/G4v11_sim/Sim_Hybrid-v4.5.1/sim_data/base/internals/cSSi_Bi214_66.root ...

Processing /disk/data1/lze/ljuign/TESSERACT_Simulation_Analysis/tesssa/cpp/VD_single_filtering.cc("/disk/data1/lze/ljuign/G4v11_sim/Sim_Hybrid-v4.5.1/sim_data/base/internals/cSSi_Bi214_66.root","/disk/data1/lze/ljuign/G4v11_sim/Sim_Hybrid-v4.5.1/sim_data/filtered/internals")...
Processing file: /disk/data1/lze/ljuign/G4v11_sim/Sim_Hybrid-v4.5.1/sim_data/base/internals/cSSi_Bi214_66.root
Writing 65218 entries to /disk/data1/lze/ljuign/G4v11_sim/Sim_Hybrid-v4.5.1/sim_data/filtered/internals/cSSi_Bi214_66_filtered.root
Done processing /disk/data1/lze/ljuign/G4v11_sim/Sim_Hybrid-v4.5.1/sim_data/base/internals/cSSi_Bi214_66.root
Filtering /disk/data1/lze/ljuign/G4v11_sim/Sim_Hybrid-v4.5.1/sim_data/base/internals/cSSi_Bi214_67.root ...

Processing /disk/data1/lze/ljuign/TESSERACT_Simulation_Analysis/tesssa/cpp/VD_single_filtering.cc("/disk/data1/lze/ljuign/G4v11_sim/Sim_Hybrid-v4.5.1/sim_data/base/internals/cSSi_Bi214_67.root","/disk/data1/lze/ljuign/G4v11_sim/Sim_Hybrid-v4.5.1/sim_data/filtered/internals")...
Processing file: /disk/data1/lze/ljuign/G4v11_sim/Sim_Hybrid-v4.5.1/sim_data/base/internals/cSSi_Bi214_67.root
Writing 63438 entries to /disk/data1/lze/ljuign/G4v11_sim/Sim_Hybrid-v4.5.1/sim_data/filtered/internals/cSSi_Bi214_67_filtered.root
Done processing /disk/data1/lze/ljuign/G4v11_sim/Sim_Hybrid-v4.5.1/sim_data/base/internals/cSSi_Bi214_67.root
Filtering /disk/data1/lze/ljuign/G4v11_sim/Sim_Hybrid-v4.5.1/sim_data/base/internals/cSSi_Bi214_68.root ...

Processing /disk/data1/lze/ljuign/TESSERACT_Simulation_Analysis/tesssa/cpp/VD_single_filtering.cc("/disk/data1/lze/ljuign/G4v11_sim/Sim_Hybrid-v4.5.1/sim_data/base/internals/cSSi_Bi214_68.root","/disk/data1/lze/ljuign/G4v11_sim/Sim_Hybrid-v4.5.1/sim_data/filtered/internals")...
Processing file: /disk/data1/lze/ljuign/G4v11_sim/Sim_Hybrid-v4.5.1/sim_data/base/internals/cSSi_Bi214_68.root
Writing 65065 entries to /disk/data1/lze/ljuign/G4v11_sim/Sim_Hybrid-v4.5.1/sim_data/filtered/internals/cSSi_Bi214_68_filtered.root
Done processing /disk/data1/lze/ljuign/G4v11_sim/Sim_Hybrid-v4.5.1/sim_data/base/internals/cSSi_Bi214_68.root
Filtering /disk/data1/lze/ljuign/G4v11_sim/Sim_Hybrid-v4.5.1/sim_data/base/internals/cSSi_Bi214_69.root ...

Processing /disk/data1/lze/ljuign/TESSERACT_Simulation_Analysis/tesssa/cpp/VD_single_filtering.cc("/disk/data1/lze/ljuign/G4v11_sim/Sim_Hybrid-v4.5.1/sim_data/base/internals/cSSi_Bi214_69.root","/disk/data1/lze/ljuign/G4v11_sim/Sim_Hybrid-v4.5.1/sim_data/filtered/internals")...
Processing file: /disk/data1/lze/ljuign/G4v11_sim/Sim_Hybrid-v4.5.1/sim_data/base/internals/cSSi_Bi214_69.root
Writing 63957 entries to /disk/data1/lze/ljuign/G4v11_sim/Sim_Hybrid-v4.5.1/sim_data/filtered/internals/cSSi_Bi214_69_filtered.root
Done processing /disk/data1/lze/ljuign/G4v11_sim/Sim_Hybrid-v4.5.1/sim_data/base/internals/cSSi_Bi214_69.root
Filtering /disk/data1/lze/ljuign/G4v11_sim/Sim_Hybrid-v4.5.1/sim_data/base/internals/cSSi_Bi214_6.root ...

Processing /disk/data1/lze/ljuign/TESSERACT_Simulation_Analysis/tesssa/cpp/VD_single_filtering.cc("/disk/data1/lze/ljuign/G4v11_sim/Sim_Hybrid-v4.5.1/sim_data/base/internals/cSSi_Bi214_6.root","/disk/data1/lze/ljuign/G4v11_sim/Sim_Hybrid-v4.5.1/sim_data/filtered/internals")...
Processing file: /disk/data1/lze/ljuign/G4v11_sim/Sim_Hybrid-v4.5.1/sim_data/base/internals/cSSi_Bi214_6.root
Writing 64415 entries to /disk/data1/lze/ljuign/G4v11_sim/Sim_Hybrid-v4.5.1/sim_data/filtered/internals/cSSi_Bi214_6_filtered.root
Done processing /disk/data1/lze/ljuign/G4v11_sim/Sim_Hybrid-v4.5.1/sim_data/base/internals/cSSi_Bi214_6.root
Filtering /disk/data1/lze/ljuign/G4v11_sim/Sim_Hybrid-v4.5.1/sim_data/base/internals/cSSi_Bi214_70.root ...

Processing /disk/data1/lze/ljuign/TESSERACT_Simulation_Analysis/tesssa/cpp/VD_single_filtering.cc("/disk/data1/lze/ljuign/G4v11_sim/Sim_Hybrid-v4.5.1/sim_data/base/internals/cSSi_Bi214_70.root","/disk/data1/lze/ljuign/G4v11_sim/Sim_Hybrid-v4.5.1/sim_data/filtered/internals")...
Processing file: /disk/data1/lze/ljuign/G4v11_sim/Sim_Hybrid-v4.5.1/sim_data/base/internals/cSSi_Bi214_70.root
Writing 63732 entries to /disk/data1/lze/ljuign/G4v11_sim/Sim_Hybrid-v4.5.1/sim_data/filtered/internals/cSSi_Bi214_70_filtered.root
Done processing /disk/data1/lze/ljuign/G4v11_sim/Sim_Hybrid-v4.5.1/sim_data/base/internals/cSSi_Bi214_70.root
Filtering /disk/data1/lze/ljuign/G4v11_sim/Sim_Hybrid-v4.5.1/sim_data/base/internals/cSSi_Bi214_71.root ...

Processing /disk/data1/lze/ljuign/TESSERACT_Simulation_Analysis/tesssa/cpp/VD_single_filtering.cc("/disk/data1/lze/ljuign/G4v11_sim/Sim_Hybrid-v4.5.1/sim_data/base/internals/cSSi_Bi214_71.root","/disk/data1/lze/ljuign/G4v11_sim/Sim_Hybrid-v4.5.1/sim_data/filtered/internals")...
Processing file: /disk/data1/lze/ljuign/G4v11_sim/Sim_Hybrid-v4.5.1/sim_data/base/internals/cSSi_Bi214_71.root
Writing 64528 entries to /disk/data1/lze/ljuign/G4v11_sim/Sim_Hybrid-v4.5.1/sim_data/filtered/internals/cSSi_Bi214_71_filtered.root
Done processing /disk/data1/lze/ljuign/G4v11_sim/Sim_Hybrid-v4.5.1/sim_data/base/internals/cSSi_Bi214_71.root
Filtering /disk/data1/lze/ljuign/G4v11_sim/Sim_Hybrid-v4.5.1/sim_data/base/internals/cSSi_Bi214_72.root ...

Processing /disk/data1/lze/ljuign/TESSERACT_Simulation_Analysis/tesssa/cpp/VD_single_filtering.cc("/disk/data1/lze/ljuign/G4v11_sim/Sim_Hybrid-v4.5.1/sim_data/base/internals/cSSi_Bi214_72.root","/disk/data1/lze/ljuign/G4v11_sim/Sim_Hybrid-v4.5.1/sim_data/filtered/internals")...
Processing file: /disk/data1/lze/ljuign/G4v11_sim/Sim_Hybrid-v4.5.1/sim_data/base/internals/cSSi_Bi214_72.root
Writing 63965 entries to /disk/data1/lze/ljuign/G4v11_sim/Sim_Hybrid-v4.5.1/sim_data/filtered/internals/cSSi_Bi214_72_filtered.root
Done processing /disk/data1/lze/ljuign/G4v11_sim/Sim_Hybrid-v4.5.1/sim_data/base/internals/cSSi_Bi214_72.root
Filtering /disk/data1/lze/ljuign/G4v11_sim/Sim_Hybrid-v4.5.1/sim_data/base/internals/cSSi_Bi214_73.root ...

Processing /disk/data1/lze/ljuign/TESSERACT_Simulation_Analysis/tesssa/cpp/VD_single_filtering.cc("/disk/data1/lze/ljuign/G4v11_sim/Sim_Hybrid-v4.5.1/sim_data/base/internals/cSSi_Bi214_73.root","/disk/data1/lze/ljuign/G4v11_sim/Sim_Hybrid-v4.5.1/sim_data/filtered/internals")...
Processing file: /disk/data1/lze/ljuign/G4v11_sim/Sim_Hybrid-v4.5.1/sim_data/base/internals/cSSi_Bi214_73.root
Writing 64138 entries to /disk/data1/lze/ljuign/G4v11_sim/Sim_Hybrid-v4.5.1/sim_data/filtered/internals/cSSi_Bi214_73_filtered.root
Done processing /disk/data1/lze/ljuign/G4v11_sim/Sim_Hybrid-v4.5.1/sim_data/base/internals/cSSi_Bi214_73.root
Filtering /disk/data1/lze/ljuign/G4v11_sim/Sim_Hybrid-v4.5.1/sim_data/base/internals/cSSi_Bi214_74.root ...

Processing /disk/data1/lze/ljuign/TESSERACT_Simulation_Analysis/tesssa/cpp/VD_single_filtering.cc("/disk/data1/lze/ljuign/G4v11_sim/Sim_Hybrid-v4.5.1/sim_data/base/internals/cSSi_Bi214_74.root","/disk/data1/lze/ljuign/G4v11_sim/Sim_Hybrid-v4.5.1/sim_data/filtered/internals")...
Processing file: /disk/data1/lze/ljuign/G4v11_sim/Sim_Hybrid-v4.5.1/sim_data/base/internals/cSSi_Bi214_74.root
Writing 65663 entries to /disk/data1/lze/ljuign/G4v11_sim/Sim_Hybrid-v4.5.1/sim_data/filtered/internals/cSSi_Bi214_74_filtered.root
Done processing /disk/data1/lze/ljuign/G4v11_sim/Sim_Hybrid-v4.5.1/sim_data/base/internals/cSSi_Bi214_74.root
Filtering /disk/data1/lze/ljuign/G4v11_sim/Sim_Hybrid-v4.5.1/sim_data/base/internals/cSSi_Bi214_75.root ...

Processing /disk/data1/lze/ljuign/TESSERACT_Simulation_Analysis/tesssa/cpp/VD_single_filtering.cc("/disk/data1/lze/ljuign/G4v11_sim/Sim_Hybrid-v4.5.1/sim_data/base/internals/cSSi_Bi214_75.root","/disk/data1/lze/ljuign/G4v11_sim/Sim_Hybrid-v4.5.1/sim_data/filtered/internals")...
Processing file: /disk/data1/lze/ljuign/G4v11_sim/Sim_Hybrid-v4.5.1/sim_data/base/internals/cSSi_Bi214_75.root
Writing 64401 entries to /disk/data1/lze/ljuign/G4v11_sim/Sim_Hybrid-v4.5.1/sim_data/filtered/internals/cSSi_Bi214_75_filtered.root
Done processing /disk/data1/lze/ljuign/G4v11_sim/Sim_Hybrid-v4.5.1/sim_data/base/internals/cSSi_Bi214_75.root
Filtering /disk/data1/lze/ljuign/G4v11_sim/Sim_Hybrid-v4.5.1/sim_data/base/internals/cSSi_Bi214_76.root ...

Processing /disk/data1/lze/ljuign/TESSERACT_Simulation_Analysis/tesssa/cpp/VD_single_filtering.cc("/disk/data1/lze/ljuign/G4v11_sim/Sim_Hybrid-v4.5.1/sim_data/base/internals/cSSi_Bi214_76.root","/disk/data1/lze/ljuign/G4v11_sim/Sim_Hybrid-v4.5.1/sim_data/filtered/internals")...
Processing file: /disk/data1/lze/ljuign/G4v11_sim/Sim_Hybrid-v4.5.1/sim_data/base/internals/cSSi_Bi214_76.root
Writing 63541 entries to /disk/data1/lze/ljuign/G4v11_sim/Sim_Hybrid-v4.5.1/sim_data/filtered/internals/cSSi_Bi214_76_filtered.root
Done processing /disk/data1/lze/ljuign/G4v11_sim/Sim_Hybrid-v4.5.1/sim_data/base/internals/cSSi_Bi214_76.root
Filtering /disk/data1/lze/ljuign/G4v11_sim/Sim_Hybrid-v4.5.1/sim_data/base/internals/cSSi_Bi214_77.root ...

Processing /disk/data1/lze/ljuign/TESSERACT_Simulation_Analysis/tesssa/cpp/VD_single_filtering.cc("/disk/data1/lze/ljuign/G4v11_sim/Sim_Hybrid-v4.5.1/sim_data/base/internals/cSSi_Bi214_77.root","/disk/data1/lze/ljuign/G4v11_sim/Sim_Hybrid-v4.5.1/sim_data/filtered/internals")...
Processing file: /disk/data1/lze/ljuign/G4v11_sim/Sim_Hybrid-v4.5.1/sim_data/base/internals/cSSi_Bi214_77.root
Writing 64170 entries to /disk/data1/lze/ljuign/G4v11_sim/Sim_Hybrid-v4.5.1/sim_data/filtered/internals/cSSi_Bi214_77_filtered.root
Done processing /disk/data1/lze/ljuign/G4v11_sim/Sim_Hybrid-v4.5.1/sim_data/base/internals/cSSi_Bi214_77.root
Filtering /disk/data1/lze/ljuign/G4v11_sim/Sim_Hybrid-v4.5.1/sim_data/base/internals/cSSi_Bi214_78.root ...

Processing /disk/data1/lze/ljuign/TESSERACT_Simulation_Analysis/tesssa/cpp/VD_single_filtering.cc("/disk/data1/lze/ljuign/G4v11_sim/Sim_Hybrid-v4.5.1/sim_data/base/internals/cSSi_Bi214_78.root","/disk/data1/lze/ljuign/G4v11_sim/Sim_Hybrid-v4.5.1/sim_data/filtered/internals")...
Processing file: /disk/data1/lze/ljuign/G4v11_sim/Sim_Hybrid-v4.5.1/sim_data/base/internals/cSSi_Bi214_78.root
Writing 64447 entries to /disk/data1/lze/ljuign/G4v11_sim/Sim_Hybrid-v4.5.1/sim_data/filtered/internals/cSSi_Bi214_78_filtered.root
Done processing /disk/data1/lze/ljuign/G4v11_sim/Sim_Hybrid-v4.5.1/sim_data/base/internals/cSSi_Bi214_78.root
Filtering /disk/data1/lze/ljuign/G4v11_sim/Sim_Hybrid-v4.5.1/sim_data/base/internals/cSSi_Bi214_79.root ...

Processing /disk/data1/lze/ljuign/TESSERACT_Simulation_Analysis/tesssa/cpp/VD_single_filtering.cc("/disk/data1/lze/ljuign/G4v11_sim/Sim_Hybrid-v4.5.1/sim_data/base/internals/cSSi_Bi214_79.root","/disk/data1/lze/ljuign/G4v11_sim/Sim_Hybrid-v4.5.1/sim_data/filtered/internals")...
Processing file: /disk/data1/lze/ljuign/G4v11_sim/Sim_Hybrid-v4.5.1/sim_data/base/internals/cSSi_Bi214_79.root
Writing 63819 entries to /disk/data1/lze/ljuign/G4v11_sim/Sim_Hybrid-v4.5.1/sim_data/filtered/internals/cSSi_Bi214_79_filtered.root
Done processing /disk/data1/lze/ljuign/G4v11_sim/Sim_Hybrid-v4.5.1/sim_data/base/internals/cSSi_Bi214_79.root
Filtering /disk/data1/lze/ljuign/G4v11_sim/Sim_Hybrid-v4.5.1/sim_data/base/internals/cSSi_Bi214_7.root ...

Processing /disk/data1/lze/ljuign/TESSERACT_Simulation_Analysis/tesssa/cpp/VD_single_filtering.cc("/disk/data1/lze/ljuign/G4v11_sim/Sim_Hybrid-v4.5.1/sim_data/base/internals/cSSi_Bi214_7.root","/disk/data1/lze/ljuign/G4v11_sim/Sim_Hybrid-v4.5.1/sim_data/filtered/internals")...
Processing file: /disk/data1/lze/ljuign/G4v11_sim/Sim_Hybrid-v4.5.1/sim_data/base/internals/cSSi_Bi214_7.root
Writing 63846 entries to /disk/data1/lze/ljuign/G4v11_sim/Sim_Hybrid-v4.5.1/sim_data/filtered/internals/cSSi_Bi214_7_filtered.root
Done processing /disk/data1/lze/ljuign/G4v11_sim/Sim_Hybrid-v4.5.1/sim_data/base/internals/cSSi_Bi214_7.root
Filtering /disk/data1/lze/ljuign/G4v11_sim/Sim_Hybrid-v4.5.1/sim_data/base/internals/cSSi_Bi214_80.root ...

Processing /disk/data1/lze/ljuign/TESSERACT_Simulation_Analysis/tesssa/cpp/VD_single_filtering.cc("/disk/data1/lze/ljuign/G4v11_sim/Sim_Hybrid-v4.5.1/sim_data/base/internals/cSSi_Bi214_80.root","/disk/data1/lze/ljuign/G4v11_sim/Sim_Hybrid-v4.5.1/sim_data/filtered/internals")...
Processing file: /disk/data1/lze/ljuign/G4v11_sim/Sim_Hybrid-v4.5.1/sim_data/base/internals/cSSi_Bi214_80.root
Writing 64361 entries to /disk/data1/lze/ljuign/G4v11_sim/Sim_Hybrid-v4.5.1/sim_data/filtered/internals/cSSi_Bi214_80_filtered.root
Done processing /disk/data1/lze/ljuign/G4v11_sim/Sim_Hybrid-v4.5.1/sim_data/base/internals/cSSi_Bi214_80.root
Filtering /disk/data1/lze/ljuign/G4v11_sim/Sim_Hybrid-v4.5.1/sim_data/base/internals/cSSi_Bi214_81.root ...

Processing /disk/data1/lze/ljuign/TESSERACT_Simulation_Analysis/tesssa/cpp/VD_single_filtering.cc("/disk/data1/lze/ljuign/G4v11_sim/Sim_Hybrid-v4.5.1/sim_data/base/internals/cSSi_Bi214_81.root","/disk/data1/lze/ljuign/G4v11_sim/Sim_Hybrid-v4.5.1/sim_data/filtered/internals")...
Processing file: /disk/data1/lze/ljuign/G4v11_sim/Sim_Hybrid-v4.5.1/sim_data/base/internals/cSSi_Bi214_81.root
Writing 64621 entries to /disk/data1/lze/ljuign/G4v11_sim/Sim_Hybrid-v4.5.1/sim_data/filtered/internals/cSSi_Bi214_81_filtered.root
Done processing /disk/data1/lze/ljuign/G4v11_sim/Sim_Hybrid-v4.5.1/sim_data/base/internals/cSSi_Bi214_81.root
Filtering /disk/data1/lze/ljuign/G4v11_sim/Sim_Hybrid-v4.5.1/sim_data/base/internals/cSSi_Bi214_82.root ...

Processing /disk/data1/lze/ljuign/TESSERACT_Simulation_Analysis/tesssa/cpp/VD_single_filtering.cc("/disk/data1/lze/ljuign/G4v11_sim/Sim_Hybrid-v4.5.1/sim_data/base/internals/cSSi_Bi214_82.root","/disk/data1/lze/ljuign/G4v11_sim/Sim_Hybrid-v4.5.1/sim_data/filtered/internals")...
Processing file: /disk/data1/lze/ljuign/G4v11_sim/Sim_Hybrid-v4.5.1/sim_data/base/internals/cSSi_Bi214_82.root
Writing 64750 entries to /disk/data1/lze/ljuign/G4v11_sim/Sim_Hybrid-v4.5.1/sim_data/filtered/internals/cSSi_Bi214_82_filtered.root
Done processing /disk/data1/lze/ljuign/G4v11_sim/Sim_Hybrid-v4.5.1/sim_data/base/internals/cSSi_Bi214_82.root
Filtering /disk/data1/lze/ljuign/G4v11_sim/Sim_Hybrid-v4.5.1/sim_data/base/internals/cSSi_Bi214_83.root ...

Processing /disk/data1/lze/ljuign/TESSERACT_Simulation_Analysis/tesssa/cpp/VD_single_filtering.cc("/disk/data1/lze/ljuign/G4v11_sim/Sim_Hybrid-v4.5.1/sim_data/base/internals/cSSi_Bi214_83.root","/disk/data1/lze/ljuign/G4v11_sim/Sim_Hybrid-v4.5.1/sim_data/filtered/internals")...
Processing file: /disk/data1/lze/ljuign/G4v11_sim/Sim_Hybrid-v4.5.1/sim_data/base/internals/cSSi_Bi214_83.root
Writing 65469 entries to /disk/data1/lze/ljuign/G4v11_sim/Sim_Hybrid-v4.5.1/sim_data/filtered/internals/cSSi_Bi214_83_filtered.root
Done processing /disk/data1/lze/ljuign/G4v11_sim/Sim_Hybrid-v4.5.1/sim_data/base/internals/cSSi_Bi214_83.root
Filtering /disk/data1/lze/ljuign/G4v11_sim/Sim_Hybrid-v4.5.1/sim_data/base/internals/cSSi_Bi214_84.root ...

Processing /disk/data1/lze/ljuign/TESSERACT_Simulation_Analysis/tesssa/cpp/VD_single_filtering.cc("/disk/data1/lze/ljuign/G4v11_sim/Sim_Hybrid-v4.5.1/sim_data/base/internals/cSSi_Bi214_84.root","/disk/data1/lze/ljuign/G4v11_sim/Sim_Hybrid-v4.5.1/sim_data/filtered/internals")...
Processing file: /disk/data1/lze/ljuign/G4v11_sim/Sim_Hybrid-v4.5.1/sim_data/base/internals/cSSi_Bi214_84.root
Writing 63995 entries to /disk/data1/lze/ljuign/G4v11_sim/Sim_Hybrid-v4.5.1/sim_data/filtered/internals/cSSi_Bi214_84_filtered.root
Done processing /disk/data1/lze/ljuign/G4v11_sim/Sim_Hybrid-v4.5.1/sim_data/base/internals/cSSi_Bi214_84.root
Filtering /disk/data1/lze/ljuign/G4v11_sim/Sim_Hybrid-v4.5.1/sim_data/base/internals/cSSi_Bi214_85.root ...

Processing /disk/data1/lze/ljuign/TESSERACT_Simulation_Analysis/tesssa/cpp/VD_single_filtering.cc("/disk/data1/lze/ljuign/G4v11_sim/Sim_Hybrid-v4.5.1/sim_data/base/internals/cSSi_Bi214_85.root","/disk/data1/lze/ljuign/G4v11_sim/Sim_Hybrid-v4.5.1/sim_data/filtered/internals")...
Processing file: /disk/data1/lze/ljuign/G4v11_sim/Sim_Hybrid-v4.5.1/sim_data/base/internals/cSSi_Bi214_85.root
Writing 64329 entries to /disk/data1/lze/ljuign/G4v11_sim/Sim_Hybrid-v4.5.1/sim_data/filtered/internals/cSSi_Bi214_85_filtered.root
Done processing /disk/data1/lze/ljuign/G4v11_sim/Sim_Hybrid-v4.5.1/sim_data/base/internals/cSSi_Bi214_85.root
Filtering /disk/data1/lze/ljuign/G4v11_sim/Sim_Hybrid-v4.5.1/sim_data/base/internals/cSSi_Bi214_86.root ...

Processing /disk/data1/lze/ljuign/TESSERACT_Simulation_Analysis/tesssa/cpp/VD_single_filtering.cc("/disk/data1/lze/ljuign/G4v11_sim/Sim_Hybrid-v4.5.1/sim_data/base/internals/cSSi_Bi214_86.root","/disk/data1/lze/ljuign/G4v11_sim/Sim_Hybrid-v4.5.1/sim_data/filtered/internals")...
Processing file: /disk/data1/lze/ljuign/G4v11_sim/Sim_Hybrid-v4.5.1/sim_data/base/internals/cSSi_Bi214_86.root
Writing 64981 entries to /disk/data1/lze/ljuign/G4v11_sim/Sim_Hybrid-v4.5.1/sim_data/filtered/internals/cSSi_Bi214_86_filtered.root
Done processing /disk/data1/lze/ljuign/G4v11_sim/Sim_Hybrid-v4.5.1/sim_data/base/internals/cSSi_Bi214_86.root
Filtering /disk/data1/lze/ljuign/G4v11_sim/Sim_Hybrid-v4.5.1/sim_data/base/internals/cSSi_Bi214_87.root ...

Processing /disk/data1/lze/ljuign/TESSERACT_Simulation_Analysis/tesssa/cpp/VD_single_filtering.cc("/disk/data1/lze/ljuign/G4v11_sim/Sim_Hybrid-v4.5.1/sim_data/base/internals/cSSi_Bi214_87.root","/disk/data1/lze/ljuign/G4v11_sim/Sim_Hybrid-v4.5.1/sim_data/filtered/internals")...
Processing file: /disk/data1/lze/ljuign/G4v11_sim/Sim_Hybrid-v4.5.1/sim_data/base/internals/cSSi_Bi214_87.root
Writing 65255 entries to /disk/data1/lze/ljuign/G4v11_sim/Sim_Hybrid-v4.5.1/sim_data/filtered/internals/cSSi_Bi214_87_filtered.root
Done processing /disk/data1/lze/ljuign/G4v11_sim/Sim_Hybrid-v4.5.1/sim_data/base/internals/cSSi_Bi214_87.root
Filtering /disk/data1/lze/ljuign/G4v11_sim/Sim_Hybrid-v4.5.1/sim_data/base/internals/cSSi_Bi214_88.root ...

Processing /disk/data1/lze/ljuign/TESSERACT_Simulation_Analysis/tesssa/cpp/VD_single_filtering.cc("/disk/data1/lze/ljuign/G4v11_sim/Sim_Hybrid-v4.5.1/sim_data/base/internals/cSSi_Bi214_88.root","/disk/data1/lze/ljuign/G4v11_sim/Sim_Hybrid-v4.5.1/sim_data/filtered/internals")...
Processing file: /disk/data1/lze/ljuign/G4v11_sim/Sim_Hybrid-v4.5.1/sim_data/base/internals/cSSi_Bi214_88.root
Writing 65273 entries to /disk/data1/lze/ljuign/G4v11_sim/Sim_Hybrid-v4.5.1/sim_data/filtered/internals/cSSi_Bi214_88_filtered.root
Done processing /disk/data1/lze/ljuign/G4v11_sim/Sim_Hybrid-v4.5.1/sim_data/base/internals/cSSi_Bi214_88.root
Filtering /disk/data1/lze/ljuign/G4v11_sim/Sim_Hybrid-v4.5.1/sim_data/base/internals/cSSi_Bi214_89.root ...

Processing /disk/data1/lze/ljuign/TESSERACT_Simulation_Analysis/tesssa/cpp/VD_single_filtering.cc("/disk/data1/lze/ljuign/G4v11_sim/Sim_Hybrid-v4.5.1/sim_data/base/internals/cSSi_Bi214_89.root","/disk/data1/lze/ljuign/G4v11_sim/Sim_Hybrid-v4.5.1/sim_data/filtered/internals")...
Processing file: /disk/data1/lze/ljuign/G4v11_sim/Sim_Hybrid-v4.5.1/sim_data/base/internals/cSSi_Bi214_89.root
Writing 65322 entries to /disk/data1/lze/ljuign/G4v11_sim/Sim_Hybrid-v4.5.1/sim_data/filtered/internals/cSSi_Bi214_89_filtered.root
Done processing /disk/data1/lze/ljuign/G4v11_sim/Sim_Hybrid-v4.5.1/sim_data/base/internals/cSSi_Bi214_89.root
Filtering /disk/data1/lze/ljuign/G4v11_sim/Sim_Hybrid-v4.5.1/sim_data/base/internals/cSSi_Bi214_8.root ...

Processing /disk/data1/lze/ljuign/TESSERACT_Simulation_Analysis/tesssa/cpp/VD_single_filtering.cc("/disk/data1/lze/ljuign/G4v11_sim/Sim_Hybrid-v4.5.1/sim_data/base/internals/cSSi_Bi214_8.root","/disk/data1/lze/ljuign/G4v11_sim/Sim_Hybrid-v4.5.1/sim_data/filtered/internals")...
Processing file: /disk/data1/lze/ljuign/G4v11_sim/Sim_Hybrid-v4.5.1/sim_data/base/internals/cSSi_Bi214_8.root
Writing 65329 entries to /disk/data1/lze/ljuign/G4v11_sim/Sim_Hybrid-v4.5.1/sim_data/filtered/internals/cSSi_Bi214_8_filtered.root
Done processing /disk/data1/lze/ljuign/G4v11_sim/Sim_Hybrid-v4.5.1/sim_data/base/internals/cSSi_Bi214_8.root
Filtering /disk/data1/lze/ljuign/G4v11_sim/Sim_Hybrid-v4.5.1/sim_data/base/internals/cSSi_Bi214_90.root ...

Processing /disk/data1/lze/ljuign/TESSERACT_Simulation_Analysis/tesssa/cpp/VD_single_filtering.cc("/disk/data1/lze/ljuign/G4v11_sim/Sim_Hybrid-v4.5.1/sim_data/base/internals/cSSi_Bi214_90.root","/disk/data1/lze/ljuign/G4v11_sim/Sim_Hybrid-v4.5.1/sim_data/filtered/internals")...
Processing file: /disk/data1/lze/ljuign/G4v11_sim/Sim_Hybrid-v4.5.1/sim_data/base/internals/cSSi_Bi214_90.root
Writing 63372 entries to /disk/data1/lze/ljuign/G4v11_sim/Sim_Hybrid-v4.5.1/sim_data/filtered/internals/cSSi_Bi214_90_filtered.root
Done processing /disk/data1/lze/ljuign/G4v11_sim/Sim_Hybrid-v4.5.1/sim_data/base/internals/cSSi_Bi214_90.root
Filtering /disk/data1/lze/ljuign/G4v11_sim/Sim_Hybrid-v4.5.1/sim_data/base/internals/cSSi_Bi214_91.root ...

Processing /disk/data1/lze/ljuign/TESSERACT_Simulation_Analysis/tesssa/cpp/VD_single_filtering.cc("/disk/data1/lze/ljuign/G4v11_sim/Sim_Hybrid-v4.5.1/sim_data/base/internals/cSSi_Bi214_91.root","/disk/data1/lze/ljuign/G4v11_sim/Sim_Hybrid-v4.5.1/sim_data/filtered/internals")...
Processing file: /disk/data1/lze/ljuign/G4v11_sim/Sim_Hybrid-v4.5.1/sim_data/base/internals/cSSi_Bi214_91.root
Writing 64000 entries to /disk/data1/lze/ljuign/G4v11_sim/Sim_Hybrid-v4.5.1/sim_data/filtered/internals/cSSi_Bi214_91_filtered.root
Done processing /disk/data1/lze/ljuign/G4v11_sim/Sim_Hybrid-v4.5.1/sim_data/base/internals/cSSi_Bi214_91.root
Filtering /disk/data1/lze/ljuign/G4v11_sim/Sim_Hybrid-v4.5.1/sim_data/base/internals/cSSi_Bi214_92.root ...

Processing /disk/data1/lze/ljuign/TESSERACT_Simulation_Analysis/tesssa/cpp/VD_single_filtering.cc("/disk/data1/lze/ljuign/G4v11_sim/Sim_Hybrid-v4.5.1/sim_data/base/internals/cSSi_Bi214_92.root","/disk/data1/lze/ljuign/G4v11_sim/Sim_Hybrid-v4.5.1/sim_data/filtered/internals")...
Processing file: /disk/data1/lze/ljuign/G4v11_sim/Sim_Hybrid-v4.5.1/sim_data/base/internals/cSSi_Bi214_92.root
Writing 65031 entries to /disk/data1/lze/ljuign/G4v11_sim/Sim_Hybrid-v4.5.1/sim_data/filtered/internals/cSSi_Bi214_92_filtered.root
Done processing /disk/data1/lze/ljuign/G4v11_sim/Sim_Hybrid-v4.5.1/sim_data/base/internals/cSSi_Bi214_92.root
Filtering /disk/data1/lze/ljuign/G4v11_sim/Sim_Hybrid-v4.5.1/sim_data/base/internals/cSSi_Bi214_93.root ...

Processing /disk/data1/lze/ljuign/TESSERACT_Simulation_Analysis/tesssa/cpp/VD_single_filtering.cc("/disk/data1/lze/ljuign/G4v11_sim/Sim_Hybrid-v4.5.1/sim_data/base/internals/cSSi_Bi214_93.root","/disk/data1/lze/ljuign/G4v11_sim/Sim_Hybrid-v4.5.1/sim_data/filtered/internals")...
Processing file: /disk/data1/lze/ljuign/G4v11_sim/Sim_Hybrid-v4.5.1/sim_data/base/internals/cSSi_Bi214_93.root
Writing 65873 entries to /disk/data1/lze/ljuign/G4v11_sim/Sim_Hybrid-v4.5.1/sim_data/filtered/internals/cSSi_Bi214_93_filtered.root
Done processing /disk/data1/lze/ljuign/G4v11_sim/Sim_Hybrid-v4.5.1/sim_data/base/internals/cSSi_Bi214_93.root
Filtering /disk/data1/lze/ljuign/G4v11_sim/Sim_Hybrid-v4.5.1/sim_data/base/internals/cSSi_Bi214_94.root ...

Processing /disk/data1/lze/ljuign/TESSERACT_Simulation_Analysis/tesssa/cpp/VD_single_filtering.cc("/disk/data1/lze/ljuign/G4v11_sim/Sim_Hybrid-v4.5.1/sim_data/base/internals/cSSi_Bi214_94.root","/disk/data1/lze/ljuign/G4v11_sim/Sim_Hybrid-v4.5.1/sim_data/filtered/internals")...
Processing file: /disk/data1/lze/ljuign/G4v11_sim/Sim_Hybrid-v4.5.1/sim_data/base/internals/cSSi_Bi214_94.root
Writing 64759 entries to /disk/data1/lze/ljuign/G4v11_sim/Sim_Hybrid-v4.5.1/sim_data/filtered/internals/cSSi_Bi214_94_filtered.root
Done processing /disk/data1/lze/ljuign/G4v11_sim/Sim_Hybrid-v4.5.1/sim_data/base/internals/cSSi_Bi214_94.root
Filtering /disk/data1/lze/ljuign/G4v11_sim/Sim_Hybrid-v4.5.1/sim_data/base/internals/cSSi_Bi214_95.root ...

Processing /disk/data1/lze/ljuign/TESSERACT_Simulation_Analysis/tesssa/cpp/VD_single_filtering.cc("/disk/data1/lze/ljuign/G4v11_sim/Sim_Hybrid-v4.5.1/sim_data/base/internals/cSSi_Bi214_95.root","/disk/data1/lze/ljuign/G4v11_sim/Sim_Hybrid-v4.5.1/sim_data/filtered/internals")...
Processing file: /disk/data1/lze/ljuign/G4v11_sim/Sim_Hybrid-v4.5.1/sim_data/base/internals/cSSi_Bi214_95.root
Writing 63842 entries to /disk/data1/lze/ljuign/G4v11_sim/Sim_Hybrid-v4.5.1/sim_data/filtered/internals/cSSi_Bi214_95_filtered.root
Done processing /disk/data1/lze/ljuign/G4v11_sim/Sim_Hybrid-v4.5.1/sim_data/base/internals/cSSi_Bi214_95.root
Filtering /disk/data1/lze/ljuign/G4v11_sim/Sim_Hybrid-v4.5.1/sim_data/base/internals/cSSi_Bi214_96.root ...

Processing /disk/data1/lze/ljuign/TESSERACT_Simulation_Analysis/tesssa/cpp/VD_single_filtering.cc("/disk/data1/lze/ljuign/G4v11_sim/Sim_Hybrid-v4.5.1/sim_data/base/internals/cSSi_Bi214_96.root","/disk/data1/lze/ljuign/G4v11_sim/Sim_Hybrid-v4.5.1/sim_data/filtered/internals")...
Processing file: /disk/data1/lze/ljuign/G4v11_sim/Sim_Hybrid-v4.5.1/sim_data/base/internals/cSSi_Bi214_96.root
Writing 64042 entries to /disk/data1/lze/ljuign/G4v11_sim/Sim_Hybrid-v4.5.1/sim_data/filtered/internals/cSSi_Bi214_96_filtered.root
Done processing /disk/data1/lze/ljuign/G4v11_sim/Sim_Hybrid-v4.5.1/sim_data/base/internals/cSSi_Bi214_96.root
Filtering /disk/data1/lze/ljuign/G4v11_sim/Sim_Hybrid-v4.5.1/sim_data/base/internals/cSSi_Bi214_97.root ...

Processing /disk/data1/lze/ljuign/TESSERACT_Simulation_Analysis/tesssa/cpp/VD_single_filtering.cc("/disk/data1/lze/ljuign/G4v11_sim/Sim_Hybrid-v4.5.1/sim_data/base/internals/cSSi_Bi214_97.root","/disk/data1/lze/ljuign/G4v11_sim/Sim_Hybrid-v4.5.1/sim_data/filtered/internals")...
Processing file: /disk/data1/lze/ljuign/G4v11_sim/Sim_Hybrid-v4.5.1/sim_data/base/internals/cSSi_Bi214_97.root
Writing 64066 entries to /disk/data1/lze/ljuign/G4v11_sim/Sim_Hybrid-v4.5.1/sim_data/filtered/internals/cSSi_Bi214_97_filtered.root
Done processing /disk/data1/lze/ljuign/G4v11_sim/Sim_Hybrid-v4.5.1/sim_data/base/internals/cSSi_Bi214_97.root
Filtering /disk/data1/lze/ljuign/G4v11_sim/Sim_Hybrid-v4.5.1/sim_data/base/internals/cSSi_Bi214_98.root ...

Processing /disk/data1/lze/ljuign/TESSERACT_Simulation_Analysis/tesssa/cpp/VD_single_filtering.cc("/disk/data1/lze/ljuign/G4v11_sim/Sim_Hybrid-v4.5.1/sim_data/base/internals/cSSi_Bi214_98.root","/disk/data1/lze/ljuign/G4v11_sim/Sim_Hybrid-v4.5.1/sim_data/filtered/internals")...
Processing file: /disk/data1/lze/ljuign/G4v11_sim/Sim_Hybrid-v4.5.1/sim_data/base/internals/cSSi_Bi214_98.root
Writing 65425 entries to /disk/data1/lze/ljuign/G4v11_sim/Sim_Hybrid-v4.5.1/sim_data/filtered/internals/cSSi_Bi214_98_filtered.root
Done processing /disk/data1/lze/ljuign/G4v11_sim/Sim_Hybrid-v4.5.1/sim_data/base/internals/cSSi_Bi214_98.root
Filtering /disk/data1/lze/ljuign/G4v11_sim/Sim_Hybrid-v4.5.1/sim_data/base/internals/cSSi_Bi214_99.root ...

Processing /disk/data1/lze/ljuign/TESSERACT_Simulation_Analysis/tesssa/cpp/VD_single_filtering.cc("/disk/data1/lze/ljuign/G4v11_sim/Sim_Hybrid-v4.5.1/sim_data/base/internals/cSSi_Bi214_99.root","/disk/data1/lze/ljuign/G4v11_sim/Sim_Hybrid-v4.5.1/sim_data/filtered/internals")...
Processing file: /disk/data1/lze/ljuign/G4v11_sim/Sim_Hybrid-v4.5.1/sim_data/base/internals/cSSi_Bi214_99.root
Writing 64607 entries to /disk/data1/lze/ljuign/G4v11_sim/Sim_Hybrid-v4.5.1/sim_data/filtered/internals/cSSi_Bi214_99_filtered.root
Done processing /disk/data1/lze/ljuign/G4v11_sim/Sim_Hybrid-v4.5.1/sim_data/base/internals/cSSi_Bi214_99.root
Filtering /disk/data1/lze/ljuign/G4v11_sim/Sim_Hybrid-v4.5.1/sim_data/base/internals/cSSi_Bi214_9.root ...

Processing /disk/data1/lze/ljuign/TESSERACT_Simulation_Analysis/tesssa/cpp/VD_single_filtering.cc("/disk/data1/lze/ljuign/G4v11_sim/Sim_Hybrid-v4.5.1/sim_data/base/internals/cSSi_Bi214_9.root","/disk/data1/lze/ljuign/G4v11_sim/Sim_Hybrid-v4.5.1/sim_data/filtered/internals")...
Processing file: /disk/data1/lze/ljuign/G4v11_sim/Sim_Hybrid-v4.5.1/sim_data/base/internals/cSSi_Bi214_9.root
Writing 65091 entries to /disk/data1/lze/ljuign/G4v11_sim/Sim_Hybrid-v4.5.1/sim_data/filtered/internals/cSSi_Bi214_9_filtered.root
Done processing /disk/data1/lze/ljuign/G4v11_sim/Sim_Hybrid-v4.5.1/sim_data/base/internals/cSSi_Bi214_9.root
Job for Bi214 finished!
