----------------------------------------
Processing isotope: Pb214
Files matching pattern: /disk/data1/lze/ljuign/G4v11_sim/Sim_Hybrid-v4.5.1/sim_data/base/internals/cSSi_Pb214_*.root
----------------------------------------
Filtering /disk/data1/lze/ljuign/G4v11_sim/Sim_Hybrid-v4.5.1/sim_data/base/internals/cSSi_Pb214_0.root ...

Processing /disk/data1/lze/ljuign/TESSERACT_Simulation_Analysis/tesssa/cpp/VD_single_filtering.cc("/disk/data1/lze/ljuign/G4v11_sim/Sim_Hybrid-v4.5.1/sim_data/base/internals/cSSi_Pb214_0.root","/disk/data1/lze/ljuign/G4v11_sim/Sim_Hybrid-v4.5.1/sim_data/filtered/internals")...
Processing file: /disk/data1/lze/ljuign/G4v11_sim/Sim_Hybrid-v4.5.1/sim_data/base/internals/cSSi_Pb214_0.root
Writing 67198 entries to /disk/data1/lze/ljuign/G4v11_sim/Sim_Hybrid-v4.5.1/sim_data/filtered/internals/cSSi_Pb214_0_filtered.root
Done processing /disk/data1/lze/ljuign/G4v11_sim/Sim_Hybrid-v4.5.1/sim_data/base/internals/cSSi_Pb214_0.root
Filtering /disk/data1/lze/ljuign/G4v11_sim/Sim_Hybrid-v4.5.1/sim_data/base/internals/cSSi_Pb214_10.root ...

Processing /disk/data1/lze/ljuign/TESSERACT_Simulation_Analysis/tesssa/cpp/VD_single_filtering.cc("/disk/data1/lze/ljuign/G4v11_sim/Sim_Hybrid-v4.5.1/sim_data/base/internals/cSSi_Pb214_10.root","/disk/data1/lze/ljuign/G4v11_sim/Sim_Hybrid-v4.5.1/sim_data/filtered/internals")...
Processing file: /disk/data1/lze/ljuign/G4v11_sim/Sim_Hybrid-v4.5.1/sim_data/base/internals/cSSi_Pb214_10.root
Writing 67224 entries to /disk/data1/lze/ljuign/G4v11_sim/Sim_Hybrid-v4.5.1/sim_data/filtered/internals/cSSi_Pb214_10_filtered.root
Done processing /disk/data1/lze/ljuign/G4v11_sim/Sim_Hybrid-v4.5.1/sim_data/base/internals/cSSi_Pb214_10.root
Filtering /disk/data1/lze/ljuign/G4v11_sim/Sim_Hybrid-v4.5.1/sim_data/base/internals/cSSi_Pb214_11.root ...

Processing /disk/data1/lze/ljuign/TESSERACT_Simulation_Analysis/tesssa/cpp/VD_single_filtering.cc("/disk/data1/lze/ljuign/G4v11_sim/Sim_Hybrid-v4.5.1/sim_data/base/internals/cSSi_Pb214_11.root","/disk/data1/lze/ljuign/G4v11_sim/Sim_Hybrid-v4.5.1/sim_data/filtered/internals")...
Processing file: /disk/data1/lze/ljuign/G4v11_sim/Sim_Hybrid-v4.5.1/sim_data/base/internals/cSSi_Pb214_11.root
Writing 67541 entries to /disk/data1/lze/ljuign/G4v11_sim/Sim_Hybrid-v4.5.1/sim_data/filtered/internals/cSSi_Pb214_11_filtered.root
Done processing /disk/data1/lze/ljuign/G4v11_sim/Sim_Hybrid-v4.5.1/sim_data/base/internals/cSSi_Pb214_11.root
Filtering /disk/data1/lze/ljuign/G4v11_sim/Sim_Hybrid-v4.5.1/sim_data/base/internals/cSSi_Pb214_12.root ...

Processing /disk/data1/lze/ljuign/TESSERACT_Simulation_Analysis/tesssa/cpp/VD_single_filtering.cc("/disk/data1/lze/ljuign/G4v11_sim/Sim_Hybrid-v4.5.1/sim_data/base/internals/cSSi_Pb214_12.root","/disk/data1/lze/ljuign/G4v11_sim/Sim_Hybrid-v4.5.1/sim_data/filtered/internals")...
Processing file: /disk/data1/lze/ljuign/G4v11_sim/Sim_Hybrid-v4.5.1/sim_data/base/internals/cSSi_Pb214_12.root
Writing 66406 entries to /disk/data1/lze/ljuign/G4v11_sim/Sim_Hybrid-v4.5.1/sim_data/filtered/internals/cSSi_Pb214_12_filtered.root
Done processing /disk/data1/lze/ljuign/G4v11_sim/Sim_Hybrid-v4.5.1/sim_data/base/internals/cSSi_Pb214_12.root
Filtering /disk/data1/lze/ljuign/G4v11_sim/Sim_Hybrid-v4.5.1/sim_data/base/internals/cSSi_Pb214_13.root ...

Processing /disk/data1/lze/ljuign/TESSERACT_Simulation_Analysis/tesssa/cpp/VD_single_filtering.cc("/disk/data1/lze/ljuign/G4v11_sim/Sim_Hybrid-v4.5.1/sim_data/base/internals/cSSi_Pb214_13.root","/disk/data1/lze/ljuign/G4v11_sim/Sim_Hybrid-v4.5.1/sim_data/filtered/internals")...
Processing file: /disk/data1/lze/ljuign/G4v11_sim/Sim_Hybrid-v4.5.1/sim_data/base/internals/cSSi_Pb214_13.root
Writing 67020 entries to /disk/data1/lze/ljuign/G4v11_sim/Sim_Hybrid-v4.5.1/sim_data/filtered/internals/cSSi_Pb214_13_filtered.root
Done processing /disk/data1/lze/ljuign/G4v11_sim/Sim_Hybrid-v4.5.1/sim_data/base/internals/cSSi_Pb214_13.root
Filtering /disk/data1/lze/ljuign/G4v11_sim/Sim_Hybrid-v4.5.1/sim_data/base/internals/cSSi_Pb214_14.root ...

Processing /disk/data1/lze/ljuign/TESSERACT_Simulation_Analysis/tesssa/cpp/VD_single_filtering.cc("/disk/data1/lze/ljuign/G4v11_sim/Sim_Hybrid-v4.5.1/sim_data/base/internals/cSSi_Pb214_14.root","/disk/data1/lze/ljuign/G4v11_sim/Sim_Hybrid-v4.5.1/sim_data/filtered/internals")...
Processing file: /disk/data1/lze/ljuign/G4v11_sim/Sim_Hybrid-v4.5.1/sim_data/base/internals/cSSi_Pb214_14.root
Writing 68398 entries to /disk/data1/lze/ljuign/G4v11_sim/Sim_Hybrid-v4.5.1/sim_data/filtered/internals/cSSi_Pb214_14_filtered.root
Done processing /disk/data1/lze/ljuign/G4v11_sim/Sim_Hybrid-v4.5.1/sim_data/base/internals/cSSi_Pb214_14.root
Filtering /disk/data1/lze/ljuign/G4v11_sim/Sim_Hybrid-v4.5.1/sim_data/base/internals/cSSi_Pb214_15.root ...

Processing /disk/data1/lze/ljuign/TESSERACT_Simulation_Analysis/tesssa/cpp/VD_single_filtering.cc("/disk/data1/lze/ljuign/G4v11_sim/Sim_Hybrid-v4.5.1/sim_data/base/internals/cSSi_Pb214_15.root","/disk/data1/lze/ljuign/G4v11_sim/Sim_Hybrid-v4.5.1/sim_data/filtered/internals")...
Processing file: /disk/data1/lze/ljuign/G4v11_sim/Sim_Hybrid-v4.5.1/sim_data/base/internals/cSSi_Pb214_15.root
Writing 67948 entries to /disk/data1/lze/ljuign/G4v11_sim/Sim_Hybrid-v4.5.1/sim_data/filtered/internals/cSSi_Pb214_15_filtered.root
Done processing /disk/data1/lze/ljuign/G4v11_sim/Sim_Hybrid-v4.5.1/sim_data/base/internals/cSSi_Pb214_15.root
Filtering /disk/data1/lze/ljuign/G4v11_sim/Sim_Hybrid-v4.5.1/sim_data/base/internals/cSSi_Pb214_16.root ...

Processing /disk/data1/lze/ljuign/TESSERACT_Simulation_Analysis/tesssa/cpp/VD_single_filtering.cc("/disk/data1/lze/ljuign/G4v11_sim/Sim_Hybrid-v4.5.1/sim_data/base/internals/cSSi_Pb214_16.root","/disk/data1/lze/ljuign/G4v11_sim/Sim_Hybrid-v4.5.1/sim_data/filtered/internals")...
Processing file: /disk/data1/lze/ljuign/G4v11_sim/Sim_Hybrid-v4.5.1/sim_data/base/internals/cSSi_Pb214_16.root
Writing 67566 entries to /disk/data1/lze/ljuign/G4v11_sim/Sim_Hybrid-v4.5.1/sim_data/filtered/internals/cSSi_Pb214_16_filtered.root
Done processing /disk/data1/lze/ljuign/G4v11_sim/Sim_Hybrid-v4.5.1/sim_data/base/internals/cSSi_Pb214_16.root
Filtering /disk/data1/lze/ljuign/G4v11_sim/Sim_Hybrid-v4.5.1/sim_data/base/internals/cSSi_Pb214_17.root ...

Processing /disk/data1/lze/ljuign/TESSERACT_Simulation_Analysis/tesssa/cpp/VD_single_filtering.cc("/disk/data1/lze/ljuign/G4v11_sim/Sim_Hybrid-v4.5.1/sim_data/base/internals/cSSi_Pb214_17.root","/disk/data1/lze/ljuign/G4v11_sim/Sim_Hybrid-v4.5.1/sim_data/filtered/internals")...
Processing file: /disk/data1/lze/ljuign/G4v11_sim/Sim_Hybrid-v4.5.1/sim_data/base/internals/cSSi_Pb214_17.root
Writing 66782 entries to /disk/data1/lze/ljuign/G4v11_sim/Sim_Hybrid-v4.5.1/sim_data/filtered/internals/cSSi_Pb214_17_filtered.root
Done processing /disk/data1/lze/ljuign/G4v11_sim/Sim_Hybrid-v4.5.1/sim_data/base/internals/cSSi_Pb214_17.root
Filtering /disk/data1/lze/ljuign/G4v11_sim/Sim_Hybrid-v4.5.1/sim_data/base/internals/cSSi_Pb214_18.root ...

Processing /disk/data1/lze/ljuign/TESSERACT_Simulation_Analysis/tesssa/cpp/VD_single_filtering.cc("/disk/data1/lze/ljuign/G4v11_sim/Sim_Hybrid-v4.5.1/sim_data/base/internals/cSSi_Pb214_18.root","/disk/data1/lze/ljuign/G4v11_sim/Sim_Hybrid-v4.5.1/sim_data/filtered/internals")...
Processing file: /disk/data1/lze/ljuign/G4v11_sim/Sim_Hybrid-v4.5.1/sim_data/base/internals/cSSi_Pb214_18.root
Writing 66608 entries to /disk/data1/lze/ljuign/G4v11_sim/Sim_Hybrid-v4.5.1/sim_data/filtered/internals/cSSi_Pb214_18_filtered.root
Done processing /disk/data1/lze/ljuign/G4v11_sim/Sim_Hybrid-v4.5.1/sim_data/base/internals/cSSi_Pb214_18.root
Filtering /disk/data1/lze/ljuign/G4v11_sim/Sim_Hybrid-v4.5.1/sim_data/base/internals/cSSi_Pb214_19.root ...

Processing /disk/data1/lze/ljuign/TESSERACT_Simulation_Analysis/tesssa/cpp/VD_single_filtering.cc("/disk/data1/lze/ljuign/G4v11_sim/Sim_Hybrid-v4.5.1/sim_data/base/internals/cSSi_Pb214_19.root","/disk/data1/lze/ljuign/G4v11_sim/Sim_Hybrid-v4.5.1/sim_data/filtered/internals")...
Processing file: /disk/data1/lze/ljuign/G4v11_sim/Sim_Hybrid-v4.5.1/sim_data/base/internals/cSSi_Pb214_19.root
Writing 67264 entries to /disk/data1/lze/ljuign/G4v11_sim/Sim_Hybrid-v4.5.1/sim_data/filtered/internals/cSSi_Pb214_19_filtered.root
Done processing /disk/data1/lze/ljuign/G4v11_sim/Sim_Hybrid-v4.5.1/sim_data/base/internals/cSSi_Pb214_19.root
Filtering /disk/data1/lze/ljuign/G4v11_sim/Sim_Hybrid-v4.5.1/sim_data/base/internals/cSSi_Pb214_1.root ...

Processing /disk/data1/lze/ljuign/TESSERACT_Simulation_Analysis/tesssa/cpp/VD_single_filtering.cc("/disk/data1/lze/ljuign/G4v11_sim/Sim_Hybrid-v4.5.1/sim_data/base/internals/cSSi_Pb214_1.root","/disk/data1/lze/ljuign/G4v11_sim/Sim_Hybrid-v4.5.1/sim_data/filtered/internals")...
Processing file: /disk/data1/lze/ljuign/G4v11_sim/Sim_Hybrid-v4.5.1/sim_data/base/internals/cSSi_Pb214_1.root
Writing 68144 entries to /disk/data1/lze/ljuign/G4v11_sim/Sim_Hybrid-v4.5.1/sim_data/filtered/internals/cSSi_Pb214_1_filtered.root
Done processing /disk/data1/lze/ljuign/G4v11_sim/Sim_Hybrid-v4.5.1/sim_data/base/internals/cSSi_Pb214_1.root
Filtering /disk/data1/lze/ljuign/G4v11_sim/Sim_Hybrid-v4.5.1/sim_data/base/internals/cSSi_Pb214_20.root ...

Processing /disk/data1/lze/ljuign/TESSERACT_Simulation_Analysis/tesssa/cpp/VD_single_filtering.cc("/disk/data1/lze/ljuign/G4v11_sim/Sim_Hybrid-v4.5.1/sim_data/base/internals/cSSi_Pb214_20.root","/disk/data1/lze/ljuign/G4v11_sim/Sim_Hybrid-v4.5.1/sim_data/filtered/internals")...
Processing file: /disk/data1/lze/ljuign/G4v11_sim/Sim_Hybrid-v4.5.1/sim_data/base/internals/cSSi_Pb214_20.root
Writing 67785 entries to /disk/data1/lze/ljuign/G4v11_sim/Sim_Hybrid-v4.5.1/sim_data/filtered/internals/cSSi_Pb214_20_filtered.root
Done processing /disk/data1/lze/ljuign/G4v11_sim/Sim_Hybrid-v4.5.1/sim_data/base/internals/cSSi_Pb214_20.root
Filtering /disk/data1/lze/ljuign/G4v11_sim/Sim_Hybrid-v4.5.1/sim_data/base/internals/cSSi_Pb214_21.root ...

Processing /disk/data1/lze/ljuign/TESSERACT_Simulation_Analysis/tesssa/cpp/VD_single_filtering.cc("/disk/data1/lze/ljuign/G4v11_sim/Sim_Hybrid-v4.5.1/sim_data/base/internals/cSSi_Pb214_21.root","/disk/data1/lze/ljuign/G4v11_sim/Sim_Hybrid-v4.5.1/sim_data/filtered/internals")...
Processing file: /disk/data1/lze/ljuign/G4v11_sim/Sim_Hybrid-v4.5.1/sim_data/base/internals/cSSi_Pb214_21.root
Writing 66818 entries to /disk/data1/lze/ljuign/G4v11_sim/Sim_Hybrid-v4.5.1/sim_data/filtered/internals/cSSi_Pb214_21_filtered.root
Done processing /disk/data1/lze/ljuign/G4v11_sim/Sim_Hybrid-v4.5.1/sim_data/base/internals/cSSi_Pb214_21.root
Filtering /disk/data1/lze/ljuign/G4v11_sim/Sim_Hybrid-v4.5.1/sim_data/base/internals/cSSi_Pb214_22.root ...

Processing /disk/data1/lze/ljuign/TESSERACT_Simulation_Analysis/tesssa/cpp/VD_single_filtering.cc("/disk/data1/lze/ljuign/G4v11_sim/Sim_Hybrid-v4.5.1/sim_data/base/internals/cSSi_Pb214_22.root","/disk/data1/lze/ljuign/G4v11_sim/Sim_Hybrid-v4.5.1/sim_data/filtered/internals")...
Processing file: /disk/data1/lze/ljuign/G4v11_sim/Sim_Hybrid-v4.5.1/sim_data/base/internals/cSSi_Pb214_22.root
Writing 66558 entries to /disk/data1/lze/ljuign/G4v11_sim/Sim_Hybrid-v4.5.1/sim_data/filtered/internals/cSSi_Pb214_22_filtered.root
Done processing /disk/data1/lze/ljuign/G4v11_sim/Sim_Hybrid-v4.5.1/sim_data/base/internals/cSSi_Pb214_22.root
Filtering /disk/data1/lze/ljuign/G4v11_sim/Sim_Hybrid-v4.5.1/sim_data/base/internals/cSSi_Pb214_23.root ...

Processing /disk/data1/lze/ljuign/TESSERACT_Simulation_Analysis/tesssa/cpp/VD_single_filtering.cc("/disk/data1/lze/ljuign/G4v11_sim/Sim_Hybrid-v4.5.1/sim_data/base/internals/cSSi_Pb214_23.root","/disk/data1/lze/ljuign/G4v11_sim/Sim_Hybrid-v4.5.1/sim_data/filtered/internals")...
Processing file: /disk/data1/lze/ljuign/G4v11_sim/Sim_Hybrid-v4.5.1/sim_data/base/internals/cSSi_Pb214_23.root
Writing 66675 entries to /disk/data1/lze/ljuign/G4v11_sim/Sim_Hybrid-v4.5.1/sim_data/filtered/internals/cSSi_Pb214_23_filtered.root
Done processing /disk/data1/lze/ljuign/G4v11_sim/Sim_Hybrid-v4.5.1/sim_data/base/internals/cSSi_Pb214_23.root
Filtering /disk/data1/lze/ljuign/G4v11_sim/Sim_Hybrid-v4.5.1/sim_data/base/internals/cSSi_Pb214_24.root ...

Processing /disk/data1/lze/ljuign/TESSERACT_Simulation_Analysis/tesssa/cpp/VD_single_filtering.cc("/disk/data1/lze/ljuign/G4v11_sim/Sim_Hybrid-v4.5.1/sim_data/base/internals/cSSi_Pb214_24.root","/disk/data1/lze/ljuign/G4v11_sim/Sim_Hybrid-v4.5.1/sim_data/filtered/internals")...
Processing file: /disk/data1/lze/ljuign/G4v11_sim/Sim_Hybrid-v4.5.1/sim_data/base/internals/cSSi_Pb214_24.root
Writing 66898 entries to /disk/data1/lze/ljuign/G4v11_sim/Sim_Hybrid-v4.5.1/sim_data/filtered/internals/cSSi_Pb214_24_filtered.root
Done processing /disk/data1/lze/ljuign/G4v11_sim/Sim_Hybrid-v4.5.1/sim_data/base/internals/cSSi_Pb214_24.root
Filtering /disk/data1/lze/ljuign/G4v11_sim/Sim_Hybrid-v4.5.1/sim_data/base/internals/cSSi_Pb214_25.root ...

Processing /disk/data1/lze/ljuign/TESSERACT_Simulation_Analysis/tesssa/cpp/VD_single_filtering.cc("/disk/data1/lze/ljuign/G4v11_sim/Sim_Hybrid-v4.5.1/sim_data/base/internals/cSSi_Pb214_25.root","/disk/data1/lze/ljuign/G4v11_sim/Sim_Hybrid-v4.5.1/sim_data/filtered/internals")...
Processing file: /disk/data1/lze/ljuign/G4v11_sim/Sim_Hybrid-v4.5.1/sim_data/base/internals/cSSi_Pb214_25.root
Writing 65773 entries to /disk/data1/lze/ljuign/G4v11_sim/Sim_Hybrid-v4.5.1/sim_data/filtered/internals/cSSi_Pb214_25_filtered.root
Done processing /disk/data1/lze/ljuign/G4v11_sim/Sim_Hybrid-v4.5.1/sim_data/base/internals/cSSi_Pb214_25.root
Filtering /disk/data1/lze/ljuign/G4v11_sim/Sim_Hybrid-v4.5.1/sim_data/base/internals/cSSi_Pb214_26.root ...

Processing /disk/data1/lze/ljuign/TESSERACT_Simulation_Analysis/tesssa/cpp/VD_single_filtering.cc("/disk/data1/lze/ljuign/G4v11_sim/Sim_Hybrid-v4.5.1/sim_data/base/internals/cSSi_Pb214_26.root","/disk/data1/lze/ljuign/G4v11_sim/Sim_Hybrid-v4.5.1/sim_data/filtered/internals")...
Processing file: /disk/data1/lze/ljuign/G4v11_sim/Sim_Hybrid-v4.5.1/sim_data/base/internals/cSSi_Pb214_26.root
Writing 67744 entries to /disk/data1/lze/ljuign/G4v11_sim/Sim_Hybrid-v4.5.1/sim_data/filtered/internals/cSSi_Pb214_26_filtered.root
Done processing /disk/data1/lze/ljuign/G4v11_sim/Sim_Hybrid-v4.5.1/sim_data/base/internals/cSSi_Pb214_26.root
Filtering /disk/data1/lze/ljuign/G4v11_sim/Sim_Hybrid-v4.5.1/sim_data/base/internals/cSSi_Pb214_27.root ...

Processing /disk/data1/lze/ljuign/TESSERACT_Simulation_Analysis/tesssa/cpp/VD_single_filtering.cc("/disk/data1/lze/ljuign/G4v11_sim/Sim_Hybrid-v4.5.1/sim_data/base/internals/cSSi_Pb214_27.root","/disk/data1/lze/ljuign/G4v11_sim/Sim_Hybrid-v4.5.1/sim_data/filtered/internals")...
Processing file: /disk/data1/lze/ljuign/G4v11_sim/Sim_Hybrid-v4.5.1/sim_data/base/internals/cSSi_Pb214_27.root
Writing 66854 entries to /disk/data1/lze/ljuign/G4v11_sim/Sim_Hybrid-v4.5.1/sim_data/filtered/internals/cSSi_Pb214_27_filtered.root
Done processing /disk/data1/lze/ljuign/G4v11_sim/Sim_Hybrid-v4.5.1/sim_data/base/internals/cSSi_Pb214_27.root
Filtering /disk/data1/lze/ljuign/G4v11_sim/Sim_Hybrid-v4.5.1/sim_data/base/internals/cSSi_Pb214_28.root ...

Processing /disk/data1/lze/ljuign/TESSERACT_Simulation_Analysis/tesssa/cpp/VD_single_filtering.cc("/disk/data1/lze/ljuign/G4v11_sim/Sim_Hybrid-v4.5.1/sim_data/base/internals/cSSi_Pb214_28.root","/disk/data1/lze/ljuign/G4v11_sim/Sim_Hybrid-v4.5.1/sim_data/filtered/internals")...
Processing file: /disk/data1/lze/ljuign/G4v11_sim/Sim_Hybrid-v4.5.1/sim_data/base/internals/cSSi_Pb214_28.root
Writing 67851 entries to /disk/data1/lze/ljuign/G4v11_sim/Sim_Hybrid-v4.5.1/sim_data/filtered/internals/cSSi_Pb214_28_filtered.root
Done processing /disk/data1/lze/ljuign/G4v11_sim/Sim_Hybrid-v4.5.1/sim_data/base/internals/cSSi_Pb214_28.root
Filtering /disk/data1/lze/ljuign/G4v11_sim/Sim_Hybrid-v4.5.1/sim_data/base/internals/cSSi_Pb214_29.root ...

Processing /disk/data1/lze/ljuign/TESSERACT_Simulation_Analysis/tesssa/cpp/VD_single_filtering.cc("/disk/data1/lze/ljuign/G4v11_sim/Sim_Hybrid-v4.5.1/sim_data/base/internals/cSSi_Pb214_29.root","/disk/data1/lze/ljuign/G4v11_sim/Sim_Hybrid-v4.5.1/sim_data/filtered/internals")...
Processing file: /disk/data1/lze/ljuign/G4v11_sim/Sim_Hybrid-v4.5.1/sim_data/base/internals/cSSi_Pb214_29.root
Writing 67254 entries to /disk/data1/lze/ljuign/G4v11_sim/Sim_Hybrid-v4.5.1/sim_data/filtered/internals/cSSi_Pb214_29_filtered.root
Done processing /disk/data1/lze/ljuign/G4v11_sim/Sim_Hybrid-v4.5.1/sim_data/base/internals/cSSi_Pb214_29.root
Filtering /disk/data1/lze/ljuign/G4v11_sim/Sim_Hybrid-v4.5.1/sim_data/base/internals/cSSi_Pb214_2.root ...

Processing /disk/data1/lze/ljuign/TESSERACT_Simulation_Analysis/tesssa/cpp/VD_single_filtering.cc("/disk/data1/lze/ljuign/G4v11_sim/Sim_Hybrid-v4.5.1/sim_data/base/internals/cSSi_Pb214_2.root","/disk/data1/lze/ljuign/G4v11_sim/Sim_Hybrid-v4.5.1/sim_data/filtered/internals")...
Processing file: /disk/data1/lze/ljuign/G4v11_sim/Sim_Hybrid-v4.5.1/sim_data/base/internals/cSSi_Pb214_2.root
Writing 66583 entries to /disk/data1/lze/ljuign/G4v11_sim/Sim_Hybrid-v4.5.1/sim_data/filtered/internals/cSSi_Pb214_2_filtered.root
Done processing /disk/data1/lze/ljuign/G4v11_sim/Sim_Hybrid-v4.5.1/sim_data/base/internals/cSSi_Pb214_2.root
Filtering /disk/data1/lze/ljuign/G4v11_sim/Sim_Hybrid-v4.5.1/sim_data/base/internals/cSSi_Pb214_30.root ...

Processing /disk/data1/lze/ljuign/TESSERACT_Simulation_Analysis/tesssa/cpp/VD_single_filtering.cc("/disk/data1/lze/ljuign/G4v11_sim/Sim_Hybrid-v4.5.1/sim_data/base/internals/cSSi_Pb214_30.root","/disk/data1/lze/ljuign/G4v11_sim/Sim_Hybrid-v4.5.1/sim_data/filtered/internals")...
Processing file: /disk/data1/lze/ljuign/G4v11_sim/Sim_Hybrid-v4.5.1/sim_data/base/internals/cSSi_Pb214_30.root
Writing 66471 entries to /disk/data1/lze/ljuign/G4v11_sim/Sim_Hybrid-v4.5.1/sim_data/filtered/internals/cSSi_Pb214_30_filtered.root
Done processing /disk/data1/lze/ljuign/G4v11_sim/Sim_Hybrid-v4.5.1/sim_data/base/internals/cSSi_Pb214_30.root
Filtering /disk/data1/lze/ljuign/G4v11_sim/Sim_Hybrid-v4.5.1/sim_data/base/internals/cSSi_Pb214_31.root ...

Processing /disk/data1/lze/ljuign/TESSERACT_Simulation_Analysis/tesssa/cpp/VD_single_filtering.cc("/disk/data1/lze/ljuign/G4v11_sim/Sim_Hybrid-v4.5.1/sim_data/base/internals/cSSi_Pb214_31.root","/disk/data1/lze/ljuign/G4v11_sim/Sim_Hybrid-v4.5.1/sim_data/filtered/internals")...
Processing file: /disk/data1/lze/ljuign/G4v11_sim/Sim_Hybrid-v4.5.1/sim_data/base/internals/cSSi_Pb214_31.root
Writing 68095 entries to /disk/data1/lze/ljuign/G4v11_sim/Sim_Hybrid-v4.5.1/sim_data/filtered/internals/cSSi_Pb214_31_filtered.root
Done processing /disk/data1/lze/ljuign/G4v11_sim/Sim_Hybrid-v4.5.1/sim_data/base/internals/cSSi_Pb214_31.root
Filtering /disk/data1/lze/ljuign/G4v11_sim/Sim_Hybrid-v4.5.1/sim_data/base/internals/cSSi_Pb214_32.root ...

Processing /disk/data1/lze/ljuign/TESSERACT_Simulation_Analysis/tesssa/cpp/VD_single_filtering.cc("/disk/data1/lze/ljuign/G4v11_sim/Sim_Hybrid-v4.5.1/sim_data/base/internals/cSSi_Pb214_32.root","/disk/data1/lze/ljuign/G4v11_sim/Sim_Hybrid-v4.5.1/sim_data/filtered/internals")...
Processing file: /disk/data1/lze/ljuign/G4v11_sim/Sim_Hybrid-v4.5.1/sim_data/base/internals/cSSi_Pb214_32.root
Writing 67166 entries to /disk/data1/lze/ljuign/G4v11_sim/Sim_Hybrid-v4.5.1/sim_data/filtered/internals/cSSi_Pb214_32_filtered.root
Done processing /disk/data1/lze/ljuign/G4v11_sim/Sim_Hybrid-v4.5.1/sim_data/base/internals/cSSi_Pb214_32.root
Filtering /disk/data1/lze/ljuign/G4v11_sim/Sim_Hybrid-v4.5.1/sim_data/base/internals/cSSi_Pb214_33.root ...

Processing /disk/data1/lze/ljuign/TESSERACT_Simulation_Analysis/tesssa/cpp/VD_single_filtering.cc("/disk/data1/lze/ljuign/G4v11_sim/Sim_Hybrid-v4.5.1/sim_data/base/internals/cSSi_Pb214_33.root","/disk/data1/lze/ljuign/G4v11_sim/Sim_Hybrid-v4.5.1/sim_data/filtered/internals")...
Processing file: /disk/data1/lze/ljuign/G4v11_sim/Sim_Hybrid-v4.5.1/sim_data/base/internals/cSSi_Pb214_33.root
Writing 67908 entries to /disk/data1/lze/ljuign/G4v11_sim/Sim_Hybrid-v4.5.1/sim_data/filtered/internals/cSSi_Pb214_33_filtered.root
Done processing /disk/data1/lze/ljuign/G4v11_sim/Sim_Hybrid-v4.5.1/sim_data/base/internals/cSSi_Pb214_33.root
Filtering /disk/data1/lze/ljuign/G4v11_sim/Sim_Hybrid-v4.5.1/sim_data/base/internals/cSSi_Pb214_34.root ...

Processing /disk/data1/lze/ljuign/TESSERACT_Simulation_Analysis/tesssa/cpp/VD_single_filtering.cc("/disk/data1/lze/ljuign/G4v11_sim/Sim_Hybrid-v4.5.1/sim_data/base/internals/cSSi_Pb214_34.root","/disk/data1/lze/ljuign/G4v11_sim/Sim_Hybrid-v4.5.1/sim_data/filtered/internals")...
Processing file: /disk/data1/lze/ljuign/G4v11_sim/Sim_Hybrid-v4.5.1/sim_data/base/internals/cSSi_Pb214_34.root
Writing 67474 entries to /disk/data1/lze/ljuign/G4v11_sim/Sim_Hybrid-v4.5.1/sim_data/filtered/internals/cSSi_Pb214_34_filtered.root
Done processing /disk/data1/lze/ljuign/G4v11_sim/Sim_Hybrid-v4.5.1/sim_data/base/internals/cSSi_Pb214_34.root
Filtering /disk/data1/lze/ljuign/G4v11_sim/Sim_Hybrid-v4.5.1/sim_data/base/internals/cSSi_Pb214_35.root ...

Processing /disk/data1/lze/ljuign/TESSERACT_Simulation_Analysis/tesssa/cpp/VD_single_filtering.cc("/disk/data1/lze/ljuign/G4v11_sim/Sim_Hybrid-v4.5.1/sim_data/base/internals/cSSi_Pb214_35.root","/disk/data1/lze/ljuign/G4v11_sim/Sim_Hybrid-v4.5.1/sim_data/filtered/internals")...
Processing file: /disk/data1/lze/ljuign/G4v11_sim/Sim_Hybrid-v4.5.1/sim_data/base/internals/cSSi_Pb214_35.root
Writing 68336 entries to /disk/data1/lze/ljuign/G4v11_sim/Sim_Hybrid-v4.5.1/sim_data/filtered/internals/cSSi_Pb214_35_filtered.root
Done processing /disk/data1/lze/ljuign/G4v11_sim/Sim_Hybrid-v4.5.1/sim_data/base/internals/cSSi_Pb214_35.root
Filtering /disk/data1/lze/ljuign/G4v11_sim/Sim_Hybrid-v4.5.1/sim_data/base/internals/cSSi_Pb214_36.root ...

Processing /disk/data1/lze/ljuign/TESSERACT_Simulation_Analysis/tesssa/cpp/VD_single_filtering.cc("/disk/data1/lze/ljuign/G4v11_sim/Sim_Hybrid-v4.5.1/sim_data/base/internals/cSSi_Pb214_36.root","/disk/data1/lze/ljuign/G4v11_sim/Sim_Hybrid-v4.5.1/sim_data/filtered/internals")...
Processing file: /disk/data1/lze/ljuign/G4v11_sim/Sim_Hybrid-v4.5.1/sim_data/base/internals/cSSi_Pb214_36.root
Writing 68539 entries to /disk/data1/lze/ljuign/G4v11_sim/Sim_Hybrid-v4.5.1/sim_data/filtered/internals/cSSi_Pb214_36_filtered.root
Done processing /disk/data1/lze/ljuign/G4v11_sim/Sim_Hybrid-v4.5.1/sim_data/base/internals/cSSi_Pb214_36.root
Filtering /disk/data1/lze/ljuign/G4v11_sim/Sim_Hybrid-v4.5.1/sim_data/base/internals/cSSi_Pb214_37.root ...

Processing /disk/data1/lze/ljuign/TESSERACT_Simulation_Analysis/tesssa/cpp/VD_single_filtering.cc("/disk/data1/lze/ljuign/G4v11_sim/Sim_Hybrid-v4.5.1/sim_data/base/internals/cSSi_Pb214_37.root","/disk/data1/lze/ljuign/G4v11_sim/Sim_Hybrid-v4.5.1/sim_data/filtered/internals")...
Processing file: /disk/data1/lze/ljuign/G4v11_sim/Sim_Hybrid-v4.5.1/sim_data/base/internals/cSSi_Pb214_37.root
Writing 67855 entries to /disk/data1/lze/ljuign/G4v11_sim/Sim_Hybrid-v4.5.1/sim_data/filtered/internals/cSSi_Pb214_37_filtered.root
Done processing /disk/data1/lze/ljuign/G4v11_sim/Sim_Hybrid-v4.5.1/sim_data/base/internals/cSSi_Pb214_37.root
Filtering /disk/data1/lze/ljuign/G4v11_sim/Sim_Hybrid-v4.5.1/sim_data/base/internals/cSSi_Pb214_38.root ...

Processing /disk/data1/lze/ljuign/TESSERACT_Simulation_Analysis/tesssa/cpp/VD_single_filtering.cc("/disk/data1/lze/ljuign/G4v11_sim/Sim_Hybrid-v4.5.1/sim_data/base/internals/cSSi_Pb214_38.root","/disk/data1/lze/ljuign/G4v11_sim/Sim_Hybrid-v4.5.1/sim_data/filtered/internals")...
Processing file: /disk/data1/lze/ljuign/G4v11_sim/Sim_Hybrid-v4.5.1/sim_data/base/internals/cSSi_Pb214_38.root
Writing 68515 entries to /disk/data1/lze/ljuign/G4v11_sim/Sim_Hybrid-v4.5.1/sim_data/filtered/internals/cSSi_Pb214_38_filtered.root
Done processing /disk/data1/lze/ljuign/G4v11_sim/Sim_Hybrid-v4.5.1/sim_data/base/internals/cSSi_Pb214_38.root
Filtering /disk/data1/lze/ljuign/G4v11_sim/Sim_Hybrid-v4.5.1/sim_data/base/internals/cSSi_Pb214_39.root ...

Processing /disk/data1/lze/ljuign/TESSERACT_Simulation_Analysis/tesssa/cpp/VD_single_filtering.cc("/disk/data1/lze/ljuign/G4v11_sim/Sim_Hybrid-v4.5.1/sim_data/base/internals/cSSi_Pb214_39.root","/disk/data1/lze/ljuign/G4v11_sim/Sim_Hybrid-v4.5.1/sim_data/filtered/internals")...
Processing file: /disk/data1/lze/ljuign/G4v11_sim/Sim_Hybrid-v4.5.1/sim_data/base/internals/cSSi_Pb214_39.root
Writing 67793 entries to /disk/data1/lze/ljuign/G4v11_sim/Sim_Hybrid-v4.5.1/sim_data/filtered/internals/cSSi_Pb214_39_filtered.root
Done processing /disk/data1/lze/ljuign/G4v11_sim/Sim_Hybrid-v4.5.1/sim_data/base/internals/cSSi_Pb214_39.root
Filtering /disk/data1/lze/ljuign/G4v11_sim/Sim_Hybrid-v4.5.1/sim_data/base/internals/cSSi_Pb214_3.root ...

Processing /disk/data1/lze/ljuign/TESSERACT_Simulation_Analysis/tesssa/cpp/VD_single_filtering.cc("/disk/data1/lze/ljuign/G4v11_sim/Sim_Hybrid-v4.5.1/sim_data/base/internals/cSSi_Pb214_3.root","/disk/data1/lze/ljuign/G4v11_sim/Sim_Hybrid-v4.5.1/sim_data/filtered/internals")...
Processing file: /disk/data1/lze/ljuign/G4v11_sim/Sim_Hybrid-v4.5.1/sim_data/base/internals/cSSi_Pb214_3.root
Writing 67849 entries to /disk/data1/lze/ljuign/G4v11_sim/Sim_Hybrid-v4.5.1/sim_data/filtered/internals/cSSi_Pb214_3_filtered.root
Done processing /disk/data1/lze/ljuign/G4v11_sim/Sim_Hybrid-v4.5.1/sim_data/base/internals/cSSi_Pb214_3.root
Filtering /disk/data1/lze/ljuign/G4v11_sim/Sim_Hybrid-v4.5.1/sim_data/base/internals/cSSi_Pb214_40.root ...

Processing /disk/data1/lze/ljuign/TESSERACT_Simulation_Analysis/tesssa/cpp/VD_single_filtering.cc("/disk/data1/lze/ljuign/G4v11_sim/Sim_Hybrid-v4.5.1/sim_data/base/internals/cSSi_Pb214_40.root","/disk/data1/lze/ljuign/G4v11_sim/Sim_Hybrid-v4.5.1/sim_data/filtered/internals")...
Processing file: /disk/data1/lze/ljuign/G4v11_sim/Sim_Hybrid-v4.5.1/sim_data/base/internals/cSSi_Pb214_40.root
Writing 67366 entries to /disk/data1/lze/ljuign/G4v11_sim/Sim_Hybrid-v4.5.1/sim_data/filtered/internals/cSSi_Pb214_40_filtered.root
Done processing /disk/data1/lze/ljuign/G4v11_sim/Sim_Hybrid-v4.5.1/sim_data/base/internals/cSSi_Pb214_40.root
Filtering /disk/data1/lze/ljuign/G4v11_sim/Sim_Hybrid-v4.5.1/sim_data/base/internals/cSSi_Pb214_41.root ...

Processing /disk/data1/lze/ljuign/TESSERACT_Simulation_Analysis/tesssa/cpp/VD_single_filtering.cc("/disk/data1/lze/ljuign/G4v11_sim/Sim_Hybrid-v4.5.1/sim_data/base/internals/cSSi_Pb214_41.root","/disk/data1/lze/ljuign/G4v11_sim/Sim_Hybrid-v4.5.1/sim_data/filtered/internals")...
Processing file: /disk/data1/lze/ljuign/G4v11_sim/Sim_Hybrid-v4.5.1/sim_data/base/internals/cSSi_Pb214_41.root
Writing 67479 entries to /disk/data1/lze/ljuign/G4v11_sim/Sim_Hybrid-v4.5.1/sim_data/filtered/internals/cSSi_Pb214_41_filtered.root
Done processing /disk/data1/lze/ljuign/G4v11_sim/Sim_Hybrid-v4.5.1/sim_data/base/internals/cSSi_Pb214_41.root
Filtering /disk/data1/lze/ljuign/G4v11_sim/Sim_Hybrid-v4.5.1/sim_data/base/internals/cSSi_Pb214_42.root ...

Processing /disk/data1/lze/ljuign/TESSERACT_Simulation_Analysis/tesssa/cpp/VD_single_filtering.cc("/disk/data1/lze/ljuign/G4v11_sim/Sim_Hybrid-v4.5.1/sim_data/base/internals/cSSi_Pb214_42.root","/disk/data1/lze/ljuign/G4v11_sim/Sim_Hybrid-v4.5.1/sim_data/filtered/internals")...
Processing file: /disk/data1/lze/ljuign/G4v11_sim/Sim_Hybrid-v4.5.1/sim_data/base/internals/cSSi_Pb214_42.root
Writing 67445 entries to /disk/data1/lze/ljuign/G4v11_sim/Sim_Hybrid-v4.5.1/sim_data/filtered/internals/cSSi_Pb214_42_filtered.root
Done processing /disk/data1/lze/ljuign/G4v11_sim/Sim_Hybrid-v4.5.1/sim_data/base/internals/cSSi_Pb214_42.root
Filtering /disk/data1/lze/ljuign/G4v11_sim/Sim_Hybrid-v4.5.1/sim_data/base/internals/cSSi_Pb214_43.root ...

Processing /disk/data1/lze/ljuign/TESSERACT_Simulation_Analysis/tesssa/cpp/VD_single_filtering.cc("/disk/data1/lze/ljuign/G4v11_sim/Sim_Hybrid-v4.5.1/sim_data/base/internals/cSSi_Pb214_43.root","/disk/data1/lze/ljuign/G4v11_sim/Sim_Hybrid-v4.5.1/sim_data/filtered/internals")...
Processing file: /disk/data1/lze/ljuign/G4v11_sim/Sim_Hybrid-v4.5.1/sim_data/base/internals/cSSi_Pb214_43.root
Writing 67412 entries to /disk/data1/lze/ljuign/G4v11_sim/Sim_Hybrid-v4.5.1/sim_data/filtered/internals/cSSi_Pb214_43_filtered.root
Done processing /disk/data1/lze/ljuign/G4v11_sim/Sim_Hybrid-v4.5.1/sim_data/base/internals/cSSi_Pb214_43.root
Filtering /disk/data1/lze/ljuign/G4v11_sim/Sim_Hybrid-v4.5.1/sim_data/base/internals/cSSi_Pb214_44.root ...

Processing /disk/data1/lze/ljuign/TESSERACT_Simulation_Analysis/tesssa/cpp/VD_single_filtering.cc("/disk/data1/lze/ljuign/G4v11_sim/Sim_Hybrid-v4.5.1/sim_data/base/internals/cSSi_Pb214_44.root","/disk/data1/lze/ljuign/G4v11_sim/Sim_Hybrid-v4.5.1/sim_data/filtered/internals")...
Processing file: /disk/data1/lze/ljuign/G4v11_sim/Sim_Hybrid-v4.5.1/sim_data/base/internals/cSSi_Pb214_44.root
Writing 66789 entries to /disk/data1/lze/ljuign/G4v11_sim/Sim_Hybrid-v4.5.1/sim_data/filtered/internals/cSSi_Pb214_44_filtered.root
Done processing /disk/data1/lze/ljuign/G4v11_sim/Sim_Hybrid-v4.5.1/sim_data/base/internals/cSSi_Pb214_44.root
Filtering /disk/data1/lze/ljuign/G4v11_sim/Sim_Hybrid-v4.5.1/sim_data/base/internals/cSSi_Pb214_45.root ...

Processing /disk/data1/lze/ljuign/TESSERACT_Simulation_Analysis/tesssa/cpp/VD_single_filtering.cc("/disk/data1/lze/ljuign/G4v11_sim/Sim_Hybrid-v4.5.1/sim_data/base/internals/cSSi_Pb214_45.root","/disk/data1/lze/ljuign/G4v11_sim/Sim_Hybrid-v4.5.1/sim_data/filtered/internals")...
Processing file: /disk/data1/lze/ljuign/G4v11_sim/Sim_Hybrid-v4.5.1/sim_data/base/internals/cSSi_Pb214_45.root
Writing 68860 entries to /disk/data1/lze/ljuign/G4v11_sim/Sim_Hybrid-v4.5.1/sim_data/filtered/internals/cSSi_Pb214_45_filtered.root
Done processing /disk/data1/lze/ljuign/G4v11_sim/Sim_Hybrid-v4.5.1/sim_data/base/internals/cSSi_Pb214_45.root
Filtering /disk/data1/lze/ljuign/G4v11_sim/Sim_Hybrid-v4.5.1/sim_data/base/internals/cSSi_Pb214_46.root ...

Processing /disk/data1/lze/ljuign/TESSERACT_Simulation_Analysis/tesssa/cpp/VD_single_filtering.cc("/disk/data1/lze/ljuign/G4v11_sim/Sim_Hybrid-v4.5.1/sim_data/base/internals/cSSi_Pb214_46.root","/disk/data1/lze/ljuign/G4v11_sim/Sim_Hybrid-v4.5.1/sim_data/filtered/internals")...
Processing file: /disk/data1/lze/ljuign/G4v11_sim/Sim_Hybrid-v4.5.1/sim_data/base/internals/cSSi_Pb214_46.root
Writing 66613 entries to /disk/data1/lze/ljuign/G4v11_sim/Sim_Hybrid-v4.5.1/sim_data/filtered/internals/cSSi_Pb214_46_filtered.root
Done processing /disk/data1/lze/ljuign/G4v11_sim/Sim_Hybrid-v4.5.1/sim_data/base/internals/cSSi_Pb214_46.root
Filtering /disk/data1/lze/ljuign/G4v11_sim/Sim_Hybrid-v4.5.1/sim_data/base/internals/cSSi_Pb214_47.root ...

Processing /disk/data1/lze/ljuign/TESSERACT_Simulation_Analysis/tesssa/cpp/VD_single_filtering.cc("/disk/data1/lze/ljuign/G4v11_sim/Sim_Hybrid-v4.5.1/sim_data/base/internals/cSSi_Pb214_47.root","/disk/data1/lze/ljuign/G4v11_sim/Sim_Hybrid-v4.5.1/sim_data/filtered/internals")...
Processing file: /disk/data1/lze/ljuign/G4v11_sim/Sim_Hybrid-v4.5.1/sim_data/base/internals/cSSi_Pb214_47.root
Writing 66681 entries to /disk/data1/lze/ljuign/G4v11_sim/Sim_Hybrid-v4.5.1/sim_data/filtered/internals/cSSi_Pb214_47_filtered.root
Done processing /disk/data1/lze/ljuign/G4v11_sim/Sim_Hybrid-v4.5.1/sim_data/base/internals/cSSi_Pb214_47.root
Filtering /disk/data1/lze/ljuign/G4v11_sim/Sim_Hybrid-v4.5.1/sim_data/base/internals/cSSi_Pb214_48.root ...

Processing /disk/data1/lze/ljuign/TESSERACT_Simulation_Analysis/tesssa/cpp/VD_single_filtering.cc("/disk/data1/lze/ljuign/G4v11_sim/Sim_Hybrid-v4.5.1/sim_data/base/internals/cSSi_Pb214_48.root","/disk/data1/lze/ljuign/G4v11_sim/Sim_Hybrid-v4.5.1/sim_data/filtered/internals")...
Processing file: /disk/data1/lze/ljuign/G4v11_sim/Sim_Hybrid-v4.5.1/sim_data/base/internals/cSSi_Pb214_48.root
Writing 67138 entries to /disk/data1/lze/ljuign/G4v11_sim/Sim_Hybrid-v4.5.1/sim_data/filtered/internals/cSSi_Pb214_48_filtered.root
Done processing /disk/data1/lze/ljuign/G4v11_sim/Sim_Hybrid-v4.5.1/sim_data/base/internals/cSSi_Pb214_48.root
Filtering /disk/data1/lze/ljuign/G4v11_sim/Sim_Hybrid-v4.5.1/sim_data/base/internals/cSSi_Pb214_49.root ...

Processing /disk/data1/lze/ljuign/TESSERACT_Simulation_Analysis/tesssa/cpp/VD_single_filtering.cc("/disk/data1/lze/ljuign/G4v11_sim/Sim_Hybrid-v4.5.1/sim_data/base/internals/cSSi_Pb214_49.root","/disk/data1/lze/ljuign/G4v11_sim/Sim_Hybrid-v4.5.1/sim_data/filtered/internals")...
Processing file: /disk/data1/lze/ljuign/G4v11_sim/Sim_Hybrid-v4.5.1/sim_data/base/internals/cSSi_Pb214_49.root
Writing 66952 entries to /disk/data1/lze/ljuign/G4v11_sim/Sim_Hybrid-v4.5.1/sim_data/filtered/internals/cSSi_Pb214_49_filtered.root
Done processing /disk/data1/lze/ljuign/G4v11_sim/Sim_Hybrid-v4.5.1/sim_data/base/internals/cSSi_Pb214_49.root
Filtering /disk/data1/lze/ljuign/G4v11_sim/Sim_Hybrid-v4.5.1/sim_data/base/internals/cSSi_Pb214_4.root ...

Processing /disk/data1/lze/ljuign/TESSERACT_Simulation_Analysis/tesssa/cpp/VD_single_filtering.cc("/disk/data1/lze/ljuign/G4v11_sim/Sim_Hybrid-v4.5.1/sim_data/base/internals/cSSi_Pb214_4.root","/disk/data1/lze/ljuign/G4v11_sim/Sim_Hybrid-v4.5.1/sim_data/filtered/internals")...
Processing file: /disk/data1/lze/ljuign/G4v11_sim/Sim_Hybrid-v4.5.1/sim_data/base/internals/cSSi_Pb214_4.root
Writing 66719 entries to /disk/data1/lze/ljuign/G4v11_sim/Sim_Hybrid-v4.5.1/sim_data/filtered/internals/cSSi_Pb214_4_filtered.root
Done processing /disk/data1/lze/ljuign/G4v11_sim/Sim_Hybrid-v4.5.1/sim_data/base/internals/cSSi_Pb214_4.root
Filtering /disk/data1/lze/ljuign/G4v11_sim/Sim_Hybrid-v4.5.1/sim_data/base/internals/cSSi_Pb214_50.root ...

Processing /disk/data1/lze/ljuign/TESSERACT_Simulation_Analysis/tesssa/cpp/VD_single_filtering.cc("/disk/data1/lze/ljuign/G4v11_sim/Sim_Hybrid-v4.5.1/sim_data/base/internals/cSSi_Pb214_50.root","/disk/data1/lze/ljuign/G4v11_sim/Sim_Hybrid-v4.5.1/sim_data/filtered/internals")...
Processing file: /disk/data1/lze/ljuign/G4v11_sim/Sim_Hybrid-v4.5.1/sim_data/base/internals/cSSi_Pb214_50.root
Writing 67178 entries to /disk/data1/lze/ljuign/G4v11_sim/Sim_Hybrid-v4.5.1/sim_data/filtered/internals/cSSi_Pb214_50_filtered.root
Done processing /disk/data1/lze/ljuign/G4v11_sim/Sim_Hybrid-v4.5.1/sim_data/base/internals/cSSi_Pb214_50.root
Filtering /disk/data1/lze/ljuign/G4v11_sim/Sim_Hybrid-v4.5.1/sim_data/base/internals/cSSi_Pb214_51.root ...

Processing /disk/data1/lze/ljuign/TESSERACT_Simulation_Analysis/tesssa/cpp/VD_single_filtering.cc("/disk/data1/lze/ljuign/G4v11_sim/Sim_Hybrid-v4.5.1/sim_data/base/internals/cSSi_Pb214_51.root","/disk/data1/lze/ljuign/G4v11_sim/Sim_Hybrid-v4.5.1/sim_data/filtered/internals")...
Processing file: /disk/data1/lze/ljuign/G4v11_sim/Sim_Hybrid-v4.5.1/sim_data/base/internals/cSSi_Pb214_51.root
Writing 67685 entries to /disk/data1/lze/ljuign/G4v11_sim/Sim_Hybrid-v4.5.1/sim_data/filtered/internals/cSSi_Pb214_51_filtered.root
Done processing /disk/data1/lze/ljuign/G4v11_sim/Sim_Hybrid-v4.5.1/sim_data/base/internals/cSSi_Pb214_51.root
Filtering /disk/data1/lze/ljuign/G4v11_sim/Sim_Hybrid-v4.5.1/sim_data/base/internals/cSSi_Pb214_52.root ...

Processing /disk/data1/lze/ljuign/TESSERACT_Simulation_Analysis/tesssa/cpp/VD_single_filtering.cc("/disk/data1/lze/ljuign/G4v11_sim/Sim_Hybrid-v4.5.1/sim_data/base/internals/cSSi_Pb214_52.root","/disk/data1/lze/ljuign/G4v11_sim/Sim_Hybrid-v4.5.1/sim_data/filtered/internals")...
Processing file: /disk/data1/lze/ljuign/G4v11_sim/Sim_Hybrid-v4.5.1/sim_data/base/internals/cSSi_Pb214_52.root
Writing 68012 entries to /disk/data1/lze/ljuign/G4v11_sim/Sim_Hybrid-v4.5.1/sim_data/filtered/internals/cSSi_Pb214_52_filtered.root
Done processing /disk/data1/lze/ljuign/G4v11_sim/Sim_Hybrid-v4.5.1/sim_data/base/internals/cSSi_Pb214_52.root
Filtering /disk/data1/lze/ljuign/G4v11_sim/Sim_Hybrid-v4.5.1/sim_data/base/internals/cSSi_Pb214_53.root ...

Processing /disk/data1/lze/ljuign/TESSERACT_Simulation_Analysis/tesssa/cpp/VD_single_filtering.cc("/disk/data1/lze/ljuign/G4v11_sim/Sim_Hybrid-v4.5.1/sim_data/base/internals/cSSi_Pb214_53.root","/disk/data1/lze/ljuign/G4v11_sim/Sim_Hybrid-v4.5.1/sim_data/filtered/internals")...
Processing file: /disk/data1/lze/ljuign/G4v11_sim/Sim_Hybrid-v4.5.1/sim_data/base/internals/cSSi_Pb214_53.root
Writing 67154 entries to /disk/data1/lze/ljuign/G4v11_sim/Sim_Hybrid-v4.5.1/sim_data/filtered/internals/cSSi_Pb214_53_filtered.root
Done processing /disk/data1/lze/ljuign/G4v11_sim/Sim_Hybrid-v4.5.1/sim_data/base/internals/cSSi_Pb214_53.root
Filtering /disk/data1/lze/ljuign/G4v11_sim/Sim_Hybrid-v4.5.1/sim_data/base/internals/cSSi_Pb214_54.root ...

Processing /disk/data1/lze/ljuign/TESSERACT_Simulation_Analysis/tesssa/cpp/VD_single_filtering.cc("/disk/data1/lze/ljuign/G4v11_sim/Sim_Hybrid-v4.5.1/sim_data/base/internals/cSSi_Pb214_54.root","/disk/data1/lze/ljuign/G4v11_sim/Sim_Hybrid-v4.5.1/sim_data/filtered/internals")...
Processing file: /disk/data1/lze/ljuign/G4v11_sim/Sim_Hybrid-v4.5.1/sim_data/base/internals/cSSi_Pb214_54.root
Writing 66050 entries to /disk/data1/lze/ljuign/G4v11_sim/Sim_Hybrid-v4.5.1/sim_data/filtered/internals/cSSi_Pb214_54_filtered.root
Done processing /disk/data1/lze/ljuign/G4v11_sim/Sim_Hybrid-v4.5.1/sim_data/base/internals/cSSi_Pb214_54.root
Filtering /disk/data1/lze/ljuign/G4v11_sim/Sim_Hybrid-v4.5.1/sim_data/base/internals/cSSi_Pb214_55.root ...

Processing /disk/data1/lze/ljuign/TESSERACT_Simulation_Analysis/tesssa/cpp/VD_single_filtering.cc("/disk/data1/lze/ljuign/G4v11_sim/Sim_Hybrid-v4.5.1/sim_data/base/internals/cSSi_Pb214_55.root","/disk/data1/lze/ljuign/G4v11_sim/Sim_Hybrid-v4.5.1/sim_data/filtered/internals")...
Processing file: /disk/data1/lze/ljuign/G4v11_sim/Sim_Hybrid-v4.5.1/sim_data/base/internals/cSSi_Pb214_55.root
Writing 66858 entries to /disk/data1/lze/ljuign/G4v11_sim/Sim_Hybrid-v4.5.1/sim_data/filtered/internals/cSSi_Pb214_55_filtered.root
Done processing /disk/data1/lze/ljuign/G4v11_sim/Sim_Hybrid-v4.5.1/sim_data/base/internals/cSSi_Pb214_55.root
Filtering /disk/data1/lze/ljuign/G4v11_sim/Sim_Hybrid-v4.5.1/sim_data/base/internals/cSSi_Pb214_56.root ...

Processing /disk/data1/lze/ljuign/TESSERACT_Simulation_Analysis/tesssa/cpp/VD_single_filtering.cc("/disk/data1/lze/ljuign/G4v11_sim/Sim_Hybrid-v4.5.1/sim_data/base/internals/cSSi_Pb214_56.root","/disk/data1/lze/ljuign/G4v11_sim/Sim_Hybrid-v4.5.1/sim_data/filtered/internals")...
Processing file: /disk/data1/lze/ljuign/G4v11_sim/Sim_Hybrid-v4.5.1/sim_data/base/internals/cSSi_Pb214_56.root
Writing 67366 entries to /disk/data1/lze/ljuign/G4v11_sim/Sim_Hybrid-v4.5.1/sim_data/filtered/internals/cSSi_Pb214_56_filtered.root
Done processing /disk/data1/lze/ljuign/G4v11_sim/Sim_Hybrid-v4.5.1/sim_data/base/internals/cSSi_Pb214_56.root
Filtering /disk/data1/lze/ljuign/G4v11_sim/Sim_Hybrid-v4.5.1/sim_data/base/internals/cSSi_Pb214_57.root ...

Processing /disk/data1/lze/ljuign/TESSERACT_Simulation_Analysis/tesssa/cpp/VD_single_filtering.cc("/disk/data1/lze/ljuign/G4v11_sim/Sim_Hybrid-v4.5.1/sim_data/base/internals/cSSi_Pb214_57.root","/disk/data1/lze/ljuign/G4v11_sim/Sim_Hybrid-v4.5.1/sim_data/filtered/internals")...
Processing file: /disk/data1/lze/ljuign/G4v11_sim/Sim_Hybrid-v4.5.1/sim_data/base/internals/cSSi_Pb214_57.root
Writing 67816 entries to /disk/data1/lze/ljuign/G4v11_sim/Sim_Hybrid-v4.5.1/sim_data/filtered/internals/cSSi_Pb214_57_filtered.root
Done processing /disk/data1/lze/ljuign/G4v11_sim/Sim_Hybrid-v4.5.1/sim_data/base/internals/cSSi_Pb214_57.root
Filtering /disk/data1/lze/ljuign/G4v11_sim/Sim_Hybrid-v4.5.1/sim_data/base/internals/cSSi_Pb214_58.root ...

Processing /disk/data1/lze/ljuign/TESSERACT_Simulation_Analysis/tesssa/cpp/VD_single_filtering.cc("/disk/data1/lze/ljuign/G4v11_sim/Sim_Hybrid-v4.5.1/sim_data/base/internals/cSSi_Pb214_58.root","/disk/data1/lze/ljuign/G4v11_sim/Sim_Hybrid-v4.5.1/sim_data/filtered/internals")...
Processing file: /disk/data1/lze/ljuign/G4v11_sim/Sim_Hybrid-v4.5.1/sim_data/base/internals/cSSi_Pb214_58.root
Writing 66948 entries to /disk/data1/lze/ljuign/G4v11_sim/Sim_Hybrid-v4.5.1/sim_data/filtered/internals/cSSi_Pb214_58_filtered.root
Done processing /disk/data1/lze/ljuign/G4v11_sim/Sim_Hybrid-v4.5.1/sim_data/base/internals/cSSi_Pb214_58.root
Filtering /disk/data1/lze/ljuign/G4v11_sim/Sim_Hybrid-v4.5.1/sim_data/base/internals/cSSi_Pb214_59.root ...

Processing /disk/data1/lze/ljuign/TESSERACT_Simulation_Analysis/tesssa/cpp/VD_single_filtering.cc("/disk/data1/lze/ljuign/G4v11_sim/Sim_Hybrid-v4.5.1/sim_data/base/internals/cSSi_Pb214_59.root","/disk/data1/lze/ljuign/G4v11_sim/Sim_Hybrid-v4.5.1/sim_data/filtered/internals")...
Processing file: /disk/data1/lze/ljuign/G4v11_sim/Sim_Hybrid-v4.5.1/sim_data/base/internals/cSSi_Pb214_59.root
Writing 67608 entries to /disk/data1/lze/ljuign/G4v11_sim/Sim_Hybrid-v4.5.1/sim_data/filtered/internals/cSSi_Pb214_59_filtered.root
Done processing /disk/data1/lze/ljuign/G4v11_sim/Sim_Hybrid-v4.5.1/sim_data/base/internals/cSSi_Pb214_59.root
Filtering /disk/data1/lze/ljuign/G4v11_sim/Sim_Hybrid-v4.5.1/sim_data/base/internals/cSSi_Pb214_5.root ...

Processing /disk/data1/lze/ljuign/TESSERACT_Simulation_Analysis/tesssa/cpp/VD_single_filtering.cc("/disk/data1/lze/ljuign/G4v11_sim/Sim_Hybrid-v4.5.1/sim_data/base/internals/cSSi_Pb214_5.root","/disk/data1/lze/ljuign/G4v11_sim/Sim_Hybrid-v4.5.1/sim_data/filtered/internals")...
Processing file: /disk/data1/lze/ljuign/G4v11_sim/Sim_Hybrid-v4.5.1/sim_data/base/internals/cSSi_Pb214_5.root
Writing 67855 entries to /disk/data1/lze/ljuign/G4v11_sim/Sim_Hybrid-v4.5.1/sim_data/filtered/internals/cSSi_Pb214_5_filtered.root
Done processing /disk/data1/lze/ljuign/G4v11_sim/Sim_Hybrid-v4.5.1/sim_data/base/internals/cSSi_Pb214_5.root
Filtering /disk/data1/lze/ljuign/G4v11_sim/Sim_Hybrid-v4.5.1/sim_data/base/internals/cSSi_Pb214_60.root ...

Processing /disk/data1/lze/ljuign/TESSERACT_Simulation_Analysis/tesssa/cpp/VD_single_filtering.cc("/disk/data1/lze/ljuign/G4v11_sim/Sim_Hybrid-v4.5.1/sim_data/base/internals/cSSi_Pb214_60.root","/disk/data1/lze/ljuign/G4v11_sim/Sim_Hybrid-v4.5.1/sim_data/filtered/internals")...
Processing file: /disk/data1/lze/ljuign/G4v11_sim/Sim_Hybrid-v4.5.1/sim_data/base/internals/cSSi_Pb214_60.root
Writing 68657 entries to /disk/data1/lze/ljuign/G4v11_sim/Sim_Hybrid-v4.5.1/sim_data/filtered/internals/cSSi_Pb214_60_filtered.root
Done processing /disk/data1/lze/ljuign/G4v11_sim/Sim_Hybrid-v4.5.1/sim_data/base/internals/cSSi_Pb214_60.root
Filtering /disk/data1/lze/ljuign/G4v11_sim/Sim_Hybrid-v4.5.1/sim_data/base/internals/cSSi_Pb214_61.root ...

Processing /disk/data1/lze/ljuign/TESSERACT_Simulation_Analysis/tesssa/cpp/VD_single_filtering.cc("/disk/data1/lze/ljuign/G4v11_sim/Sim_Hybrid-v4.5.1/sim_data/base/internals/cSSi_Pb214_61.root","/disk/data1/lze/ljuign/G4v11_sim/Sim_Hybrid-v4.5.1/sim_data/filtered/internals")...
Processing file: /disk/data1/lze/ljuign/G4v11_sim/Sim_Hybrid-v4.5.1/sim_data/base/internals/cSSi_Pb214_61.root
Writing 67560 entries to /disk/data1/lze/ljuign/G4v11_sim/Sim_Hybrid-v4.5.1/sim_data/filtered/internals/cSSi_Pb214_61_filtered.root
Done processing /disk/data1/lze/ljuign/G4v11_sim/Sim_Hybrid-v4.5.1/sim_data/base/internals/cSSi_Pb214_61.root
Filtering /disk/data1/lze/ljuign/G4v11_sim/Sim_Hybrid-v4.5.1/sim_data/base/internals/cSSi_Pb214_62.root ...

Processing /disk/data1/lze/ljuign/TESSERACT_Simulation_Analysis/tesssa/cpp/VD_single_filtering.cc("/disk/data1/lze/ljuign/G4v11_sim/Sim_Hybrid-v4.5.1/sim_data/base/internals/cSSi_Pb214_62.root","/disk/data1/lze/ljuign/G4v11_sim/Sim_Hybrid-v4.5.1/sim_data/filtered/internals")...
Processing file: /disk/data1/lze/ljuign/G4v11_sim/Sim_Hybrid-v4.5.1/sim_data/base/internals/cSSi_Pb214_62.root
Writing 67920 entries to /disk/data1/lze/ljuign/G4v11_sim/Sim_Hybrid-v4.5.1/sim_data/filtered/internals/cSSi_Pb214_62_filtered.root
Done processing /disk/data1/lze/ljuign/G4v11_sim/Sim_Hybrid-v4.5.1/sim_data/base/internals/cSSi_Pb214_62.root
Filtering /disk/data1/lze/ljuign/G4v11_sim/Sim_Hybrid-v4.5.1/sim_data/base/internals/cSSi_Pb214_63.root ...

Processing /disk/data1/lze/ljuign/TESSERACT_Simulation_Analysis/tesssa/cpp/VD_single_filtering.cc("/disk/data1/lze/ljuign/G4v11_sim/Sim_Hybrid-v4.5.1/sim_data/base/internals/cSSi_Pb214_63.root","/disk/data1/lze/ljuign/G4v11_sim/Sim_Hybrid-v4.5.1/sim_data/filtered/internals")...
Processing file: /disk/data1/lze/ljuign/G4v11_sim/Sim_Hybrid-v4.5.1/sim_data/base/internals/cSSi_Pb214_63.root
Writing 66865 entries to /disk/data1/lze/ljuign/G4v11_sim/Sim_Hybrid-v4.5.1/sim_data/filtered/internals/cSSi_Pb214_63_filtered.root
Done processing /disk/data1/lze/ljuign/G4v11_sim/Sim_Hybrid-v4.5.1/sim_data/base/internals/cSSi_Pb214_63.root
Filtering /disk/data1/lze/ljuign/G4v11_sim/Sim_Hybrid-v4.5.1/sim_data/base/internals/cSSi_Pb214_64.root ...

Processing /disk/data1/lze/ljuign/TESSERACT_Simulation_Analysis/tesssa/cpp/VD_single_filtering.cc("/disk/data1/lze/ljuign/G4v11_sim/Sim_Hybrid-v4.5.1/sim_data/base/internals/cSSi_Pb214_64.root","/disk/data1/lze/ljuign/G4v11_sim/Sim_Hybrid-v4.5.1/sim_data/filtered/internals")...
Processing file: /disk/data1/lze/ljuign/G4v11_sim/Sim_Hybrid-v4.5.1/sim_data/base/internals/cSSi_Pb214_64.root
Writing 66899 entries to /disk/data1/lze/ljuign/G4v11_sim/Sim_Hybrid-v4.5.1/sim_data/filtered/internals/cSSi_Pb214_64_filtered.root
Done processing /disk/data1/lze/ljuign/G4v11_sim/Sim_Hybrid-v4.5.1/sim_data/base/internals/cSSi_Pb214_64.root
Filtering /disk/data1/lze/ljuign/G4v11_sim/Sim_Hybrid-v4.5.1/sim_data/base/internals/cSSi_Pb214_65.root ...

Processing /disk/data1/lze/ljuign/TESSERACT_Simulation_Analysis/tesssa/cpp/VD_single_filtering.cc("/disk/data1/lze/ljuign/G4v11_sim/Sim_Hybrid-v4.5.1/sim_data/base/internals/cSSi_Pb214_65.root","/disk/data1/lze/ljuign/G4v11_sim/Sim_Hybrid-v4.5.1/sim_data/filtered/internals")...
Processing file: /disk/data1/lze/ljuign/G4v11_sim/Sim_Hybrid-v4.5.1/sim_data/base/internals/cSSi_Pb214_65.root
Writing 65998 entries to /disk/data1/lze/ljuign/G4v11_sim/Sim_Hybrid-v4.5.1/sim_data/filtered/internals/cSSi_Pb214_65_filtered.root
Done processing /disk/data1/lze/ljuign/G4v11_sim/Sim_Hybrid-v4.5.1/sim_data/base/internals/cSSi_Pb214_65.root
Filtering /disk/data1/lze/ljuign/G4v11_sim/Sim_Hybrid-v4.5.1/sim_data/base/internals/cSSi_Pb214_66.root ...

Processing /disk/data1/lze/ljuign/TESSERACT_Simulation_Analysis/tesssa/cpp/VD_single_filtering.cc("/disk/data1/lze/ljuign/G4v11_sim/Sim_Hybrid-v4.5.1/sim_data/base/internals/cSSi_Pb214_66.root","/disk/data1/lze/ljuign/G4v11_sim/Sim_Hybrid-v4.5.1/sim_data/filtered/internals")...
Processing file: /disk/data1/lze/ljuign/G4v11_sim/Sim_Hybrid-v4.5.1/sim_data/base/internals/cSSi_Pb214_66.root
Writing 67731 entries to /disk/data1/lze/ljuign/G4v11_sim/Sim_Hybrid-v4.5.1/sim_data/filtered/internals/cSSi_Pb214_66_filtered.root
Done processing /disk/data1/lze/ljuign/G4v11_sim/Sim_Hybrid-v4.5.1/sim_data/base/internals/cSSi_Pb214_66.root
Filtering /disk/data1/lze/ljuign/G4v11_sim/Sim_Hybrid-v4.5.1/sim_data/base/internals/cSSi_Pb214_67.root ...

Processing /disk/data1/lze/ljuign/TESSERACT_Simulation_Analysis/tesssa/cpp/VD_single_filtering.cc("/disk/data1/lze/ljuign/G4v11_sim/Sim_Hybrid-v4.5.1/sim_data/base/internals/cSSi_Pb214_67.root","/disk/data1/lze/ljuign/G4v11_sim/Sim_Hybrid-v4.5.1/sim_data/filtered/internals")...
Processing file: /disk/data1/lze/ljuign/G4v11_sim/Sim_Hybrid-v4.5.1/sim_data/base/internals/cSSi_Pb214_67.root
Writing 66372 entries to /disk/data1/lze/ljuign/G4v11_sim/Sim_Hybrid-v4.5.1/sim_data/filtered/internals/cSSi_Pb214_67_filtered.root
Done processing /disk/data1/lze/ljuign/G4v11_sim/Sim_Hybrid-v4.5.1/sim_data/base/internals/cSSi_Pb214_67.root
Filtering /disk/data1/lze/ljuign/G4v11_sim/Sim_Hybrid-v4.5.1/sim_data/base/internals/cSSi_Pb214_68.root ...

Processing /disk/data1/lze/ljuign/TESSERACT_Simulation_Analysis/tesssa/cpp/VD_single_filtering.cc("/disk/data1/lze/ljuign/G4v11_sim/Sim_Hybrid-v4.5.1/sim_data/base/internals/cSSi_Pb214_68.root","/disk/data1/lze/ljuign/G4v11_sim/Sim_Hybrid-v4.5.1/sim_data/filtered/internals")...
Processing file: /disk/data1/lze/ljuign/G4v11_sim/Sim_Hybrid-v4.5.1/sim_data/base/internals/cSSi_Pb214_68.root
Writing 68804 entries to /disk/data1/lze/ljuign/G4v11_sim/Sim_Hybrid-v4.5.1/sim_data/filtered/internals/cSSi_Pb214_68_filtered.root
Done processing /disk/data1/lze/ljuign/G4v11_sim/Sim_Hybrid-v4.5.1/sim_data/base/internals/cSSi_Pb214_68.root
Filtering /disk/data1/lze/ljuign/G4v11_sim/Sim_Hybrid-v4.5.1/sim_data/base/internals/cSSi_Pb214_69.root ...

Processing /disk/data1/lze/ljuign/TESSERACT_Simulation_Analysis/tesssa/cpp/VD_single_filtering.cc("/disk/data1/lze/ljuign/G4v11_sim/Sim_Hybrid-v4.5.1/sim_data/base/internals/cSSi_Pb214_69.root","/disk/data1/lze/ljuign/G4v11_sim/Sim_Hybrid-v4.5.1/sim_data/filtered/internals")...
Processing file: /disk/data1/lze/ljuign/G4v11_sim/Sim_Hybrid-v4.5.1/sim_data/base/internals/cSSi_Pb214_69.root
Writing 67529 entries to /disk/data1/lze/ljuign/G4v11_sim/Sim_Hybrid-v4.5.1/sim_data/filtered/internals/cSSi_Pb214_69_filtered.root
Done processing /disk/data1/lze/ljuign/G4v11_sim/Sim_Hybrid-v4.5.1/sim_data/base/internals/cSSi_Pb214_69.root
Filtering /disk/data1/lze/ljuign/G4v11_sim/Sim_Hybrid-v4.5.1/sim_data/base/internals/cSSi_Pb214_6.root ...

Processing /disk/data1/lze/ljuign/TESSERACT_Simulation_Analysis/tesssa/cpp/VD_single_filtering.cc("/disk/data1/lze/ljuign/G4v11_sim/Sim_Hybrid-v4.5.1/sim_data/base/internals/cSSi_Pb214_6.root","/disk/data1/lze/ljuign/G4v11_sim/Sim_Hybrid-v4.5.1/sim_data/filtered/internals")...
Processing file: /disk/data1/lze/ljuign/G4v11_sim/Sim_Hybrid-v4.5.1/sim_data/base/internals/cSSi_Pb214_6.root
Writing 67666 entries to /disk/data1/lze/ljuign/G4v11_sim/Sim_Hybrid-v4.5.1/sim_data/filtered/internals/cSSi_Pb214_6_filtered.root
Done processing /disk/data1/lze/ljuign/G4v11_sim/Sim_Hybrid-v4.5.1/sim_data/base/internals/cSSi_Pb214_6.root
Filtering /disk/data1/lze/ljuign/G4v11_sim/Sim_Hybrid-v4.5.1/sim_data/base/internals/cSSi_Pb214_70.root ...

Processing /disk/data1/lze/ljuign/TESSERACT_Simulation_Analysis/tesssa/cpp/VD_single_filtering.cc("/disk/data1/lze/ljuign/G4v11_sim/Sim_Hybrid-v4.5.1/sim_data/base/internals/cSSi_Pb214_70.root","/disk/data1/lze/ljuign/G4v11_sim/Sim_Hybrid-v4.5.1/sim_data/filtered/internals")...
Processing file: /disk/data1/lze/ljuign/G4v11_sim/Sim_Hybrid-v4.5.1/sim_data/base/internals/cSSi_Pb214_70.root
Writing 67249 entries to /disk/data1/lze/ljuign/G4v11_sim/Sim_Hybrid-v4.5.1/sim_data/filtered/internals/cSSi_Pb214_70_filtered.root
Done processing /disk/data1/lze/ljuign/G4v11_sim/Sim_Hybrid-v4.5.1/sim_data/base/internals/cSSi_Pb214_70.root
Filtering /disk/data1/lze/ljuign/G4v11_sim/Sim_Hybrid-v4.5.1/sim_data/base/internals/cSSi_Pb214_71.root ...

Processing /disk/data1/lze/ljuign/TESSERACT_Simulation_Analysis/tesssa/cpp/VD_single_filtering.cc("/disk/data1/lze/ljuign/G4v11_sim/Sim_Hybrid-v4.5.1/sim_data/base/internals/cSSi_Pb214_71.root","/disk/data1/lze/ljuign/G4v11_sim/Sim_Hybrid-v4.5.1/sim_data/filtered/internals")...
Processing file: /disk/data1/lze/ljuign/G4v11_sim/Sim_Hybrid-v4.5.1/sim_data/base/internals/cSSi_Pb214_71.root
Writing 67611 entries to /disk/data1/lze/ljuign/G4v11_sim/Sim_Hybrid-v4.5.1/sim_data/filtered/internals/cSSi_Pb214_71_filtered.root
Done processing /disk/data1/lze/ljuign/G4v11_sim/Sim_Hybrid-v4.5.1/sim_data/base/internals/cSSi_Pb214_71.root
Filtering /disk/data1/lze/ljuign/G4v11_sim/Sim_Hybrid-v4.5.1/sim_data/base/internals/cSSi_Pb214_72.root ...

Processing /disk/data1/lze/ljuign/TESSERACT_Simulation_Analysis/tesssa/cpp/VD_single_filtering.cc("/disk/data1/lze/ljuign/G4v11_sim/Sim_Hybrid-v4.5.1/sim_data/base/internals/cSSi_Pb214_72.root","/disk/data1/lze/ljuign/G4v11_sim/Sim_Hybrid-v4.5.1/sim_data/filtered/internals")...
Processing file: /disk/data1/lze/ljuign/G4v11_sim/Sim_Hybrid-v4.5.1/sim_data/base/internals/cSSi_Pb214_72.root
Writing 66373 entries to /disk/data1/lze/ljuign/G4v11_sim/Sim_Hybrid-v4.5.1/sim_data/filtered/internals/cSSi_Pb214_72_filtered.root
Done processing /disk/data1/lze/ljuign/G4v11_sim/Sim_Hybrid-v4.5.1/sim_data/base/internals/cSSi_Pb214_72.root
Filtering /disk/data1/lze/ljuign/G4v11_sim/Sim_Hybrid-v4.5.1/sim_data/base/internals/cSSi_Pb214_73.root ...

Processing /disk/data1/lze/ljuign/TESSERACT_Simulation_Analysis/tesssa/cpp/VD_single_filtering.cc("/disk/data1/lze/ljuign/G4v11_sim/Sim_Hybrid-v4.5.1/sim_data/base/internals/cSSi_Pb214_73.root","/disk/data1/lze/ljuign/G4v11_sim/Sim_Hybrid-v4.5.1/sim_data/filtered/internals")...
Processing file: /disk/data1/lze/ljuign/G4v11_sim/Sim_Hybrid-v4.5.1/sim_data/base/internals/cSSi_Pb214_73.root
Writing 67261 entries to /disk/data1/lze/ljuign/G4v11_sim/Sim_Hybrid-v4.5.1/sim_data/filtered/internals/cSSi_Pb214_73_filtered.root
Done processing /disk/data1/lze/ljuign/G4v11_sim/Sim_Hybrid-v4.5.1/sim_data/base/internals/cSSi_Pb214_73.root
Filtering /disk/data1/lze/ljuign/G4v11_sim/Sim_Hybrid-v4.5.1/sim_data/base/internals/cSSi_Pb214_74.root ...

Processing /disk/data1/lze/ljuign/TESSERACT_Simulation_Analysis/tesssa/cpp/VD_single_filtering.cc("/disk/data1/lze/ljuign/G4v11_sim/Sim_Hybrid-v4.5.1/sim_data/base/internals/cSSi_Pb214_74.root","/disk/data1/lze/ljuign/G4v11_sim/Sim_Hybrid-v4.5.1/sim_data/filtered/internals")...
Processing file: /disk/data1/lze/ljuign/G4v11_sim/Sim_Hybrid-v4.5.1/sim_data/base/internals/cSSi_Pb214_74.root
Writing 67966 entries to /disk/data1/lze/ljuign/G4v11_sim/Sim_Hybrid-v4.5.1/sim_data/filtered/internals/cSSi_Pb214_74_filtered.root
Done processing /disk/data1/lze/ljuign/G4v11_sim/Sim_Hybrid-v4.5.1/sim_data/base/internals/cSSi_Pb214_74.root
Filtering /disk/data1/lze/ljuign/G4v11_sim/Sim_Hybrid-v4.5.1/sim_data/base/internals/cSSi_Pb214_75.root ...

Processing /disk/data1/lze/ljuign/TESSERACT_Simulation_Analysis/tesssa/cpp/VD_single_filtering.cc("/disk/data1/lze/ljuign/G4v11_sim/Sim_Hybrid-v4.5.1/sim_data/base/internals/cSSi_Pb214_75.root","/disk/data1/lze/ljuign/G4v11_sim/Sim_Hybrid-v4.5.1/sim_data/filtered/internals")...
Processing file: /disk/data1/lze/ljuign/G4v11_sim/Sim_Hybrid-v4.5.1/sim_data/base/internals/cSSi_Pb214_75.root
Writing 66856 entries to /disk/data1/lze/ljuign/G4v11_sim/Sim_Hybrid-v4.5.1/sim_data/filtered/internals/cSSi_Pb214_75_filtered.root
Done processing /disk/data1/lze/ljuign/G4v11_sim/Sim_Hybrid-v4.5.1/sim_data/base/internals/cSSi_Pb214_75.root
Filtering /disk/data1/lze/ljuign/G4v11_sim/Sim_Hybrid-v4.5.1/sim_data/base/internals/cSSi_Pb214_76.root ...

Processing /disk/data1/lze/ljuign/TESSERACT_Simulation_Analysis/tesssa/cpp/VD_single_filtering.cc("/disk/data1/lze/ljuign/G4v11_sim/Sim_Hybrid-v4.5.1/sim_data/base/internals/cSSi_Pb214_76.root","/disk/data1/lze/ljuign/G4v11_sim/Sim_Hybrid-v4.5.1/sim_data/filtered/internals")...
Processing file: /disk/data1/lze/ljuign/G4v11_sim/Sim_Hybrid-v4.5.1/sim_data/base/internals/cSSi_Pb214_76.root
Writing 67645 entries to /disk/data1/lze/ljuign/G4v11_sim/Sim_Hybrid-v4.5.1/sim_data/filtered/internals/cSSi_Pb214_76_filtered.root
Done processing /disk/data1/lze/ljuign/G4v11_sim/Sim_Hybrid-v4.5.1/sim_data/base/internals/cSSi_Pb214_76.root
Filtering /disk/data1/lze/ljuign/G4v11_sim/Sim_Hybrid-v4.5.1/sim_data/base/internals/cSSi_Pb214_77.root ...

Processing /disk/data1/lze/ljuign/TESSERACT_Simulation_Analysis/tesssa/cpp/VD_single_filtering.cc("/disk/data1/lze/ljuign/G4v11_sim/Sim_Hybrid-v4.5.1/sim_data/base/internals/cSSi_Pb214_77.root","/disk/data1/lze/ljuign/G4v11_sim/Sim_Hybrid-v4.5.1/sim_data/filtered/internals")...
Processing file: /disk/data1/lze/ljuign/G4v11_sim/Sim_Hybrid-v4.5.1/sim_data/base/internals/cSSi_Pb214_77.root
Writing 67212 entries to /disk/data1/lze/ljuign/G4v11_sim/Sim_Hybrid-v4.5.1/sim_data/filtered/internals/cSSi_Pb214_77_filtered.root
Done processing /disk/data1/lze/ljuign/G4v11_sim/Sim_Hybrid-v4.5.1/sim_data/base/internals/cSSi_Pb214_77.root
Filtering /disk/data1/lze/ljuign/G4v11_sim/Sim_Hybrid-v4.5.1/sim_data/base/internals/cSSi_Pb214_78.root ...

Processing /disk/data1/lze/ljuign/TESSERACT_Simulation_Analysis/tesssa/cpp/VD_single_filtering.cc("/disk/data1/lze/ljuign/G4v11_sim/Sim_Hybrid-v4.5.1/sim_data/base/internals/cSSi_Pb214_78.root","/disk/data1/lze/ljuign/G4v11_sim/Sim_Hybrid-v4.5.1/sim_data/filtered/internals")...
Processing file: /disk/data1/lze/ljuign/G4v11_sim/Sim_Hybrid-v4.5.1/sim_data/base/internals/cSSi_Pb214_78.root
Writing 68387 entries to /disk/data1/lze/ljuign/G4v11_sim/Sim_Hybrid-v4.5.1/sim_data/filtered/internals/cSSi_Pb214_78_filtered.root
Done processing /disk/data1/lze/ljuign/G4v11_sim/Sim_Hybrid-v4.5.1/sim_data/base/internals/cSSi_Pb214_78.root
Filtering /disk/data1/lze/ljuign/G4v11_sim/Sim_Hybrid-v4.5.1/sim_data/base/internals/cSSi_Pb214_79.root ...

Processing /disk/data1/lze/ljuign/TESSERACT_Simulation_Analysis/tesssa/cpp/VD_single_filtering.cc("/disk/data1/lze/ljuign/G4v11_sim/Sim_Hybrid-v4.5.1/sim_data/base/internals/cSSi_Pb214_79.root","/disk/data1/lze/ljuign/G4v11_sim/Sim_Hybrid-v4.5.1/sim_data/filtered/internals")...
Processing file: /disk/data1/lze/ljuign/G4v11_sim/Sim_Hybrid-v4.5.1/sim_data/base/internals/cSSi_Pb214_79.root
Writing 66571 entries to /disk/data1/lze/ljuign/G4v11_sim/Sim_Hybrid-v4.5.1/sim_data/filtered/internals/cSSi_Pb214_79_filtered.root
Done processing /disk/data1/lze/ljuign/G4v11_sim/Sim_Hybrid-v4.5.1/sim_data/base/internals/cSSi_Pb214_79.root
Filtering /disk/data1/lze/ljuign/G4v11_sim/Sim_Hybrid-v4.5.1/sim_data/base/internals/cSSi_Pb214_7.root ...

Processing /disk/data1/lze/ljuign/TESSERACT_Simulation_Analysis/tesssa/cpp/VD_single_filtering.cc("/disk/data1/lze/ljuign/G4v11_sim/Sim_Hybrid-v4.5.1/sim_data/base/internals/cSSi_Pb214_7.root","/disk/data1/lze/ljuign/G4v11_sim/Sim_Hybrid-v4.5.1/sim_data/filtered/internals")...
Processing file: /disk/data1/lze/ljuign/G4v11_sim/Sim_Hybrid-v4.5.1/sim_data/base/internals/cSSi_Pb214_7.root
Writing 65623 entries to /disk/data1/lze/ljuign/G4v11_sim/Sim_Hybrid-v4.5.1/sim_data/filtered/internals/cSSi_Pb214_7_filtered.root
Done processing /disk/data1/lze/ljuign/G4v11_sim/Sim_Hybrid-v4.5.1/sim_data/base/internals/cSSi_Pb214_7.root
Filtering /disk/data1/lze/ljuign/G4v11_sim/Sim_Hybrid-v4.5.1/sim_data/base/internals/cSSi_Pb214_80.root ...

Processing /disk/data1/lze/ljuign/TESSERACT_Simulation_Analysis/tesssa/cpp/VD_single_filtering.cc("/disk/data1/lze/ljuign/G4v11_sim/Sim_Hybrid-v4.5.1/sim_data/base/internals/cSSi_Pb214_80.root","/disk/data1/lze/ljuign/G4v11_sim/Sim_Hybrid-v4.5.1/sim_data/filtered/internals")...
Processing file: /disk/data1/lze/ljuign/G4v11_sim/Sim_Hybrid-v4.5.1/sim_data/base/internals/cSSi_Pb214_80.root
Writing 67867 entries to /disk/data1/lze/ljuign/G4v11_sim/Sim_Hybrid-v4.5.1/sim_data/filtered/internals/cSSi_Pb214_80_filtered.root
Done processing /disk/data1/lze/ljuign/G4v11_sim/Sim_Hybrid-v4.5.1/sim_data/base/internals/cSSi_Pb214_80.root
Filtering /disk/data1/lze/ljuign/G4v11_sim/Sim_Hybrid-v4.5.1/sim_data/base/internals/cSSi_Pb214_81.root ...

Processing /disk/data1/lze/ljuign/TESSERACT_Simulation_Analysis/tesssa/cpp/VD_single_filtering.cc("/disk/data1/lze/ljuign/G4v11_sim/Sim_Hybrid-v4.5.1/sim_data/base/internals/cSSi_Pb214_81.root","/disk/data1/lze/ljuign/G4v11_sim/Sim_Hybrid-v4.5.1/sim_data/filtered/internals")...
Processing file: /disk/data1/lze/ljuign/G4v11_sim/Sim_Hybrid-v4.5.1/sim_data/base/internals/cSSi_Pb214_81.root
Writing 66257 entries to /disk/data1/lze/ljuign/G4v11_sim/Sim_Hybrid-v4.5.1/sim_data/filtered/internals/cSSi_Pb214_81_filtered.root
Done processing /disk/data1/lze/ljuign/G4v11_sim/Sim_Hybrid-v4.5.1/sim_data/base/internals/cSSi_Pb214_81.root
Filtering /disk/data1/lze/ljuign/G4v11_sim/Sim_Hybrid-v4.5.1/sim_data/base/internals/cSSi_Pb214_82.root ...

Processing /disk/data1/lze/ljuign/TESSERACT_Simulation_Analysis/tesssa/cpp/VD_single_filtering.cc("/disk/data1/lze/ljuign/G4v11_sim/Sim_Hybrid-v4.5.1/sim_data/base/internals/cSSi_Pb214_82.root","/disk/data1/lze/ljuign/G4v11_sim/Sim_Hybrid-v4.5.1/sim_data/filtered/internals")...
Processing file: /disk/data1/lze/ljuign/G4v11_sim/Sim_Hybrid-v4.5.1/sim_data/base/internals/cSSi_Pb214_82.root
Writing 68197 entries to /disk/data1/lze/ljuign/G4v11_sim/Sim_Hybrid-v4.5.1/sim_data/filtered/internals/cSSi_Pb214_82_filtered.root
Done processing /disk/data1/lze/ljuign/G4v11_sim/Sim_Hybrid-v4.5.1/sim_data/base/internals/cSSi_Pb214_82.root
Filtering /disk/data1/lze/ljuign/G4v11_sim/Sim_Hybrid-v4.5.1/sim_data/base/internals/cSSi_Pb214_83.root ...

Processing /disk/data1/lze/ljuign/TESSERACT_Simulation_Analysis/tesssa/cpp/VD_single_filtering.cc("/disk/data1/lze/ljuign/G4v11_sim/Sim_Hybrid-v4.5.1/sim_data/base/internals/cSSi_Pb214_83.root","/disk/data1/lze/ljuign/G4v11_sim/Sim_Hybrid-v4.5.1/sim_data/filtered/internals")...
Processing file: /disk/data1/lze/ljuign/G4v11_sim/Sim_Hybrid-v4.5.1/sim_data/base/internals/cSSi_Pb214_83.root
Writing 67061 entries to /disk/data1/lze/ljuign/G4v11_sim/Sim_Hybrid-v4.5.1/sim_data/filtered/internals/cSSi_Pb214_83_filtered.root
Done processing /disk/data1/lze/ljuign/G4v11_sim/Sim_Hybrid-v4.5.1/sim_data/base/internals/cSSi_Pb214_83.root
Filtering /disk/data1/lze/ljuign/G4v11_sim/Sim_Hybrid-v4.5.1/sim_data/base/internals/cSSi_Pb214_84.root ...

Processing /disk/data1/lze/ljuign/TESSERACT_Simulation_Analysis/tesssa/cpp/VD_single_filtering.cc("/disk/data1/lze/ljuign/G4v11_sim/Sim_Hybrid-v4.5.1/sim_data/base/internals/cSSi_Pb214_84.root","/disk/data1/lze/ljuign/G4v11_sim/Sim_Hybrid-v4.5.1/sim_data/filtered/internals")...
Processing file: /disk/data1/lze/ljuign/G4v11_sim/Sim_Hybrid-v4.5.1/sim_data/base/internals/cSSi_Pb214_84.root
Writing 67902 entries to /disk/data1/lze/ljuign/G4v11_sim/Sim_Hybrid-v4.5.1/sim_data/filtered/internals/cSSi_Pb214_84_filtered.root
Done processing /disk/data1/lze/ljuign/G4v11_sim/Sim_Hybrid-v4.5.1/sim_data/base/internals/cSSi_Pb214_84.root
Filtering /disk/data1/lze/ljuign/G4v11_sim/Sim_Hybrid-v4.5.1/sim_data/base/internals/cSSi_Pb214_85.root ...

Processing /disk/data1/lze/ljuign/TESSERACT_Simulation_Analysis/tesssa/cpp/VD_single_filtering.cc("/disk/data1/lze/ljuign/G4v11_sim/Sim_Hybrid-v4.5.1/sim_data/base/internals/cSSi_Pb214_85.root","/disk/data1/lze/ljuign/G4v11_sim/Sim_Hybrid-v4.5.1/sim_data/filtered/internals")...
Processing file: /disk/data1/lze/ljuign/G4v11_sim/Sim_Hybrid-v4.5.1/sim_data/base/internals/cSSi_Pb214_85.root
Writing 67565 entries to /disk/data1/lze/ljuign/G4v11_sim/Sim_Hybrid-v4.5.1/sim_data/filtered/internals/cSSi_Pb214_85_filtered.root
Done processing /disk/data1/lze/ljuign/G4v11_sim/Sim_Hybrid-v4.5.1/sim_data/base/internals/cSSi_Pb214_85.root
Filtering /disk/data1/lze/ljuign/G4v11_sim/Sim_Hybrid-v4.5.1/sim_data/base/internals/cSSi_Pb214_86.root ...

Processing /disk/data1/lze/ljuign/TESSERACT_Simulation_Analysis/tesssa/cpp/VD_single_filtering.cc("/disk/data1/lze/ljuign/G4v11_sim/Sim_Hybrid-v4.5.1/sim_data/base/internals/cSSi_Pb214_86.root","/disk/data1/lze/ljuign/G4v11_sim/Sim_Hybrid-v4.5.1/sim_data/filtered/internals")...
Processing file: /disk/data1/lze/ljuign/G4v11_sim/Sim_Hybrid-v4.5.1/sim_data/base/internals/cSSi_Pb214_86.root
Writing 67335 entries to /disk/data1/lze/ljuign/G4v11_sim/Sim_Hybrid-v4.5.1/sim_data/filtered/internals/cSSi_Pb214_86_filtered.root
Done processing /disk/data1/lze/ljuign/G4v11_sim/Sim_Hybrid-v4.5.1/sim_data/base/internals/cSSi_Pb214_86.root
Filtering /disk/data1/lze/ljuign/G4v11_sim/Sim_Hybrid-v4.5.1/sim_data/base/internals/cSSi_Pb214_87.root ...

Processing /disk/data1/lze/ljuign/TESSERACT_Simulation_Analysis/tesssa/cpp/VD_single_filtering.cc("/disk/data1/lze/ljuign/G4v11_sim/Sim_Hybrid-v4.5.1/sim_data/base/internals/cSSi_Pb214_87.root","/disk/data1/lze/ljuign/G4v11_sim/Sim_Hybrid-v4.5.1/sim_data/filtered/internals")...
Processing file: /disk/data1/lze/ljuign/G4v11_sim/Sim_Hybrid-v4.5.1/sim_data/base/internals/cSSi_Pb214_87.root
Writing 66485 entries to /disk/data1/lze/ljuign/G4v11_sim/Sim_Hybrid-v4.5.1/sim_data/filtered/internals/cSSi_Pb214_87_filtered.root
Done processing /disk/data1/lze/ljuign/G4v11_sim/Sim_Hybrid-v4.5.1/sim_data/base/internals/cSSi_Pb214_87.root
Filtering /disk/data1/lze/ljuign/G4v11_sim/Sim_Hybrid-v4.5.1/sim_data/base/internals/cSSi_Pb214_88.root ...

Processing /disk/data1/lze/ljuign/TESSERACT_Simulation_Analysis/tesssa/cpp/VD_single_filtering.cc("/disk/data1/lze/ljuign/G4v11_sim/Sim_Hybrid-v4.5.1/sim_data/base/internals/cSSi_Pb214_88.root","/disk/data1/lze/ljuign/G4v11_sim/Sim_Hybrid-v4.5.1/sim_data/filtered/internals")...
Processing file: /disk/data1/lze/ljuign/G4v11_sim/Sim_Hybrid-v4.5.1/sim_data/base/internals/cSSi_Pb214_88.root
Writing 66826 entries to /disk/data1/lze/ljuign/G4v11_sim/Sim_Hybrid-v4.5.1/sim_data/filtered/internals/cSSi_Pb214_88_filtered.root
Done processing /disk/data1/lze/ljuign/G4v11_sim/Sim_Hybrid-v4.5.1/sim_data/base/internals/cSSi_Pb214_88.root
Filtering /disk/data1/lze/ljuign/G4v11_sim/Sim_Hybrid-v4.5.1/sim_data/base/internals/cSSi_Pb214_89.root ...

Processing /disk/data1/lze/ljuign/TESSERACT_Simulation_Analysis/tesssa/cpp/VD_single_filtering.cc("/disk/data1/lze/ljuign/G4v11_sim/Sim_Hybrid-v4.5.1/sim_data/base/internals/cSSi_Pb214_89.root","/disk/data1/lze/ljuign/G4v11_sim/Sim_Hybrid-v4.5.1/sim_data/filtered/internals")...
Processing file: /disk/data1/lze/ljuign/G4v11_sim/Sim_Hybrid-v4.5.1/sim_data/base/internals/cSSi_Pb214_89.root
Writing 68030 entries to /disk/data1/lze/ljuign/G4v11_sim/Sim_Hybrid-v4.5.1/sim_data/filtered/internals/cSSi_Pb214_89_filtered.root
Done processing /disk/data1/lze/ljuign/G4v11_sim/Sim_Hybrid-v4.5.1/sim_data/base/internals/cSSi_Pb214_89.root
Filtering /disk/data1/lze/ljuign/G4v11_sim/Sim_Hybrid-v4.5.1/sim_data/base/internals/cSSi_Pb214_8.root ...

Processing /disk/data1/lze/ljuign/TESSERACT_Simulation_Analysis/tesssa/cpp/VD_single_filtering.cc("/disk/data1/lze/ljuign/G4v11_sim/Sim_Hybrid-v4.5.1/sim_data/base/internals/cSSi_Pb214_8.root","/disk/data1/lze/ljuign/G4v11_sim/Sim_Hybrid-v4.5.1/sim_data/filtered/internals")...
Processing file: /disk/data1/lze/ljuign/G4v11_sim/Sim_Hybrid-v4.5.1/sim_data/base/internals/cSSi_Pb214_8.root
Writing 67447 entries to /disk/data1/lze/ljuign/G4v11_sim/Sim_Hybrid-v4.5.1/sim_data/filtered/internals/cSSi_Pb214_8_filtered.root
Done processing /disk/data1/lze/ljuign/G4v11_sim/Sim_Hybrid-v4.5.1/sim_data/base/internals/cSSi_Pb214_8.root
Filtering /disk/data1/lze/ljuign/G4v11_sim/Sim_Hybrid-v4.5.1/sim_data/base/internals/cSSi_Pb214_90.root ...

Processing /disk/data1/lze/ljuign/TESSERACT_Simulation_Analysis/tesssa/cpp/VD_single_filtering.cc("/disk/data1/lze/ljuign/G4v11_sim/Sim_Hybrid-v4.5.1/sim_data/base/internals/cSSi_Pb214_90.root","/disk/data1/lze/ljuign/G4v11_sim/Sim_Hybrid-v4.5.1/sim_data/filtered/internals")...
Processing file: /disk/data1/lze/ljuign/G4v11_sim/Sim_Hybrid-v4.5.1/sim_data/base/internals/cSSi_Pb214_90.root
Writing 67527 entries to /disk/data1/lze/ljuign/G4v11_sim/Sim_Hybrid-v4.5.1/sim_data/filtered/internals/cSSi_Pb214_90_filtered.root
Done processing /disk/data1/lze/ljuign/G4v11_sim/Sim_Hybrid-v4.5.1/sim_data/base/internals/cSSi_Pb214_90.root
Filtering /disk/data1/lze/ljuign/G4v11_sim/Sim_Hybrid-v4.5.1/sim_data/base/internals/cSSi_Pb214_91.root ...

Processing /disk/data1/lze/ljuign/TESSERACT_Simulation_Analysis/tesssa/cpp/VD_single_filtering.cc("/disk/data1/lze/ljuign/G4v11_sim/Sim_Hybrid-v4.5.1/sim_data/base/internals/cSSi_Pb214_91.root","/disk/data1/lze/ljuign/G4v11_sim/Sim_Hybrid-v4.5.1/sim_data/filtered/internals")...
Processing file: /disk/data1/lze/ljuign/G4v11_sim/Sim_Hybrid-v4.5.1/sim_data/base/internals/cSSi_Pb214_91.root
Writing 67087 entries to /disk/data1/lze/ljuign/G4v11_sim/Sim_Hybrid-v4.5.1/sim_data/filtered/internals/cSSi_Pb214_91_filtered.root
Done processing /disk/data1/lze/ljuign/G4v11_sim/Sim_Hybrid-v4.5.1/sim_data/base/internals/cSSi_Pb214_91.root
Filtering /disk/data1/lze/ljuign/G4v11_sim/Sim_Hybrid-v4.5.1/sim_data/base/internals/cSSi_Pb214_92.root ...

Processing /disk/data1/lze/ljuign/TESSERACT_Simulation_Analysis/tesssa/cpp/VD_single_filtering.cc("/disk/data1/lze/ljuign/G4v11_sim/Sim_Hybrid-v4.5.1/sim_data/base/internals/cSSi_Pb214_92.root","/disk/data1/lze/ljuign/G4v11_sim/Sim_Hybrid-v4.5.1/sim_data/filtered/internals")...
Processing file: /disk/data1/lze/ljuign/G4v11_sim/Sim_Hybrid-v4.5.1/sim_data/base/internals/cSSi_Pb214_92.root
Writing 67583 entries to /disk/data1/lze/ljuign/G4v11_sim/Sim_Hybrid-v4.5.1/sim_data/filtered/internals/cSSi_Pb214_92_filtered.root
Done processing /disk/data1/lze/ljuign/G4v11_sim/Sim_Hybrid-v4.5.1/sim_data/base/internals/cSSi_Pb214_92.root
Filtering /disk/data1/lze/ljuign/G4v11_sim/Sim_Hybrid-v4.5.1/sim_data/base/internals/cSSi_Pb214_93.root ...

Processing /disk/data1/lze/ljuign/TESSERACT_Simulation_Analysis/tesssa/cpp/VD_single_filtering.cc("/disk/data1/lze/ljuign/G4v11_sim/Sim_Hybrid-v4.5.1/sim_data/base/internals/cSSi_Pb214_93.root","/disk/data1/lze/ljuign/G4v11_sim/Sim_Hybrid-v4.5.1/sim_data/filtered/internals")...
Processing file: /disk/data1/lze/ljuign/G4v11_sim/Sim_Hybrid-v4.5.1/sim_data/base/internals/cSSi_Pb214_93.root
Writing 68025 entries to /disk/data1/lze/ljuign/G4v11_sim/Sim_Hybrid-v4.5.1/sim_data/filtered/internals/cSSi_Pb214_93_filtered.root
Done processing /disk/data1/lze/ljuign/G4v11_sim/Sim_Hybrid-v4.5.1/sim_data/base/internals/cSSi_Pb214_93.root
Filtering /disk/data1/lze/ljuign/G4v11_sim/Sim_Hybrid-v4.5.1/sim_data/base/internals/cSSi_Pb214_94.root ...

Processing /disk/data1/lze/ljuign/TESSERACT_Simulation_Analysis/tesssa/cpp/VD_single_filtering.cc("/disk/data1/lze/ljuign/G4v11_sim/Sim_Hybrid-v4.5.1/sim_data/base/internals/cSSi_Pb214_94.root","/disk/data1/lze/ljuign/G4v11_sim/Sim_Hybrid-v4.5.1/sim_data/filtered/internals")...
Processing file: /disk/data1/lze/ljuign/G4v11_sim/Sim_Hybrid-v4.5.1/sim_data/base/internals/cSSi_Pb214_94.root
Writing 66784 entries to /disk/data1/lze/ljuign/G4v11_sim/Sim_Hybrid-v4.5.1/sim_data/filtered/internals/cSSi_Pb214_94_filtered.root
Done processing /disk/data1/lze/ljuign/G4v11_sim/Sim_Hybrid-v4.5.1/sim_data/base/internals/cSSi_Pb214_94.root
Filtering /disk/data1/lze/ljuign/G4v11_sim/Sim_Hybrid-v4.5.1/sim_data/base/internals/cSSi_Pb214_95.root ...

Processing /disk/data1/lze/ljuign/TESSERACT_Simulation_Analysis/tesssa/cpp/VD_single_filtering.cc("/disk/data1/lze/ljuign/G4v11_sim/Sim_Hybrid-v4.5.1/sim_data/base/internals/cSSi_Pb214_95.root","/disk/data1/lze/ljuign/G4v11_sim/Sim_Hybrid-v4.5.1/sim_data/filtered/internals")...
Processing file: /disk/data1/lze/ljuign/G4v11_sim/Sim_Hybrid-v4.5.1/sim_data/base/internals/cSSi_Pb214_95.root
Writing 68020 entries to /disk/data1/lze/ljuign/G4v11_sim/Sim_Hybrid-v4.5.1/sim_data/filtered/internals/cSSi_Pb214_95_filtered.root
Done processing /disk/data1/lze/ljuign/G4v11_sim/Sim_Hybrid-v4.5.1/sim_data/base/internals/cSSi_Pb214_95.root
Filtering /disk/data1/lze/ljuign/G4v11_sim/Sim_Hybrid-v4.5.1/sim_data/base/internals/cSSi_Pb214_96.root ...

Processing /disk/data1/lze/ljuign/TESSERACT_Simulation_Analysis/tesssa/cpp/VD_single_filtering.cc("/disk/data1/lze/ljuign/G4v11_sim/Sim_Hybrid-v4.5.1/sim_data/base/internals/cSSi_Pb214_96.root","/disk/data1/lze/ljuign/G4v11_sim/Sim_Hybrid-v4.5.1/sim_data/filtered/internals")...
Processing file: /disk/data1/lze/ljuign/G4v11_sim/Sim_Hybrid-v4.5.1/sim_data/base/internals/cSSi_Pb214_96.root
Writing 67429 entries to /disk/data1/lze/ljuign/G4v11_sim/Sim_Hybrid-v4.5.1/sim_data/filtered/internals/cSSi_Pb214_96_filtered.root
Done processing /disk/data1/lze/ljuign/G4v11_sim/Sim_Hybrid-v4.5.1/sim_data/base/internals/cSSi_Pb214_96.root
Filtering /disk/data1/lze/ljuign/G4v11_sim/Sim_Hybrid-v4.5.1/sim_data/base/internals/cSSi_Pb214_97.root ...

Processing /disk/data1/lze/ljuign/TESSERACT_Simulation_Analysis/tesssa/cpp/VD_single_filtering.cc("/disk/data1/lze/ljuign/G4v11_sim/Sim_Hybrid-v4.5.1/sim_data/base/internals/cSSi_Pb214_97.root","/disk/data1/lze/ljuign/G4v11_sim/Sim_Hybrid-v4.5.1/sim_data/filtered/internals")...
Processing file: /disk/data1/lze/ljuign/G4v11_sim/Sim_Hybrid-v4.5.1/sim_data/base/internals/cSSi_Pb214_97.root
Writing 67849 entries to /disk/data1/lze/ljuign/G4v11_sim/Sim_Hybrid-v4.5.1/sim_data/filtered/internals/cSSi_Pb214_97_filtered.root
Done processing /disk/data1/lze/ljuign/G4v11_sim/Sim_Hybrid-v4.5.1/sim_data/base/internals/cSSi_Pb214_97.root
Filtering /disk/data1/lze/ljuign/G4v11_sim/Sim_Hybrid-v4.5.1/sim_data/base/internals/cSSi_Pb214_98.root ...

Processing /disk/data1/lze/ljuign/TESSERACT_Simulation_Analysis/tesssa/cpp/VD_single_filtering.cc("/disk/data1/lze/ljuign/G4v11_sim/Sim_Hybrid-v4.5.1/sim_data/base/internals/cSSi_Pb214_98.root","/disk/data1/lze/ljuign/G4v11_sim/Sim_Hybrid-v4.5.1/sim_data/filtered/internals")...
Processing file: /disk/data1/lze/ljuign/G4v11_sim/Sim_Hybrid-v4.5.1/sim_data/base/internals/cSSi_Pb214_98.root
Writing 67443 entries to /disk/data1/lze/ljuign/G4v11_sim/Sim_Hybrid-v4.5.1/sim_data/filtered/internals/cSSi_Pb214_98_filtered.root
Done processing /disk/data1/lze/ljuign/G4v11_sim/Sim_Hybrid-v4.5.1/sim_data/base/internals/cSSi_Pb214_98.root
Filtering /disk/data1/lze/ljuign/G4v11_sim/Sim_Hybrid-v4.5.1/sim_data/base/internals/cSSi_Pb214_99.root ...

Processing /disk/data1/lze/ljuign/TESSERACT_Simulation_Analysis/tesssa/cpp/VD_single_filtering.cc("/disk/data1/lze/ljuign/G4v11_sim/Sim_Hybrid-v4.5.1/sim_data/base/internals/cSSi_Pb214_99.root","/disk/data1/lze/ljuign/G4v11_sim/Sim_Hybrid-v4.5.1/sim_data/filtered/internals")...
Processing file: /disk/data1/lze/ljuign/G4v11_sim/Sim_Hybrid-v4.5.1/sim_data/base/internals/cSSi_Pb214_99.root
Writing 66707 entries to /disk/data1/lze/ljuign/G4v11_sim/Sim_Hybrid-v4.5.1/sim_data/filtered/internals/cSSi_Pb214_99_filtered.root
Done processing /disk/data1/lze/ljuign/G4v11_sim/Sim_Hybrid-v4.5.1/sim_data/base/internals/cSSi_Pb214_99.root
Filtering /disk/data1/lze/ljuign/G4v11_sim/Sim_Hybrid-v4.5.1/sim_data/base/internals/cSSi_Pb214_9.root ...

Processing /disk/data1/lze/ljuign/TESSERACT_Simulation_Analysis/tesssa/cpp/VD_single_filtering.cc("/disk/data1/lze/ljuign/G4v11_sim/Sim_Hybrid-v4.5.1/sim_data/base/internals/cSSi_Pb214_9.root","/disk/data1/lze/ljuign/G4v11_sim/Sim_Hybrid-v4.5.1/sim_data/filtered/internals")...
Processing file: /disk/data1/lze/ljuign/G4v11_sim/Sim_Hybrid-v4.5.1/sim_data/base/internals/cSSi_Pb214_9.root
Writing 66948 entries to /disk/data1/lze/ljuign/G4v11_sim/Sim_Hybrid-v4.5.1/sim_data/filtered/internals/cSSi_Pb214_9_filtered.root
Done processing /disk/data1/lze/ljuign/G4v11_sim/Sim_Hybrid-v4.5.1/sim_data/base/internals/cSSi_Pb214_9.root
Job for Pb214 finished!
